ARM GAS  C:\Users\Reza\AppData\Local\Temp\ccThpoOT.s 			page 1


   1              		.syntax unified
   2              		.cpu cortex-m3
   3              		.fpu softvfp
   4              		.eabi_attribute 20, 1
   5              		.eabi_attribute 21, 1
   6              		.eabi_attribute 23, 3
   7              		.eabi_attribute 24, 1
   8              		.eabi_attribute 25, 1
   9              		.eabi_attribute 26, 1
  10              		.eabi_attribute 30, 1
  11              		.eabi_attribute 34, 1
  12              		.eabi_attribute 18, 4
  13              		.thumb
  14              		.syntax unified
  15              		.file	"button.c"
  16              		.text
  17              	.Ltext0:
  18              		.cfi_sections	.debug_frame
  19              		.section	.text.BUTTON_Init,"ax",%progbits
  20              		.align	2
  21              		.global	BUTTON_Init
  22              		.thumb
  23              		.thumb_func
  24              		.type	BUTTON_Init, %function
  25              	BUTTON_Init:
  26              	.LFB114:
  27              		.file 1 "source\\bsw\\button.c"
   1:source\bsw/button.c **** /**
   2:source\bsw/button.c **** * \file button.c
   3:source\bsw/button.c **** * \author P. Fromm
   4:source\bsw/button.c **** * \date 29.7.17
   5:source\bsw/button.c **** *
   6:source\bsw/button.c **** * \brief Simple button driver
   7:source\bsw/button.c **** *
   8:source\bsw/button.c **** * \copyright Copyright ©2016
   9:source\bsw/button.c **** * Department of electrical engineering and information technology, Hochschule Darmstadt - Universit
  10:source\bsw/button.c **** * Permission to use, copy, modify, and distribute this software and its documentation for education
  11:source\bsw/button.c **** * (unless permitted by h_da) and official h_da projects, is hereby granted for enrolled students of
  12:source\bsw/button.c **** * this paragraph and the following paragraph appear in all copies, modifications, and distributions
  13:source\bsw/button.c **** * Contact Prof.Dr.-Ing. Peter Fromm, peter.fromm@h-da.de, Birkenweg 8 64295 Darmstadt - GERMANY for
  14:source\bsw/button.c **** *
  15:source\bsw/button.c **** * \warning This software is a PROTOTYPE version and is not designed or intended for use in producti
  16:source\bsw/button.c **** * The user represents and warrants that it will NOT use or redistribute the Software for such purpo
  17:source\bsw/button.c **** * This prototype is for research purposes only. This software is provided "AS IS," without a warran
  18:source\bsw/button.c **** */
  19:source\bsw/button.c **** 
  20:source\bsw/button.c **** /*****************************************************************************/
  21:source\bsw/button.c **** /* Include files                                                             */
  22:source\bsw/button.c **** /*****************************************************************************/
  23:source\bsw/button.c **** #include "project.h"
  24:source\bsw/button.c **** #include "button.h"
  25:source\bsw/button.c **** 
  26:source\bsw/button.c **** #include "button_1.h"
  27:source\bsw/button.c **** #include "button_2.h"
  28:source\bsw/button.c **** #include "button_3.h"
  29:source\bsw/button.c **** #include "button_4.h"
  30:source\bsw/button.c **** 
ARM GAS  C:\Users\Reza\AppData\Local\Temp\ccThpoOT.s 			page 2


  31:source\bsw/button.c **** 
  32:source\bsw/button.c **** /*****************************************************************************/
  33:source\bsw/button.c **** /* Local pre-processor symbols/macros ('#define')                            */
  34:source\bsw/button.c **** /*****************************************************************************/
  35:source\bsw/button.c **** 
  36:source\bsw/button.c **** /*****************************************************************************/
  37:source\bsw/button.c **** /* Global variable definitions (declared in header file with 'extern')       */
  38:source\bsw/button.c **** /*****************************************************************************/
  39:source\bsw/button.c **** 
  40:source\bsw/button.c **** /*****************************************************************************/
  41:source\bsw/button.c **** /* Local type definitions ('typedef')                                        */
  42:source\bsw/button.c **** /*****************************************************************************/
  43:source\bsw/button.c **** 
  44:source\bsw/button.c **** /*****************************************************************************/
  45:source\bsw/button.c **** /* Local variable definitions ('static')                                     */
  46:source\bsw/button.c **** /*****************************************************************************/
  47:source\bsw/button.c **** 
  48:source\bsw/button.c **** 
  49:source\bsw/button.c **** 
  50:source\bsw/button.c **** /*****************************************************************************/
  51:source\bsw/button.c **** /* Local function prototypes ('static')                                      */
  52:source\bsw/button.c **** /*****************************************************************************/
  53:source\bsw/button.c **** 
  54:source\bsw/button.c **** 
  55:source\bsw/button.c **** /*****************************************************************************/
  56:source\bsw/button.c **** /* Function implementation - global ('extern') and local ('static')          */
  57:source\bsw/button.c **** /*****************************************************************************/
  58:source\bsw/button.c **** 
  59:source\bsw/button.c **** /**
  60:source\bsw/button.c ****  * Initialize Button
  61:source\bsw/button.c ****  * @return RC_SUCCESS if ok
  62:source\bsw/button.c ****  */
  63:source\bsw/button.c **** RC_t BUTTON_Init(cyisraddress address)
  64:source\bsw/button.c **** {
  28              		.loc 1 64 0
  29              		.cfi_startproc
  30              		@ args = 0, pretend = 0, frame = 0
  31              		@ frame_needed = 0, uses_anonymous_args = 0
  32              	.LVL0:
  65:source\bsw/button.c ****  
  66:source\bsw/button.c ****     if (address != 0)
  33              		.loc 1 66 0
  34 0000 20B1     		cbz	r0, .L4
  64:source\bsw/button.c ****  
  35              		.loc 1 64 0
  36 0002 08B5     		push	{r3, lr}
  37              		.cfi_def_cfa_offset 8
  38              		.cfi_offset 3, -8
  39              		.cfi_offset 14, -4
  67:source\bsw/button.c ****     {
  68:source\bsw/button.c ****         isr_Button_StartEx(address);
  40              		.loc 1 68 0
  41 0004 FFF7FEFF 		bl	isr_Button_StartEx
  42              	.LVL1:
  69:source\bsw/button.c ****     }
  70:source\bsw/button.c ****     
  71:source\bsw/button.c ****     return RC_SUCCESS;
ARM GAS  C:\Users\Reza\AppData\Local\Temp\ccThpoOT.s 			page 3


  72:source\bsw/button.c **** }
  43              		.loc 1 72 0
  44 0008 0020     		movs	r0, #0
  45 000a 08BD     		pop	{r3, pc}
  46              	.LVL2:
  47              	.L4:
  48              		.cfi_def_cfa_offset 0
  49              		.cfi_restore 3
  50              		.cfi_restore 14
  51 000c 0020     		movs	r0, #0
  52              	.LVL3:
  53 000e 7047     		bx	lr
  54              		.cfi_endproc
  55              	.LFE114:
  56              		.size	BUTTON_Init, .-BUTTON_Init
  57              		.section	.text.BUTTON_IsPressed,"ax",%progbits
  58              		.align	2
  59              		.global	BUTTON_IsPressed
  60              		.thumb
  61              		.thumb_func
  62              		.type	BUTTON_IsPressed, %function
  63              	BUTTON_IsPressed:
  64              	.LFB115:
  73:source\bsw/button.c **** 
  74:source\bsw/button.c **** /**
  75:source\bsw/button.c ****  * Initialize Button
  76:source\bsw/button.c ****  * @param BUTTON_id_t button - check if the corresponding button is pressed
  77:source\bsw/button.c ****  * @return TRUE if button is pressed
  78:source\bsw/button.c ****  */
  79:source\bsw/button.c **** boolean_t BUTTON_IsPressed(BUTTON_id_t button)
  80:source\bsw/button.c **** {
  65              		.loc 1 80 0
  66              		.cfi_startproc
  67              		@ args = 0, pretend = 0, frame = 0
  68              		@ frame_needed = 0, uses_anonymous_args = 0
  69              	.LVL4:
  70 0000 08B5     		push	{r3, lr}
  71              		.cfi_def_cfa_offset 8
  72              		.cfi_offset 3, -8
  73              		.cfi_offset 14, -4
  74              	.LVL5:
  81:source\bsw/button.c ****     boolean_t result = FALSE;
  82:source\bsw/button.c ****     
  83:source\bsw/button.c ****     switch (button)
  75              		.loc 1 83 0
  76 0002 0328     		cmp	r0, #3
  77 0004 1BD8     		bhi	.L12
  78 0006 DFE800F0 		tbb	[pc, r0]
  79              	.L8:
  80 000a 02       		.byte	(.L7-.L8)/2
  81 000b 08       		.byte	(.L9-.L8)/2
  82 000c 0E       		.byte	(.L10-.L8)/2
  83 000d 14       		.byte	(.L11-.L8)/2
  84              		.p2align 1
  85              	.L7:
  84:source\bsw/button.c ****     {
  85:source\bsw/button.c ****         case BUTTON_1 : if (BUTTON_1_Read() == 1) result = TRUE; break;
ARM GAS  C:\Users\Reza\AppData\Local\Temp\ccThpoOT.s 			page 4


  86              		.loc 1 85 0
  87 000e FFF7FEFF 		bl	BUTTON_1_Read
  88              	.LVL6:
  89 0012 0128     		cmp	r0, #1
  90 0014 15D0     		beq	.L13
  81:source\bsw/button.c ****     boolean_t result = FALSE;
  91              		.loc 1 81 0
  92 0016 0020     		movs	r0, #0
  93 0018 08BD     		pop	{r3, pc}
  94              	.LVL7:
  95              	.L9:
  86:source\bsw/button.c ****         case BUTTON_2 : if (BUTTON_2_Read() == 1) result = TRUE; break;
  96              		.loc 1 86 0
  97 001a FFF7FEFF 		bl	BUTTON_2_Read
  98              	.LVL8:
  99 001e 0128     		cmp	r0, #1
 100 0020 11D0     		beq	.L14
  81:source\bsw/button.c ****     boolean_t result = FALSE;
 101              		.loc 1 81 0
 102 0022 0020     		movs	r0, #0
 103 0024 08BD     		pop	{r3, pc}
 104              	.LVL9:
 105              	.L10:
  87:source\bsw/button.c ****         case BUTTON_3 : if (BUTTON_3_Read() == 1) result = TRUE; break;
 106              		.loc 1 87 0
 107 0026 FFF7FEFF 		bl	BUTTON_3_Read
 108              	.LVL10:
 109 002a 0128     		cmp	r0, #1
 110 002c 0DD0     		beq	.L15
  81:source\bsw/button.c ****     
 111              		.loc 1 81 0
 112 002e 0020     		movs	r0, #0
 113 0030 08BD     		pop	{r3, pc}
 114              	.LVL11:
 115              	.L11:
  88:source\bsw/button.c ****         case BUTTON_4 : if (BUTTON_4_Read() == 1) result = TRUE; break;
 116              		.loc 1 88 0
 117 0032 FFF7FEFF 		bl	BUTTON_4_Read
 118              	.LVL12:
 119 0036 0128     		cmp	r0, #1
 120 0038 09D0     		beq	.L16
  81:source\bsw/button.c ****     
 121              		.loc 1 81 0
 122 003a 0020     		movs	r0, #0
 123 003c 08BD     		pop	{r3, pc}
 124              	.LVL13:
 125              	.L12:
 126 003e 0020     		movs	r0, #0
 127              	.LVL14:
 128 0040 08BD     		pop	{r3, pc}
 129              	.L13:
  85:source\bsw/button.c ****         case BUTTON_2 : if (BUTTON_2_Read() == 1) result = TRUE; break;
 130              		.loc 1 85 0
 131 0042 0120     		movs	r0, #1
 132 0044 08BD     		pop	{r3, pc}
 133              	.L14:
  86:source\bsw/button.c ****         case BUTTON_3 : if (BUTTON_3_Read() == 1) result = TRUE; break;
ARM GAS  C:\Users\Reza\AppData\Local\Temp\ccThpoOT.s 			page 5


 134              		.loc 1 86 0
 135 0046 0120     		movs	r0, #1
 136 0048 08BD     		pop	{r3, pc}
 137              	.L15:
  87:source\bsw/button.c ****         case BUTTON_4 : if (BUTTON_4_Read() == 1) result = TRUE; break;
 138              		.loc 1 87 0
 139 004a 0120     		movs	r0, #1
 140 004c 08BD     		pop	{r3, pc}
 141              	.L16:
 142              		.loc 1 88 0
 143 004e 0120     		movs	r0, #1
 144              	.LVL15:
  89:source\bsw/button.c ****     }
  90:source\bsw/button.c ****     
  91:source\bsw/button.c ****     return result;
  92:source\bsw/button.c **** }
 145              		.loc 1 92 0
 146 0050 08BD     		pop	{r3, pc}
 147              		.cfi_endproc
 148              	.LFE115:
 149              		.size	BUTTON_IsPressed, .-BUTTON_IsPressed
 150 0052 00BF     		.text
 151              	.Letext0:
 152              		.file 2 "c:\\program files (x86)\\cypress\\psoc creator\\4.2\\psoc creator\\import\\gnu\\arm\\5.4.
 153              		.file 3 "c:\\program files (x86)\\cypress\\psoc creator\\4.2\\psoc creator\\import\\gnu\\arm\\5.4.
 154              		.file 4 "Generated_Source\\PSoC5/cytypes.h"
 155              		.file 5 "Generated_Source\\PSoC5/SimpleSystem_common_ee_types.inc"
 156              		.file 6 "Generated_Source\\PSoC5/SimpleSystem_cortex_mx_ee_cpu.inc"
 157              		.file 7 "source\\bsw\\global.h"
 158              		.file 8 "source\\bsw\\button.h"
 159              		.file 9 "Generated_Source\\PSoC5/SimpleSystem_ee_oo_intfunc.inc"
 160              		.file 10 "Generated_Source\\PSoC5/SimpleSystem_cortex_mx_ee_context.inc"
 161              		.file 11 "Generated_Source\\PSoC5/SimpleSystem_common_ee_primitives.inc"
 162              		.file 12 "Generated_Source\\PSoC5/cmsis_gcc.h"
 163              		.file 13 "Generated_Source\\PSoC5/core_cm3.h"
 164              		.file 14 "Generated_Source\\PSoC5/isr_Button.h"
 165              		.file 15 "Generated_Source\\PSoC5/BUTTON_1.h"
 166              		.file 16 "Generated_Source\\PSoC5/BUTTON_2.h"
 167              		.file 17 "Generated_Source\\PSoC5/BUTTON_3.h"
 168              		.file 18 "Generated_Source\\PSoC5/BUTTON_4.h"
 169              		.section	.debug_info,"",%progbits
 170              	.Ldebug_info0:
 171 0000 B2030000 		.4byte	0x3b2
 172 0004 0400     		.2byte	0x4
 173 0006 00000000 		.4byte	.Ldebug_abbrev0
 174 000a 04       		.byte	0x4
 175 000b 01       		.uleb128 0x1
 176 000c 22030000 		.4byte	.LASF80
 177 0010 0C       		.byte	0xc
 178 0011 39000000 		.4byte	.LASF81
 179 0015 D7040000 		.4byte	.LASF82
 180 0019 00000000 		.4byte	.Ldebug_ranges0+0
 181 001d 00000000 		.4byte	0
 182 0021 00000000 		.4byte	.Ldebug_line0
 183 0025 02       		.uleb128 0x2
 184 0026 01       		.byte	0x1
 185 0027 06       		.byte	0x6
ARM GAS  C:\Users\Reza\AppData\Local\Temp\ccThpoOT.s 			page 6


 186 0028 7E020000 		.4byte	.LASF0
 187 002c 02       		.uleb128 0x2
 188 002d 01       		.byte	0x1
 189 002e 08       		.byte	0x8
 190 002f 57020000 		.4byte	.LASF1
 191 0033 02       		.uleb128 0x2
 192 0034 02       		.byte	0x2
 193 0035 05       		.byte	0x5
 194 0036 61000000 		.4byte	.LASF2
 195 003a 02       		.uleb128 0x2
 196 003b 02       		.byte	0x2
 197 003c 07       		.byte	0x7
 198 003d FA020000 		.4byte	.LASF3
 199 0041 03       		.uleb128 0x3
 200 0042 69040000 		.4byte	.LASF5
 201 0046 02       		.byte	0x2
 202 0047 3F       		.byte	0x3f
 203 0048 4C000000 		.4byte	0x4c
 204 004c 02       		.uleb128 0x2
 205 004d 04       		.byte	0x4
 206 004e 05       		.byte	0x5
 207 004f E6010000 		.4byte	.LASF4
 208 0053 03       		.uleb128 0x3
 209 0054 D9000000 		.4byte	.LASF6
 210 0058 02       		.byte	0x2
 211 0059 41       		.byte	0x41
 212 005a 5E000000 		.4byte	0x5e
 213 005e 02       		.uleb128 0x2
 214 005f 04       		.byte	0x4
 215 0060 07       		.byte	0x7
 216 0061 04040000 		.4byte	.LASF7
 217 0065 02       		.uleb128 0x2
 218 0066 08       		.byte	0x8
 219 0067 05       		.byte	0x5
 220 0068 99010000 		.4byte	.LASF8
 221 006c 02       		.uleb128 0x2
 222 006d 08       		.byte	0x8
 223 006e 07       		.byte	0x7
 224 006f 8A020000 		.4byte	.LASF9
 225 0073 04       		.uleb128 0x4
 226 0074 04       		.byte	0x4
 227 0075 05       		.byte	0x5
 228 0076 696E7400 		.ascii	"int\000"
 229 007a 02       		.uleb128 0x2
 230 007b 04       		.byte	0x4
 231 007c 07       		.byte	0x7
 232 007d AA020000 		.4byte	.LASF10
 233 0081 03       		.uleb128 0x3
 234 0082 D6030000 		.4byte	.LASF11
 235 0086 03       		.byte	0x3
 236 0087 2C       		.byte	0x2c
 237 0088 41000000 		.4byte	0x41
 238 008c 03       		.uleb128 0x3
 239 008d A1020000 		.4byte	.LASF12
 240 0091 03       		.byte	0x3
 241 0092 30       		.byte	0x30
 242 0093 53000000 		.4byte	0x53
ARM GAS  C:\Users\Reza\AppData\Local\Temp\ccThpoOT.s 			page 7


 243 0097 02       		.uleb128 0x2
 244 0098 04       		.byte	0x4
 245 0099 04       		.byte	0x4
 246 009a 85010000 		.4byte	.LASF13
 247 009e 02       		.uleb128 0x2
 248 009f 08       		.byte	0x8
 249 00a0 04       		.byte	0x4
 250 00a1 16040000 		.4byte	.LASF14
 251 00a5 02       		.uleb128 0x2
 252 00a6 01       		.byte	0x1
 253 00a7 08       		.byte	0x8
 254 00a8 BC030000 		.4byte	.LASF15
 255 00ac 05       		.uleb128 0x5
 256 00ad 71020000 		.4byte	.LASF16
 257 00b1 04       		.byte	0x4
 258 00b2 A002     		.2byte	0x2a0
 259 00b4 B8000000 		.4byte	0xb8
 260 00b8 06       		.uleb128 0x6
 261 00b9 04       		.byte	0x4
 262 00ba BE000000 		.4byte	0xbe
 263 00be 07       		.uleb128 0x7
 264 00bf 02       		.uleb128 0x2
 265 00c0 08       		.byte	0x8
 266 00c1 04       		.byte	0x4
 267 00c2 65020000 		.4byte	.LASF17
 268 00c6 03       		.uleb128 0x3
 269 00c7 E9020000 		.4byte	.LASF18
 270 00cb 05       		.byte	0x5
 271 00cc 53       		.byte	0x53
 272 00cd 73000000 		.4byte	0x73
 273 00d1 03       		.uleb128 0x3
 274 00d2 E4000000 		.4byte	.LASF19
 275 00d6 05       		.byte	0x5
 276 00d7 54       		.byte	0x54
 277 00d8 7A000000 		.4byte	0x7a
 278 00dc 03       		.uleb128 0x3
 279 00dd 2F040000 		.4byte	.LASF20
 280 00e1 06       		.byte	0x6
 281 00e2 4D       		.byte	0x4d
 282 00e3 D1000000 		.4byte	0xd1
 283 00e7 03       		.uleb128 0x3
 284 00e8 BD000000 		.4byte	.LASF21
 285 00ec 06       		.byte	0x6
 286 00ed 4F       		.byte	0x4f
 287 00ee D1000000 		.4byte	0xd1
 288 00f2 03       		.uleb128 0x3
 289 00f3 09020000 		.4byte	.LASF22
 290 00f7 06       		.byte	0x6
 291 00f8 78       		.byte	0x78
 292 00f9 C6000000 		.4byte	0xc6
 293 00fd 02       		.uleb128 0x2
 294 00fe 04       		.byte	0x4
 295 00ff 07       		.byte	0x7
 296 0100 91000000 		.4byte	.LASF23
 297 0104 03       		.uleb128 0x3
 298 0105 4D020000 		.4byte	.LASF24
 299 0109 07       		.byte	0x7
ARM GAS  C:\Users\Reza\AppData\Local\Temp\ccThpoOT.s 			page 8


 300 010a 82       		.byte	0x82
 301 010b 2C000000 		.4byte	0x2c
 302 010f 08       		.uleb128 0x8
 303 0110 65524300 		.ascii	"eRC\000"
 304 0114 01       		.byte	0x1
 305 0115 25000000 		.4byte	0x25
 306 0119 07       		.byte	0x7
 307 011a AC       		.byte	0xac
 308 011b B6010000 		.4byte	0x1b6
 309 011f 09       		.uleb128 0x9
 310 0120 29000000 		.4byte	.LASF25
 311 0124 00       		.byte	0
 312 0125 0A       		.uleb128 0xa
 313 0126 CE040000 		.4byte	.LASF26
 314 012a 7F       		.sleb128 -1
 315 012b 0A       		.uleb128 0xa
 316 012c C5020000 		.4byte	.LASF27
 317 0130 7E       		.sleb128 -2
 318 0131 0A       		.uleb128 0xa
 319 0132 AF000000 		.4byte	.LASF28
 320 0136 7D       		.sleb128 -3
 321 0137 0A       		.uleb128 0xa
 322 0138 81050000 		.4byte	.LASF29
 323 013c 7C       		.sleb128 -4
 324 013d 0A       		.uleb128 0xa
 325 013e 4C040000 		.4byte	.LASF30
 326 0142 7B       		.sleb128 -5
 327 0143 0A       		.uleb128 0xa
 328 0144 6B000000 		.4byte	.LASF31
 329 0148 7A       		.sleb128 -6
 330 0149 0A       		.uleb128 0xa
 331 014a EF010000 		.4byte	.LASF32
 332 014e 79       		.sleb128 -7
 333 014f 0A       		.uleb128 0xa
 334 0150 C1030000 		.4byte	.LASF33
 335 0154 78       		.sleb128 -8
 336 0155 0A       		.uleb128 0xa
 337 0156 D3020000 		.4byte	.LASF34
 338 015a 77       		.sleb128 -9
 339 015b 0A       		.uleb128 0xa
 340 015c 10020000 		.4byte	.LASF35
 341 0160 76       		.sleb128 -10
 342 0161 0A       		.uleb128 0xa
 343 0162 AE050000 		.4byte	.LASF36
 344 0166 75       		.sleb128 -11
 345 0167 0A       		.uleb128 0xa
 346 0168 B7020000 		.4byte	.LASF37
 347 016c 74       		.sleb128 -12
 348 016d 0A       		.uleb128 0xa
 349 016e 1D040000 		.4byte	.LASF38
 350 0172 73       		.sleb128 -13
 351 0173 0A       		.uleb128 0xa
 352 0174 16000000 		.4byte	.LASF39
 353 0178 72       		.sleb128 -14
 354 0179 0A       		.uleb128 0xa
 355 017a 4D000000 		.4byte	.LASF40
 356 017e 71       		.sleb128 -15
ARM GAS  C:\Users\Reza\AppData\Local\Temp\ccThpoOT.s 			page 9


 357 017f 0A       		.uleb128 0xa
 358 0180 2A020000 		.4byte	.LASF41
 359 0184 70       		.sleb128 -16
 360 0185 0A       		.uleb128 0xa
 361 0186 C5000000 		.4byte	.LASF42
 362 018a 6F       		.sleb128 -17
 363 018b 0A       		.uleb128 0xa
 364 018c 7C000000 		.4byte	.LASF43
 365 0190 6E       		.sleb128 -18
 366 0191 0A       		.uleb128 0xa
 367 0192 C0010000 		.4byte	.LASF44
 368 0196 6D       		.sleb128 -19
 369 0197 0A       		.uleb128 0xa
 370 0198 DE030000 		.4byte	.LASF45
 371 019c 6C       		.sleb128 -20
 372 019d 0A       		.uleb128 0xa
 373 019e 3B020000 		.4byte	.LASF46
 374 01a2 6B       		.sleb128 -21
 375 01a3 0A       		.uleb128 0xa
 376 01a4 97040000 		.4byte	.LASF47
 377 01a8 6A       		.sleb128 -22
 378 01a9 0A       		.uleb128 0xa
 379 01aa FD000000 		.4byte	.LASF48
 380 01ae 69       		.sleb128 -23
 381 01af 0A       		.uleb128 0xa
 382 01b0 3A010000 		.4byte	.LASF49
 383 01b4 68       		.sleb128 -24
 384 01b5 00       		.byte	0
 385 01b6 03       		.uleb128 0x3
 386 01b7 A9050000 		.4byte	.LASF50
 387 01bb 07       		.byte	0x7
 388 01bc C8       		.byte	0xc8
 389 01bd 0F010000 		.4byte	0x10f
 390 01c1 0B       		.uleb128 0xb
 391 01c2 F2020000 		.4byte	.LASF51
 392 01c6 01       		.byte	0x1
 393 01c7 2C000000 		.4byte	0x2c
 394 01cb 08       		.byte	0x8
 395 01cc 59       		.byte	0x59
 396 01cd EA010000 		.4byte	0x1ea
 397 01d1 09       		.uleb128 0x9
 398 01d2 73040000 		.4byte	.LASF52
 399 01d6 00       		.byte	0
 400 01d7 09       		.uleb128 0x9
 401 01d8 7C040000 		.4byte	.LASF53
 402 01dc 01       		.byte	0x1
 403 01dd 09       		.uleb128 0x9
 404 01de 85040000 		.4byte	.LASF54
 405 01e2 02       		.byte	0x2
 406 01e3 09       		.uleb128 0x9
 407 01e4 8E040000 		.4byte	.LASF55
 408 01e8 03       		.byte	0x3
 409 01e9 00       		.byte	0
 410 01ea 03       		.uleb128 0x3
 411 01eb 1E020000 		.4byte	.LASF56
 412 01ef 08       		.byte	0x8
 413 01f0 5F       		.byte	0x5f
ARM GAS  C:\Users\Reza\AppData\Local\Temp\ccThpoOT.s 			page 10


 414 01f1 C1010000 		.4byte	0x1c1
 415 01f5 0C       		.uleb128 0xc
 416 01f6 B0030000 		.4byte	.LASF57
 417 01fa 01       		.byte	0x1
 418 01fb 3F       		.byte	0x3f
 419 01fc B6010000 		.4byte	0x1b6
 420 0200 00000000 		.4byte	.LFB114
 421 0204 10000000 		.4byte	.LFE114-.LFB114
 422 0208 01       		.uleb128 0x1
 423 0209 9C       		.byte	0x9c
 424 020a 2F020000 		.4byte	0x22f
 425 020e 0D       		.uleb128 0xd
 426 020f 01020000 		.4byte	.LASF59
 427 0213 01       		.byte	0x1
 428 0214 3F       		.byte	0x3f
 429 0215 AC000000 		.4byte	0xac
 430 0219 00000000 		.4byte	.LLST0
 431 021d 0E       		.uleb128 0xe
 432 021e 08000000 		.4byte	.LVL1
 433 0222 7E030000 		.4byte	0x37e
 434 0226 0F       		.uleb128 0xf
 435 0227 01       		.uleb128 0x1
 436 0228 50       		.byte	0x50
 437 0229 03       		.uleb128 0x3
 438 022a F3       		.byte	0xf3
 439 022b 01       		.uleb128 0x1
 440 022c 50       		.byte	0x50
 441 022d 00       		.byte	0
 442 022e 00       		.byte	0
 443 022f 0C       		.uleb128 0xc
 444 0230 29010000 		.4byte	.LASF58
 445 0234 01       		.byte	0x1
 446 0235 4F       		.byte	0x4f
 447 0236 04010000 		.4byte	0x104
 448 023a 00000000 		.4byte	.LFB115
 449 023e 52000000 		.4byte	.LFE115-.LFB115
 450 0242 01       		.uleb128 0x1
 451 0243 9C       		.byte	0x9c
 452 0244 8B020000 		.4byte	0x28b
 453 0248 0D       		.uleb128 0xd
 454 0249 45040000 		.4byte	.LASF60
 455 024d 01       		.byte	0x1
 456 024e 4F       		.byte	0x4f
 457 024f EA010000 		.4byte	0x1ea
 458 0253 3A000000 		.4byte	.LLST1
 459 0257 10       		.uleb128 0x10
 460 0258 0F000000 		.4byte	.LASF83
 461 025c 01       		.byte	0x1
 462 025d 51       		.byte	0x51
 463 025e 04010000 		.4byte	0x104
 464 0262 BF000000 		.4byte	.LLST2
 465 0266 11       		.uleb128 0x11
 466 0267 12000000 		.4byte	.LVL6
 467 026b 89030000 		.4byte	0x389
 468 026f 11       		.uleb128 0x11
 469 0270 1E000000 		.4byte	.LVL8
 470 0274 94030000 		.4byte	0x394
ARM GAS  C:\Users\Reza\AppData\Local\Temp\ccThpoOT.s 			page 11


 471 0278 11       		.uleb128 0x11
 472 0279 2A000000 		.4byte	.LVL10
 473 027d 9F030000 		.4byte	0x39f
 474 0281 11       		.uleb128 0x11
 475 0282 36000000 		.4byte	.LVL12
 476 0286 AA030000 		.4byte	0x3aa
 477 028a 00       		.byte	0
 478 028b 12       		.uleb128 0x12
 479 028c 91050000 		.4byte	.LASF61
 480 0290 09       		.byte	0x9
 481 0291 40       		.byte	0x40
 482 0292 DC000000 		.4byte	0xdc
 483 0296 12       		.uleb128 0x12
 484 0297 A7010000 		.4byte	.LASF62
 485 029b 09       		.byte	0x9
 486 029c 47       		.byte	0x47
 487 029d E7000000 		.4byte	0xe7
 488 02a1 12       		.uleb128 0x12
 489 02a2 F1030000 		.4byte	.LASF63
 490 02a6 09       		.byte	0x9
 491 02a7 4A       		.byte	0x4a
 492 02a8 DC000000 		.4byte	0xdc
 493 02ac 12       		.uleb128 0x12
 494 02ad 4B010000 		.4byte	.LASF64
 495 02b1 0A       		.byte	0xa
 496 02b2 48       		.byte	0x48
 497 02b3 F2000000 		.4byte	0xf2
 498 02b7 12       		.uleb128 0x12
 499 02b8 14010000 		.4byte	.LASF65
 500 02bc 0B       		.byte	0xb
 501 02bd 44       		.byte	0x44
 502 02be DC000000 		.4byte	0xdc
 503 02c2 03       		.uleb128 0x3
 504 02c3 00000000 		.4byte	.LASF66
 505 02c7 0C       		.byte	0xc
 506 02c8 8B       		.byte	0x8b
 507 02c9 51030000 		.4byte	0x351
 508 02cd 06       		.uleb128 0x6
 509 02ce 04       		.byte	0x4
 510 02cf D3020000 		.4byte	0x2d3
 511 02d3 13       		.uleb128 0x13
 512 02d4 8C000000 		.4byte	0x8c
 513 02d8 06       		.uleb128 0x6
 514 02d9 04       		.byte	0x4
 515 02da 8C000000 		.4byte	0x8c
 516 02de 12       		.uleb128 0x12
 517 02df 0D030000 		.4byte	.LASF67
 518 02e3 0C       		.byte	0xc
 519 02e4 92       		.byte	0x92
 520 02e5 E9020000 		.4byte	0x2e9
 521 02e9 13       		.uleb128 0x13
 522 02ea C2020000 		.4byte	0x2c2
 523 02ee 12       		.uleb128 0x12
 524 02ef 64010000 		.4byte	.LASF68
 525 02f3 0C       		.byte	0xc
 526 02f4 93       		.byte	0x93
 527 02f5 E9020000 		.4byte	0x2e9
ARM GAS  C:\Users\Reza\AppData\Local\Temp\ccThpoOT.s 			page 12


 528 02f9 03       		.uleb128 0x3
 529 02fa EE000000 		.4byte	.LASF69
 530 02fe 0C       		.byte	0xc
 531 02ff 90       		.byte	0x90
 532 0300 30030000 		.4byte	0x330
 533 0304 12       		.uleb128 0x12
 534 0305 9A000000 		.4byte	.LASF70
 535 0309 0C       		.byte	0xc
 536 030a 94       		.byte	0x94
 537 030b 0F030000 		.4byte	0x30f
 538 030f 13       		.uleb128 0x13
 539 0310 F9020000 		.4byte	0x2f9
 540 0314 12       		.uleb128 0x12
 541 0315 D3010000 		.4byte	.LASF71
 542 0319 0C       		.byte	0xc
 543 031a 95       		.byte	0x95
 544 031b 0F030000 		.4byte	0x30f
 545 031f 14       		.uleb128 0x14
 546 0320 C1040000 		.4byte	.LASF72
 547 0324 0D       		.byte	0xd
 548 0325 1207     		.2byte	0x712
 549 0327 2B030000 		.4byte	0x32b
 550 032b 15       		.uleb128 0x15
 551 032c 81000000 		.4byte	0x81
 552 0330 16       		.uleb128 0x16
 553 0331 08       		.byte	0x8
 554 0332 0C       		.byte	0xc
 555 0333 8D       		.byte	0x8d
 556 0334 51030000 		.4byte	0x351
 557 0338 17       		.uleb128 0x17
 558 0339 34000000 		.4byte	.LASF73
 559 033d 0C       		.byte	0xc
 560 033e 8E       		.byte	0x8e
 561 033f D8020000 		.4byte	0x2d8
 562 0343 00       		.byte	0
 563 0344 17       		.uleb128 0x17
 564 0345 BC040000 		.4byte	.LASF74
 565 0349 0C       		.byte	0xc
 566 034a 8F       		.byte	0x8f
 567 034b 8C000000 		.4byte	0x8c
 568 034f 04       		.byte	0x4
 569 0350 00       		.byte	0
 570 0351 16       		.uleb128 0x16
 571 0352 0C       		.byte	0xc
 572 0353 0C       		.byte	0xc
 573 0354 87       		.byte	0x87
 574 0355 7E030000 		.4byte	0x37e
 575 0359 18       		.uleb128 0x18
 576 035a 73726300 		.ascii	"src\000"
 577 035e 0C       		.byte	0xc
 578 035f 88       		.byte	0x88
 579 0360 CD020000 		.4byte	0x2cd
 580 0364 00       		.byte	0
 581 0365 17       		.uleb128 0x17
 582 0366 34000000 		.4byte	.LASF73
 583 036a 0C       		.byte	0xc
 584 036b 89       		.byte	0x89
ARM GAS  C:\Users\Reza\AppData\Local\Temp\ccThpoOT.s 			page 13


 585 036c D8020000 		.4byte	0x2d8
 586 0370 04       		.byte	0x4
 587 0371 17       		.uleb128 0x17
 588 0372 BC040000 		.4byte	.LASF74
 589 0376 0C       		.byte	0xc
 590 0377 8A       		.byte	0x8a
 591 0378 8C000000 		.4byte	0x8c
 592 037c 08       		.byte	0x8
 593 037d 00       		.byte	0
 594 037e 19       		.uleb128 0x19
 595 037f A9040000 		.4byte	.LASF75
 596 0383 A9040000 		.4byte	.LASF75
 597 0387 0E       		.byte	0xe
 598 0388 18       		.byte	0x18
 599 0389 19       		.uleb128 0x19
 600 038a 8B010000 		.4byte	.LASF76
 601 038e 8B010000 		.4byte	.LASF76
 602 0392 0F       		.byte	0xf
 603 0393 29       		.byte	0x29
 604 0394 19       		.uleb128 0x19
 605 0395 5B040000 		.4byte	.LASF77
 606 0399 5B040000 		.4byte	.LASF77
 607 039d 10       		.byte	0x10
 608 039e 29       		.byte	0x29
 609 039f 19       		.uleb128 0x19
 610 03a0 77010000 		.4byte	.LASF78
 611 03a4 77010000 		.4byte	.LASF78
 612 03a8 11       		.byte	0x11
 613 03a9 29       		.byte	0x29
 614 03aa 19       		.uleb128 0x19
 615 03ab 37040000 		.4byte	.LASF79
 616 03af 37040000 		.4byte	.LASF79
 617 03b3 12       		.byte	0x12
 618 03b4 29       		.byte	0x29
 619 03b5 00       		.byte	0
 620              		.section	.debug_abbrev,"",%progbits
 621              	.Ldebug_abbrev0:
 622 0000 01       		.uleb128 0x1
 623 0001 11       		.uleb128 0x11
 624 0002 01       		.byte	0x1
 625 0003 25       		.uleb128 0x25
 626 0004 0E       		.uleb128 0xe
 627 0005 13       		.uleb128 0x13
 628 0006 0B       		.uleb128 0xb
 629 0007 03       		.uleb128 0x3
 630 0008 0E       		.uleb128 0xe
 631 0009 1B       		.uleb128 0x1b
 632 000a 0E       		.uleb128 0xe
 633 000b 55       		.uleb128 0x55
 634 000c 17       		.uleb128 0x17
 635 000d 11       		.uleb128 0x11
 636 000e 01       		.uleb128 0x1
 637 000f 10       		.uleb128 0x10
 638 0010 17       		.uleb128 0x17
 639 0011 00       		.byte	0
 640 0012 00       		.byte	0
 641 0013 02       		.uleb128 0x2
ARM GAS  C:\Users\Reza\AppData\Local\Temp\ccThpoOT.s 			page 14


 642 0014 24       		.uleb128 0x24
 643 0015 00       		.byte	0
 644 0016 0B       		.uleb128 0xb
 645 0017 0B       		.uleb128 0xb
 646 0018 3E       		.uleb128 0x3e
 647 0019 0B       		.uleb128 0xb
 648 001a 03       		.uleb128 0x3
 649 001b 0E       		.uleb128 0xe
 650 001c 00       		.byte	0
 651 001d 00       		.byte	0
 652 001e 03       		.uleb128 0x3
 653 001f 16       		.uleb128 0x16
 654 0020 00       		.byte	0
 655 0021 03       		.uleb128 0x3
 656 0022 0E       		.uleb128 0xe
 657 0023 3A       		.uleb128 0x3a
 658 0024 0B       		.uleb128 0xb
 659 0025 3B       		.uleb128 0x3b
 660 0026 0B       		.uleb128 0xb
 661 0027 49       		.uleb128 0x49
 662 0028 13       		.uleb128 0x13
 663 0029 00       		.byte	0
 664 002a 00       		.byte	0
 665 002b 04       		.uleb128 0x4
 666 002c 24       		.uleb128 0x24
 667 002d 00       		.byte	0
 668 002e 0B       		.uleb128 0xb
 669 002f 0B       		.uleb128 0xb
 670 0030 3E       		.uleb128 0x3e
 671 0031 0B       		.uleb128 0xb
 672 0032 03       		.uleb128 0x3
 673 0033 08       		.uleb128 0x8
 674 0034 00       		.byte	0
 675 0035 00       		.byte	0
 676 0036 05       		.uleb128 0x5
 677 0037 16       		.uleb128 0x16
 678 0038 00       		.byte	0
 679 0039 03       		.uleb128 0x3
 680 003a 0E       		.uleb128 0xe
 681 003b 3A       		.uleb128 0x3a
 682 003c 0B       		.uleb128 0xb
 683 003d 3B       		.uleb128 0x3b
 684 003e 05       		.uleb128 0x5
 685 003f 49       		.uleb128 0x49
 686 0040 13       		.uleb128 0x13
 687 0041 00       		.byte	0
 688 0042 00       		.byte	0
 689 0043 06       		.uleb128 0x6
 690 0044 0F       		.uleb128 0xf
 691 0045 00       		.byte	0
 692 0046 0B       		.uleb128 0xb
 693 0047 0B       		.uleb128 0xb
 694 0048 49       		.uleb128 0x49
 695 0049 13       		.uleb128 0x13
 696 004a 00       		.byte	0
 697 004b 00       		.byte	0
 698 004c 07       		.uleb128 0x7
ARM GAS  C:\Users\Reza\AppData\Local\Temp\ccThpoOT.s 			page 15


 699 004d 15       		.uleb128 0x15
 700 004e 00       		.byte	0
 701 004f 27       		.uleb128 0x27
 702 0050 19       		.uleb128 0x19
 703 0051 00       		.byte	0
 704 0052 00       		.byte	0
 705 0053 08       		.uleb128 0x8
 706 0054 04       		.uleb128 0x4
 707 0055 01       		.byte	0x1
 708 0056 03       		.uleb128 0x3
 709 0057 08       		.uleb128 0x8
 710 0058 0B       		.uleb128 0xb
 711 0059 0B       		.uleb128 0xb
 712 005a 49       		.uleb128 0x49
 713 005b 13       		.uleb128 0x13
 714 005c 3A       		.uleb128 0x3a
 715 005d 0B       		.uleb128 0xb
 716 005e 3B       		.uleb128 0x3b
 717 005f 0B       		.uleb128 0xb
 718 0060 01       		.uleb128 0x1
 719 0061 13       		.uleb128 0x13
 720 0062 00       		.byte	0
 721 0063 00       		.byte	0
 722 0064 09       		.uleb128 0x9
 723 0065 28       		.uleb128 0x28
 724 0066 00       		.byte	0
 725 0067 03       		.uleb128 0x3
 726 0068 0E       		.uleb128 0xe
 727 0069 1C       		.uleb128 0x1c
 728 006a 0B       		.uleb128 0xb
 729 006b 00       		.byte	0
 730 006c 00       		.byte	0
 731 006d 0A       		.uleb128 0xa
 732 006e 28       		.uleb128 0x28
 733 006f 00       		.byte	0
 734 0070 03       		.uleb128 0x3
 735 0071 0E       		.uleb128 0xe
 736 0072 1C       		.uleb128 0x1c
 737 0073 0D       		.uleb128 0xd
 738 0074 00       		.byte	0
 739 0075 00       		.byte	0
 740 0076 0B       		.uleb128 0xb
 741 0077 04       		.uleb128 0x4
 742 0078 01       		.byte	0x1
 743 0079 03       		.uleb128 0x3
 744 007a 0E       		.uleb128 0xe
 745 007b 0B       		.uleb128 0xb
 746 007c 0B       		.uleb128 0xb
 747 007d 49       		.uleb128 0x49
 748 007e 13       		.uleb128 0x13
 749 007f 3A       		.uleb128 0x3a
 750 0080 0B       		.uleb128 0xb
 751 0081 3B       		.uleb128 0x3b
 752 0082 0B       		.uleb128 0xb
 753 0083 01       		.uleb128 0x1
 754 0084 13       		.uleb128 0x13
 755 0085 00       		.byte	0
ARM GAS  C:\Users\Reza\AppData\Local\Temp\ccThpoOT.s 			page 16


 756 0086 00       		.byte	0
 757 0087 0C       		.uleb128 0xc
 758 0088 2E       		.uleb128 0x2e
 759 0089 01       		.byte	0x1
 760 008a 3F       		.uleb128 0x3f
 761 008b 19       		.uleb128 0x19
 762 008c 03       		.uleb128 0x3
 763 008d 0E       		.uleb128 0xe
 764 008e 3A       		.uleb128 0x3a
 765 008f 0B       		.uleb128 0xb
 766 0090 3B       		.uleb128 0x3b
 767 0091 0B       		.uleb128 0xb
 768 0092 27       		.uleb128 0x27
 769 0093 19       		.uleb128 0x19
 770 0094 49       		.uleb128 0x49
 771 0095 13       		.uleb128 0x13
 772 0096 11       		.uleb128 0x11
 773 0097 01       		.uleb128 0x1
 774 0098 12       		.uleb128 0x12
 775 0099 06       		.uleb128 0x6
 776 009a 40       		.uleb128 0x40
 777 009b 18       		.uleb128 0x18
 778 009c 9742     		.uleb128 0x2117
 779 009e 19       		.uleb128 0x19
 780 009f 01       		.uleb128 0x1
 781 00a0 13       		.uleb128 0x13
 782 00a1 00       		.byte	0
 783 00a2 00       		.byte	0
 784 00a3 0D       		.uleb128 0xd
 785 00a4 05       		.uleb128 0x5
 786 00a5 00       		.byte	0
 787 00a6 03       		.uleb128 0x3
 788 00a7 0E       		.uleb128 0xe
 789 00a8 3A       		.uleb128 0x3a
 790 00a9 0B       		.uleb128 0xb
 791 00aa 3B       		.uleb128 0x3b
 792 00ab 0B       		.uleb128 0xb
 793 00ac 49       		.uleb128 0x49
 794 00ad 13       		.uleb128 0x13
 795 00ae 02       		.uleb128 0x2
 796 00af 17       		.uleb128 0x17
 797 00b0 00       		.byte	0
 798 00b1 00       		.byte	0
 799 00b2 0E       		.uleb128 0xe
 800 00b3 898201   		.uleb128 0x4109
 801 00b6 01       		.byte	0x1
 802 00b7 11       		.uleb128 0x11
 803 00b8 01       		.uleb128 0x1
 804 00b9 31       		.uleb128 0x31
 805 00ba 13       		.uleb128 0x13
 806 00bb 00       		.byte	0
 807 00bc 00       		.byte	0
 808 00bd 0F       		.uleb128 0xf
 809 00be 8A8201   		.uleb128 0x410a
 810 00c1 00       		.byte	0
 811 00c2 02       		.uleb128 0x2
 812 00c3 18       		.uleb128 0x18
ARM GAS  C:\Users\Reza\AppData\Local\Temp\ccThpoOT.s 			page 17


 813 00c4 9142     		.uleb128 0x2111
 814 00c6 18       		.uleb128 0x18
 815 00c7 00       		.byte	0
 816 00c8 00       		.byte	0
 817 00c9 10       		.uleb128 0x10
 818 00ca 34       		.uleb128 0x34
 819 00cb 00       		.byte	0
 820 00cc 03       		.uleb128 0x3
 821 00cd 0E       		.uleb128 0xe
 822 00ce 3A       		.uleb128 0x3a
 823 00cf 0B       		.uleb128 0xb
 824 00d0 3B       		.uleb128 0x3b
 825 00d1 0B       		.uleb128 0xb
 826 00d2 49       		.uleb128 0x49
 827 00d3 13       		.uleb128 0x13
 828 00d4 02       		.uleb128 0x2
 829 00d5 17       		.uleb128 0x17
 830 00d6 00       		.byte	0
 831 00d7 00       		.byte	0
 832 00d8 11       		.uleb128 0x11
 833 00d9 898201   		.uleb128 0x4109
 834 00dc 00       		.byte	0
 835 00dd 11       		.uleb128 0x11
 836 00de 01       		.uleb128 0x1
 837 00df 31       		.uleb128 0x31
 838 00e0 13       		.uleb128 0x13
 839 00e1 00       		.byte	0
 840 00e2 00       		.byte	0
 841 00e3 12       		.uleb128 0x12
 842 00e4 34       		.uleb128 0x34
 843 00e5 00       		.byte	0
 844 00e6 03       		.uleb128 0x3
 845 00e7 0E       		.uleb128 0xe
 846 00e8 3A       		.uleb128 0x3a
 847 00e9 0B       		.uleb128 0xb
 848 00ea 3B       		.uleb128 0x3b
 849 00eb 0B       		.uleb128 0xb
 850 00ec 49       		.uleb128 0x49
 851 00ed 13       		.uleb128 0x13
 852 00ee 3F       		.uleb128 0x3f
 853 00ef 19       		.uleb128 0x19
 854 00f0 3C       		.uleb128 0x3c
 855 00f1 19       		.uleb128 0x19
 856 00f2 00       		.byte	0
 857 00f3 00       		.byte	0
 858 00f4 13       		.uleb128 0x13
 859 00f5 26       		.uleb128 0x26
 860 00f6 00       		.byte	0
 861 00f7 49       		.uleb128 0x49
 862 00f8 13       		.uleb128 0x13
 863 00f9 00       		.byte	0
 864 00fa 00       		.byte	0
 865 00fb 14       		.uleb128 0x14
 866 00fc 34       		.uleb128 0x34
 867 00fd 00       		.byte	0
 868 00fe 03       		.uleb128 0x3
 869 00ff 0E       		.uleb128 0xe
ARM GAS  C:\Users\Reza\AppData\Local\Temp\ccThpoOT.s 			page 18


 870 0100 3A       		.uleb128 0x3a
 871 0101 0B       		.uleb128 0xb
 872 0102 3B       		.uleb128 0x3b
 873 0103 05       		.uleb128 0x5
 874 0104 49       		.uleb128 0x49
 875 0105 13       		.uleb128 0x13
 876 0106 3F       		.uleb128 0x3f
 877 0107 19       		.uleb128 0x19
 878 0108 3C       		.uleb128 0x3c
 879 0109 19       		.uleb128 0x19
 880 010a 00       		.byte	0
 881 010b 00       		.byte	0
 882 010c 15       		.uleb128 0x15
 883 010d 35       		.uleb128 0x35
 884 010e 00       		.byte	0
 885 010f 49       		.uleb128 0x49
 886 0110 13       		.uleb128 0x13
 887 0111 00       		.byte	0
 888 0112 00       		.byte	0
 889 0113 16       		.uleb128 0x16
 890 0114 13       		.uleb128 0x13
 891 0115 01       		.byte	0x1
 892 0116 0B       		.uleb128 0xb
 893 0117 0B       		.uleb128 0xb
 894 0118 3A       		.uleb128 0x3a
 895 0119 0B       		.uleb128 0xb
 896 011a 3B       		.uleb128 0x3b
 897 011b 0B       		.uleb128 0xb
 898 011c 01       		.uleb128 0x1
 899 011d 13       		.uleb128 0x13
 900 011e 00       		.byte	0
 901 011f 00       		.byte	0
 902 0120 17       		.uleb128 0x17
 903 0121 0D       		.uleb128 0xd
 904 0122 00       		.byte	0
 905 0123 03       		.uleb128 0x3
 906 0124 0E       		.uleb128 0xe
 907 0125 3A       		.uleb128 0x3a
 908 0126 0B       		.uleb128 0xb
 909 0127 3B       		.uleb128 0x3b
 910 0128 0B       		.uleb128 0xb
 911 0129 49       		.uleb128 0x49
 912 012a 13       		.uleb128 0x13
 913 012b 38       		.uleb128 0x38
 914 012c 0B       		.uleb128 0xb
 915 012d 00       		.byte	0
 916 012e 00       		.byte	0
 917 012f 18       		.uleb128 0x18
 918 0130 0D       		.uleb128 0xd
 919 0131 00       		.byte	0
 920 0132 03       		.uleb128 0x3
 921 0133 08       		.uleb128 0x8
 922 0134 3A       		.uleb128 0x3a
 923 0135 0B       		.uleb128 0xb
 924 0136 3B       		.uleb128 0x3b
 925 0137 0B       		.uleb128 0xb
 926 0138 49       		.uleb128 0x49
ARM GAS  C:\Users\Reza\AppData\Local\Temp\ccThpoOT.s 			page 19


 927 0139 13       		.uleb128 0x13
 928 013a 38       		.uleb128 0x38
 929 013b 0B       		.uleb128 0xb
 930 013c 00       		.byte	0
 931 013d 00       		.byte	0
 932 013e 19       		.uleb128 0x19
 933 013f 2E       		.uleb128 0x2e
 934 0140 00       		.byte	0
 935 0141 3F       		.uleb128 0x3f
 936 0142 19       		.uleb128 0x19
 937 0143 3C       		.uleb128 0x3c
 938 0144 19       		.uleb128 0x19
 939 0145 6E       		.uleb128 0x6e
 940 0146 0E       		.uleb128 0xe
 941 0147 03       		.uleb128 0x3
 942 0148 0E       		.uleb128 0xe
 943 0149 3A       		.uleb128 0x3a
 944 014a 0B       		.uleb128 0xb
 945 014b 3B       		.uleb128 0x3b
 946 014c 0B       		.uleb128 0xb
 947 014d 00       		.byte	0
 948 014e 00       		.byte	0
 949 014f 00       		.byte	0
 950              		.section	.debug_loc,"",%progbits
 951              	.Ldebug_loc0:
 952              	.LLST0:
 953 0000 00000000 		.4byte	.LVL0
 954 0004 07000000 		.4byte	.LVL1-1
 955 0008 0100     		.2byte	0x1
 956 000a 50       		.byte	0x50
 957 000b 07000000 		.4byte	.LVL1-1
 958 000f 0C000000 		.4byte	.LVL2
 959 0013 0400     		.2byte	0x4
 960 0015 F3       		.byte	0xf3
 961 0016 01       		.uleb128 0x1
 962 0017 50       		.byte	0x50
 963 0018 9F       		.byte	0x9f
 964 0019 0C000000 		.4byte	.LVL2
 965 001d 0E000000 		.4byte	.LVL3
 966 0021 0100     		.2byte	0x1
 967 0023 50       		.byte	0x50
 968 0024 0E000000 		.4byte	.LVL3
 969 0028 10000000 		.4byte	.LFE114
 970 002c 0400     		.2byte	0x4
 971 002e F3       		.byte	0xf3
 972 002f 01       		.uleb128 0x1
 973 0030 50       		.byte	0x50
 974 0031 9F       		.byte	0x9f
 975 0032 00000000 		.4byte	0
 976 0036 00000000 		.4byte	0
 977              	.LLST1:
 978 003a 00000000 		.4byte	.LVL4
 979 003e 11000000 		.4byte	.LVL6-1
 980 0042 0100     		.2byte	0x1
 981 0044 50       		.byte	0x50
 982 0045 11000000 		.4byte	.LVL6-1
 983 0049 1A000000 		.4byte	.LVL7
ARM GAS  C:\Users\Reza\AppData\Local\Temp\ccThpoOT.s 			page 20


 984 004d 0400     		.2byte	0x4
 985 004f F3       		.byte	0xf3
 986 0050 01       		.uleb128 0x1
 987 0051 50       		.byte	0x50
 988 0052 9F       		.byte	0x9f
 989 0053 1A000000 		.4byte	.LVL7
 990 0057 1D000000 		.4byte	.LVL8-1
 991 005b 0100     		.2byte	0x1
 992 005d 50       		.byte	0x50
 993 005e 1D000000 		.4byte	.LVL8-1
 994 0062 26000000 		.4byte	.LVL9
 995 0066 0400     		.2byte	0x4
 996 0068 F3       		.byte	0xf3
 997 0069 01       		.uleb128 0x1
 998 006a 50       		.byte	0x50
 999 006b 9F       		.byte	0x9f
 1000 006c 26000000 		.4byte	.LVL9
 1001 0070 29000000 		.4byte	.LVL10-1
 1002 0074 0100     		.2byte	0x1
 1003 0076 50       		.byte	0x50
 1004 0077 29000000 		.4byte	.LVL10-1
 1005 007b 32000000 		.4byte	.LVL11
 1006 007f 0400     		.2byte	0x4
 1007 0081 F3       		.byte	0xf3
 1008 0082 01       		.uleb128 0x1
 1009 0083 50       		.byte	0x50
 1010 0084 9F       		.byte	0x9f
 1011 0085 32000000 		.4byte	.LVL11
 1012 0089 35000000 		.4byte	.LVL12-1
 1013 008d 0100     		.2byte	0x1
 1014 008f 50       		.byte	0x50
 1015 0090 35000000 		.4byte	.LVL12-1
 1016 0094 3E000000 		.4byte	.LVL13
 1017 0098 0400     		.2byte	0x4
 1018 009a F3       		.byte	0xf3
 1019 009b 01       		.uleb128 0x1
 1020 009c 50       		.byte	0x50
 1021 009d 9F       		.byte	0x9f
 1022 009e 3E000000 		.4byte	.LVL13
 1023 00a2 40000000 		.4byte	.LVL14
 1024 00a6 0100     		.2byte	0x1
 1025 00a8 50       		.byte	0x50
 1026 00a9 40000000 		.4byte	.LVL14
 1027 00ad 52000000 		.4byte	.LFE115
 1028 00b1 0400     		.2byte	0x4
 1029 00b3 F3       		.byte	0xf3
 1030 00b4 01       		.uleb128 0x1
 1031 00b5 50       		.byte	0x50
 1032 00b6 9F       		.byte	0x9f
 1033 00b7 00000000 		.4byte	0
 1034 00bb 00000000 		.4byte	0
 1035              	.LLST2:
 1036 00bf 02000000 		.4byte	.LVL5
 1037 00c3 50000000 		.4byte	.LVL15
 1038 00c7 0200     		.2byte	0x2
 1039 00c9 30       		.byte	0x30
 1040 00ca 9F       		.byte	0x9f
ARM GAS  C:\Users\Reza\AppData\Local\Temp\ccThpoOT.s 			page 21


 1041 00cb 50000000 		.4byte	.LVL15
 1042 00cf 52000000 		.4byte	.LFE115
 1043 00d3 0100     		.2byte	0x1
 1044 00d5 50       		.byte	0x50
 1045 00d6 00000000 		.4byte	0
 1046 00da 00000000 		.4byte	0
 1047              		.section	.debug_aranges,"",%progbits
 1048 0000 24000000 		.4byte	0x24
 1049 0004 0200     		.2byte	0x2
 1050 0006 00000000 		.4byte	.Ldebug_info0
 1051 000a 04       		.byte	0x4
 1052 000b 00       		.byte	0
 1053 000c 0000     		.2byte	0
 1054 000e 0000     		.2byte	0
 1055 0010 00000000 		.4byte	.LFB114
 1056 0014 10000000 		.4byte	.LFE114-.LFB114
 1057 0018 00000000 		.4byte	.LFB115
 1058 001c 52000000 		.4byte	.LFE115-.LFB115
 1059 0020 00000000 		.4byte	0
 1060 0024 00000000 		.4byte	0
 1061              		.section	.debug_ranges,"",%progbits
 1062              	.Ldebug_ranges0:
 1063 0000 00000000 		.4byte	.LFB114
 1064 0004 10000000 		.4byte	.LFE114
 1065 0008 00000000 		.4byte	.LFB115
 1066 000c 52000000 		.4byte	.LFE115
 1067 0010 00000000 		.4byte	0
 1068 0014 00000000 		.4byte	0
 1069              		.section	.debug_line,"",%progbits
 1070              	.Ldebug_line0:
 1071 0000 C0020000 		.section	.debug_str,"MS",%progbits,1
 1071      02008502 
 1071      00000201 
 1071      FB0E0D00 
 1071      01010101 
 1072              	.LASF66:
 1073 0000 5F5F636F 		.ascii	"__copy_table_t\000"
 1073      70795F74 
 1073      61626C65 
 1073      5F7400
 1074              	.LASF83:
 1075 000f 72657375 		.ascii	"result\000"
 1075      6C7400
 1076              	.LASF39:
 1077 0016 52435F45 		.ascii	"RC_ERROR_READ_ONLY\000"
 1077      52524F52 
 1077      5F524541 
 1077      445F4F4E 
 1077      4C5900
 1078              	.LASF25:
 1079 0029 52435F53 		.ascii	"RC_SUCCESS\000"
 1079      55434345 
 1079      535300
 1080              	.LASF73:
 1081 0034 64657374 		.ascii	"dest\000"
 1081      00
 1082              	.LASF81:
ARM GAS  C:\Users\Reza\AppData\Local\Temp\ccThpoOT.s 			page 22


 1083 0039 736F7572 		.ascii	"source\\bsw\\button.c\000"
 1083      63655C62 
 1083      73775C62 
 1083      7574746F 
 1083      6E2E6300 
 1084              	.LASF40:
 1085 004d 52435F45 		.ascii	"RC_ERROR_WRITE_ONLY\000"
 1085      52524F52 
 1085      5F575249 
 1085      54455F4F 
 1085      4E4C5900 
 1086              	.LASF2:
 1087 0061 73686F72 		.ascii	"short int\000"
 1087      7420696E 
 1087      7400
 1088              	.LASF31:
 1089 006b 52435F45 		.ascii	"RC_ERROR_OVERRUN\000"
 1089      52524F52 
 1089      5F4F5645 
 1089      5252554E 
 1089      00
 1090              	.LASF43:
 1091 007c 52435F45 		.ascii	"RC_ERROR_WRITE_FAILS\000"
 1091      52524F52 
 1091      5F575249 
 1091      54455F46 
 1091      41494C53 
 1092              	.LASF23:
 1093 0091 73697A65 		.ascii	"sizetype\000"
 1093      74797065 
 1093      00
 1094              	.LASF70:
 1095 009a 5F5F7A65 		.ascii	"__zero_table_start__\000"
 1095      726F5F74 
 1095      61626C65 
 1095      5F737461 
 1095      72745F5F 
 1096              	.LASF28:
 1097 00af 52435F45 		.ascii	"RC_ERROR_ZERO\000"
 1097      52524F52 
 1097      5F5A4552 
 1097      4F00
 1098              	.LASF21:
 1099 00bd 45455F46 		.ascii	"EE_FREG\000"
 1099      52454700 
 1100              	.LASF42:
 1101 00c5 52435F45 		.ascii	"RC_ERROR_READ_FAILS\000"
 1101      52524F52 
 1101      5F524541 
 1101      445F4641 
 1101      494C5300 
 1102              	.LASF6:
 1103 00d9 5F5F7569 		.ascii	"__uint32_t\000"
 1103      6E743332 
 1103      5F7400
 1104              	.LASF19:
 1105 00e4 45455F55 		.ascii	"EE_UINT32\000"
ARM GAS  C:\Users\Reza\AppData\Local\Temp\ccThpoOT.s 			page 23


 1105      494E5433 
 1105      3200
 1106              	.LASF69:
 1107 00ee 5F5F7A65 		.ascii	"__zero_table_t\000"
 1107      726F5F74 
 1107      61626C65 
 1107      5F7400
 1108              	.LASF48:
 1109 00fd 52435F45 		.ascii	"RC_ERROR_INVALID_STATE\000"
 1109      52524F52 
 1109      5F494E56 
 1109      414C4944 
 1109      5F535441 
 1110              	.LASF65:
 1111 0114 45455F49 		.ascii	"EE_IRQ_nesting_level\000"
 1111      52515F6E 
 1111      65737469 
 1111      6E675F6C 
 1111      6576656C 
 1112              	.LASF58:
 1113 0129 42555454 		.ascii	"BUTTON_IsPressed\000"
 1113      4F4E5F49 
 1113      73507265 
 1113      73736564 
 1113      00
 1114              	.LASF49:
 1115 013a 52435F45 		.ascii	"RC_ERROR_UNKNOWN\000"
 1115      52524F52 
 1115      5F554E4B 
 1115      4E4F574E 
 1115      00
 1116              	.LASF64:
 1117 014b 45455F73 		.ascii	"EE_std_endcycle_next_tid\000"
 1117      74645F65 
 1117      6E646379 
 1117      636C655F 
 1117      6E657874 
 1118              	.LASF68:
 1119 0164 5F5F636F 		.ascii	"__copy_table_end__\000"
 1119      70795F74 
 1119      61626C65 
 1119      5F656E64 
 1119      5F5F00
 1120              	.LASF78:
 1121 0177 42555454 		.ascii	"BUTTON_3_Read\000"
 1121      4F4E5F33 
 1121      5F526561 
 1121      6400
 1122              	.LASF13:
 1123 0185 666C6F61 		.ascii	"float\000"
 1123      7400
 1124              	.LASF76:
 1125 018b 42555454 		.ascii	"BUTTON_1_Read\000"
 1125      4F4E5F31 
 1125      5F526561 
 1125      6400
 1126              	.LASF8:
ARM GAS  C:\Users\Reza\AppData\Local\Temp\ccThpoOT.s 			page 24


 1127 0199 6C6F6E67 		.ascii	"long long int\000"
 1127      206C6F6E 
 1127      6720696E 
 1127      7400
 1128              	.LASF62:
 1129 01a7 45455F6F 		.ascii	"EE_oo_IRQ_suspend_status\000"
 1129      6F5F4952 
 1129      515F7375 
 1129      7370656E 
 1129      645F7374 
 1130              	.LASF44:
 1131 01c0 52435F45 		.ascii	"RC_ERROR_NOT_MATCH\000"
 1131      52524F52 
 1131      5F4E4F54 
 1131      5F4D4154 
 1131      434800
 1132              	.LASF71:
 1133 01d3 5F5F7A65 		.ascii	"__zero_table_end__\000"
 1133      726F5F74 
 1133      61626C65 
 1133      5F656E64 
 1133      5F5F00
 1134              	.LASF4:
 1135 01e6 6C6F6E67 		.ascii	"long int\000"
 1135      20696E74 
 1135      00
 1136              	.LASF32:
 1137 01ef 52435F45 		.ascii	"RC_ERROR_UNDERRUN\000"
 1137      52524F52 
 1137      5F554E44 
 1137      45525255 
 1137      4E00
 1138              	.LASF59:
 1139 0201 61646472 		.ascii	"address\000"
 1139      65737300 
 1140              	.LASF22:
 1141 0209 45455F54 		.ascii	"EE_TID\000"
 1141      494400
 1142              	.LASF35:
 1143 0210 52435F45 		.ascii	"RC_ERROR_BUSY\000"
 1143      52524F52 
 1143      5F425553 
 1143      5900
 1144              	.LASF56:
 1145 021e 42555454 		.ascii	"BUTTON_id_t\000"
 1145      4F4E5F69 
 1145      645F7400 
 1146              	.LASF41:
 1147 022a 52435F45 		.ascii	"RC_ERROR_INVALID\000"
 1147      52524F52 
 1147      5F494E56 
 1147      414C4944 
 1147      00
 1148              	.LASF46:
 1149 023b 52435F45 		.ascii	"RC_ERROR_BAD_DATA\000"
 1149      52524F52 
 1149      5F424144 
ARM GAS  C:\Users\Reza\AppData\Local\Temp\ccThpoOT.s 			page 25


 1149      5F444154 
 1149      4100
 1150              	.LASF24:
 1151 024d 626F6F6C 		.ascii	"boolean_t\000"
 1151      65616E5F 
 1151      7400
 1152              	.LASF1:
 1153 0257 756E7369 		.ascii	"unsigned char\000"
 1153      676E6564 
 1153      20636861 
 1153      7200
 1154              	.LASF17:
 1155 0265 6C6F6E67 		.ascii	"long double\000"
 1155      20646F75 
 1155      626C6500 
 1156              	.LASF16:
 1157 0271 63796973 		.ascii	"cyisraddress\000"
 1157      72616464 
 1157      72657373 
 1157      00
 1158              	.LASF0:
 1159 027e 7369676E 		.ascii	"signed char\000"
 1159      65642063 
 1159      68617200 
 1160              	.LASF9:
 1161 028a 6C6F6E67 		.ascii	"long long unsigned int\000"
 1161      206C6F6E 
 1161      6720756E 
 1161      7369676E 
 1161      65642069 
 1162              	.LASF12:
 1163 02a1 75696E74 		.ascii	"uint32_t\000"
 1163      33325F74 
 1163      00
 1164              	.LASF10:
 1165 02aa 756E7369 		.ascii	"unsigned int\000"
 1165      676E6564 
 1165      20696E74 
 1165      00
 1166              	.LASF37:
 1167 02b7 52435F45 		.ascii	"RC_ERROR_OPEN\000"
 1167      52524F52 
 1167      5F4F5045 
 1167      4E00
 1168              	.LASF27:
 1169 02c5 52435F45 		.ascii	"RC_ERROR_NULL\000"
 1169      52524F52 
 1169      5F4E554C 
 1169      4C00
 1170              	.LASF34:
 1171 02d3 52435F45 		.ascii	"RC_ERROR_BUFFER_EMTPY\000"
 1171      52524F52 
 1171      5F425546 
 1171      4645525F 
 1171      454D5450 
 1172              	.LASF18:
 1173 02e9 45455F49 		.ascii	"EE_INT32\000"
ARM GAS  C:\Users\Reza\AppData\Local\Temp\ccThpoOT.s 			page 26


 1173      4E543332 
 1173      00
 1174              	.LASF51:
 1175 02f2 65427574 		.ascii	"eButton\000"
 1175      746F6E00 
 1176              	.LASF3:
 1177 02fa 73686F72 		.ascii	"short unsigned int\000"
 1177      7420756E 
 1177      7369676E 
 1177      65642069 
 1177      6E7400
 1178              	.LASF67:
 1179 030d 5F5F636F 		.ascii	"__copy_table_start__\000"
 1179      70795F74 
 1179      61626C65 
 1179      5F737461 
 1179      72745F5F 
 1180              	.LASF80:
 1181 0322 474E5520 		.ascii	"GNU C11 5.4.1 20160609 (release) [ARM/embedded-5-br"
 1181      43313120 
 1181      352E342E 
 1181      31203230 
 1181      31363036 
 1182 0355 616E6368 		.ascii	"anch revision 237715] -mcpu=cortex-m3 -mthumb -g -O"
 1182      20726576 
 1182      6973696F 
 1182      6E203233 
 1182      37373135 
 1183 0388 67202D66 		.ascii	"g -ffunction-sections -ffat-lto-objects\000"
 1183      66756E63 
 1183      74696F6E 
 1183      2D736563 
 1183      74696F6E 
 1184              	.LASF57:
 1185 03b0 42555454 		.ascii	"BUTTON_Init\000"
 1185      4F4E5F49 
 1185      6E697400 
 1186              	.LASF15:
 1187 03bc 63686172 		.ascii	"char\000"
 1187      00
 1188              	.LASF33:
 1189 03c1 52435F45 		.ascii	"RC_ERROR_BUFFER_FULL\000"
 1189      52524F52 
 1189      5F425546 
 1189      4645525F 
 1189      46554C4C 
 1190              	.LASF11:
 1191 03d6 696E7433 		.ascii	"int32_t\000"
 1191      325F7400 
 1192              	.LASF45:
 1193 03de 52435F45 		.ascii	"RC_ERROR_BAD_PARAM\000"
 1193      52524F52 
 1193      5F424144 
 1193      5F504152 
 1193      414D00
 1194              	.LASF63:
 1195 03f1 45455F41 		.ascii	"EE_ApplicationMode\000"
ARM GAS  C:\Users\Reza\AppData\Local\Temp\ccThpoOT.s 			page 27


 1195      70706C69 
 1195      63617469 
 1195      6F6E4D6F 
 1195      646500
 1196              	.LASF7:
 1197 0404 6C6F6E67 		.ascii	"long unsigned int\000"
 1197      20756E73 
 1197      69676E65 
 1197      6420696E 
 1197      7400
 1198              	.LASF14:
 1199 0416 646F7562 		.ascii	"double\000"
 1199      6C6500
 1200              	.LASF38:
 1201 041d 52435F45 		.ascii	"RC_ERROR_CHECKSUM\000"
 1201      52524F52 
 1201      5F434845 
 1201      434B5355 
 1201      4D00
 1202              	.LASF20:
 1203 042f 45455F55 		.ascii	"EE_UREG\000"
 1203      52454700 
 1204              	.LASF79:
 1205 0437 42555454 		.ascii	"BUTTON_4_Read\000"
 1205      4F4E5F34 
 1205      5F526561 
 1205      6400
 1206              	.LASF60:
 1207 0445 62757474 		.ascii	"button\000"
 1207      6F6E00
 1208              	.LASF30:
 1209 044c 52435F45 		.ascii	"RC_ERROR_RANGE\000"
 1209      52524F52 
 1209      5F52414E 
 1209      474500
 1210              	.LASF77:
 1211 045b 42555454 		.ascii	"BUTTON_2_Read\000"
 1211      4F4E5F32 
 1211      5F526561 
 1211      6400
 1212              	.LASF5:
 1213 0469 5F5F696E 		.ascii	"__int32_t\000"
 1213      7433325F 
 1213      7400
 1214              	.LASF52:
 1215 0473 42555454 		.ascii	"BUTTON_1\000"
 1215      4F4E5F31 
 1215      00
 1216              	.LASF53:
 1217 047c 42555454 		.ascii	"BUTTON_2\000"
 1217      4F4E5F32 
 1217      00
 1218              	.LASF54:
 1219 0485 42555454 		.ascii	"BUTTON_3\000"
 1219      4F4E5F33 
 1219      00
 1220              	.LASF55:
ARM GAS  C:\Users\Reza\AppData\Local\Temp\ccThpoOT.s 			page 28


 1221 048e 42555454 		.ascii	"BUTTON_4\000"
 1221      4F4E5F34 
 1221      00
 1222              	.LASF47:
 1223 0497 52435F45 		.ascii	"RC_ERROR_CANCELED\000"
 1223      52524F52 
 1223      5F43414E 
 1223      43454C45 
 1223      4400
 1224              	.LASF75:
 1225 04a9 6973725F 		.ascii	"isr_Button_StartEx\000"
 1225      42757474 
 1225      6F6E5F53 
 1225      74617274 
 1225      457800
 1226              	.LASF74:
 1227 04bc 776C656E 		.ascii	"wlen\000"
 1227      00
 1228              	.LASF72:
 1229 04c1 49544D5F 		.ascii	"ITM_RxBuffer\000"
 1229      52784275 
 1229      66666572 
 1229      00
 1230              	.LASF26:
 1231 04ce 52435F45 		.ascii	"RC_ERROR\000"
 1231      52524F52 
 1231      00
 1232              	.LASF82:
 1233 04d7 443A5C48 		.ascii	"D:\\H_da\\Winter Semester\\MM03 Advanced Microcontr"
 1233      5F64615C 
 1233      57696E74 
 1233      65722053 
 1233      656D6573 
 1234 0507 6F6C6C65 		.ascii	"oller Systems and Embedded Operating Systems\\Lectu"
 1234      72205379 
 1234      7374656D 
 1234      7320616E 
 1234      6420456D 
 1235 0539 72652050 		.ascii	"re Prof. Fromm\\workspace\\workspace_psoc\\Smart_Vo"
 1235      726F662E 
 1235      2046726F 
 1235      6D6D5C77 
 1235      6F726B73 
 1236 0569 6C756D65 		.ascii	"lume\\Smart_Volume.cydsn\000"
 1236      5C536D61 
 1236      72745F56 
 1236      6F6C756D 
 1236      652E6379 
 1237              	.LASF29:
 1238 0581 52435F45 		.ascii	"RC_ERROR_MEMORY\000"
 1238      52524F52 
 1238      5F4D454D 
 1238      4F525900 
 1239              	.LASF61:
 1240 0591 45455F6F 		.ascii	"EE_oo_IRQ_disable_count\000"
 1240      6F5F4952 
 1240      515F6469 
ARM GAS  C:\Users\Reza\AppData\Local\Temp\ccThpoOT.s 			page 29


 1240      7361626C 
 1240      655F636F 
 1241              	.LASF50:
 1242 05a9 52435F74 		.ascii	"RC_t\000"
 1242      00
 1243              	.LASF36:
 1244 05ae 52435F45 		.ascii	"RC_ERROR_TIME_OUT\000"
 1244      52524F52 
 1244      5F54494D 
 1244      455F4F55 
 1244      5400
 1245              		.ident	"GCC: (GNU Tools for ARM Embedded Processors) 5.4.1 20160609 (release) [ARM/embedded-5-bran
