ARM GAS  C:\Users\Reza\AppData\Local\Temp\ccii0W9z.s 			page 1


   1              		.syntax unified
   2              		.cpu cortex-m3
   3              		.fpu softvfp
   4              		.eabi_attribute 20, 1
   5              		.eabi_attribute 21, 1
   6              		.eabi_attribute 23, 3
   7              		.eabi_attribute 24, 1
   8              		.eabi_attribute 25, 1
   9              		.eabi_attribute 26, 1
  10              		.eabi_attribute 30, 1
  11              		.eabi_attribute 34, 1
  12              		.eabi_attribute 18, 4
  13              		.thumb
  14              		.syntax unified
  15              		.file	"cymetadata.c"
  16              		.text
  17              	.Ltext0:
  18              		.cfi_sections	.debug_frame
  19              		.global	cy_metadata
  20              		.global	cy_meta_flashprotect
  21              		.global	cy_meta_wonvl
  22              		.global	cy_meta_custnvl
  23              		.global	cy_meta_configecc
  24              		.section	.cyconfigecc,"a",%progbits
  25              		.align	2
  26              		.type	cy_meta_configecc, %object
  27              		.size	cy_meta_configecc, 1924
  28              	cy_meta_configecc:
  29 0000 02       		.byte	2
  30 0001 4F       		.byte	79
  31 0002 00       		.byte	0
  32 0003 40       		.byte	64
  33 0004 04       		.byte	4
  34 0005 52       		.byte	82
  35 0006 00       		.byte	0
  36 0007 40       		.byte	64
  37 0008 01       		.byte	1
  38 0009 64       		.byte	100
  39 000a 00       		.byte	0
  40 000b 40       		.byte	64
  41 000c 03       		.byte	3
  42 000d 65       		.byte	101
  43 000e 00       		.byte	0
  44 000f 40       		.byte	64
  45 0010 05       		.byte	5
  46 0011 05       		.byte	5
  47 0012 01       		.byte	1
  48 0013 40       		.byte	64
  49 0014 4F       		.byte	79
  50 0015 06       		.byte	6
  51 0016 01       		.byte	1
  52 0017 40       		.byte	64
  53 0018 34       		.byte	52
  54 0019 07       		.byte	7
  55 001a 01       		.byte	1
  56 001b 40       		.byte	64
  57 001c 03       		.byte	3
ARM GAS  C:\Users\Reza\AppData\Local\Temp\ccii0W9z.s 			page 2


  58 001d 08       		.byte	8
  59 001e 01       		.byte	1
  60 001f 40       		.byte	64
  61 0020 04       		.byte	4
  62 0021 09       		.byte	9
  63 0022 01       		.byte	1
  64 0023 40       		.byte	64
  65 0024 07       		.byte	7
  66 0025 0B       		.byte	11
  67 0026 01       		.byte	1
  68 0027 40       		.byte	64
  69 0028 3D       		.byte	61
  70 0029 0C       		.byte	12
  71 002a 01       		.byte	1
  72 002b 40       		.byte	64
  73 002c 19       		.byte	25
  74 002d 0D       		.byte	13
  75 002e 01       		.byte	1
  76 002f 40       		.byte	64
  77 0030 35       		.byte	53
  78 0031 0E       		.byte	14
  79 0032 01       		.byte	1
  80 0033 40       		.byte	64
  81 0034 10       		.byte	16
  82 0035 0F       		.byte	15
  83 0036 01       		.byte	1
  84 0037 40       		.byte	64
  85 0038 53       		.byte	83
  86 0039 14       		.byte	20
  87 003a 01       		.byte	1
  88 003b 40       		.byte	64
  89 003c 4D       		.byte	77
  90 003d 15       		.byte	21
  91 003e 01       		.byte	1
  92 003f 40       		.byte	64
  93 0040 53       		.byte	83
  94 0041 16       		.byte	22
  95 0042 01       		.byte	1
  96 0043 40       		.byte	64
  97 0044 40       		.byte	64
  98 0045 17       		.byte	23
  99 0046 01       		.byte	1
 100 0047 40       		.byte	64
 101 0048 58       		.byte	88
 102 0049 18       		.byte	24
 103 004a 01       		.byte	1
 104 004b 40       		.byte	64
 105 004c 3A       		.byte	58
 106 004d 19       		.byte	25
 107 004e 01       		.byte	1
 108 004f 40       		.byte	64
 109 0050 0D       		.byte	13
 110 0051 1B       		.byte	27
 111 0052 01       		.byte	1
 112 0053 40       		.byte	64
 113 0054 03       		.byte	3
 114 0055 40       		.byte	64
ARM GAS  C:\Users\Reza\AppData\Local\Temp\ccii0W9z.s 			page 3


 115 0056 01       		.byte	1
 116 0057 40       		.byte	64
 117 0058 07       		.byte	7
 118 0059 41       		.byte	65
 119 005a 01       		.byte	1
 120 005b 40       		.byte	64
 121 005c 0B       		.byte	11
 122 005d 42       		.byte	66
 123 005e 01       		.byte	1
 124 005f 40       		.byte	64
 125 0060 0A       		.byte	10
 126 0061 43       		.byte	67
 127 0062 01       		.byte	1
 128 0063 40       		.byte	64
 129 0064 0C       		.byte	12
 130 0065 45       		.byte	69
 131 0066 01       		.byte	1
 132 0067 40       		.byte	64
 133 0068 02       		.byte	2
 134 0069 46       		.byte	70
 135 006a 01       		.byte	1
 136 006b 40       		.byte	64
 137 006c 04       		.byte	4
 138 006d 48       		.byte	72
 139 006e 01       		.byte	1
 140 006f 40       		.byte	64
 141 0070 06       		.byte	6
 142 0071 49       		.byte	73
 143 0072 01       		.byte	1
 144 0073 40       		.byte	64
 145 0074 0F       		.byte	15
 146 0075 4C       		.byte	76
 147 0076 01       		.byte	1
 148 0077 40       		.byte	64
 149 0078 0C       		.byte	12
 150 0079 4D       		.byte	77
 151 007a 01       		.byte	1
 152 007b 40       		.byte	64
 153 007c 06       		.byte	6
 154 007d 50       		.byte	80
 155 007e 01       		.byte	1
 156 007f 40       		.byte	64
 157 0080 01       		.byte	1
 158 0081 51       		.byte	81
 159 0082 01       		.byte	1
 160 0083 40       		.byte	64
 161 0084 01       		.byte	1
 162 0085 10       		.byte	16
 163 0086 0A       		.byte	10
 164 0087 27       		.byte	39
 165 0088 08       		.byte	8
 166 0089 A9       		.byte	-87
 167 008a 09       		.byte	9
 168 008b 95       		.byte	-107
 169 008c 10       		.byte	16
 170 008d 16       		.byte	22
 171 008e 11       		.byte	17
ARM GAS  C:\Users\Reza\AppData\Local\Temp\ccii0W9z.s 			page 4


 172 008f 14       		.byte	20
 173 0090 86       		.byte	-122
 174 0091 0D       		.byte	13
 175 0092 85       		.byte	-123
 176 0093 0F       		.byte	15
 177 0094 87       		.byte	-121
 178 0095 38       		.byte	56
 179 0096 88       		.byte	-120
 180 0097 72       		.byte	114
 181 0098 91       		.byte	-111
 182 0099 08       		.byte	8
 183 009a 9A       		.byte	-102
 184 009b 80       		.byte	-128
 185 009c B1       		.byte	-79
 186 009d 04       		.byte	4
 187 009e B6       		.byte	-74
 188 009f 80       		.byte	-128
 189 00a0 EC       		.byte	-20
 190 00a1 90       		.byte	-112
 191 00a2 00       		.byte	0
 192 00a3 04       		.byte	4
 193 00a4 04       		.byte	4
 194 00a5 01       		.byte	1
 195 00a6 07       		.byte	7
 196 00a7 0E       		.byte	14
 197 00a8 0A       		.byte	10
 198 00a9 01       		.byte	1
 199 00aa 0C       		.byte	12
 200 00ab 01       		.byte	1
 201 00ac 10       		.byte	16
 202 00ad 04       		.byte	4
 203 00ae 13       		.byte	19
 204 00af 01       		.byte	1
 205 00b0 14       		.byte	20
 206 00b1 04       		.byte	4
 207 00b2 15       		.byte	21
 208 00b3 08       		.byte	8
 209 00b4 1A       		.byte	26
 210 00b5 08       		.byte	8
 211 00b6 1B       		.byte	27
 212 00b7 02       		.byte	2
 213 00b8 1C       		.byte	28
 214 00b9 02       		.byte	2
 215 00ba 24       		.byte	36
 216 00bb 04       		.byte	4
 217 00bc 2A       		.byte	42
 218 00bd 08       		.byte	8
 219 00be 31       		.byte	49
 220 00bf 02       		.byte	2
 221 00c0 32       		.byte	50
 222 00c1 04       		.byte	4
 223 00c2 33       		.byte	51
 224 00c3 01       		.byte	1
 225 00c4 34       		.byte	52
 226 00c5 08       		.byte	8
 227 00c6 35       		.byte	53
 228 00c7 04       		.byte	4
ARM GAS  C:\Users\Reza\AppData\Local\Temp\ccii0W9z.s 			page 5


 229 00c8 36       		.byte	54
 230 00c9 03       		.byte	3
 231 00ca 37       		.byte	55
 232 00cb 08       		.byte	8
 233 00cc 38       		.byte	56
 234 00cd 88       		.byte	-120
 235 00ce 3E       		.byte	62
 236 00cf 14       		.byte	20
 237 00d0 40       		.byte	64
 238 00d1 20       		.byte	32
 239 00d2 41       		.byte	65
 240 00d3 06       		.byte	6
 241 00d4 45       		.byte	69
 242 00d5 D2       		.byte	-46
 243 00d6 46       		.byte	70
 244 00d7 20       		.byte	32
 245 00d8 47       		.byte	71
 246 00d9 01       		.byte	1
 247 00da 48       		.byte	72
 248 00db 1B       		.byte	27
 249 00dc 49       		.byte	73
 250 00dd FF       		.byte	-1
 251 00de 4A       		.byte	74
 252 00df FF       		.byte	-1
 253 00e0 4B       		.byte	75
 254 00e1 FF       		.byte	-1
 255 00e2 4D       		.byte	77
 256 00e3 A0       		.byte	-96
 257 00e4 4F       		.byte	79
 258 00e5 04       		.byte	4
 259 00e6 50       		.byte	80
 260 00e7 18       		.byte	24
 261 00e8 52       		.byte	82
 262 00e9 80       		.byte	-128
 263 00ea 54       		.byte	84
 264 00eb 05       		.byte	5
 265 00ec 58       		.byte	88
 266 00ed 04       		.byte	4
 267 00ee 59       		.byte	89
 268 00ef 04       		.byte	4
 269 00f0 5A       		.byte	90
 270 00f1 04       		.byte	4
 271 00f2 5B       		.byte	91
 272 00f3 04       		.byte	4
 273 00f4 5C       		.byte	92
 274 00f5 03       		.byte	3
 275 00f6 5F       		.byte	95
 276 00f7 01       		.byte	1
 277 00f8 60       		.byte	96
 278 00f9 40       		.byte	64
 279 00fa 62       		.byte	98
 280 00fb C0       		.byte	-64
 281 00fc 64       		.byte	100
 282 00fd 40       		.byte	64
 283 00fe 65       		.byte	101
 284 00ff 40       		.byte	64
 285 0100 66       		.byte	102
ARM GAS  C:\Users\Reza\AppData\Local\Temp\ccii0W9z.s 			page 6


 286 0101 C0       		.byte	-64
 287 0102 68       		.byte	104
 288 0103 C0       		.byte	-64
 289 0104 6A       		.byte	106
 290 0105 C0       		.byte	-64
 291 0106 6C       		.byte	108
 292 0107 C0       		.byte	-64
 293 0108 6E       		.byte	110
 294 0109 C0       		.byte	-64
 295 010a 84       		.byte	-124
 296 010b 01       		.byte	1
 297 010c 86       		.byte	-122
 298 010d 0E       		.byte	14
 299 010e 87       		.byte	-121
 300 010f 03       		.byte	3
 301 0110 88       		.byte	-120
 302 0111 0C       		.byte	12
 303 0112 89       		.byte	-119
 304 0113 1C       		.byte	28
 305 0114 8A       		.byte	-118
 306 0115 03       		.byte	3
 307 0116 8B       		.byte	-117
 308 0117 02       		.byte	2
 309 0118 8C       		.byte	-116
 310 0119 01       		.byte	1
 311 011a 8E       		.byte	-114
 312 011b 06       		.byte	6
 313 011c 91       		.byte	-111
 314 011d 10       		.byte	16
 315 011e 92       		.byte	-110
 316 011f 0C       		.byte	12
 317 0120 93       		.byte	-109
 318 0121 0C       		.byte	12
 319 0122 A1       		.byte	-95
 320 0123 14       		.byte	20
 321 0124 A2       		.byte	-94
 322 0125 03       		.byte	3
 323 0126 A5       		.byte	-91
 324 0127 10       		.byte	16
 325 0128 A6       		.byte	-90
 326 0129 08       		.byte	8
 327 012a A9       		.byte	-87
 328 012b 0C       		.byte	12
 329 012c AB       		.byte	-85
 330 012d 11       		.byte	17
 331 012e AD       		.byte	-83
 332 012f 09       		.byte	9
 333 0130 AF       		.byte	-81
 334 0131 10       		.byte	16
 335 0132 B2       		.byte	-78
 336 0133 0F       		.byte	15
 337 0134 B5       		.byte	-75
 338 0135 1F       		.byte	31
 339 0136 BA       		.byte	-70
 340 0137 08       		.byte	8
 341 0138 D8       		.byte	-40
 342 0139 04       		.byte	4
ARM GAS  C:\Users\Reza\AppData\Local\Temp\ccii0W9z.s 			page 7


 343 013a D9       		.byte	-39
 344 013b 04       		.byte	4
 345 013c DC       		.byte	-36
 346 013d 33       		.byte	51
 347 013e DF       		.byte	-33
 348 013f 01       		.byte	1
 349 0140 00       		.byte	0
 350 0141 10       		.byte	16
 351 0142 02       		.byte	2
 352 0143 10       		.byte	16
 353 0144 03       		.byte	3
 354 0145 01       		.byte	1
 355 0146 04       		.byte	4
 356 0147 10       		.byte	16
 357 0148 06       		.byte	6
 358 0149 90       		.byte	-112
 359 014a 07       		.byte	7
 360 014b 01       		.byte	1
 361 014c 0B       		.byte	11
 362 014d 80       		.byte	-128
 363 014e 0C       		.byte	12
 364 014f 80       		.byte	-128
 365 0150 0D       		.byte	13
 366 0151 05       		.byte	5
 367 0152 0F       		.byte	15
 368 0153 04       		.byte	4
 369 0154 10       		.byte	16
 370 0155 90       		.byte	-112
 371 0156 15       		.byte	21
 372 0157 04       		.byte	4
 373 0158 17       		.byte	23
 374 0159 20       		.byte	32
 375 015a 18       		.byte	24
 376 015b 10       		.byte	16
 377 015c 1A       		.byte	26
 378 015d 10       		.byte	16
 379 015e 1D       		.byte	29
 380 015f 40       		.byte	64
 381 0160 1E       		.byte	30
 382 0161 28       		.byte	40
 383 0162 1F       		.byte	31
 384 0163 40       		.byte	64
 385 0164 20       		.byte	32
 386 0165 04       		.byte	4
 387 0166 25       		.byte	37
 388 0167 01       		.byte	1
 389 0168 26       		.byte	38
 390 0169 40       		.byte	64
 391 016a 27       		.byte	39
 392 016b 28       		.byte	40
 393 016c 28       		.byte	40
 394 016d 10       		.byte	16
 395 016e 29       		.byte	41
 396 016f 44       		.byte	68
 397 0170 2A       		.byte	42
 398 0171 10       		.byte	16
 399 0172 2B       		.byte	43
ARM GAS  C:\Users\Reza\AppData\Local\Temp\ccii0W9z.s 			page 8


 400 0173 80       		.byte	-128
 401 0174 33       		.byte	51
 402 0175 01       		.byte	1
 403 0176 35       		.byte	53
 404 0177 01       		.byte	1
 405 0178 37       		.byte	55
 406 0179 28       		.byte	40
 407 017a 38       		.byte	56
 408 017b 14       		.byte	20
 409 017c 3B       		.byte	59
 410 017d 08       		.byte	8
 411 017e 3E       		.byte	62
 412 017f 08       		.byte	8
 413 0180 47       		.byte	71
 414 0181 20       		.byte	32
 415 0182 4F       		.byte	79
 416 0183 25       		.byte	37
 417 0184 56       		.byte	86
 418 0185 08       		.byte	8
 419 0186 57       		.byte	87
 420 0187 10       		.byte	16
 421 0188 5E       		.byte	94
 422 0189 88       		.byte	-120
 423 018a 5F       		.byte	95
 424 018b 01       		.byte	1
 425 018c 75       		.byte	117
 426 018d 01       		.byte	1
 427 018e 86       		.byte	-122
 428 018f 10       		.byte	16
 429 0190 91       		.byte	-111
 430 0191 08       		.byte	8
 431 0192 9A       		.byte	-102
 432 0193 80       		.byte	-128
 433 0194 C0       		.byte	-64
 434 0195 F7       		.byte	-9
 435 0196 C2       		.byte	-62
 436 0197 F8       		.byte	-8
 437 0198 C4       		.byte	-60
 438 0199 6C       		.byte	108
 439 019a CA       		.byte	-54
 440 019b 0F       		.byte	15
 441 019c CC       		.byte	-52
 442 019d E1       		.byte	-31
 443 019e CE       		.byte	-50
 444 019f 46       		.byte	70
 445 01a0 D0       		.byte	-48
 446 01a1 20       		.byte	32
 447 01a2 D2       		.byte	-46
 448 01a3 20       		.byte	32
 449 01a4 D6       		.byte	-42
 450 01a5 D0       		.byte	-48
 451 01a6 E2       		.byte	-30
 452 01a7 01       		.byte	1
 453 01a8 BF       		.byte	-65
 454 01a9 04       		.byte	4
 455 01aa D9       		.byte	-39
 456 01ab 04       		.byte	4
ARM GAS  C:\Users\Reza\AppData\Local\Temp\ccii0W9z.s 			page 9


 457 01ac DF       		.byte	-33
 458 01ad 01       		.byte	1
 459 01ae 21       		.byte	33
 460 01af 08       		.byte	8
 461 01b0 81       		.byte	-127
 462 01b1 08       		.byte	8
 463 01b2 9C       		.byte	-100
 464 01b3 02       		.byte	2
 465 01b4 9D       		.byte	-99
 466 01b5 02       		.byte	2
 467 01b6 9C       		.byte	-100
 468 01b7 02       		.byte	2
 469 01b8 9D       		.byte	-99
 470 01b9 02       		.byte	2
 471 01ba AA       		.byte	-86
 472 01bb 40       		.byte	64
 473 01bc AD       		.byte	-83
 474 01bd 40       		.byte	64
 475 01be AF       		.byte	-81
 476 01bf 08       		.byte	8
 477 01c0 E8       		.byte	-24
 478 01c1 08       		.byte	8
 479 01c2 EC       		.byte	-20
 480 01c3 09       		.byte	9
 481 01c4 2E       		.byte	46
 482 01c5 01       		.byte	1
 483 01c6 30       		.byte	48
 484 01c7 01       		.byte	1
 485 01c8 36       		.byte	54
 486 01c9 01       		.byte	1
 487 01ca 40       		.byte	64
 488 01cb 10       		.byte	16
 489 01cc 41       		.byte	65
 490 01cd 06       		.byte	6
 491 01ce 49       		.byte	73
 492 01cf FF       		.byte	-1
 493 01d0 4A       		.byte	74
 494 01d1 FF       		.byte	-1
 495 01d2 4B       		.byte	75
 496 01d3 FF       		.byte	-1
 497 01d4 4D       		.byte	77
 498 01d5 A0       		.byte	-96
 499 01d6 4F       		.byte	79
 500 01d7 04       		.byte	4
 501 01d8 50       		.byte	80
 502 01d9 18       		.byte	24
 503 01da 52       		.byte	82
 504 01db 80       		.byte	-128
 505 01dc 58       		.byte	88
 506 01dd 04       		.byte	4
 507 01de 5A       		.byte	90
 508 01df 04       		.byte	4
 509 01e0 5B       		.byte	91
 510 01e1 04       		.byte	4
 511 01e2 5C       		.byte	92
 512 01e3 02       		.byte	2
 513 01e4 5D       		.byte	93
ARM GAS  C:\Users\Reza\AppData\Local\Temp\ccii0W9z.s 			page 10


 514 01e5 22       		.byte	34
 515 01e6 5F       		.byte	95
 516 01e7 01       		.byte	1
 517 01e8 60       		.byte	96
 518 01e9 40       		.byte	64
 519 01ea 62       		.byte	98
 520 01eb C0       		.byte	-64
 521 01ec 64       		.byte	100
 522 01ed 40       		.byte	64
 523 01ee 65       		.byte	101
 524 01ef 40       		.byte	64
 525 01f0 66       		.byte	102
 526 01f1 C0       		.byte	-64
 527 01f2 68       		.byte	104
 528 01f3 C0       		.byte	-64
 529 01f4 6A       		.byte	106
 530 01f5 C0       		.byte	-64
 531 01f6 6C       		.byte	108
 532 01f7 C0       		.byte	-64
 533 01f8 6E       		.byte	110
 534 01f9 C0       		.byte	-64
 535 01fa 9E       		.byte	-98
 536 01fb 01       		.byte	1
 537 01fc A2       		.byte	-94
 538 01fd 01       		.byte	1
 539 01fe A3       		.byte	-93
 540 01ff 01       		.byte	1
 541 0200 AF       		.byte	-81
 542 0201 01       		.byte	1
 543 0202 B6       		.byte	-74
 544 0203 01       		.byte	1
 545 0204 B7       		.byte	-73
 546 0205 01       		.byte	1
 547 0206 C0       		.byte	-64
 548 0207 40       		.byte	64
 549 0208 C1       		.byte	-63
 550 0209 06       		.byte	6
 551 020a C5       		.byte	-59
 552 020b 10       		.byte	16
 553 020c C7       		.byte	-57
 554 020d 02       		.byte	2
 555 020e C8       		.byte	-56
 556 020f 12       		.byte	18
 557 0210 C9       		.byte	-55
 558 0211 FF       		.byte	-1
 559 0212 CA       		.byte	-54
 560 0213 FF       		.byte	-1
 561 0214 CB       		.byte	-53
 562 0215 FF       		.byte	-1
 563 0216 CD       		.byte	-51
 564 0217 AF       		.byte	-81
 565 0218 CE       		.byte	-50
 566 0219 0F       		.byte	15
 567 021a CF       		.byte	-49
 568 021b 04       		.byte	4
 569 021c D0       		.byte	-48
 570 021d 18       		.byte	24
ARM GAS  C:\Users\Reza\AppData\Local\Temp\ccii0W9z.s 			page 11


 571 021e D8       		.byte	-40
 572 021f 04       		.byte	4
 573 0220 D9       		.byte	-39
 574 0221 04       		.byte	4
 575 0222 DA       		.byte	-38
 576 0223 04       		.byte	4
 577 0224 DB       		.byte	-37
 578 0225 04       		.byte	4
 579 0226 DC       		.byte	-36
 580 0227 22       		.byte	34
 581 0228 DD       		.byte	-35
 582 0229 02       		.byte	2
 583 022a DF       		.byte	-33
 584 022b 01       		.byte	1
 585 022c E0       		.byte	-32
 586 022d 40       		.byte	64
 587 022e E2       		.byte	-30
 588 022f C0       		.byte	-64
 589 0230 E4       		.byte	-28
 590 0231 40       		.byte	64
 591 0232 E5       		.byte	-27
 592 0233 40       		.byte	64
 593 0234 E6       		.byte	-26
 594 0235 C0       		.byte	-64
 595 0236 E8       		.byte	-24
 596 0237 C0       		.byte	-64
 597 0238 EA       		.byte	-22
 598 0239 C0       		.byte	-64
 599 023a EC       		.byte	-20
 600 023b C0       		.byte	-64
 601 023c EE       		.byte	-18
 602 023d C0       		.byte	-64
 603 023e 09       		.byte	9
 604 023f 80       		.byte	-128
 605 0240 10       		.byte	16
 606 0241 80       		.byte	-128
 607 0242 17       		.byte	23
 608 0243 80       		.byte	-128
 609 0244 19       		.byte	25
 610 0245 40       		.byte	64
 611 0246 1C       		.byte	28
 612 0247 40       		.byte	64
 613 0248 1D       		.byte	29
 614 0249 80       		.byte	-128
 615 024a 20       		.byte	32
 616 024b 02       		.byte	2
 617 024c 28       		.byte	40
 618 024d 02       		.byte	2
 619 024e 29       		.byte	41
 620 024f 02       		.byte	2
 621 0250 40       		.byte	64
 622 0251 40       		.byte	64
 623 0252 45       		.byte	69
 624 0253 80       		.byte	-128
 625 0254 48       		.byte	72
 626 0255 80       		.byte	-128
 627 0256 4A       		.byte	74
ARM GAS  C:\Users\Reza\AppData\Local\Temp\ccii0W9z.s 			page 12


 628 0257 08       		.byte	8
 629 0258 4E       		.byte	78
 630 0259 08       		.byte	8
 631 025a 52       		.byte	82
 632 025b 08       		.byte	8
 633 025c 6A       		.byte	106
 634 025d 80       		.byte	-128
 635 025e 6B       		.byte	107
 636 025f 08       		.byte	8
 637 0260 77       		.byte	119
 638 0261 80       		.byte	-128
 639 0262 88       		.byte	-120
 640 0263 01       		.byte	1
 641 0264 B0       		.byte	-80
 642 0265 10       		.byte	16
 643 0266 C2       		.byte	-62
 644 0267 01       		.byte	1
 645 0268 C4       		.byte	-60
 646 0269 88       		.byte	-120
 647 026a CA       		.byte	-54
 648 026b 09       		.byte	9
 649 026c D0       		.byte	-48
 650 026d 11       		.byte	17
 651 026e D2       		.byte	-46
 652 026f 24       		.byte	36
 653 0270 40       		.byte	64
 654 0271 20       		.byte	32
 655 0272 41       		.byte	65
 656 0273 01       		.byte	1
 657 0274 49       		.byte	73
 658 0275 FF       		.byte	-1
 659 0276 4A       		.byte	74
 660 0277 FF       		.byte	-1
 661 0278 4B       		.byte	75
 662 0279 FF       		.byte	-1
 663 027a 4D       		.byte	77
 664 027b A0       		.byte	-96
 665 027c 4F       		.byte	79
 666 027d 04       		.byte	4
 667 027e 50       		.byte	80
 668 027f 18       		.byte	24
 669 0280 5A       		.byte	90
 670 0281 04       		.byte	4
 671 0282 5D       		.byte	93
 672 0283 02       		.byte	2
 673 0284 5F       		.byte	95
 674 0285 01       		.byte	1
 675 0286 60       		.byte	96
 676 0287 40       		.byte	64
 677 0288 62       		.byte	98
 678 0289 C0       		.byte	-64
 679 028a 64       		.byte	100
 680 028b 40       		.byte	64
 681 028c 65       		.byte	101
 682 028d 40       		.byte	64
 683 028e 66       		.byte	102
 684 028f C0       		.byte	-64
ARM GAS  C:\Users\Reza\AppData\Local\Temp\ccii0W9z.s 			page 13


 685 0290 68       		.byte	104
 686 0291 C0       		.byte	-64
 687 0292 6A       		.byte	106
 688 0293 C0       		.byte	-64
 689 0294 6C       		.byte	108
 690 0295 C0       		.byte	-64
 691 0296 6E       		.byte	110
 692 0297 C0       		.byte	-64
 693 0298 86       		.byte	-122
 694 0299 02       		.byte	2
 695 029a 9A       		.byte	-102
 696 029b 02       		.byte	2
 697 029c AE       		.byte	-82
 698 029d 01       		.byte	1
 699 029e B2       		.byte	-78
 700 029f 02       		.byte	2
 701 02a0 B4       		.byte	-76
 702 02a1 01       		.byte	1
 703 02a2 C0       		.byte	-64
 704 02a3 20       		.byte	32
 705 02a4 C1       		.byte	-63
 706 02a5 05       		.byte	5
 707 02a6 C5       		.byte	-59
 708 02a7 01       		.byte	1
 709 02a8 C6       		.byte	-58
 710 02a9 02       		.byte	2
 711 02aa C8       		.byte	-56
 712 02ab 05       		.byte	5
 713 02ac C9       		.byte	-55
 714 02ad FF       		.byte	-1
 715 02ae CA       		.byte	-54
 716 02af FF       		.byte	-1
 717 02b0 CB       		.byte	-53
 718 02b1 FF       		.byte	-1
 719 02b2 CD       		.byte	-51
 720 02b3 AF       		.byte	-81
 721 02b4 CE       		.byte	-50
 722 02b5 0F       		.byte	15
 723 02b6 CF       		.byte	-49
 724 02b7 04       		.byte	4
 725 02b8 D0       		.byte	-48
 726 02b9 18       		.byte	24
 727 02ba D2       		.byte	-46
 728 02bb 80       		.byte	-128
 729 02bc D8       		.byte	-40
 730 02bd 04       		.byte	4
 731 02be DA       		.byte	-38
 732 02bf 04       		.byte	4
 733 02c0 DB       		.byte	-37
 734 02c1 04       		.byte	4
 735 02c2 DC       		.byte	-36
 736 02c3 02       		.byte	2
 737 02c4 DD       		.byte	-35
 738 02c5 22       		.byte	34
 739 02c6 DF       		.byte	-33
 740 02c7 01       		.byte	1
 741 02c8 E0       		.byte	-32
ARM GAS  C:\Users\Reza\AppData\Local\Temp\ccii0W9z.s 			page 14


 742 02c9 40       		.byte	64
 743 02ca E2       		.byte	-30
 744 02cb C0       		.byte	-64
 745 02cc E4       		.byte	-28
 746 02cd 40       		.byte	64
 747 02ce E5       		.byte	-27
 748 02cf 40       		.byte	64
 749 02d0 E6       		.byte	-26
 750 02d1 C0       		.byte	-64
 751 02d2 E8       		.byte	-24
 752 02d3 C0       		.byte	-64
 753 02d4 EA       		.byte	-22
 754 02d5 C0       		.byte	-64
 755 02d6 EC       		.byte	-20
 756 02d7 C0       		.byte	-64
 757 02d8 EE       		.byte	-18
 758 02d9 C0       		.byte	-64
 759 02da 04       		.byte	4
 760 02db 04       		.byte	4
 761 02dc 0F       		.byte	15
 762 02dd 08       		.byte	8
 763 02de 17       		.byte	23
 764 02df 80       		.byte	-128
 765 02e0 1C       		.byte	28
 766 02e1 24       		.byte	36
 767 02e2 1D       		.byte	29
 768 02e3 20       		.byte	32
 769 02e4 40       		.byte	64
 770 02e5 04       		.byte	4
 771 02e6 43       		.byte	67
 772 02e7 80       		.byte	-128
 773 02e8 45       		.byte	69
 774 02e9 20       		.byte	32
 775 02ea 4F       		.byte	79
 776 02eb 88       		.byte	-120
 777 02ec 57       		.byte	87
 778 02ed C0       		.byte	-64
 779 02ee 77       		.byte	119
 780 02ef 80       		.byte	-128
 781 02f0 C0       		.byte	-64
 782 02f1 20       		.byte	32
 783 02f2 C2       		.byte	-62
 784 02f3 40       		.byte	64
 785 02f4 C4       		.byte	-60
 786 02f5 80       		.byte	-128
 787 02f6 D0       		.byte	-48
 788 02f7 2C       		.byte	44
 789 02f8 D2       		.byte	-46
 790 02f9 10       		.byte	16
 791 02fa 00       		.byte	0
 792 02fb 01       		.byte	1
 793 02fc 02       		.byte	2
 794 02fd 02       		.byte	2
 795 02fe 03       		.byte	3
 796 02ff 02       		.byte	2
 797 0300 04       		.byte	4
 798 0301 02       		.byte	2
ARM GAS  C:\Users\Reza\AppData\Local\Temp\ccii0W9z.s 			page 15


 799 0302 06       		.byte	6
 800 0303 01       		.byte	1
 801 0304 07       		.byte	7
 802 0305 01       		.byte	1
 803 0306 08       		.byte	8
 804 0307 03       		.byte	3
 805 0308 0B       		.byte	11
 806 0309 0C       		.byte	12
 807 030a 0E       		.byte	14
 808 030b 04       		.byte	4
 809 030c 0F       		.byte	15
 810 030d 18       		.byte	24
 811 030e 13       		.byte	19
 812 030f 14       		.byte	20
 813 0310 16       		.byte	22
 814 0311 04       		.byte	4
 815 0312 17       		.byte	23
 816 0313 08       		.byte	8
 817 0314 18       		.byte	24
 818 0315 03       		.byte	3
 819 0316 1F       		.byte	31
 820 0317 04       		.byte	4
 821 0318 27       		.byte	39
 822 0319 02       		.byte	2
 823 031a 29       		.byte	41
 824 031b 18       		.byte	24
 825 031c 2B       		.byte	43
 826 031d 04       		.byte	4
 827 031e 30       		.byte	48
 828 031f 04       		.byte	4
 829 0320 32       		.byte	50
 830 0321 03       		.byte	3
 831 0322 33       		.byte	51
 832 0323 1C       		.byte	28
 833 0324 35       		.byte	53
 834 0325 03       		.byte	3
 835 0326 3B       		.byte	59
 836 0327 08       		.byte	8
 837 0328 3E       		.byte	62
 838 0329 01       		.byte	1
 839 032a 3F       		.byte	63
 840 032b 10       		.byte	16
 841 032c 40       		.byte	64
 842 032d 46       		.byte	70
 843 032e 41       		.byte	65
 844 032f 05       		.byte	5
 845 0330 42       		.byte	66
 846 0331 03       		.byte	3
 847 0332 44       		.byte	68
 848 0333 02       		.byte	2
 849 0334 45       		.byte	69
 850 0335 C0       		.byte	-64
 851 0336 47       		.byte	71
 852 0337 E0       		.byte	-32
 853 0338 48       		.byte	72
 854 0339 22       		.byte	34
 855 033a 49       		.byte	73
ARM GAS  C:\Users\Reza\AppData\Local\Temp\ccii0W9z.s 			page 16


 856 033b FF       		.byte	-1
 857 033c 4A       		.byte	74
 858 033d FF       		.byte	-1
 859 033e 4B       		.byte	75
 860 033f FF       		.byte	-1
 861 0340 4C       		.byte	76
 862 0341 62       		.byte	98
 863 0342 4D       		.byte	77
 864 0343 A0       		.byte	-96
 865 0344 4E       		.byte	78
 866 0345 F0       		.byte	-16
 867 0346 4F       		.byte	79
 868 0347 41       		.byte	65
 869 0348 50       		.byte	80
 870 0349 0C       		.byte	12
 871 034a 58       		.byte	88
 872 034b 04       		.byte	4
 873 034c 59       		.byte	89
 874 034d 04       		.byte	4
 875 034e 5A       		.byte	90
 876 034f 04       		.byte	4
 877 0350 5C       		.byte	92
 878 0351 33       		.byte	51
 879 0352 5D       		.byte	93
 880 0353 03       		.byte	3
 881 0354 5F       		.byte	95
 882 0355 01       		.byte	1
 883 0356 66       		.byte	102
 884 0357 40       		.byte	64
 885 0358 67       		.byte	103
 886 0359 02       		.byte	2
 887 035a 69       		.byte	105
 888 035b 10       		.byte	16
 889 035c 6A       		.byte	106
 890 035d 30       		.byte	48
 891 035e 6B       		.byte	107
 892 035f 10       		.byte	16
 893 0360 6D       		.byte	109
 894 0361 10       		.byte	16
 895 0362 6E       		.byte	110
 896 0363 10       		.byte	16
 897 0364 6F       		.byte	111
 898 0365 12       		.byte	18
 899 0366 84       		.byte	-124
 900 0367 02       		.byte	2
 901 0368 89       		.byte	-119
 902 0369 0A       		.byte	10
 903 036a 8B       		.byte	-117
 904 036b 04       		.byte	4
 905 036c 8C       		.byte	-116
 906 036d 02       		.byte	2
 907 036e 8F       		.byte	-113
 908 036f 08       		.byte	8
 909 0370 91       		.byte	-111
 910 0371 03       		.byte	3
 911 0372 93       		.byte	-109
 912 0373 0C       		.byte	12
ARM GAS  C:\Users\Reza\AppData\Local\Temp\ccii0W9z.s 			page 17


 913 0374 96       		.byte	-106
 914 0375 02       		.byte	2
 915 0376 99       		.byte	-103
 916 0377 03       		.byte	3
 917 0378 9B       		.byte	-101
 918 0379 04       		.byte	4
 919 037a 9E       		.byte	-98
 920 037b 02       		.byte	2
 921 037c A0       		.byte	-96
 922 037d 01       		.byte	1
 923 037e A3       		.byte	-93
 924 037f 05       		.byte	5
 925 0380 A9       		.byte	-87
 926 0381 03       		.byte	3
 927 0382 AA       		.byte	-86
 928 0383 02       		.byte	2
 929 0384 AB       		.byte	-85
 930 0385 04       		.byte	4
 931 0386 B0       		.byte	-80
 932 0387 02       		.byte	2
 933 0388 B4       		.byte	-76
 934 0389 01       		.byte	1
 935 038a B7       		.byte	-73
 936 038b 0F       		.byte	15
 937 038c BB       		.byte	-69
 938 038d 80       		.byte	-128
 939 038e BE       		.byte	-66
 940 038f 11       		.byte	17
 941 0390 D4       		.byte	-44
 942 0391 01       		.byte	1
 943 0392 D6       		.byte	-42
 944 0393 04       		.byte	4
 945 0394 D8       		.byte	-40
 946 0395 04       		.byte	4
 947 0396 D9       		.byte	-39
 948 0397 04       		.byte	4
 949 0398 DB       		.byte	-37
 950 0399 04       		.byte	4
 951 039a DC       		.byte	-36
 952 039b 30       		.byte	48
 953 039c DD       		.byte	-35
 954 039d 30       		.byte	48
 955 039e DF       		.byte	-33
 956 039f 01       		.byte	1
 957 03a0 00       		.byte	0
 958 03a1 81       		.byte	-127
 959 03a2 01       		.byte	1
 960 03a3 08       		.byte	8
 961 03a4 02       		.byte	2
 962 03a5 08       		.byte	8
 963 03a6 06       		.byte	6
 964 03a7 10       		.byte	16
 965 03a8 07       		.byte	7
 966 03a9 01       		.byte	1
 967 03aa 09       		.byte	9
 968 03ab 1C       		.byte	28
 969 03ac 0C       		.byte	12
ARM GAS  C:\Users\Reza\AppData\Local\Temp\ccii0W9z.s 			page 18


 970 03ad 88       		.byte	-120
 971 03ae 0E       		.byte	14
 972 03af 20       		.byte	32
 973 03b0 0F       		.byte	15
 974 03b1 20       		.byte	32
 975 03b2 14       		.byte	20
 976 03b3 04       		.byte	4
 977 03b4 15       		.byte	21
 978 03b5 01       		.byte	1
 979 03b6 19       		.byte	25
 980 03b7 08       		.byte	8
 981 03b8 1B       		.byte	27
 982 03b9 09       		.byte	9
 983 03ba 1E       		.byte	30
 984 03bb 88       		.byte	-120
 985 03bc 20       		.byte	32
 986 03bd 04       		.byte	4
 987 03be 23       		.byte	35
 988 03bf 30       		.byte	48
 989 03c0 27       		.byte	39
 990 03c1 01       		.byte	1
 991 03c2 28       		.byte	40
 992 03c3 04       		.byte	4
 993 03c4 29       		.byte	41
 994 03c5 08       		.byte	8
 995 03c6 2C       		.byte	44
 996 03c7 88       		.byte	-120
 997 03c8 30       		.byte	48
 998 03c9 80       		.byte	-128
 999 03ca 31       		.byte	49
 1000 03cb 04       		.byte	4
 1001 03cc 33       		.byte	51
 1002 03cd 01       		.byte	1
 1003 03ce 37       		.byte	55
 1004 03cf 21       		.byte	33
 1005 03d0 38       		.byte	56
 1006 03d1 01       		.byte	1
 1007 03d2 39       		.byte	57
 1008 03d3 08       		.byte	8
 1009 03d4 3A       		.byte	58
 1010 03d5 10       		.byte	16
 1011 03d6 3B       		.byte	59
 1012 03d7 D0       		.byte	-48
 1013 03d8 3E       		.byte	62
 1014 03d9 10       		.byte	16
 1015 03da 3F       		.byte	63
 1016 03db 40       		.byte	64
 1017 03dc 40       		.byte	64
 1018 03dd 84       		.byte	-124
 1019 03de 41       		.byte	65
 1020 03df 08       		.byte	8
 1021 03e0 48       		.byte	72
 1022 03e1 40       		.byte	64
 1023 03e2 49       		.byte	73
 1024 03e3 60       		.byte	96
 1025 03e4 53       		.byte	83
 1026 03e5 01       		.byte	1
ARM GAS  C:\Users\Reza\AppData\Local\Temp\ccii0W9z.s 			page 19


 1027 03e6 5D       		.byte	93
 1028 03e7 01       		.byte	1
 1029 03e8 5E       		.byte	94
 1030 03e9 A8       		.byte	-88
 1031 03ea 65       		.byte	101
 1032 03eb 02       		.byte	2
 1033 03ec 85       		.byte	-123
 1034 03ed 09       		.byte	9
 1035 03ee 86       		.byte	-122
 1036 03ef 01       		.byte	1
 1037 03f0 89       		.byte	-119
 1038 03f1 02       		.byte	2
 1039 03f2 8C       		.byte	-116
 1040 03f3 01       		.byte	1
 1041 03f4 8D       		.byte	-115
 1042 03f5 40       		.byte	64
 1043 03f6 91       		.byte	-111
 1044 03f7 09       		.byte	9
 1045 03f8 92       		.byte	-110
 1046 03f9 11       		.byte	17
 1047 03fa 93       		.byte	-109
 1048 03fb 80       		.byte	-128
 1049 03fc 95       		.byte	-107
 1050 03fd 82       		.byte	-126
 1051 03fe 97       		.byte	-105
 1052 03ff 02       		.byte	2
 1053 0400 98       		.byte	-104
 1054 0401 84       		.byte	-124
 1055 0402 99       		.byte	-103
 1056 0403 64       		.byte	100
 1057 0404 9E       		.byte	-98
 1058 0405 10       		.byte	16
 1059 0406 9F       		.byte	-97
 1060 0407 01       		.byte	1
 1061 0408 A0       		.byte	-96
 1062 0409 80       		.byte	-128
 1063 040a A1       		.byte	-95
 1064 040b 14       		.byte	20
 1065 040c A2       		.byte	-94
 1066 040d 08       		.byte	8
 1067 040e A3       		.byte	-93
 1068 040f 10       		.byte	16
 1069 0410 A7       		.byte	-89
 1070 0411 09       		.byte	9
 1071 0412 A8       		.byte	-88
 1072 0413 88       		.byte	-120
 1073 0414 A9       		.byte	-87
 1074 0415 14       		.byte	20
 1075 0416 AE       		.byte	-82
 1076 0417 40       		.byte	64
 1077 0418 B5       		.byte	-75
 1078 0419 10       		.byte	16
 1079 041a C0       		.byte	-64
 1080 041b AF       		.byte	-81
 1081 041c C2       		.byte	-62
 1082 041d A6       		.byte	-90
 1083 041e C4       		.byte	-60
ARM GAS  C:\Users\Reza\AppData\Local\Temp\ccii0W9z.s 			page 20


 1084 041f 50       		.byte	80
 1085 0420 CA       		.byte	-54
 1086 0421 A6       		.byte	-90
 1087 0422 CC       		.byte	-52
 1088 0423 AB       		.byte	-85
 1089 0424 CE       		.byte	-50
 1090 0425 3F       		.byte	63
 1091 0426 D0       		.byte	-48
 1092 0427 07       		.byte	7
 1093 0428 D2       		.byte	-46
 1094 0429 0C       		.byte	12
 1095 042a D6       		.byte	-42
 1096 042b F0       		.byte	-16
 1097 042c D8       		.byte	-40
 1098 042d 80       		.byte	-128
 1099 042e E0       		.byte	-32
 1100 042f 08       		.byte	8
 1101 0430 E2       		.byte	-30
 1102 0431 80       		.byte	-128
 1103 0432 E4       		.byte	-28
 1104 0433 08       		.byte	8
 1105 0434 EA       		.byte	-22
 1106 0435 05       		.byte	5
 1107 0436 EC       		.byte	-20
 1108 0437 02       		.byte	2
 1109 0438 EE       		.byte	-18
 1110 0439 01       		.byte	1
 1111 043a 2E       		.byte	46
 1112 043b 01       		.byte	1
 1113 043c 30       		.byte	48
 1114 043d 01       		.byte	1
 1115 043e 40       		.byte	64
 1116 043f 41       		.byte	65
 1117 0440 41       		.byte	65
 1118 0441 03       		.byte	3
 1119 0442 45       		.byte	69
 1120 0443 E0       		.byte	-32
 1121 0444 46       		.byte	70
 1122 0445 CB       		.byte	-53
 1123 0446 48       		.byte	72
 1124 0447 0E       		.byte	14
 1125 0448 49       		.byte	73
 1126 0449 FF       		.byte	-1
 1127 044a 4A       		.byte	74
 1128 044b FF       		.byte	-1
 1129 044c 4B       		.byte	75
 1130 044d FF       		.byte	-1
 1131 044e 4E       		.byte	78
 1132 044f F0       		.byte	-16
 1133 0450 4F       		.byte	79
 1134 0451 44       		.byte	68
 1135 0452 50       		.byte	80
 1136 0453 0C       		.byte	12
 1137 0454 52       		.byte	82
 1138 0455 80       		.byte	-128
 1139 0456 58       		.byte	88
 1140 0457 04       		.byte	4
ARM GAS  C:\Users\Reza\AppData\Local\Temp\ccii0W9z.s 			page 21


 1141 0458 5A       		.byte	90
 1142 0459 04       		.byte	4
 1143 045a 5B       		.byte	91
 1144 045b 04       		.byte	4
 1145 045c 5C       		.byte	92
 1146 045d 02       		.byte	2
 1147 045e 5D       		.byte	93
 1148 045f 23       		.byte	35
 1149 0460 5F       		.byte	95
 1150 0461 01       		.byte	1
 1151 0462 66       		.byte	102
 1152 0463 C0       		.byte	-64
 1153 0464 6A       		.byte	106
 1154 0465 40       		.byte	64
 1155 0466 6B       		.byte	107
 1156 0467 02       		.byte	2
 1157 0468 80       		.byte	-128
 1158 0469 01       		.byte	1
 1159 046a 83       		.byte	-125
 1160 046b 01       		.byte	1
 1161 046c 84       		.byte	-124
 1162 046d 0C       		.byte	12
 1163 046e 85       		.byte	-123
 1164 046f 0E       		.byte	14
 1165 0470 87       		.byte	-121
 1166 0471 30       		.byte	48
 1167 0472 88       		.byte	-120
 1168 0473 02       		.byte	2
 1169 0474 8B       		.byte	-117
 1170 0475 01       		.byte	1
 1171 0476 8C       		.byte	-116
 1172 0477 0C       		.byte	12
 1173 0478 8D       		.byte	-115
 1174 0479 12       		.byte	18
 1175 047a 8F       		.byte	-113
 1176 047b 08       		.byte	8
 1177 047c 91       		.byte	-111
 1178 047d 38       		.byte	56
 1179 047e 92       		.byte	-110
 1180 047f 01       		.byte	1
 1181 0480 94       		.byte	-108
 1182 0481 08       		.byte	8
 1183 0482 95       		.byte	-107
 1184 0483 38       		.byte	56
 1185 0484 98       		.byte	-104
 1186 0485 10       		.byte	16
 1187 0486 9B       		.byte	-101
 1188 0487 06       		.byte	6
 1189 0488 9C       		.byte	-100
 1190 0489 01       		.byte	1
 1191 048a 9D       		.byte	-99
 1192 048b 06       		.byte	6
 1193 048c A1       		.byte	-95
 1194 048d 06       		.byte	6
 1195 048e A2       		.byte	-94
 1196 048f 04       		.byte	4
 1197 0490 A6       		.byte	-90
ARM GAS  C:\Users\Reza\AppData\Local\Temp\ccii0W9z.s 			page 22


 1198 0491 01       		.byte	1
 1199 0492 A7       		.byte	-89
 1200 0493 06       		.byte	6
 1201 0494 A8       		.byte	-88
 1202 0495 02       		.byte	2
 1203 0496 A9       		.byte	-87
 1204 0497 24       		.byte	36
 1205 0498 AB       		.byte	-85
 1206 0499 08       		.byte	8
 1207 049a AC       		.byte	-84
 1208 049b 02       		.byte	2
 1209 049c AF       		.byte	-81
 1210 049d 06       		.byte	6
 1211 049e B0       		.byte	-80
 1212 049f 0C       		.byte	12
 1213 04a0 B1       		.byte	-79
 1214 04a1 06       		.byte	6
 1215 04a2 B2       		.byte	-78
 1216 04a3 01       		.byte	1
 1217 04a4 B3       		.byte	-77
 1218 04a5 38       		.byte	56
 1219 04a6 B4       		.byte	-76
 1220 04a7 02       		.byte	2
 1221 04a8 B5       		.byte	-75
 1222 04a9 01       		.byte	1
 1223 04aa B6       		.byte	-74
 1224 04ab 10       		.byte	16
 1225 04ac B8       		.byte	-72
 1226 04ad 0A       		.byte	10
 1227 04ae BB       		.byte	-69
 1228 04af 80       		.byte	-128
 1229 04b0 BE       		.byte	-66
 1230 04b1 41       		.byte	65
 1231 04b2 BF       		.byte	-65
 1232 04b3 10       		.byte	16
 1233 04b4 C0       		.byte	-64
 1234 04b5 04       		.byte	4
 1235 04b6 C5       		.byte	-59
 1236 04b7 04       		.byte	4
 1237 04b8 C9       		.byte	-55
 1238 04b9 FF       		.byte	-1
 1239 04ba CA       		.byte	-54
 1240 04bb 07       		.byte	7
 1241 04bc CB       		.byte	-53
 1242 04bd FF       		.byte	-1
 1243 04be CC       		.byte	-52
 1244 04bf 40       		.byte	64
 1245 04c0 CD       		.byte	-51
 1246 04c1 20       		.byte	32
 1247 04c2 CE       		.byte	-50
 1248 04c3 F0       		.byte	-16
 1249 04c4 CF       		.byte	-49
 1250 04c5 05       		.byte	5
 1251 04c6 D0       		.byte	-48
 1252 04c7 08       		.byte	8
 1253 04c8 D4       		.byte	-44
 1254 04c9 18       		.byte	24
ARM GAS  C:\Users\Reza\AppData\Local\Temp\ccii0W9z.s 			page 23


 1255 04ca D8       		.byte	-40
 1256 04cb 04       		.byte	4
 1257 04cc D9       		.byte	-39
 1258 04cd 04       		.byte	4
 1259 04ce DA       		.byte	-38
 1260 04cf 04       		.byte	4
 1261 04d0 DB       		.byte	-37
 1262 04d1 04       		.byte	4
 1263 04d2 DC       		.byte	-36
 1264 04d3 33       		.byte	51
 1265 04d4 DD       		.byte	-35
 1266 04d5 33       		.byte	51
 1267 04d6 DF       		.byte	-33
 1268 04d7 01       		.byte	1
 1269 04d8 E0       		.byte	-32
 1270 04d9 40       		.byte	64
 1271 04da E1       		.byte	-31
 1272 04db A8       		.byte	-88
 1273 04dc E2       		.byte	-30
 1274 04dd 40       		.byte	64
 1275 04de E3       		.byte	-29
 1276 04df 20       		.byte	32
 1277 04e0 02       		.byte	2
 1278 04e1 98       		.byte	-104
 1279 04e2 03       		.byte	3
 1280 04e3 01       		.byte	1
 1281 04e4 05       		.byte	5
 1282 04e5 40       		.byte	64
 1283 04e6 07       		.byte	7
 1284 04e7 02       		.byte	2
 1285 04e8 08       		.byte	8
 1286 04e9 86       		.byte	-122
 1287 04ea 0A       		.byte	10
 1288 04eb 10       		.byte	16
 1289 04ec 0B       		.byte	11
 1290 04ed 08       		.byte	8
 1291 04ee 10       		.byte	16
 1292 04ef 98       		.byte	-104
 1293 04f0 12       		.byte	18
 1294 04f1 01       		.byte	1
 1295 04f2 13       		.byte	19
 1296 04f3 08       		.byte	8
 1297 04f4 17       		.byte	23
 1298 04f5 40       		.byte	64
 1299 04f6 18       		.byte	24
 1300 04f7 20       		.byte	32
 1301 04f8 19       		.byte	25
 1302 04f9 30       		.byte	48
 1303 04fa 1A       		.byte	26
 1304 04fb 41       		.byte	65
 1305 04fc 1E       		.byte	30
 1306 04fd 80       		.byte	-128
 1307 04fe 21       		.byte	33
 1308 04ff 04       		.byte	4
 1309 0500 22       		.byte	34
 1310 0501 81       		.byte	-127
 1311 0502 23       		.byte	35
ARM GAS  C:\Users\Reza\AppData\Local\Temp\ccii0W9z.s 			page 24


 1312 0503 26       		.byte	38
 1313 0504 28       		.byte	40
 1314 0505 92       		.byte	-110
 1315 0506 2B       		.byte	43
 1316 0507 08       		.byte	8
 1317 0508 30       		.byte	48
 1318 0509 08       		.byte	8
 1319 050a 31       		.byte	49
 1320 050b 51       		.byte	81
 1321 050c 38       		.byte	56
 1322 050d 20       		.byte	32
 1323 050e 39       		.byte	57
 1324 050f 88       		.byte	-120
 1325 0510 3B       		.byte	59
 1326 0511 02       		.byte	2
 1327 0512 42       		.byte	66
 1328 0513 40       		.byte	64
 1329 0514 45       		.byte	69
 1330 0515 80       		.byte	-128
 1331 0516 46       		.byte	70
 1332 0517 10       		.byte	16
 1333 0518 47       		.byte	71
 1334 0519 01       		.byte	1
 1335 051a 49       		.byte	73
 1336 051b 04       		.byte	4
 1337 051c 4D       		.byte	77
 1338 051d 01       		.byte	1
 1339 051e 50       		.byte	80
 1340 051f 80       		.byte	-128
 1341 0520 51       		.byte	81
 1342 0521 80       		.byte	-128
 1343 0522 57       		.byte	87
 1344 0523 90       		.byte	-112
 1345 0524 5A       		.byte	90
 1346 0525 02       		.byte	2
 1347 0526 63       		.byte	99
 1348 0527 06       		.byte	6
 1349 0528 77       		.byte	119
 1350 0529 40       		.byte	64
 1351 052a 81       		.byte	-127
 1352 052b 01       		.byte	1
 1353 052c 82       		.byte	-126
 1354 052d 08       		.byte	8
 1355 052e 84       		.byte	-124
 1356 052f 02       		.byte	2
 1357 0530 8B       		.byte	-117
 1358 0531 2A       		.byte	42
 1359 0532 8E       		.byte	-114
 1360 0533 01       		.byte	1
 1361 0534 92       		.byte	-110
 1362 0535 10       		.byte	16
 1363 0536 93       		.byte	-109
 1364 0537 88       		.byte	-120
 1365 0538 95       		.byte	-107
 1366 0539 02       		.byte	2
 1367 053a 9D       		.byte	-99
 1368 053b 04       		.byte	4
ARM GAS  C:\Users\Reza\AppData\Local\Temp\ccii0W9z.s 			page 25


 1369 053c 9E       		.byte	-98
 1370 053d 10       		.byte	16
 1371 053e 9F       		.byte	-97
 1372 053f 01       		.byte	1
 1373 0540 A4       		.byte	-92
 1374 0541 80       		.byte	-128
 1375 0542 A7       		.byte	-89
 1376 0543 80       		.byte	-128
 1377 0544 AD       		.byte	-83
 1378 0545 04       		.byte	4
 1379 0546 B5       		.byte	-75
 1380 0547 01       		.byte	1
 1381 0548 C0       		.byte	-64
 1382 0549 0F       		.byte	15
 1383 054a C2       		.byte	-62
 1384 054b 0F       		.byte	15
 1385 054c C4       		.byte	-60
 1386 054d 8F       		.byte	-113
 1387 054e CA       		.byte	-54
 1388 054f 0F       		.byte	15
 1389 0550 CC       		.byte	-52
 1390 0551 0F       		.byte	15
 1391 0552 CE       		.byte	-50
 1392 0553 0F       		.byte	15
 1393 0554 D0       		.byte	-48
 1394 0555 D1       		.byte	-47
 1395 0556 D6       		.byte	-42
 1396 0557 01       		.byte	1
 1397 0558 D8       		.byte	-40
 1398 0559 0C       		.byte	12
 1399 055a E2       		.byte	-30
 1400 055b 04       		.byte	4
 1401 055c E6       		.byte	-26
 1402 055d 02       		.byte	2
 1403 055e EA       		.byte	-22
 1404 055f 10       		.byte	16
 1405 0560 01       		.byte	1
 1406 0561 10       		.byte	16
 1407 0562 05       		.byte	5
 1408 0563 08       		.byte	8
 1409 0564 06       		.byte	6
 1410 0565 13       		.byte	19
 1411 0566 08       		.byte	8
 1412 0567 33       		.byte	51
 1413 0568 09       		.byte	9
 1414 0569 18       		.byte	24
 1415 056a 0A       		.byte	10
 1416 056b 0C       		.byte	12
 1417 056c 0C       		.byte	12
 1418 056d 2C       		.byte	44
 1419 056e 0D       		.byte	13
 1420 056f 3F       		.byte	63
 1421 0570 0E       		.byte	14
 1422 0571 13       		.byte	19
 1423 0572 10       		.byte	16
 1424 0573 03       		.byte	3
 1425 0574 11       		.byte	17
ARM GAS  C:\Users\Reza\AppData\Local\Temp\ccii0W9z.s 			page 26


 1426 0575 3C       		.byte	60
 1427 0576 13       		.byte	19
 1428 0577 02       		.byte	2
 1429 0578 14       		.byte	20
 1430 0579 01       		.byte	1
 1431 057a 15       		.byte	21
 1432 057b 27       		.byte	39
 1433 057c 17       		.byte	23
 1434 057d 18       		.byte	24
 1435 057e 18       		.byte	24
 1436 057f 3F       		.byte	63
 1437 0580 1B       		.byte	27
 1438 0581 04       		.byte	4
 1439 0582 1C       		.byte	28
 1440 0583 2F       		.byte	47
 1441 0584 1E       		.byte	30
 1442 0585 10       		.byte	16
 1443 0586 20       		.byte	32
 1444 0587 02       		.byte	2
 1445 0588 21       		.byte	33
 1446 0589 1C       		.byte	28
 1447 058a 23       		.byte	35
 1448 058b 21       		.byte	33
 1449 058c 24       		.byte	36
 1450 058d 04       		.byte	4
 1451 058e 27       		.byte	39
 1452 058f 23       		.byte	35
 1453 0590 28       		.byte	40
 1454 0591 0C       		.byte	12
 1455 0592 29       		.byte	41
 1456 0593 04       		.byte	4
 1457 0594 2B       		.byte	43
 1458 0595 40       		.byte	64
 1459 0596 2C       		.byte	44
 1460 0597 08       		.byte	8
 1461 0598 32       		.byte	50
 1462 0599 0F       		.byte	15
 1463 059a 33       		.byte	51
 1464 059b 38       		.byte	56
 1465 059c 34       		.byte	52
 1466 059d 20       		.byte	32
 1467 059e 35       		.byte	53
 1468 059f 40       		.byte	64
 1469 05a0 36       		.byte	54
 1470 05a1 1C       		.byte	28
 1471 05a2 37       		.byte	55
 1472 05a3 1F       		.byte	31
 1473 05a4 3A       		.byte	58
 1474 05a5 88       		.byte	-120
 1475 05a6 3B       		.byte	59
 1476 05a7 80       		.byte	-128
 1477 05a8 3E       		.byte	62
 1478 05a9 10       		.byte	16
 1479 05aa 40       		.byte	64
 1480 05ab 10       		.byte	16
 1481 05ac 41       		.byte	65
 1482 05ad 06       		.byte	6
ARM GAS  C:\Users\Reza\AppData\Local\Temp\ccii0W9z.s 			page 27


 1483 05ae 49       		.byte	73
 1484 05af FF       		.byte	-1
 1485 05b0 4A       		.byte	74
 1486 05b1 FF       		.byte	-1
 1487 05b2 4B       		.byte	75
 1488 05b3 FF       		.byte	-1
 1489 05b4 4D       		.byte	77
 1490 05b5 A0       		.byte	-96
 1491 05b6 4F       		.byte	79
 1492 05b7 04       		.byte	4
 1493 05b8 50       		.byte	80
 1494 05b9 18       		.byte	24
 1495 05ba 56       		.byte	86
 1496 05bb 02       		.byte	2
 1497 05bc 57       		.byte	87
 1498 05bd 12       		.byte	18
 1499 05be 58       		.byte	88
 1500 05bf 04       		.byte	4
 1501 05c0 59       		.byte	89
 1502 05c1 04       		.byte	4
 1503 05c2 5A       		.byte	90
 1504 05c3 04       		.byte	4
 1505 05c4 5B       		.byte	91
 1506 05c5 04       		.byte	4
 1507 05c6 5C       		.byte	92
 1508 05c7 33       		.byte	51
 1509 05c8 5D       		.byte	93
 1510 05c9 32       		.byte	50
 1511 05ca 5F       		.byte	95
 1512 05cb 01       		.byte	1
 1513 05cc 60       		.byte	96
 1514 05cd 40       		.byte	64
 1515 05ce 62       		.byte	98
 1516 05cf C0       		.byte	-64
 1517 05d0 64       		.byte	100
 1518 05d1 40       		.byte	64
 1519 05d2 65       		.byte	101
 1520 05d3 40       		.byte	64
 1521 05d4 66       		.byte	102
 1522 05d5 C0       		.byte	-64
 1523 05d6 68       		.byte	104
 1524 05d7 C0       		.byte	-64
 1525 05d8 6A       		.byte	106
 1526 05d9 C0       		.byte	-64
 1527 05da 6C       		.byte	108
 1528 05db C0       		.byte	-64
 1529 05dc 6E       		.byte	110
 1530 05dd C0       		.byte	-64
 1531 05de C0       		.byte	-64
 1532 05df 10       		.byte	16
 1533 05e0 C1       		.byte	-63
 1534 05e1 06       		.byte	6
 1535 05e2 C5       		.byte	-59
 1536 05e3 10       		.byte	16
 1537 05e4 C7       		.byte	-57
 1538 05e5 02       		.byte	2
 1539 05e6 C8       		.byte	-56
ARM GAS  C:\Users\Reza\AppData\Local\Temp\ccii0W9z.s 			page 28


 1540 05e7 12       		.byte	18
 1541 05e8 C9       		.byte	-55
 1542 05e9 FF       		.byte	-1
 1543 05ea CA       		.byte	-54
 1544 05eb FF       		.byte	-1
 1545 05ec CB       		.byte	-53
 1546 05ed FF       		.byte	-1
 1547 05ee CD       		.byte	-51
 1548 05ef AF       		.byte	-81
 1549 05f0 CE       		.byte	-50
 1550 05f1 0F       		.byte	15
 1551 05f2 CF       		.byte	-49
 1552 05f3 04       		.byte	4
 1553 05f4 D0       		.byte	-48
 1554 05f5 18       		.byte	24
 1555 05f6 DA       		.byte	-38
 1556 05f7 04       		.byte	4
 1557 05f8 DB       		.byte	-37
 1558 05f9 04       		.byte	4
 1559 05fa DD       		.byte	-35
 1560 05fb 02       		.byte	2
 1561 05fc DF       		.byte	-33
 1562 05fd 01       		.byte	1
 1563 05fe E0       		.byte	-32
 1564 05ff 40       		.byte	64
 1565 0600 E2       		.byte	-30
 1566 0601 C0       		.byte	-64
 1567 0602 E4       		.byte	-28
 1568 0603 40       		.byte	64
 1569 0604 E5       		.byte	-27
 1570 0605 40       		.byte	64
 1571 0606 E6       		.byte	-26
 1572 0607 C0       		.byte	-64
 1573 0608 E8       		.byte	-24
 1574 0609 C0       		.byte	-64
 1575 060a EA       		.byte	-22
 1576 060b C0       		.byte	-64
 1577 060c EC       		.byte	-20
 1578 060d C0       		.byte	-64
 1579 060e EE       		.byte	-18
 1580 060f C0       		.byte	-64
 1581 0610 04       		.byte	4
 1582 0611 10       		.byte	16
 1583 0612 05       		.byte	5
 1584 0613 08       		.byte	8
 1585 0614 07       		.byte	7
 1586 0615 02       		.byte	2
 1587 0616 0C       		.byte	12
 1588 0617 99       		.byte	-103
 1589 0618 0E       		.byte	14
 1590 0619 02       		.byte	2
 1591 061a 14       		.byte	20
 1592 061b 40       		.byte	64
 1593 061c 15       		.byte	21
 1594 061d 10       		.byte	16
 1595 061e 16       		.byte	22
 1596 061f 01       		.byte	1
ARM GAS  C:\Users\Reza\AppData\Local\Temp\ccii0W9z.s 			page 29


 1597 0620 17       		.byte	23
 1598 0621 28       		.byte	40
 1599 0622 1C       		.byte	28
 1600 0623 10       		.byte	16
 1601 0624 1D       		.byte	29
 1602 0625 04       		.byte	4
 1603 0626 1E       		.byte	30
 1604 0627 0A       		.byte	10
 1605 0628 26       		.byte	38
 1606 0629 10       		.byte	16
 1607 062a 27       		.byte	39
 1608 062b 12       		.byte	18
 1609 062c 2C       		.byte	44
 1610 062d 88       		.byte	-120
 1611 062e 2D       		.byte	45
 1612 062f 08       		.byte	8
 1613 0630 35       		.byte	53
 1614 0631 04       		.byte	4
 1615 0632 36       		.byte	54
 1616 0633 10       		.byte	16
 1617 0634 37       		.byte	55
 1618 0635 02       		.byte	2
 1619 0636 3D       		.byte	61
 1620 0637 10       		.byte	16
 1621 0638 3E       		.byte	62
 1622 0639 0A       		.byte	10
 1623 063a 3F       		.byte	63
 1624 063b 40       		.byte	64
 1625 063c 40       		.byte	64
 1626 063d 02       		.byte	2
 1627 063e 44       		.byte	68
 1628 063f 02       		.byte	2
 1629 0640 49       		.byte	73
 1630 0641 02       		.byte	2
 1631 0642 4A       		.byte	74
 1632 0643 08       		.byte	8
 1633 0644 4E       		.byte	78
 1634 0645 08       		.byte	8
 1635 0646 52       		.byte	82
 1636 0647 08       		.byte	8
 1637 0648 5E       		.byte	94
 1638 0649 08       		.byte	8
 1639 064a 68       		.byte	104
 1640 064b 55       		.byte	85
 1641 064c 6D       		.byte	109
 1642 064d 08       		.byte	8
 1643 064e 6F       		.byte	111
 1644 064f 06       		.byte	6
 1645 0650 70       		.byte	112
 1646 0651 05       		.byte	5
 1647 0652 71       		.byte	113
 1648 0653 A0       		.byte	-96
 1649 0654 76       		.byte	118
 1650 0655 0B       		.byte	11
 1651 0656 77       		.byte	119
 1652 0657 28       		.byte	40
 1653 0658 80       		.byte	-128
ARM GAS  C:\Users\Reza\AppData\Local\Temp\ccii0W9z.s 			page 30


 1654 0659 05       		.byte	5
 1655 065a 81       		.byte	-127
 1656 065b 04       		.byte	4
 1657 065c 84       		.byte	-124
 1658 065d 01       		.byte	1
 1659 065e 87       		.byte	-121
 1660 065f 02       		.byte	2
 1661 0660 88       		.byte	-120
 1662 0661 91       		.byte	-111
 1663 0662 8B       		.byte	-117
 1664 0663 40       		.byte	64
 1665 0664 8D       		.byte	-115
 1666 0665 80       		.byte	-128
 1667 0666 8F       		.byte	-113
 1668 0667 02       		.byte	2
 1669 0668 9C       		.byte	-100
 1670 0669 02       		.byte	2
 1671 066a 9D       		.byte	-99
 1672 066b 02       		.byte	2
 1673 066c C0       		.byte	-64
 1674 066d E0       		.byte	-32
 1675 066e C2       		.byte	-62
 1676 066f F0       		.byte	-16
 1677 0670 C4       		.byte	-60
 1678 0671 F0       		.byte	-16
 1679 0672 CA       		.byte	-54
 1680 0673 E0       		.byte	-32
 1681 0674 CC       		.byte	-52
 1682 0675 E0       		.byte	-32
 1683 0676 CE       		.byte	-50
 1684 0677 F0       		.byte	-16
 1685 0678 D0       		.byte	-48
 1686 0679 18       		.byte	24
 1687 067a D2       		.byte	-46
 1688 067b 24       		.byte	36
 1689 067c D6       		.byte	-42
 1690 067d 40       		.byte	64
 1691 067e E0       		.byte	-32
 1692 067f 20       		.byte	32
 1693 0680 E4       		.byte	-28
 1694 0681 2D       		.byte	45
 1695 0682 E6       		.byte	-26
 1696 0683 C0       		.byte	-64
 1697 0684 84       		.byte	-124
 1698 0685 40       		.byte	64
 1699 0686 8C       		.byte	-116
 1700 0687 08       		.byte	8
 1701 0688 9C       		.byte	-100
 1702 0689 40       		.byte	64
 1703 068a A4       		.byte	-92
 1704 068b 08       		.byte	8
 1705 068c A8       		.byte	-88
 1706 068d 10       		.byte	16
 1707 068e AB       		.byte	-85
 1708 068f 14       		.byte	20
 1709 0690 AC       		.byte	-84
 1710 0691 02       		.byte	2
ARM GAS  C:\Users\Reza\AppData\Local\Temp\ccii0W9z.s 			page 31


 1711 0692 AD       		.byte	-83
 1712 0693 20       		.byte	32
 1713 0694 B0       		.byte	-80
 1714 0695 54       		.byte	84
 1715 0696 B5       		.byte	-75
 1716 0697 08       		.byte	8
 1717 0698 E0       		.byte	-32
 1718 0699 08       		.byte	8
 1719 069a E6       		.byte	-26
 1720 069b 10       		.byte	16
 1721 069c E8       		.byte	-24
 1722 069d 48       		.byte	72
 1723 069e 31       		.byte	49
 1724 069f 40       		.byte	64
 1725 06a0 34       		.byte	52
 1726 06a1 40       		.byte	64
 1727 06a2 CC       		.byte	-52
 1728 06a3 30       		.byte	48
 1729 06a4 07       		.byte	7
 1730 06a5 04       		.byte	4
 1731 06a6 0B       		.byte	11
 1732 06a7 10       		.byte	16
 1733 06a8 0D       		.byte	13
 1734 06a9 01       		.byte	1
 1735 06aa 9C       		.byte	-100
 1736 06ab 40       		.byte	64
 1737 06ac 9D       		.byte	-99
 1738 06ad 40       		.byte	64
 1739 06ae C0       		.byte	-64
 1740 06af 80       		.byte	-128
 1741 06b0 C2       		.byte	-62
 1742 06b1 30       		.byte	48
 1743 06b2 13       		.byte	19
 1744 06b3 08       		.byte	8
 1745 06b4 52       		.byte	82
 1746 06b5 20       		.byte	32
 1747 06b6 5B       		.byte	91
 1748 06b7 08       		.byte	8
 1749 06b8 91       		.byte	-111
 1750 06b9 02       		.byte	2
 1751 06ba 9C       		.byte	-100
 1752 06bb 40       		.byte	64
 1753 06bc 9D       		.byte	-99
 1754 06bd 40       		.byte	64
 1755 06be B3       		.byte	-77
 1756 06bf 10       		.byte	16
 1757 06c0 B7       		.byte	-73
 1758 06c1 04       		.byte	4
 1759 06c2 C4       		.byte	-60
 1760 06c3 10       		.byte	16
 1761 06c4 D4       		.byte	-44
 1762 06c5 20       		.byte	32
 1763 06c6 D6       		.byte	-42
 1764 06c7 40       		.byte	64
 1765 06c8 6B       		.byte	107
 1766 06c9 80       		.byte	-128
 1767 06ca 83       		.byte	-125
ARM GAS  C:\Users\Reza\AppData\Local\Temp\ccii0W9z.s 			page 32


 1768 06cb 80       		.byte	-128
 1769 06cc 84       		.byte	-124
 1770 06cd 40       		.byte	64
 1771 06ce 91       		.byte	-111
 1772 06cf 02       		.byte	2
 1773 06d0 9C       		.byte	-100
 1774 06d1 40       		.byte	64
 1775 06d2 9D       		.byte	-99
 1776 06d3 40       		.byte	64
 1777 06d4 A6       		.byte	-90
 1778 06d5 20       		.byte	32
 1779 06d6 DC       		.byte	-36
 1780 06d7 20       		.byte	32
 1781 06d8 E2       		.byte	-30
 1782 06d9 80       		.byte	-128
 1783 06da E6       		.byte	-26
 1784 06db 10       		.byte	16
 1785 06dc 52       		.byte	82
 1786 06dd 80       		.byte	-128
 1787 06de 57       		.byte	87
 1788 06df 0A       		.byte	10
 1789 06e0 63       		.byte	99
 1790 06e1 02       		.byte	2
 1791 06e2 64       		.byte	100
 1792 06e3 04       		.byte	4
 1793 06e4 8A       		.byte	-118
 1794 06e5 80       		.byte	-128
 1795 06e6 98       		.byte	-104
 1796 06e7 04       		.byte	4
 1797 06e8 B0       		.byte	-80
 1798 06e9 04       		.byte	4
 1799 06ea D4       		.byte	-44
 1800 06eb 06       		.byte	6
 1801 06ec D6       		.byte	-42
 1802 06ed 06       		.byte	6
 1803 06ee D8       		.byte	-40
 1804 06ef 01       		.byte	1
 1805 06f0 E0       		.byte	-32
 1806 06f1 01       		.byte	1
 1807 06f2 EC       		.byte	-20
 1808 06f3 01       		.byte	1
 1809 06f4 AB       		.byte	-85
 1810 06f5 08       		.byte	8
 1811 06f6 AF       		.byte	-81
 1812 06f7 03       		.byte	3
 1813 06f8 9D       		.byte	-99
 1814 06f9 40       		.byte	64
 1815 06fa AD       		.byte	-83
 1816 06fb 01       		.byte	1
 1817 06fc B6       		.byte	-74
 1818 06fd 20       		.byte	32
 1819 06fe EC       		.byte	-20
 1820 06ff 40       		.byte	64
 1821 0700 03       		.byte	3
 1822 0701 08       		.byte	8
 1823 0702 87       		.byte	-121
 1824 0703 08       		.byte	8
ARM GAS  C:\Users\Reza\AppData\Local\Temp\ccii0W9z.s 			page 33


 1825 0704 89       		.byte	-119
 1826 0705 40       		.byte	64
 1827 0706 9D       		.byte	-99
 1828 0707 40       		.byte	64
 1829 0708 C0       		.byte	-64
 1830 0709 40       		.byte	64
 1831 070a E4       		.byte	-28
 1832 070b 40       		.byte	64
 1833 070c 52       		.byte	82
 1834 070d 20       		.byte	32
 1835 070e 53       		.byte	83
 1836 070f 02       		.byte	2
 1837 0710 56       		.byte	86
 1838 0711 10       		.byte	16
 1839 0712 57       		.byte	87
 1840 0713 01       		.byte	1
 1841 0714 58       		.byte	88
 1842 0715 02       		.byte	2
 1843 0716 5E       		.byte	94
 1844 0717 01       		.byte	1
 1845 0718 63       		.byte	99
 1846 0719 20       		.byte	32
 1847 071a 64       		.byte	100
 1848 071b 08       		.byte	8
 1849 071c 80       		.byte	-128
 1850 071d 0A       		.byte	10
 1851 071e 87       		.byte	-121
 1852 071f 01       		.byte	1
 1853 0720 8F       		.byte	-113
 1854 0721 10       		.byte	16
 1855 0722 D4       		.byte	-44
 1856 0723 07       		.byte	7
 1857 0724 D6       		.byte	-42
 1858 0725 07       		.byte	7
 1859 0726 D8       		.byte	-40
 1860 0727 03       		.byte	3
 1861 0728 E0       		.byte	-32
 1862 0729 08       		.byte	8
 1863 072a 10       		.byte	16
 1864 072b 20       		.byte	32
 1865 072c 74       		.byte	116
 1866 072d 02       		.byte	2
 1867 072e 84       		.byte	-124
 1868 072f 02       		.byte	2
 1869 0730 8C       		.byte	-116
 1870 0731 20       		.byte	32
 1871 0732 AE       		.byte	-82
 1872 0733 01       		.byte	1
 1873 0734 B2       		.byte	-78
 1874 0735 30       		.byte	48
 1875 0736 B3       		.byte	-77
 1876 0737 02       		.byte	2
 1877 0738 C4       		.byte	-60
 1878 0739 08       		.byte	8
 1879 073a DE       		.byte	-34
 1880 073b 04       		.byte	4
 1881 073c E6       		.byte	-26
ARM GAS  C:\Users\Reza\AppData\Local\Temp\ccii0W9z.s 			page 34


 1882 073d 08       		.byte	8
 1883 073e E8       		.byte	-24
 1884 073f 04       		.byte	4
 1885 0740 EC       		.byte	-20
 1886 0741 05       		.byte	5
 1887 0742 00       		.byte	0
 1888 0743 0D       		.byte	13
 1889 0744 0A       		.byte	10
 1890 0745 09       		.byte	9
 1891 0746 0E       		.byte	14
 1892 0747 04       		.byte	4
 1893 0748 10       		.byte	16
 1894 0749 0C       		.byte	12
 1895 074a 1A       		.byte	26
 1896 074b 0C       		.byte	12
 1897 074c 1C       		.byte	28
 1898 074d 0C       		.byte	12
 1899 074e 00       		.byte	0
 1900 074f 0F       		.byte	15
 1901 0750 80       		.byte	-128
 1902 0751 81       		.byte	-127
 1903 0752 00       		.byte	0
 1904 0753 00       		.byte	0
 1905 0754 40       		.byte	64
 1906 0755 00       		.byte	0
 1907 0756 00       		.byte	0
 1908 0757 00       		.byte	0
 1909 0758 38       		.byte	56
 1910 0759 C0       		.byte	-64
 1911 075a C0       		.byte	-64
 1912 075b 00       		.byte	0
 1913 075c 00       		.byte	0
 1914 075d 00       		.byte	0
 1915 075e 00       		.byte	0
 1916 075f 00       		.byte	0
 1917 0760 80       		.byte	-128
 1918 0761 00       		.byte	0
 1919 0762 40       		.byte	64
 1920 0763 83       		.byte	-125
 1921 0764 83       		.byte	-125
 1922 0765 00       		.byte	0
 1923 0766 81       		.byte	-127
 1924 0767 00       		.byte	0
 1925 0768 00       		.byte	0
 1926 0769 00       		.byte	0
 1927 076a 00       		.byte	0
 1928 076b 00       		.byte	0
 1929 076c 00       		.byte	0
 1930 076d FF       		.byte	-1
 1931 076e FF       		.byte	-1
 1932 076f 00       		.byte	0
 1933 0770 FF       		.byte	-1
 1934 0771 00       		.byte	0
 1935 0772 00       		.byte	0
 1936 0773 00       		.byte	0
 1937 0774 00       		.byte	0
 1938 0775 3F       		.byte	63
ARM GAS  C:\Users\Reza\AppData\Local\Temp\ccii0W9z.s 			page 35


 1939 0776 3F       		.byte	63
 1940 0777 00       		.byte	0
 1941 0778 3E       		.byte	62
 1942 0779 00       		.byte	0
 1943 077a 00       		.byte	0
 1944 077b 00       		.byte	0
 1945 077c 04       		.byte	4
 1946 077d 20       		.byte	32
 1947 077e 20       		.byte	32
 1948 077f 00       		.byte	0
 1949 0780 00       		.byte	0
 1950 0781 00       		.byte	0
 1951 0782 00       		.byte	0
 1952 0783 00       		.byte	0
 1953              		.section	.cywolatch,"a",%progbits
 1954              		.align	2
 1955              		.type	cy_meta_wonvl, %object
 1956              		.size	cy_meta_wonvl, 4
 1957              	cy_meta_wonvl:
 1958 0000 BC       		.byte	-68
 1959 0001 90       		.byte	-112
 1960 0002 AC       		.byte	-84
 1961 0003 AF       		.byte	-81
 1962              		.section	.cycustnvl,"a",%progbits
 1963              		.align	2
 1964              		.type	cy_meta_custnvl, %object
 1965              		.size	cy_meta_custnvl, 4
 1966              	cy_meta_custnvl:
 1967 0000 00       		.byte	0
 1968 0001 00       		.byte	0
 1969 0002 40       		.byte	64
 1970 0003 07       		.byte	7
 1971              		.section	.cymeta,"a",%progbits
 1972              		.align	2
 1973              		.type	cy_metadata, %object
 1974              		.size	cy_metadata, 12
 1975              	cy_metadata:
 1976 0000 00       		.byte	0
 1977 0001 01       		.byte	1
 1978 0002 2E       		.byte	46
 1979 0003 16       		.byte	22
 1980 0004 10       		.byte	16
 1981 0005 69       		.byte	105
 1982 0006 00       		.byte	0
 1983 0007 01       		.byte	1
 1984 0008 00       		.byte	0
 1985 0009 00       		.byte	0
 1986 000a 00       		.byte	0
 1987 000b 00       		.byte	0
 1988              		.section	.cyflashprotect,"a",%progbits
 1989              		.align	2
 1990              		.type	cy_meta_flashprotect, %object
 1991              		.size	cy_meta_flashprotect, 256
 1992              	cy_meta_flashprotect:
 1993 0000 00000000 		.space	256
 1993      00000000 
 1993      00000000 
ARM GAS  C:\Users\Reza\AppData\Local\Temp\ccii0W9z.s 			page 36


 1993      00000000 
 1993      00000000 
 1994              		.text
 1995              	.Letext0:
 1996              		.file 1 "c:\\program files (x86)\\cypress\\psoc creator\\4.2\\psoc creator\\import\\gnu\\arm\\5.4.
 1997              		.file 2 "c:\\program files (x86)\\cypress\\psoc creator\\4.2\\psoc creator\\import\\gnu\\arm\\5.4.
 1998              		.file 3 "Generated_Source\\PSoC5\\cymetadata.c"
 1999              		.section	.debug_info,"",%progbits
 2000              	.Ldebug_info0:
 2001 0000 35010000 		.4byte	0x135
 2002 0004 0400     		.2byte	0x4
 2003 0006 00000000 		.4byte	.Ldebug_abbrev0
 2004 000a 04       		.byte	0x4
 2005 000b 01       		.uleb128 0x1
 2006 000c 24000000 		.4byte	.LASF17
 2007 0010 0C       		.byte	0xc
 2008 0011 28020000 		.4byte	.LASF18
 2009 0015 72010000 		.4byte	.LASF19
 2010 0019 00000000 		.4byte	.Ldebug_line0
 2011 001d 02       		.uleb128 0x2
 2012 001e 01       		.byte	0x1
 2013 001f 06       		.byte	0x6
 2014 0020 1C020000 		.4byte	.LASF0
 2015 0024 03       		.uleb128 0x3
 2016 0025 00000000 		.4byte	.LASF9
 2017 0029 01       		.byte	0x1
 2018 002a 1D       		.byte	0x1d
 2019 002b 2F000000 		.4byte	0x2f
 2020 002f 02       		.uleb128 0x2
 2021 0030 01       		.byte	0x1
 2022 0031 08       		.byte	0x8
 2023 0032 16000000 		.4byte	.LASF1
 2024 0036 02       		.uleb128 0x2
 2025 0037 02       		.byte	0x2
 2026 0038 05       		.byte	0x5
 2027 0039 5F010000 		.4byte	.LASF2
 2028 003d 02       		.uleb128 0x2
 2029 003e 02       		.byte	0x2
 2030 003f 07       		.byte	0x7
 2031 0040 C4000000 		.4byte	.LASF3
 2032 0044 02       		.uleb128 0x2
 2033 0045 04       		.byte	0x4
 2034 0046 05       		.byte	0x5
 2035 0047 69010000 		.4byte	.LASF4
 2036 004b 02       		.uleb128 0x2
 2037 004c 04       		.byte	0x4
 2038 004d 07       		.byte	0x7
 2039 004e B2000000 		.4byte	.LASF5
 2040 0052 02       		.uleb128 0x2
 2041 0053 08       		.byte	0x8
 2042 0054 05       		.byte	0x5
 2043 0055 51010000 		.4byte	.LASF6
 2044 0059 02       		.uleb128 0x2
 2045 005a 08       		.byte	0x8
 2046 005b 07       		.byte	0x7
 2047 005c 06010000 		.4byte	.LASF7
 2048 0060 04       		.uleb128 0x4
ARM GAS  C:\Users\Reza\AppData\Local\Temp\ccii0W9z.s 			page 37


 2049 0061 04       		.byte	0x4
 2050 0062 05       		.byte	0x5
 2051 0063 696E7400 		.ascii	"int\000"
 2052 0067 02       		.uleb128 0x2
 2053 0068 04       		.byte	0x4
 2054 0069 07       		.byte	0x7
 2055 006a F9000000 		.4byte	.LASF8
 2056 006e 03       		.uleb128 0x3
 2057 006f 1D010000 		.4byte	.LASF10
 2058 0073 02       		.byte	0x2
 2059 0074 18       		.byte	0x18
 2060 0075 24000000 		.4byte	0x24
 2061 0079 05       		.uleb128 0x5
 2062 007a 91000000 		.4byte	0x91
 2063 007e 8A000000 		.4byte	0x8a
 2064 0082 06       		.uleb128 0x6
 2065 0083 8A000000 		.4byte	0x8a
 2066 0087 8307     		.2byte	0x783
 2067 0089 00       		.byte	0
 2068 008a 02       		.uleb128 0x2
 2069 008b 04       		.byte	0x4
 2070 008c 07       		.byte	0x7
 2071 008d 48010000 		.4byte	.LASF11
 2072 0091 07       		.uleb128 0x7
 2073 0092 6E000000 		.4byte	0x6e
 2074 0096 08       		.uleb128 0x8
 2075 0097 E7000000 		.4byte	.LASF12
 2076 009b 03       		.byte	0x3
 2077 009c 1F       		.byte	0x1f
 2078 009d A7000000 		.4byte	0xa7
 2079 00a1 05       		.uleb128 0x5
 2080 00a2 03       		.byte	0x3
 2081 00a3 00000000 		.4byte	cy_meta_configecc
 2082 00a7 07       		.uleb128 0x7
 2083 00a8 79000000 		.4byte	0x79
 2084 00ac 05       		.uleb128 0x5
 2085 00ad 91000000 		.4byte	0x91
 2086 00b1 BC000000 		.4byte	0xbc
 2087 00b5 09       		.uleb128 0x9
 2088 00b6 8A000000 		.4byte	0x8a
 2089 00ba 03       		.byte	0x3
 2090 00bb 00       		.byte	0
 2091 00bc 0A       		.uleb128 0xa
 2092 00bd D7000000 		.4byte	.LASF13
 2093 00c1 03       		.byte	0x3
 2094 00c2 1D01     		.2byte	0x11d
 2095 00c4 CE000000 		.4byte	0xce
 2096 00c8 05       		.uleb128 0x5
 2097 00c9 03       		.byte	0x3
 2098 00ca 00000000 		.4byte	cy_meta_custnvl
 2099 00ce 07       		.uleb128 0x7
 2100 00cf AC000000 		.4byte	0xac
 2101 00d3 0A       		.uleb128 0xa
 2102 00d4 3A010000 		.4byte	.LASF14
 2103 00d8 03       		.byte	0x3
 2104 00d9 2B01     		.2byte	0x12b
 2105 00db E5000000 		.4byte	0xe5
ARM GAS  C:\Users\Reza\AppData\Local\Temp\ccii0W9z.s 			page 38


 2106 00df 05       		.uleb128 0x5
 2107 00e0 03       		.byte	0x3
 2108 00e1 00000000 		.4byte	cy_meta_wonvl
 2109 00e5 07       		.uleb128 0x7
 2110 00e6 AC000000 		.4byte	0xac
 2111 00ea 05       		.uleb128 0x5
 2112 00eb 91000000 		.4byte	0x91
 2113 00ef FA000000 		.4byte	0xfa
 2114 00f3 09       		.uleb128 0x9
 2115 00f4 8A000000 		.4byte	0x8a
 2116 00f8 FF       		.byte	0xff
 2117 00f9 00       		.byte	0
 2118 00fa 0A       		.uleb128 0xa
 2119 00fb 25010000 		.4byte	.LASF15
 2120 00ff 03       		.byte	0x3
 2121 0100 3901     		.2byte	0x139
 2122 0102 0C010000 		.4byte	0x10c
 2123 0106 05       		.uleb128 0x5
 2124 0107 03       		.byte	0x3
 2125 0108 00000000 		.4byte	cy_meta_flashprotect
 2126 010c 07       		.uleb128 0x7
 2127 010d EA000000 		.4byte	0xea
 2128 0111 05       		.uleb128 0x5
 2129 0112 91000000 		.4byte	0x91
 2130 0116 21010000 		.4byte	0x121
 2131 011a 09       		.uleb128 0x9
 2132 011b 8A000000 		.4byte	0x8a
 2133 011f 0B       		.byte	0xb
 2134 0120 00       		.byte	0
 2135 0121 0A       		.uleb128 0xa
 2136 0122 0A000000 		.4byte	.LASF16
 2137 0126 03       		.byte	0x3
 2138 0127 6601     		.2byte	0x166
 2139 0129 33010000 		.4byte	0x133
 2140 012d 05       		.uleb128 0x5
 2141 012e 03       		.byte	0x3
 2142 012f 00000000 		.4byte	cy_metadata
 2143 0133 07       		.uleb128 0x7
 2144 0134 11010000 		.4byte	0x111
 2145 0138 00       		.byte	0
 2146              		.section	.debug_abbrev,"",%progbits
 2147              	.Ldebug_abbrev0:
 2148 0000 01       		.uleb128 0x1
 2149 0001 11       		.uleb128 0x11
 2150 0002 01       		.byte	0x1
 2151 0003 25       		.uleb128 0x25
 2152 0004 0E       		.uleb128 0xe
 2153 0005 13       		.uleb128 0x13
 2154 0006 0B       		.uleb128 0xb
 2155 0007 03       		.uleb128 0x3
 2156 0008 0E       		.uleb128 0xe
 2157 0009 1B       		.uleb128 0x1b
 2158 000a 0E       		.uleb128 0xe
 2159 000b 10       		.uleb128 0x10
 2160 000c 17       		.uleb128 0x17
 2161 000d 00       		.byte	0
 2162 000e 00       		.byte	0
ARM GAS  C:\Users\Reza\AppData\Local\Temp\ccii0W9z.s 			page 39


 2163 000f 02       		.uleb128 0x2
 2164 0010 24       		.uleb128 0x24
 2165 0011 00       		.byte	0
 2166 0012 0B       		.uleb128 0xb
 2167 0013 0B       		.uleb128 0xb
 2168 0014 3E       		.uleb128 0x3e
 2169 0015 0B       		.uleb128 0xb
 2170 0016 03       		.uleb128 0x3
 2171 0017 0E       		.uleb128 0xe
 2172 0018 00       		.byte	0
 2173 0019 00       		.byte	0
 2174 001a 03       		.uleb128 0x3
 2175 001b 16       		.uleb128 0x16
 2176 001c 00       		.byte	0
 2177 001d 03       		.uleb128 0x3
 2178 001e 0E       		.uleb128 0xe
 2179 001f 3A       		.uleb128 0x3a
 2180 0020 0B       		.uleb128 0xb
 2181 0021 3B       		.uleb128 0x3b
 2182 0022 0B       		.uleb128 0xb
 2183 0023 49       		.uleb128 0x49
 2184 0024 13       		.uleb128 0x13
 2185 0025 00       		.byte	0
 2186 0026 00       		.byte	0
 2187 0027 04       		.uleb128 0x4
 2188 0028 24       		.uleb128 0x24
 2189 0029 00       		.byte	0
 2190 002a 0B       		.uleb128 0xb
 2191 002b 0B       		.uleb128 0xb
 2192 002c 3E       		.uleb128 0x3e
 2193 002d 0B       		.uleb128 0xb
 2194 002e 03       		.uleb128 0x3
 2195 002f 08       		.uleb128 0x8
 2196 0030 00       		.byte	0
 2197 0031 00       		.byte	0
 2198 0032 05       		.uleb128 0x5
 2199 0033 01       		.uleb128 0x1
 2200 0034 01       		.byte	0x1
 2201 0035 49       		.uleb128 0x49
 2202 0036 13       		.uleb128 0x13
 2203 0037 01       		.uleb128 0x1
 2204 0038 13       		.uleb128 0x13
 2205 0039 00       		.byte	0
 2206 003a 00       		.byte	0
 2207 003b 06       		.uleb128 0x6
 2208 003c 21       		.uleb128 0x21
 2209 003d 00       		.byte	0
 2210 003e 49       		.uleb128 0x49
 2211 003f 13       		.uleb128 0x13
 2212 0040 2F       		.uleb128 0x2f
 2213 0041 05       		.uleb128 0x5
 2214 0042 00       		.byte	0
 2215 0043 00       		.byte	0
 2216 0044 07       		.uleb128 0x7
 2217 0045 26       		.uleb128 0x26
 2218 0046 00       		.byte	0
 2219 0047 49       		.uleb128 0x49
ARM GAS  C:\Users\Reza\AppData\Local\Temp\ccii0W9z.s 			page 40


 2220 0048 13       		.uleb128 0x13
 2221 0049 00       		.byte	0
 2222 004a 00       		.byte	0
 2223 004b 08       		.uleb128 0x8
 2224 004c 34       		.uleb128 0x34
 2225 004d 00       		.byte	0
 2226 004e 03       		.uleb128 0x3
 2227 004f 0E       		.uleb128 0xe
 2228 0050 3A       		.uleb128 0x3a
 2229 0051 0B       		.uleb128 0xb
 2230 0052 3B       		.uleb128 0x3b
 2231 0053 0B       		.uleb128 0xb
 2232 0054 49       		.uleb128 0x49
 2233 0055 13       		.uleb128 0x13
 2234 0056 3F       		.uleb128 0x3f
 2235 0057 19       		.uleb128 0x19
 2236 0058 02       		.uleb128 0x2
 2237 0059 18       		.uleb128 0x18
 2238 005a 00       		.byte	0
 2239 005b 00       		.byte	0
 2240 005c 09       		.uleb128 0x9
 2241 005d 21       		.uleb128 0x21
 2242 005e 00       		.byte	0
 2243 005f 49       		.uleb128 0x49
 2244 0060 13       		.uleb128 0x13
 2245 0061 2F       		.uleb128 0x2f
 2246 0062 0B       		.uleb128 0xb
 2247 0063 00       		.byte	0
 2248 0064 00       		.byte	0
 2249 0065 0A       		.uleb128 0xa
 2250 0066 34       		.uleb128 0x34
 2251 0067 00       		.byte	0
 2252 0068 03       		.uleb128 0x3
 2253 0069 0E       		.uleb128 0xe
 2254 006a 3A       		.uleb128 0x3a
 2255 006b 0B       		.uleb128 0xb
 2256 006c 3B       		.uleb128 0x3b
 2257 006d 05       		.uleb128 0x5
 2258 006e 49       		.uleb128 0x49
 2259 006f 13       		.uleb128 0x13
 2260 0070 3F       		.uleb128 0x3f
 2261 0071 19       		.uleb128 0x19
 2262 0072 02       		.uleb128 0x2
 2263 0073 18       		.uleb128 0x18
 2264 0074 00       		.byte	0
 2265 0075 00       		.byte	0
 2266 0076 00       		.byte	0
 2267              		.section	.debug_aranges,"",%progbits
 2268 0000 14000000 		.4byte	0x14
 2269 0004 0200     		.2byte	0x2
 2270 0006 00000000 		.4byte	.Ldebug_info0
 2271 000a 04       		.byte	0x4
 2272 000b 00       		.byte	0
 2273 000c 0000     		.2byte	0
 2274 000e 0000     		.2byte	0
 2275 0010 00000000 		.4byte	0
 2276 0014 00000000 		.4byte	0
ARM GAS  C:\Users\Reza\AppData\Local\Temp\ccii0W9z.s 			page 41


 2277              		.section	.debug_line,"",%progbits
 2278              	.Ldebug_line0:
 2279 0000 3D010000 		.section	.debug_str,"MS",%progbits,1
 2279      02003701 
 2279      00000201 
 2279      FB0E0D00 
 2279      01010101 
 2280              	.LASF9:
 2281 0000 5F5F7569 		.ascii	"__uint8_t\000"
 2281      6E74385F 
 2281      7400
 2282              	.LASF16:
 2283 000a 63795F6D 		.ascii	"cy_metadata\000"
 2283      65746164 
 2283      61746100 
 2284              	.LASF1:
 2285 0016 756E7369 		.ascii	"unsigned char\000"
 2285      676E6564 
 2285      20636861 
 2285      7200
 2286              	.LASF17:
 2287 0024 474E5520 		.ascii	"GNU C11 5.4.1 20160609 (release) [ARM/embedded-5-br"
 2287      43313120 
 2287      352E342E 
 2287      31203230 
 2287      31363036 
 2288 0057 616E6368 		.ascii	"anch revision 237715] -mcpu=cortex-m3 -mthumb -g -O"
 2288      20726576 
 2288      6973696F 
 2288      6E203233 
 2288      37373135 
 2289 008a 67202D66 		.ascii	"g -ffunction-sections -ffat-lto-objects\000"
 2289      66756E63 
 2289      74696F6E 
 2289      2D736563 
 2289      74696F6E 
 2290              	.LASF5:
 2291 00b2 6C6F6E67 		.ascii	"long unsigned int\000"
 2291      20756E73 
 2291      69676E65 
 2291      6420696E 
 2291      7400
 2292              	.LASF3:
 2293 00c4 73686F72 		.ascii	"short unsigned int\000"
 2293      7420756E 
 2293      7369676E 
 2293      65642069 
 2293      6E7400
 2294              	.LASF13:
 2295 00d7 63795F6D 		.ascii	"cy_meta_custnvl\000"
 2295      6574615F 
 2295      63757374 
 2295      6E766C00 
 2296              	.LASF12:
 2297 00e7 63795F6D 		.ascii	"cy_meta_configecc\000"
 2297      6574615F 
 2297      636F6E66 
ARM GAS  C:\Users\Reza\AppData\Local\Temp\ccii0W9z.s 			page 42


 2297      69676563 
 2297      6300
 2298              	.LASF8:
 2299 00f9 756E7369 		.ascii	"unsigned int\000"
 2299      676E6564 
 2299      20696E74 
 2299      00
 2300              	.LASF7:
 2301 0106 6C6F6E67 		.ascii	"long long unsigned int\000"
 2301      206C6F6E 
 2301      6720756E 
 2301      7369676E 
 2301      65642069 
 2302              	.LASF10:
 2303 011d 75696E74 		.ascii	"uint8_t\000"
 2303      385F7400 
 2304              	.LASF15:
 2305 0125 63795F6D 		.ascii	"cy_meta_flashprotect\000"
 2305      6574615F 
 2305      666C6173 
 2305      6870726F 
 2305      74656374 
 2306              	.LASF14:
 2307 013a 63795F6D 		.ascii	"cy_meta_wonvl\000"
 2307      6574615F 
 2307      776F6E76 
 2307      6C00
 2308              	.LASF11:
 2309 0148 73697A65 		.ascii	"sizetype\000"
 2309      74797065 
 2309      00
 2310              	.LASF6:
 2311 0151 6C6F6E67 		.ascii	"long long int\000"
 2311      206C6F6E 
 2311      6720696E 
 2311      7400
 2312              	.LASF2:
 2313 015f 73686F72 		.ascii	"short int\000"
 2313      7420696E 
 2313      7400
 2314              	.LASF4:
 2315 0169 6C6F6E67 		.ascii	"long int\000"
 2315      20696E74 
 2315      00
 2316              	.LASF19:
 2317 0172 443A5C48 		.ascii	"D:\\H_da\\Winter Semester\\MM03 Advanced Microcontr"
 2317      5F64615C 
 2317      57696E74 
 2317      65722053 
 2317      656D6573 
 2318 01a2 6F6C6C65 		.ascii	"oller Systems and Embedded Operating Systems\\Lectu"
 2318      72205379 
 2318      7374656D 
 2318      7320616E 
 2318      6420456D 
 2319 01d4 72652050 		.ascii	"re Prof. Fromm\\workspace\\workspace_psoc\\Smart_Vo"
 2319      726F662E 
ARM GAS  C:\Users\Reza\AppData\Local\Temp\ccii0W9z.s 			page 43


 2319      2046726F 
 2319      6D6D5C77 
 2319      6F726B73 
 2320 0204 6C756D65 		.ascii	"lume\\Smart_Volume.cydsn\000"
 2320      5C536D61 
 2320      72745F56 
 2320      6F6C756D 
 2320      652E6379 
 2321              	.LASF0:
 2322 021c 7369676E 		.ascii	"signed char\000"
 2322      65642063 
 2322      68617200 
 2323              	.LASF18:
 2324 0228 47656E65 		.ascii	"Generated_Source\\PSoC5\\cymetadata.c\000"
 2324      72617465 
 2324      645F536F 
 2324      75726365 
 2324      5C50536F 
 2325              		.ident	"GCC: (GNU Tools for ARM Embedded Processors) 5.4.1 20160609 (release) [ARM/embedded-5-bran
