ARM GAS  C:\Users\Reza\AppData\Local\Temp\ccl5VsvM.s 			page 1


   1              		.syntax unified
   2              		.cpu cortex-m3
   3              		.fpu softvfp
   4              		.eabi_attribute 20, 1
   5              		.eabi_attribute 21, 1
   6              		.eabi_attribute 23, 3
   7              		.eabi_attribute 24, 1
   8              		.eabi_attribute 25, 1
   9              		.eabi_attribute 26, 1
  10              		.eabi_attribute 30, 1
  11              		.eabi_attribute 34, 1
  12              		.eabi_attribute 18, 4
  13              		.thumb
  14              		.syntax unified
  15              		.file	"SimpleSystem_cortex_mx_ee_utils.c"
  16              		.text
  17              	.Ltext0:
  18              		.cfi_sections	.debug_frame
  19              		.section	.text.EE_system_init,"ax",%progbits
  20              		.align	2
  21              		.global	EE_system_init
  22              		.thumb
  23              		.thumb_func
  24              		.type	EE_system_init, %function
  25              	EE_system_init:
  26              	.LFB76:
  27              		.file 1 "Generated_Source\\PSoC5\\SimpleSystem_cortex_mx_ee_utils.c"
   1:Generated_Source\PSoC5/SimpleSystem_cortex_mx_ee_utils.c **** /* ###*B*###
   2:Generated_Source\PSoC5/SimpleSystem_cortex_mx_ee_utils.c ****  * ERIKA Enterprise - a tiny RTOS for small microcontrollers
   3:Generated_Source\PSoC5/SimpleSystem_cortex_mx_ee_utils.c ****  *
   4:Generated_Source\PSoC5/SimpleSystem_cortex_mx_ee_utils.c ****  * Copyright (C) 2002-2011  Evidence Srl
   5:Generated_Source\PSoC5/SimpleSystem_cortex_mx_ee_utils.c ****  *
   6:Generated_Source\PSoC5/SimpleSystem_cortex_mx_ee_utils.c ****  * This file is part of ERIKA Enterprise.
   7:Generated_Source\PSoC5/SimpleSystem_cortex_mx_ee_utils.c ****  *
   8:Generated_Source\PSoC5/SimpleSystem_cortex_mx_ee_utils.c ****  * ERIKA Enterprise is free software; you can redistribute it
   9:Generated_Source\PSoC5/SimpleSystem_cortex_mx_ee_utils.c ****  * and/or modify it under the terms of the GNU General Public License
  10:Generated_Source\PSoC5/SimpleSystem_cortex_mx_ee_utils.c ****  * version 2 as published by the Free Software Foundation, 
  11:Generated_Source\PSoC5/SimpleSystem_cortex_mx_ee_utils.c ****  * (with a special exception described below).
  12:Generated_Source\PSoC5/SimpleSystem_cortex_mx_ee_utils.c ****  *
  13:Generated_Source\PSoC5/SimpleSystem_cortex_mx_ee_utils.c ****  * Linking this code statically or dynamically with other modules is
  14:Generated_Source\PSoC5/SimpleSystem_cortex_mx_ee_utils.c ****  * making a combined work based on this code.  Thus, the terms and
  15:Generated_Source\PSoC5/SimpleSystem_cortex_mx_ee_utils.c ****  * conditions of the GNU General Public License cover the whole
  16:Generated_Source\PSoC5/SimpleSystem_cortex_mx_ee_utils.c ****  * combination.
  17:Generated_Source\PSoC5/SimpleSystem_cortex_mx_ee_utils.c ****  *
  18:Generated_Source\PSoC5/SimpleSystem_cortex_mx_ee_utils.c ****  * As a special exception, the copyright holders of this library give you
  19:Generated_Source\PSoC5/SimpleSystem_cortex_mx_ee_utils.c ****  * permission to link this code with independent modules to produce an
  20:Generated_Source\PSoC5/SimpleSystem_cortex_mx_ee_utils.c ****  * executable, regardless of the license terms of these independent
  21:Generated_Source\PSoC5/SimpleSystem_cortex_mx_ee_utils.c ****  * modules, and to copy and distribute the resulting executable under
  22:Generated_Source\PSoC5/SimpleSystem_cortex_mx_ee_utils.c ****  * terms of your choice, provided that you also meet, for each linked
  23:Generated_Source\PSoC5/SimpleSystem_cortex_mx_ee_utils.c ****  * independent module, the terms and conditions of the license of that
  24:Generated_Source\PSoC5/SimpleSystem_cortex_mx_ee_utils.c ****  * module.  An independent module is a module which is not derived from
  25:Generated_Source\PSoC5/SimpleSystem_cortex_mx_ee_utils.c ****  * or based on this library.  If you modify this code, you may extend
  26:Generated_Source\PSoC5/SimpleSystem_cortex_mx_ee_utils.c ****  * this exception to your version of the code, but you are not
  27:Generated_Source\PSoC5/SimpleSystem_cortex_mx_ee_utils.c ****  * obligated to do so.  If you do not wish to do so, delete this
  28:Generated_Source\PSoC5/SimpleSystem_cortex_mx_ee_utils.c ****  * exception statement from your version.
  29:Generated_Source\PSoC5/SimpleSystem_cortex_mx_ee_utils.c ****  *
  30:Generated_Source\PSoC5/SimpleSystem_cortex_mx_ee_utils.c ****  * ERIKA Enterprise is distributed in the hope that it will be
ARM GAS  C:\Users\Reza\AppData\Local\Temp\ccl5VsvM.s 			page 2


  31:Generated_Source\PSoC5/SimpleSystem_cortex_mx_ee_utils.c ****  * useful, but WITHOUT ANY WARRANTY; without even the implied warranty
  32:Generated_Source\PSoC5/SimpleSystem_cortex_mx_ee_utils.c ****  * of MERCHANTABILITY or FITNESS FOR A PARTICULAR PURPOSE.  See the
  33:Generated_Source\PSoC5/SimpleSystem_cortex_mx_ee_utils.c ****  * GNU General Public License version 2 for more details.
  34:Generated_Source\PSoC5/SimpleSystem_cortex_mx_ee_utils.c ****  *
  35:Generated_Source\PSoC5/SimpleSystem_cortex_mx_ee_utils.c ****  * You should have received a copy of the GNU General Public License
  36:Generated_Source\PSoC5/SimpleSystem_cortex_mx_ee_utils.c ****  * version 2 along with ERIKA Enterprise; if not, write to the
  37:Generated_Source\PSoC5/SimpleSystem_cortex_mx_ee_utils.c ****  * Free Software Foundation, Inc., 51 Franklin Street, Fifth Floor,
  38:Generated_Source\PSoC5/SimpleSystem_cortex_mx_ee_utils.c ****  * Boston, MA 02110-1301 USA.
  39:Generated_Source\PSoC5/SimpleSystem_cortex_mx_ee_utils.c ****  * ###*E*### */
  40:Generated_Source\PSoC5/SimpleSystem_cortex_mx_ee_utils.c **** 
  41:Generated_Source\PSoC5/SimpleSystem_cortex_mx_ee_utils.c **** /** 
  42:Generated_Source\PSoC5/SimpleSystem_cortex_mx_ee_utils.c **** 	@file ee_utils.c
  43:Generated_Source\PSoC5/SimpleSystem_cortex_mx_ee_utils.c **** 	@brief Functions to initialize the RTOS services
  44:Generated_Source\PSoC5/SimpleSystem_cortex_mx_ee_utils.c **** 	@author Gianluca Franchino
  45:Generated_Source\PSoC5/SimpleSystem_cortex_mx_ee_utils.c **** 	@author Giuseppe Serano
  46:Generated_Source\PSoC5/SimpleSystem_cortex_mx_ee_utils.c **** 	@date 2011
  47:Generated_Source\PSoC5/SimpleSystem_cortex_mx_ee_utils.c **** */ 
  48:Generated_Source\PSoC5/SimpleSystem_cortex_mx_ee_utils.c ****     
  49:Generated_Source\PSoC5/SimpleSystem_cortex_mx_ee_utils.c **** /*
  50:Generated_Source\PSoC5/SimpleSystem_cortex_mx_ee_utils.c ****  * PSoC Port and API Generation
  51:Generated_Source\PSoC5/SimpleSystem_cortex_mx_ee_utils.c ****  * Carlos Fernando Meier Martinez
  52:Generated_Source\PSoC5/SimpleSystem_cortex_mx_ee_utils.c ****  * Hochschule Darmstadt, Germany. 2017.
  53:Generated_Source\PSoC5/SimpleSystem_cortex_mx_ee_utils.c ****  */
  54:Generated_Source\PSoC5/SimpleSystem_cortex_mx_ee_utils.c **** 
  55:Generated_Source\PSoC5/SimpleSystem_cortex_mx_ee_utils.c **** #include "SimpleSystem_ee_internal.inc"
  56:Generated_Source\PSoC5/SimpleSystem_cortex_mx_ee_utils.c **** #include "SimpleSystem_ee_irq.inc"
  57:Generated_Source\PSoC5/SimpleSystem_cortex_mx_ee_utils.c **** //~ #include "SimpleSystem_cortex_mx_ee_nvic.inc"
  58:Generated_Source\PSoC5/SimpleSystem_cortex_mx_ee_utils.c **** #include "cyfitter.h"
  59:Generated_Source\PSoC5/SimpleSystem_cortex_mx_ee_utils.c **** #include "cylib.h"
  60:Generated_Source\PSoC5/SimpleSystem_cortex_mx_ee_utils.c **** 
  61:Generated_Source\PSoC5/SimpleSystem_cortex_mx_ee_utils.c **** #define Number_of_ISRs  2
  62:Generated_Source\PSoC5/SimpleSystem_cortex_mx_ee_utils.c **** 
  63:Generated_Source\PSoC5/SimpleSystem_cortex_mx_ee_utils.c **** extern void EE_set_switch_context_pri(void);
  64:Generated_Source\PSoC5/SimpleSystem_cortex_mx_ee_utils.c **** 
  65:Generated_Source\PSoC5/SimpleSystem_cortex_mx_ee_utils.c **** /* Function used to calculate the initialize the system */
  66:Generated_Source\PSoC5/SimpleSystem_cortex_mx_ee_utils.c **** void EE_system_init(void)
  67:Generated_Source\PSoC5/SimpleSystem_cortex_mx_ee_utils.c **** {
  28              		.loc 1 67 0
  29              		.cfi_startproc
  30              		@ args = 0, pretend = 0, frame = 0
  31              		@ frame_needed = 0, uses_anonymous_args = 0
  32 0000 38B5     		push	{r3, r4, r5, lr}
  33              		.cfi_def_cfa_offset 16
  34              		.cfi_offset 3, -16
  35              		.cfi_offset 4, -12
  36              		.cfi_offset 5, -8
  37              		.cfi_offset 14, -4
  68:Generated_Source\PSoC5/SimpleSystem_cortex_mx_ee_utils.c **** #if (Number_of_ISRs > 0)
  69:Generated_Source\PSoC5/SimpleSystem_cortex_mx_ee_utils.c ****   cyisraddress *ramVectorTable = *CY_INT_VECT_TABLE;
  38              		.loc 1 69 0
  39 0002 184B     		ldr	r3, .L3
  40 0004 1D68     		ldr	r5, [r3]
  41              	.LVL0:
  42              	.LBB14:
  43              	.LBB15:
  44              	.LBB16:
  45              		.file 2 "Generated_Source\\PSoC5\\SimpleSystem_cortex_mx_ee_cpu.inc"
ARM GAS  C:\Users\Reza\AppData\Local\Temp\ccl5VsvM.s 			page 3


   1:Generated_Source\PSoC5/SimpleSystem_cortex_mx_ee_cpu.inc **** /* ###*B*###
   2:Generated_Source\PSoC5/SimpleSystem_cortex_mx_ee_cpu.inc ****  * ERIKA Enterprise - a tiny RTOS for small microcontrollers
   3:Generated_Source\PSoC5/SimpleSystem_cortex_mx_ee_cpu.inc ****  *
   4:Generated_Source\PSoC5/SimpleSystem_cortex_mx_ee_cpu.inc ****  * Copyright (C) 2002-2011  Evidence Srl
   5:Generated_Source\PSoC5/SimpleSystem_cortex_mx_ee_cpu.inc ****  *
   6:Generated_Source\PSoC5/SimpleSystem_cortex_mx_ee_cpu.inc ****  * This file is part of ERIKA Enterprise.
   7:Generated_Source\PSoC5/SimpleSystem_cortex_mx_ee_cpu.inc ****  *
   8:Generated_Source\PSoC5/SimpleSystem_cortex_mx_ee_cpu.inc ****  * ERIKA Enterprise is free software; you can redistribute it
   9:Generated_Source\PSoC5/SimpleSystem_cortex_mx_ee_cpu.inc ****  * and/or modify it under the terms of the GNU General Public License
  10:Generated_Source\PSoC5/SimpleSystem_cortex_mx_ee_cpu.inc ****  * version 2 as published by the Free Software Foundation, 
  11:Generated_Source\PSoC5/SimpleSystem_cortex_mx_ee_cpu.inc ****  * (with a special exception described below).
  12:Generated_Source\PSoC5/SimpleSystem_cortex_mx_ee_cpu.inc ****  *
  13:Generated_Source\PSoC5/SimpleSystem_cortex_mx_ee_cpu.inc ****  * Linking this code statically or dynamically with other modules is
  14:Generated_Source\PSoC5/SimpleSystem_cortex_mx_ee_cpu.inc ****  * making a combined work based on this code.  Thus, the terms and
  15:Generated_Source\PSoC5/SimpleSystem_cortex_mx_ee_cpu.inc ****  * conditions of the GNU General Public License cover the whole
  16:Generated_Source\PSoC5/SimpleSystem_cortex_mx_ee_cpu.inc ****  * combination.
  17:Generated_Source\PSoC5/SimpleSystem_cortex_mx_ee_cpu.inc ****  *
  18:Generated_Source\PSoC5/SimpleSystem_cortex_mx_ee_cpu.inc ****  * As a special exception, the copyright holders of this library give you
  19:Generated_Source\PSoC5/SimpleSystem_cortex_mx_ee_cpu.inc ****  * permission to link this code with independent modules to produce an
  20:Generated_Source\PSoC5/SimpleSystem_cortex_mx_ee_cpu.inc ****  * executable, regardless of the license terms of these independent
  21:Generated_Source\PSoC5/SimpleSystem_cortex_mx_ee_cpu.inc ****  * modules, and to copy and distribute the resulting executable under
  22:Generated_Source\PSoC5/SimpleSystem_cortex_mx_ee_cpu.inc ****  * terms of your choice, provided that you also meet, for each linked
  23:Generated_Source\PSoC5/SimpleSystem_cortex_mx_ee_cpu.inc ****  * independent module, the terms and conditions of the license of that
  24:Generated_Source\PSoC5/SimpleSystem_cortex_mx_ee_cpu.inc ****  * module.  An independent module is a module which is not derived from
  25:Generated_Source\PSoC5/SimpleSystem_cortex_mx_ee_cpu.inc ****  * or based on this library.  If you modify this code, you may extend
  26:Generated_Source\PSoC5/SimpleSystem_cortex_mx_ee_cpu.inc ****  * this exception to your version of the code, but you are not
  27:Generated_Source\PSoC5/SimpleSystem_cortex_mx_ee_cpu.inc ****  * obligated to do so.  If you do not wish to do so, delete this
  28:Generated_Source\PSoC5/SimpleSystem_cortex_mx_ee_cpu.inc ****  * exception statement from your version.
  29:Generated_Source\PSoC5/SimpleSystem_cortex_mx_ee_cpu.inc ****  *
  30:Generated_Source\PSoC5/SimpleSystem_cortex_mx_ee_cpu.inc ****  * ERIKA Enterprise is distributed in the hope that it will be
  31:Generated_Source\PSoC5/SimpleSystem_cortex_mx_ee_cpu.inc ****  * useful, but WITHOUT ANY WARRANTY; without even the implied warranty
  32:Generated_Source\PSoC5/SimpleSystem_cortex_mx_ee_cpu.inc ****  * of MERCHANTABILITY or FITNESS FOR A PARTICULAR PURPOSE.  See the
  33:Generated_Source\PSoC5/SimpleSystem_cortex_mx_ee_cpu.inc ****  * GNU General Public License version 2 for more details.
  34:Generated_Source\PSoC5/SimpleSystem_cortex_mx_ee_cpu.inc ****  *
  35:Generated_Source\PSoC5/SimpleSystem_cortex_mx_ee_cpu.inc ****  * You should have received a copy of the GNU General Public License
  36:Generated_Source\PSoC5/SimpleSystem_cortex_mx_ee_cpu.inc ****  * version 2 along with ERIKA Enterprise; if not, write to the
  37:Generated_Source\PSoC5/SimpleSystem_cortex_mx_ee_cpu.inc ****  * Free Software Foundation, Inc., 51 Franklin Street, Fifth Floor,
  38:Generated_Source\PSoC5/SimpleSystem_cortex_mx_ee_cpu.inc ****  * Boston, MA 02110-1301 USA.
  39:Generated_Source\PSoC5/SimpleSystem_cortex_mx_ee_cpu.inc ****  * ###*E*### */
  40:Generated_Source\PSoC5/SimpleSystem_cortex_mx_ee_cpu.inc **** 
  41:Generated_Source\PSoC5/SimpleSystem_cortex_mx_ee_cpu.inc **** /** 
  42:Generated_Source\PSoC5/SimpleSystem_cortex_mx_ee_cpu.inc **** 	@file ee_cpu.h
  43:Generated_Source\PSoC5/SimpleSystem_cortex_mx_ee_cpu.inc **** 	@brief CPU-dependent part of HAL. Derived from pkg/cpu/pic30/inc/ee_cpu.h
  44:Generated_Source\PSoC5/SimpleSystem_cortex_mx_ee_cpu.inc **** 	@author Gianluca Franchino
  45:Generated_Source\PSoC5/SimpleSystem_cortex_mx_ee_cpu.inc **** 	@author Giuseppe Serano
  46:Generated_Source\PSoC5/SimpleSystem_cortex_mx_ee_cpu.inc **** 	@date 2011
  47:Generated_Source\PSoC5/SimpleSystem_cortex_mx_ee_cpu.inc **** */ 
  48:Generated_Source\PSoC5/SimpleSystem_cortex_mx_ee_cpu.inc ****     
  49:Generated_Source\PSoC5/SimpleSystem_cortex_mx_ee_cpu.inc **** /*
  50:Generated_Source\PSoC5/SimpleSystem_cortex_mx_ee_cpu.inc ****  * PSoC Port and API Generation
  51:Generated_Source\PSoC5/SimpleSystem_cortex_mx_ee_cpu.inc ****  * Carlos Fernando Meier Martinez
  52:Generated_Source\PSoC5/SimpleSystem_cortex_mx_ee_cpu.inc ****  * Hochschule Darmstadt, Germany. 2017.
  53:Generated_Source\PSoC5/SimpleSystem_cortex_mx_ee_cpu.inc ****  */
  54:Generated_Source\PSoC5/SimpleSystem_cortex_mx_ee_cpu.inc **** 
  55:Generated_Source\PSoC5/SimpleSystem_cortex_mx_ee_cpu.inc **** #ifndef __INCLUDE_CORTEX_MX_EE_CPU_H__
  56:Generated_Source\PSoC5/SimpleSystem_cortex_mx_ee_cpu.inc **** #define __INCLUDE_CORTEX_MX_EE_CPU_H__
  57:Generated_Source\PSoC5/SimpleSystem_cortex_mx_ee_cpu.inc **** 
ARM GAS  C:\Users\Reza\AppData\Local\Temp\ccl5VsvM.s 			page 4


  58:Generated_Source\PSoC5/SimpleSystem_cortex_mx_ee_cpu.inc **** #include "SimpleSystem_eecfg.inc"
  59:Generated_Source\PSoC5/SimpleSystem_cortex_mx_ee_cpu.inc **** 
  60:Generated_Source\PSoC5/SimpleSystem_cortex_mx_ee_cpu.inc **** 
  61:Generated_Source\PSoC5/SimpleSystem_cortex_mx_ee_cpu.inc **** #ifdef __GNU__
  62:Generated_Source\PSoC5/SimpleSystem_cortex_mx_ee_cpu.inc **** #include "SimpleSystem_common_ee_compiler_gcc.inc"
  63:Generated_Source\PSoC5/SimpleSystem_cortex_mx_ee_cpu.inc **** #endif
  64:Generated_Source\PSoC5/SimpleSystem_cortex_mx_ee_cpu.inc **** 
  65:Generated_Source\PSoC5/SimpleSystem_cortex_mx_ee_cpu.inc **** /* Initial stack offset (in words): Used in multistack. */
  66:Generated_Source\PSoC5/SimpleSystem_cortex_mx_ee_cpu.inc **** #ifndef CORTEX_MX_INIT_TOS_OFFSET
  67:Generated_Source\PSoC5/SimpleSystem_cortex_mx_ee_cpu.inc **** #define CORTEX_MX_INIT_TOS_OFFSET 10
  68:Generated_Source\PSoC5/SimpleSystem_cortex_mx_ee_cpu.inc **** #endif
  69:Generated_Source\PSoC5/SimpleSystem_cortex_mx_ee_cpu.inc **** 
  70:Generated_Source\PSoC5/SimpleSystem_cortex_mx_ee_cpu.inc **** /*************************************************************************
  71:Generated_Source\PSoC5/SimpleSystem_cortex_mx_ee_cpu.inc ****  HAL Types and structures
  72:Generated_Source\PSoC5/SimpleSystem_cortex_mx_ee_cpu.inc ****  *************************************************************************/
  73:Generated_Source\PSoC5/SimpleSystem_cortex_mx_ee_cpu.inc **** 
  74:Generated_Source\PSoC5/SimpleSystem_cortex_mx_ee_cpu.inc **** /* Primitive data types */
  75:Generated_Source\PSoC5/SimpleSystem_cortex_mx_ee_cpu.inc **** #include "SimpleSystem_common_ee_types.inc"
  76:Generated_Source\PSoC5/SimpleSystem_cortex_mx_ee_cpu.inc **** 
  77:Generated_Source\PSoC5/SimpleSystem_cortex_mx_ee_cpu.inc **** typedef EE_UINT32 EE_UREG;
  78:Generated_Source\PSoC5/SimpleSystem_cortex_mx_ee_cpu.inc **** typedef EE_INT32  EE_SREG;
  79:Generated_Source\PSoC5/SimpleSystem_cortex_mx_ee_cpu.inc **** typedef EE_UINT32 EE_FREG;
  80:Generated_Source\PSoC5/SimpleSystem_cortex_mx_ee_cpu.inc **** #define EE_UREG_SIZE 4
  81:Generated_Source\PSoC5/SimpleSystem_cortex_mx_ee_cpu.inc **** 
  82:Generated_Source\PSoC5/SimpleSystem_cortex_mx_ee_cpu.inc **** /* boolean type */
  83:Generated_Source\PSoC5/SimpleSystem_cortex_mx_ee_cpu.inc **** #ifndef EE_TYPEBOOL
  84:Generated_Source\PSoC5/SimpleSystem_cortex_mx_ee_cpu.inc **** typedef EE_UREG EE_TYPEBOOL;
  85:Generated_Source\PSoC5/SimpleSystem_cortex_mx_ee_cpu.inc **** #endif
  86:Generated_Source\PSoC5/SimpleSystem_cortex_mx_ee_cpu.inc **** 
  87:Generated_Source\PSoC5/SimpleSystem_cortex_mx_ee_cpu.inc **** /* boolean true define */
  88:Generated_Source\PSoC5/SimpleSystem_cortex_mx_ee_cpu.inc **** #ifndef EE_TRUE
  89:Generated_Source\PSoC5/SimpleSystem_cortex_mx_ee_cpu.inc **** #define EE_TRUE ((EE_TYPEBOOL)1U)
  90:Generated_Source\PSoC5/SimpleSystem_cortex_mx_ee_cpu.inc **** #endif
  91:Generated_Source\PSoC5/SimpleSystem_cortex_mx_ee_cpu.inc **** 
  92:Generated_Source\PSoC5/SimpleSystem_cortex_mx_ee_cpu.inc **** /* boolean false define */
  93:Generated_Source\PSoC5/SimpleSystem_cortex_mx_ee_cpu.inc **** #ifndef EE_FALSE
  94:Generated_Source\PSoC5/SimpleSystem_cortex_mx_ee_cpu.inc **** #define EE_FALSE ((EE_TYPEBOOL)0U)
  95:Generated_Source\PSoC5/SimpleSystem_cortex_mx_ee_cpu.inc **** #endif
  96:Generated_Source\PSoC5/SimpleSystem_cortex_mx_ee_cpu.inc **** 
  97:Generated_Source\PSoC5/SimpleSystem_cortex_mx_ee_cpu.inc **** #define	EE_HWREG_PTR		volatile EE_UREG *
  98:Generated_Source\PSoC5/SimpleSystem_cortex_mx_ee_cpu.inc **** #define	EE_HWREG_ADDR(x)	((EE_HWREG_PTR)(x))
  99:Generated_Source\PSoC5/SimpleSystem_cortex_mx_ee_cpu.inc **** #define	EE_HWREG(x)		(*EE_HWREG_ADDR(x))
 100:Generated_Source\PSoC5/SimpleSystem_cortex_mx_ee_cpu.inc **** 
 101:Generated_Source\PSoC5/SimpleSystem_cortex_mx_ee_cpu.inc **** #ifdef __GNU__
 102:Generated_Source\PSoC5/SimpleSystem_cortex_mx_ee_cpu.inc **** 
 103:Generated_Source\PSoC5/SimpleSystem_cortex_mx_ee_cpu.inc **** /* Get current SP */
 104:Generated_Source\PSoC5/SimpleSystem_cortex_mx_ee_cpu.inc **** __INLINE__ EE_UINT32  __current_sp(void)
 105:Generated_Source\PSoC5/SimpleSystem_cortex_mx_ee_cpu.inc **** {
 106:Generated_Source\PSoC5/SimpleSystem_cortex_mx_ee_cpu.inc **** EE_UINT32 temp;
 107:Generated_Source\PSoC5/SimpleSystem_cortex_mx_ee_cpu.inc **** __ASM ("mov %0, sp" : "=r" (temp) : );
 108:Generated_Source\PSoC5/SimpleSystem_cortex_mx_ee_cpu.inc **** return temp;
 109:Generated_Source\PSoC5/SimpleSystem_cortex_mx_ee_cpu.inc **** }
 110:Generated_Source\PSoC5/SimpleSystem_cortex_mx_ee_cpu.inc **** 
 111:Generated_Source\PSoC5/SimpleSystem_cortex_mx_ee_cpu.inc **** /* Set a breakpoint */
 112:Generated_Source\PSoC5/SimpleSystem_cortex_mx_ee_cpu.inc **** #define __breakpoint(value)	__ASM ("bkpt "#value)
 113:Generated_Source\PSoC5/SimpleSystem_cortex_mx_ee_cpu.inc **** 
 114:Generated_Source\PSoC5/SimpleSystem_cortex_mx_ee_cpu.inc **** #endif
ARM GAS  C:\Users\Reza\AppData\Local\Temp\ccl5VsvM.s 			page 5


 115:Generated_Source\PSoC5/SimpleSystem_cortex_mx_ee_cpu.inc **** 
 116:Generated_Source\PSoC5/SimpleSystem_cortex_mx_ee_cpu.inc **** /* ISR Priority representation type */
 117:Generated_Source\PSoC5/SimpleSystem_cortex_mx_ee_cpu.inc **** typedef EE_UREG EE_TYPEISR2PRIO;
 118:Generated_Source\PSoC5/SimpleSystem_cortex_mx_ee_cpu.inc **** 
 119:Generated_Source\PSoC5/SimpleSystem_cortex_mx_ee_cpu.inc **** /* Thread IDs */
 120:Generated_Source\PSoC5/SimpleSystem_cortex_mx_ee_cpu.inc **** typedef EE_INT32 EE_TID;
 121:Generated_Source\PSoC5/SimpleSystem_cortex_mx_ee_cpu.inc **** 
 122:Generated_Source\PSoC5/SimpleSystem_cortex_mx_ee_cpu.inc **** /* Thread IDs - unsigned version*/
 123:Generated_Source\PSoC5/SimpleSystem_cortex_mx_ee_cpu.inc **** typedef EE_UINT32 EE_UTID;
 124:Generated_Source\PSoC5/SimpleSystem_cortex_mx_ee_cpu.inc **** 
 125:Generated_Source\PSoC5/SimpleSystem_cortex_mx_ee_cpu.inc **** /* Used by the common layer to decide whether to start a new thread */
 126:Generated_Source\PSoC5/SimpleSystem_cortex_mx_ee_cpu.inc **** #define TID_IS_STACKED_MARK 0x80000000
 127:Generated_Source\PSoC5/SimpleSystem_cortex_mx_ee_cpu.inc **** 
 128:Generated_Source\PSoC5/SimpleSystem_cortex_mx_ee_cpu.inc **** /* EE_TYPEIRQ is currently unused */
 129:Generated_Source\PSoC5/SimpleSystem_cortex_mx_ee_cpu.inc **** 
 130:Generated_Source\PSoC5/SimpleSystem_cortex_mx_ee_cpu.inc **** /* XXX: define EE_TIME? */
 131:Generated_Source\PSoC5/SimpleSystem_cortex_mx_ee_cpu.inc **** 
 132:Generated_Source\PSoC5/SimpleSystem_cortex_mx_ee_cpu.inc **** /* Use the "standard" implementation */
 133:Generated_Source\PSoC5/SimpleSystem_cortex_mx_ee_cpu.inc **** #include "SimpleSystem_common_ee_hal_structs.inc"
 134:Generated_Source\PSoC5/SimpleSystem_cortex_mx_ee_cpu.inc **** 
 135:Generated_Source\PSoC5/SimpleSystem_cortex_mx_ee_cpu.inc **** /******************************************************************************
 136:Generated_Source\PSoC5/SimpleSystem_cortex_mx_ee_cpu.inc ****  Application dependent data types
 137:Generated_Source\PSoC5/SimpleSystem_cortex_mx_ee_cpu.inc ****  ******************************************************************************/
 138:Generated_Source\PSoC5/SimpleSystem_cortex_mx_ee_cpu.inc **** 
 139:Generated_Source\PSoC5/SimpleSystem_cortex_mx_ee_cpu.inc **** #ifdef	__HAS_TYPES_H__
 140:Generated_Source\PSoC5/SimpleSystem_cortex_mx_ee_cpu.inc **** #include	"types.h"
 141:Generated_Source\PSoC5/SimpleSystem_cortex_mx_ee_cpu.inc **** #endif
 142:Generated_Source\PSoC5/SimpleSystem_cortex_mx_ee_cpu.inc **** 
 143:Generated_Source\PSoC5/SimpleSystem_cortex_mx_ee_cpu.inc **** /******************************************************************************
 144:Generated_Source\PSoC5/SimpleSystem_cortex_mx_ee_cpu.inc ****  CPU Peripherals
 145:Generated_Source\PSoC5/SimpleSystem_cortex_mx_ee_cpu.inc ****  ******************************************************************************/
 146:Generated_Source\PSoC5/SimpleSystem_cortex_mx_ee_cpu.inc **** 
 147:Generated_Source\PSoC5/SimpleSystem_cortex_mx_ee_cpu.inc **** #ifdef __CORTEX_MX__
 148:Generated_Source\PSoC5/SimpleSystem_cortex_mx_ee_cpu.inc **** #include "SimpleSystem_cortex_mx_ee_nvic.inc"
 149:Generated_Source\PSoC5/SimpleSystem_cortex_mx_ee_cpu.inc **** #include "SimpleSystem_cortex_mx_ee_systick.inc"
 150:Generated_Source\PSoC5/SimpleSystem_cortex_mx_ee_cpu.inc **** #endif
 151:Generated_Source\PSoC5/SimpleSystem_cortex_mx_ee_cpu.inc **** 
 152:Generated_Source\PSoC5/SimpleSystem_cortex_mx_ee_cpu.inc **** /******************************************************************************
 153:Generated_Source\PSoC5/SimpleSystem_cortex_mx_ee_cpu.inc ****  HAL Variables
 154:Generated_Source\PSoC5/SimpleSystem_cortex_mx_ee_cpu.inc ****  ******************************************************************************/
 155:Generated_Source\PSoC5/SimpleSystem_cortex_mx_ee_cpu.inc **** 
 156:Generated_Source\PSoC5/SimpleSystem_cortex_mx_ee_cpu.inc **** #ifdef __MULTI__
 157:Generated_Source\PSoC5/SimpleSystem_cortex_mx_ee_cpu.inc **** 
 158:Generated_Source\PSoC5/SimpleSystem_cortex_mx_ee_cpu.inc **** /* Top-of-stack of each private stack */
 159:Generated_Source\PSoC5/SimpleSystem_cortex_mx_ee_cpu.inc **** extern struct EE_TOS EE_cortex_mx_system_tos[];
 160:Generated_Source\PSoC5/SimpleSystem_cortex_mx_ee_cpu.inc **** //#define	EE_std_system_tos EE_cortex_mx_system_tos
 161:Generated_Source\PSoC5/SimpleSystem_cortex_mx_ee_cpu.inc **** 
 162:Generated_Source\PSoC5/SimpleSystem_cortex_mx_ee_cpu.inc **** /* Index of the current stack */
 163:Generated_Source\PSoC5/SimpleSystem_cortex_mx_ee_cpu.inc **** extern EE_UREG EE_cortex_mx_active_tos;
 164:Generated_Source\PSoC5/SimpleSystem_cortex_mx_ee_cpu.inc **** #define	EE_hal_active_tos EE_cortex_mx_active_tos
 165:Generated_Source\PSoC5/SimpleSystem_cortex_mx_ee_cpu.inc **** 
 166:Generated_Source\PSoC5/SimpleSystem_cortex_mx_ee_cpu.inc **** /*extern	EE_UREG EE_pic30_thread_tos[];
 167:Generated_Source\PSoC5/SimpleSystem_cortex_mx_ee_cpu.inc **** #define	EE_std_thread_tos EE_pic30_thread_tos */
 168:Generated_Source\PSoC5/SimpleSystem_cortex_mx_ee_cpu.inc **** #endif /* __MULTI__ */
 169:Generated_Source\PSoC5/SimpleSystem_cortex_mx_ee_cpu.inc **** 
 170:Generated_Source\PSoC5/SimpleSystem_cortex_mx_ee_cpu.inc **** /*********************************************************************
 171:Generated_Source\PSoC5/SimpleSystem_cortex_mx_ee_cpu.inc ****  Cortex M0 interrupt disabling/enabling
ARM GAS  C:\Users\Reza\AppData\Local\Temp\ccl5VsvM.s 			page 6


 172:Generated_Source\PSoC5/SimpleSystem_cortex_mx_ee_cpu.inc ****  *********************************************************************/
 173:Generated_Source\PSoC5/SimpleSystem_cortex_mx_ee_cpu.inc **** 
 174:Generated_Source\PSoC5/SimpleSystem_cortex_mx_ee_cpu.inc **** /* Used to check the value returned by EE_cortex_mx_disableIRQ */
 175:Generated_Source\PSoC5/SimpleSystem_cortex_mx_ee_cpu.inc **** #define EE_cortex_mx_are_IRQs_enabled(ie) ((ie) ^ 1)
 176:Generated_Source\PSoC5/SimpleSystem_cortex_mx_ee_cpu.inc **** 
 177:Generated_Source\PSoC5/SimpleSystem_cortex_mx_ee_cpu.inc **** /**
 178:Generated_Source\PSoC5/SimpleSystem_cortex_mx_ee_cpu.inc ****  * Enable interrupts
 179:Generated_Source\PSoC5/SimpleSystem_cortex_mx_ee_cpu.inc ****  */
 180:Generated_Source\PSoC5/SimpleSystem_cortex_mx_ee_cpu.inc **** __INLINE__ void  EE_cortex_mx_enableIRQ(void)
 181:Generated_Source\PSoC5/SimpleSystem_cortex_mx_ee_cpu.inc **** {
 182:Generated_Source\PSoC5/SimpleSystem_cortex_mx_ee_cpu.inc **** #ifdef __IAR__
 183:Generated_Source\PSoC5/SimpleSystem_cortex_mx_ee_cpu.inc **** 	__ASM ("cpsie i");
 184:Generated_Source\PSoC5/SimpleSystem_cortex_mx_ee_cpu.inc **** #else	/* __IAR__ */
 185:Generated_Source\PSoC5/SimpleSystem_cortex_mx_ee_cpu.inc **** #ifdef __CCS__
 186:Generated_Source\PSoC5/SimpleSystem_cortex_mx_ee_cpu.inc **** 	__ASM ("    cpsie    i\n");
 187:Generated_Source\PSoC5/SimpleSystem_cortex_mx_ee_cpu.inc **** #else	/* __CCS__ */
 188:Generated_Source\PSoC5/SimpleSystem_cortex_mx_ee_cpu.inc **** #ifdef __KEIL__
 189:Generated_Source\PSoC5/SimpleSystem_cortex_mx_ee_cpu.inc **** 	__enable_irq();
 190:Generated_Source\PSoC5/SimpleSystem_cortex_mx_ee_cpu.inc **** #else	/* __KEIL__ */
 191:Generated_Source\PSoC5/SimpleSystem_cortex_mx_ee_cpu.inc **** 	__ASM volatile("cpsie i");
 192:Generated_Source\PSoC5/SimpleSystem_cortex_mx_ee_cpu.inc **** #endif	/* !__KEIL__ */
 193:Generated_Source\PSoC5/SimpleSystem_cortex_mx_ee_cpu.inc **** #endif	/* !__CCS__ */
 194:Generated_Source\PSoC5/SimpleSystem_cortex_mx_ee_cpu.inc **** #endif	/* !__IAR__ */
 195:Generated_Source\PSoC5/SimpleSystem_cortex_mx_ee_cpu.inc **** }
 196:Generated_Source\PSoC5/SimpleSystem_cortex_mx_ee_cpu.inc **** 
 197:Generated_Source\PSoC5/SimpleSystem_cortex_mx_ee_cpu.inc **** /**
 198:Generated_Source\PSoC5/SimpleSystem_cortex_mx_ee_cpu.inc ****  * Disable interrupts
 199:Generated_Source\PSoC5/SimpleSystem_cortex_mx_ee_cpu.inc ****  */
 200:Generated_Source\PSoC5/SimpleSystem_cortex_mx_ee_cpu.inc **** __INLINE__ void  EE_cortex_mx_disableIRQ(void)
 201:Generated_Source\PSoC5/SimpleSystem_cortex_mx_ee_cpu.inc **** {
 202:Generated_Source\PSoC5/SimpleSystem_cortex_mx_ee_cpu.inc **** #ifdef __IAR__
 203:Generated_Source\PSoC5/SimpleSystem_cortex_mx_ee_cpu.inc **** 	__ASM ("cpsid i");
 204:Generated_Source\PSoC5/SimpleSystem_cortex_mx_ee_cpu.inc **** #else	/* __IAR__ */
 205:Generated_Source\PSoC5/SimpleSystem_cortex_mx_ee_cpu.inc **** #ifdef __CCS__
 206:Generated_Source\PSoC5/SimpleSystem_cortex_mx_ee_cpu.inc **** 	__ASM ("    cpsid    i\n");
 207:Generated_Source\PSoC5/SimpleSystem_cortex_mx_ee_cpu.inc **** #else	/* __CCS__ */
 208:Generated_Source\PSoC5/SimpleSystem_cortex_mx_ee_cpu.inc **** #ifdef __KEIL__
 209:Generated_Source\PSoC5/SimpleSystem_cortex_mx_ee_cpu.inc **** 	__disable_irq();
 210:Generated_Source\PSoC5/SimpleSystem_cortex_mx_ee_cpu.inc **** #else	/* __KEIL__ */
 211:Generated_Source\PSoC5/SimpleSystem_cortex_mx_ee_cpu.inc **** 	__ASM volatile("cpsid i");
 212:Generated_Source\PSoC5/SimpleSystem_cortex_mx_ee_cpu.inc **** #endif	/* !__KEIL__ */
 213:Generated_Source\PSoC5/SimpleSystem_cortex_mx_ee_cpu.inc **** #endif	/* !__CCS__ */
 214:Generated_Source\PSoC5/SimpleSystem_cortex_mx_ee_cpu.inc **** #endif	/* !__IAR__ */
 215:Generated_Source\PSoC5/SimpleSystem_cortex_mx_ee_cpu.inc **** }
 216:Generated_Source\PSoC5/SimpleSystem_cortex_mx_ee_cpu.inc **** 
 217:Generated_Source\PSoC5/SimpleSystem_cortex_mx_ee_cpu.inc **** /**
 218:Generated_Source\PSoC5/SimpleSystem_cortex_mx_ee_cpu.inc ****  * Resume interrupts
 219:Generated_Source\PSoC5/SimpleSystem_cortex_mx_ee_cpu.inc ****  */
 220:Generated_Source\PSoC5/SimpleSystem_cortex_mx_ee_cpu.inc **** __INLINE__ void  EE_cortex_mx_resumeIRQ(EE_FREG f)
 221:Generated_Source\PSoC5/SimpleSystem_cortex_mx_ee_cpu.inc **** {
 222:Generated_Source\PSoC5/SimpleSystem_cortex_mx_ee_cpu.inc **** #ifdef __IAR__
 223:Generated_Source\PSoC5/SimpleSystem_cortex_mx_ee_cpu.inc **** 	__set_PRIMASK(f);
 224:Generated_Source\PSoC5/SimpleSystem_cortex_mx_ee_cpu.inc **** #else	/* __IAR__ */
 225:Generated_Source\PSoC5/SimpleSystem_cortex_mx_ee_cpu.inc **** #ifdef __CCS__
 226:Generated_Source\PSoC5/SimpleSystem_cortex_mx_ee_cpu.inc **** 	__ASM ("    msr    primask, r0\n");
 227:Generated_Source\PSoC5/SimpleSystem_cortex_mx_ee_cpu.inc **** #else	/* __CCS__ */
 228:Generated_Source\PSoC5/SimpleSystem_cortex_mx_ee_cpu.inc **** #ifdef __KEIL__
ARM GAS  C:\Users\Reza\AppData\Local\Temp\ccl5VsvM.s 			page 7


 229:Generated_Source\PSoC5/SimpleSystem_cortex_mx_ee_cpu.inc **** 	register EE_FREG PRIMASK __ASM("primask");
 230:Generated_Source\PSoC5/SimpleSystem_cortex_mx_ee_cpu.inc **** 	PRIMASK = f;
 231:Generated_Source\PSoC5/SimpleSystem_cortex_mx_ee_cpu.inc **** #else	/* __KEIL__ */
 232:Generated_Source\PSoC5/SimpleSystem_cortex_mx_ee_cpu.inc **** 	__ASM volatile("msr primask, %0" :: "r" (f));
 233:Generated_Source\PSoC5/SimpleSystem_cortex_mx_ee_cpu.inc **** #endif	/* !__KEIL__ */
 234:Generated_Source\PSoC5/SimpleSystem_cortex_mx_ee_cpu.inc **** #endif	/* !__CCS__ */
 235:Generated_Source\PSoC5/SimpleSystem_cortex_mx_ee_cpu.inc **** #endif	/* !__IAR__ */
 236:Generated_Source\PSoC5/SimpleSystem_cortex_mx_ee_cpu.inc **** }
 237:Generated_Source\PSoC5/SimpleSystem_cortex_mx_ee_cpu.inc **** 
 238:Generated_Source\PSoC5/SimpleSystem_cortex_mx_ee_cpu.inc **** /**
 239:Generated_Source\PSoC5/SimpleSystem_cortex_mx_ee_cpu.inc ****  * Suspend interrupts
 240:Generated_Source\PSoC5/SimpleSystem_cortex_mx_ee_cpu.inc ****  */
 241:Generated_Source\PSoC5/SimpleSystem_cortex_mx_ee_cpu.inc **** __INLINE__ EE_FREG  EE_cortex_mx_suspendIRQ(void)
 242:Generated_Source\PSoC5/SimpleSystem_cortex_mx_ee_cpu.inc **** {
 243:Generated_Source\PSoC5/SimpleSystem_cortex_mx_ee_cpu.inc **** #ifndef __CCS__
 244:Generated_Source\PSoC5/SimpleSystem_cortex_mx_ee_cpu.inc **** 	EE_FREG istat;
 245:Generated_Source\PSoC5/SimpleSystem_cortex_mx_ee_cpu.inc **** #endif
 246:Generated_Source\PSoC5/SimpleSystem_cortex_mx_ee_cpu.inc **** #ifdef __IAR__
 247:Generated_Source\PSoC5/SimpleSystem_cortex_mx_ee_cpu.inc **** 	 istat = __get_PRIMASK();
 248:Generated_Source\PSoC5/SimpleSystem_cortex_mx_ee_cpu.inc **** 	__ASM ("cpsid i");
 249:Generated_Source\PSoC5/SimpleSystem_cortex_mx_ee_cpu.inc **** #else	/* __IAR__ */
 250:Generated_Source\PSoC5/SimpleSystem_cortex_mx_ee_cpu.inc **** #ifdef __CCS__
 251:Generated_Source\PSoC5/SimpleSystem_cortex_mx_ee_cpu.inc **** 	__ASM ("    mrs     r0, primask\n"
 252:Generated_Source\PSoC5/SimpleSystem_cortex_mx_ee_cpu.inc **** 	       "    cpsid   i\n"
 253:Generated_Source\PSoC5/SimpleSystem_cortex_mx_ee_cpu.inc **** 	       "    bx      lr\n");
 254:Generated_Source\PSoC5/SimpleSystem_cortex_mx_ee_cpu.inc **** #else	/* __CCS__ */
 255:Generated_Source\PSoC5/SimpleSystem_cortex_mx_ee_cpu.inc **** #ifdef __KEIL__
 256:Generated_Source\PSoC5/SimpleSystem_cortex_mx_ee_cpu.inc **** 	register EE_FREG PRIMASK __ASM("primask");
 257:Generated_Source\PSoC5/SimpleSystem_cortex_mx_ee_cpu.inc **** 	istat = PRIMASK;
 258:Generated_Source\PSoC5/SimpleSystem_cortex_mx_ee_cpu.inc **** 	__disable_irq();
 259:Generated_Source\PSoC5/SimpleSystem_cortex_mx_ee_cpu.inc **** #else	/* __KEIL__ */
 260:Generated_Source\PSoC5/SimpleSystem_cortex_mx_ee_cpu.inc **** 	__ASM volatile ("mrs %0, primask" : "=r" (istat) );
  46              		.loc 2 260 0
  47              		.syntax unified
  48              	@ 260 "Generated_Source\PSoC5\SimpleSystem_cortex_mx_ee_cpu.inc" 1
  49 0006 EFF31084 		mrs r4, primask
  50              	@ 0 "" 2
 261:Generated_Source\PSoC5/SimpleSystem_cortex_mx_ee_cpu.inc **** 	__ASM volatile ("cpsid i");
  51              		.loc 2 261 0
  52              	@ 261 "Generated_Source\PSoC5\SimpleSystem_cortex_mx_ee_cpu.inc" 1
  53 000a 72B6     		cpsid i
  54              	@ 0 "" 2
  55              		.thumb
  56              		.syntax unified
  57              	.LBE16:
  58              	.LBE15:
  59              	.LBE14:
  70:Generated_Source\PSoC5/SimpleSystem_cortex_mx_ee_utils.c **** #endif
  71:Generated_Source\PSoC5/SimpleSystem_cortex_mx_ee_utils.c ****   register EE_UREG flags;
  72:Generated_Source\PSoC5/SimpleSystem_cortex_mx_ee_utils.c **** 
  73:Generated_Source\PSoC5/SimpleSystem_cortex_mx_ee_utils.c ****   flags = EE_hal_suspendIRQ();
  74:Generated_Source\PSoC5/SimpleSystem_cortex_mx_ee_utils.c **** 
  75:Generated_Source\PSoC5/SimpleSystem_cortex_mx_ee_utils.c **** 	/* 
  76:Generated_Source\PSoC5/SimpleSystem_cortex_mx_ee_utils.c **** 	 * Set the priority of PendSV to the minimum one
  77:Generated_Source\PSoC5/SimpleSystem_cortex_mx_ee_utils.c **** 	 * PendSV is the software interrupt used for context switch
  78:Generated_Source\PSoC5/SimpleSystem_cortex_mx_ee_utils.c **** 	 */
  79:Generated_Source\PSoC5/SimpleSystem_cortex_mx_ee_utils.c **** 	EE_set_switch_context_pri();
ARM GAS  C:\Users\Reza\AppData\Local\Temp\ccl5VsvM.s 			page 8


  60              		.loc 1 79 0
  61 000c FFF7FEFF 		bl	EE_set_switch_context_pri
  62              	.LVL1:
  80:Generated_Source\PSoC5/SimpleSystem_cortex_mx_ee_utils.c **** 
  81:Generated_Source\PSoC5/SimpleSystem_cortex_mx_ee_utils.c **** #ifdef	__CORTEX_MX__
  82:Generated_Source\PSoC5/SimpleSystem_cortex_mx_ee_utils.c **** 
  83:Generated_Source\PSoC5/SimpleSystem_cortex_mx_ee_utils.c **** #ifdef	EE_CORTEX_MX_SYSTICK_ISR
  84:Generated_Source\PSoC5/SimpleSystem_cortex_mx_ee_utils.c **** #ifdef	EE_CORTEX_MX_SYSTICK_ISR_PRI
  85:Generated_Source\PSoC5/SimpleSystem_cortex_mx_ee_utils.c **** 	NVIC_SYS_PRI3_R |= (
  63              		.loc 1 85 0
  64 0010 154A     		ldr	r2, .L3+4
  65 0012 1368     		ldr	r3, [r2]
  66 0014 43F07F43 		orr	r3, r3, #-16777216
  67 0018 1360     		str	r3, [r2]
  86:Generated_Source\PSoC5/SimpleSystem_cortex_mx_ee_utils.c **** 	  EE_CORTEX_MX_SYSTICK_ISR_PRI << NVIC_SYS_PRI3_TICK_S
  87:Generated_Source\PSoC5/SimpleSystem_cortex_mx_ee_utils.c **** 	);
  88:Generated_Source\PSoC5/SimpleSystem_cortex_mx_ee_utils.c **** #endif
  89:Generated_Source\PSoC5/SimpleSystem_cortex_mx_ee_utils.c **** #endif
  90:Generated_Source\PSoC5/SimpleSystem_cortex_mx_ee_utils.c **** 
  91:Generated_Source\PSoC5/SimpleSystem_cortex_mx_ee_utils.c **** #define ISR_MIN_PRI 48
  92:Generated_Source\PSoC5/SimpleSystem_cortex_mx_ee_utils.c **** 
  93:Generated_Source\PSoC5/SimpleSystem_cortex_mx_ee_utils.c **** #if (Number_of_ISRs > 0) && defined isr_Button__INTC_NUMBER
  94:Generated_Source\PSoC5/SimpleSystem_cortex_mx_ee_utils.c ****     ramVectorTable[CY_INT_IRQ_BASE + (isr_Button__INTC_NUMBER & CY_INT_NUMBER_MASK)] = isr_Button;
  68              		.loc 1 94 0
  69 001a 144B     		ldr	r3, .L3+8
  70 001c 6B64     		str	r3, [r5, #68]
  95:Generated_Source\PSoC5/SimpleSystem_cortex_mx_ee_utils.c **** 	NVIC_SET_PRI(isr_Button__INTC_NUMBER, (ISR_MIN_PRI - 2));
  71              		.loc 1 95 0
  72 001e 144B     		ldr	r3, .L3+12
  73 0020 1A68     		ldr	r2, [r3]
  74 0022 22F46042 		bic	r2, r2, #57344
  75 0026 1A60     		str	r2, [r3]
  76 0028 1A68     		ldr	r2, [r3]
  77 002a 42F40052 		orr	r2, r2, #8192
  78 002e 1A60     		str	r2, [r3]
  96:Generated_Source\PSoC5/SimpleSystem_cortex_mx_ee_utils.c **** 	NVIC_INT_ENABLE(isr_Button__INTC_NUMBER);
  79              		.loc 1 96 0
  80 0030 A3F54073 		sub	r3, r3, #768
  81 0034 1A68     		ldr	r2, [r3]
  82 0036 42F00202 		orr	r2, r2, #2
  83 003a 1A60     		str	r2, [r3]
  97:Generated_Source\PSoC5/SimpleSystem_cortex_mx_ee_utils.c **** #elif Number_of_ISRs > 0
  98:Generated_Source\PSoC5/SimpleSystem_cortex_mx_ee_utils.c **** #error  The Interrupt isr_Button could not be found. Make sure the name in the OS config exactly ma
  99:Generated_Source\PSoC5/SimpleSystem_cortex_mx_ee_utils.c **** #endif	/* isr_Button */
 100:Generated_Source\PSoC5/SimpleSystem_cortex_mx_ee_utils.c **** 
 101:Generated_Source\PSoC5/SimpleSystem_cortex_mx_ee_utils.c **** #if (Number_of_ISRs > 1) && defined isr_Timer__INTC_NUMBER
 102:Generated_Source\PSoC5/SimpleSystem_cortex_mx_ee_utils.c ****     ramVectorTable[CY_INT_IRQ_BASE + (isr_Timer__INTC_NUMBER & CY_INT_NUMBER_MASK)] = isr_Timer;
  84              		.loc 1 102 0
  85 003c 0D4A     		ldr	r2, .L3+16
  86 003e C5F88420 		str	r2, [r5, #132]
 103:Generated_Source\PSoC5/SimpleSystem_cortex_mx_ee_utils.c **** 	NVIC_SET_PRI(isr_Timer__INTC_NUMBER, (ISR_MIN_PRI - 14));
  87              		.loc 1 103 0
  88 0042 0D4A     		ldr	r2, .L3+20
  89 0044 1168     		ldr	r1, [r2]
  90 0046 21F46041 		bic	r1, r1, #57344
  91 004a 1160     		str	r1, [r2]
  92 004c 1168     		ldr	r1, [r2]
ARM GAS  C:\Users\Reza\AppData\Local\Temp\ccl5VsvM.s 			page 9


  93 004e 41F40051 		orr	r1, r1, #8192
  94 0052 1160     		str	r1, [r2]
 104:Generated_Source\PSoC5/SimpleSystem_cortex_mx_ee_utils.c **** 	NVIC_INT_ENABLE(isr_Timer__INTC_NUMBER);
  95              		.loc 1 104 0
  96 0054 1A68     		ldr	r2, [r3]
  97 0056 42F40032 		orr	r2, r2, #131072
  98 005a 1A60     		str	r2, [r3]
  99              	.LBB17:
 100              	.LBB18:
 101              	.LBB19:
 232:Generated_Source\PSoC5/SimpleSystem_cortex_mx_ee_cpu.inc **** #endif	/* !__KEIL__ */
 102              		.loc 2 232 0
 103              		.syntax unified
 104              	@ 232 "Generated_Source\PSoC5\SimpleSystem_cortex_mx_ee_cpu.inc" 1
 105 005c 84F31088 		msr primask, r4
 106              	@ 0 "" 2
 107              		.thumb
 108              		.syntax unified
 109 0060 38BD     		pop	{r3, r4, r5, pc}
 110              	.LVL2:
 111              	.L4:
 112 0062 00BF     		.align	2
 113              	.L3:
 114 0064 08ED00E0 		.word	-536810232
 115 0068 20ED00E0 		.word	-536810208
 116 006c 00000000 		.word	isr_Button
 117 0070 00E400E0 		.word	-536812544
 118 0074 00000000 		.word	isr_Timer
 119 0078 10E400E0 		.word	-536812528
 120              	.LBE19:
 121              	.LBE18:
 122              	.LBE17:
 123              		.cfi_endproc
 124              	.LFE76:
 125              		.size	EE_system_init, .-EE_system_init
 126              		.text
 127              	.Letext0:
 128              		.file 3 "Generated_Source\\PSoC5\\SimpleSystem_common_ee_types.inc"
 129              		.file 4 "Generated_Source\\PSoC5\\SimpleSystem_ee_oo_common.inc"
 130              		.file 5 "Generated_Source\\PSoC5\\cytypes.h"
 131              		.file 6 "Generated_Source\\PSoC5\\SimpleSystem_common_ee_primitives.inc"
 132              		.file 7 "Generated_Source\\PSoC5\\SimpleSystem_cortex_mx_ee_context.inc"
 133              		.file 8 "Generated_Source\\PSoC5\\SimpleSystem_ee_oo_intfunc.inc"
 134              		.file 9 "Generated_Source\\PSoC5\\SimpleSystem_ee_oo_internal.inc"
 135              		.section	.debug_info,"",%progbits
 136              	.Ldebug_info0:
 137 0000 EF040000 		.4byte	0x4ef
 138 0004 0400     		.2byte	0x4
 139 0006 00000000 		.4byte	.Ldebug_abbrev0
 140 000a 04       		.byte	0x4
 141 000b 01       		.uleb128 0x1
 142 000c 4C040000 		.4byte	.LASF70
 143 0010 0C       		.byte	0xc
 144 0011 CB000000 		.4byte	.LASF71
 145 0015 DA040000 		.4byte	.LASF72
 146 0019 00000000 		.4byte	.Ldebug_ranges0+0
 147 001d 00000000 		.4byte	0
ARM GAS  C:\Users\Reza\AppData\Local\Temp\ccl5VsvM.s 			page 10


 148 0021 00000000 		.4byte	.Ldebug_line0
 149 0025 02       		.uleb128 0x2
 150 0026 01       		.byte	0x1
 151 0027 06       		.byte	0x6
 152 0028 9E020000 		.4byte	.LASF0
 153 002c 02       		.uleb128 0x2
 154 002d 01       		.byte	0x1
 155 002e 08       		.byte	0x8
 156 002f DB010000 		.4byte	.LASF1
 157 0033 02       		.uleb128 0x2
 158 0034 02       		.byte	0x2
 159 0035 05       		.byte	0x5
 160 0036 5B000000 		.4byte	.LASF2
 161 003a 02       		.uleb128 0x2
 162 003b 02       		.byte	0x2
 163 003c 07       		.byte	0x7
 164 003d 32030000 		.4byte	.LASF3
 165 0041 02       		.uleb128 0x2
 166 0042 04       		.byte	0x4
 167 0043 05       		.byte	0x5
 168 0044 C2010000 		.4byte	.LASF4
 169 0048 02       		.uleb128 0x2
 170 0049 04       		.byte	0x4
 171 004a 07       		.byte	0x7
 172 004b AB030000 		.4byte	.LASF5
 173 004f 02       		.uleb128 0x2
 174 0050 08       		.byte	0x8
 175 0051 05       		.byte	0x5
 176 0052 60010000 		.4byte	.LASF6
 177 0056 02       		.uleb128 0x2
 178 0057 08       		.byte	0x8
 179 0058 07       		.byte	0x7
 180 0059 B0020000 		.4byte	.LASF7
 181 005d 03       		.uleb128 0x3
 182 005e 04       		.byte	0x4
 183 005f 05       		.byte	0x5
 184 0060 696E7400 		.ascii	"int\000"
 185 0064 02       		.uleb128 0x2
 186 0065 04       		.byte	0x4
 187 0066 07       		.byte	0x7
 188 0067 DE020000 		.4byte	.LASF8
 189 006b 02       		.uleb128 0x2
 190 006c 08       		.byte	0x8
 191 006d 04       		.byte	0x4
 192 006e 45020000 		.4byte	.LASF9
 193 0072 04       		.uleb128 0x4
 194 0073 BA010000 		.4byte	.LASF10
 195 0077 03       		.byte	0x3
 196 0078 3F       		.byte	0x3f
 197 0079 25000000 		.4byte	0x25
 198 007d 04       		.uleb128 0x4
 199 007e 68030000 		.4byte	.LASF11
 200 0082 03       		.byte	0x3
 201 0083 52       		.byte	0x52
 202 0084 3A000000 		.4byte	0x3a
 203 0088 04       		.uleb128 0x4
 204 0089 11030000 		.4byte	.LASF12
ARM GAS  C:\Users\Reza\AppData\Local\Temp\ccl5VsvM.s 			page 11


 205 008d 03       		.byte	0x3
 206 008e 53       		.byte	0x53
 207 008f 5D000000 		.4byte	0x5d
 208 0093 04       		.uleb128 0x4
 209 0094 9A000000 		.4byte	.LASF13
 210 0098 03       		.byte	0x3
 211 0099 54       		.byte	0x54
 212 009a 64000000 		.4byte	0x64
 213 009e 05       		.uleb128 0x5
 214 009f 04       		.byte	0x4
 215 00a0 A4000000 		.4byte	0xa4
 216 00a4 06       		.uleb128 0x6
 217 00a5 04       		.uleb128 0x4
 218 00a6 13000000 		.4byte	.LASF14
 219 00aa 02       		.byte	0x2
 220 00ab 4D       		.byte	0x4d
 221 00ac 93000000 		.4byte	0x93
 222 00b0 04       		.uleb128 0x4
 223 00b1 7C000000 		.4byte	.LASF15
 224 00b5 02       		.byte	0x2
 225 00b6 4F       		.byte	0x4f
 226 00b7 93000000 		.4byte	0x93
 227 00bb 04       		.uleb128 0x4
 228 00bc C4030000 		.4byte	.LASF16
 229 00c0 02       		.byte	0x2
 230 00c1 54       		.byte	0x54
 231 00c2 A5000000 		.4byte	0xa5
 232 00c6 04       		.uleb128 0x4
 233 00c7 B5000000 		.4byte	.LASF17
 234 00cb 02       		.byte	0x2
 235 00cc 78       		.byte	0x78
 236 00cd 88000000 		.4byte	0x88
 237 00d1 07       		.uleb128 0x7
 238 00d2 99010000 		.4byte	.LASF18
 239 00d6 04       		.byte	0x4
 240 00d7 0801     		.2byte	0x108
 241 00d9 7D000000 		.4byte	0x7d
 242 00dd 07       		.uleb128 0x7
 243 00de 2D020000 		.4byte	.LASF19
 244 00e2 04       		.byte	0x4
 245 00e3 2C02     		.2byte	0x22c
 246 00e5 A5000000 		.4byte	0xa5
 247 00e9 07       		.uleb128 0x7
 248 00ea 6E010000 		.4byte	.LASF20
 249 00ee 04       		.byte	0x4
 250 00ef 5402     		.2byte	0x254
 251 00f1 A5000000 		.4byte	0xa5
 252 00f5 07       		.uleb128 0x7
 253 00f6 EA030000 		.4byte	.LASF21
 254 00fa 04       		.byte	0x4
 255 00fb 6302     		.2byte	0x263
 256 00fd A5000000 		.4byte	0xa5
 257 0101 08       		.uleb128 0x8
 258 0102 0C       		.byte	0xc
 259 0103 04       		.byte	0x4
 260 0104 6902     		.2byte	0x269
 261 0106 32010000 		.4byte	0x132
ARM GAS  C:\Users\Reza\AppData\Local\Temp\ccl5VsvM.s 			page 12


 262 010a 09       		.uleb128 0x9
 263 010b CB010000 		.4byte	.LASF22
 264 010f 04       		.byte	0x4
 265 0110 6A02     		.2byte	0x26a
 266 0112 DD000000 		.4byte	0xdd
 267 0116 00       		.byte	0
 268 0117 09       		.uleb128 0x9
 269 0118 2A000000 		.4byte	.LASF23
 270 011c 04       		.byte	0x4
 271 011d 6B02     		.2byte	0x26b
 272 011f DD000000 		.4byte	0xdd
 273 0123 04       		.byte	0x4
 274 0124 09       		.uleb128 0x9
 275 0125 BC000000 		.4byte	.LASF24
 276 0129 04       		.byte	0x4
 277 012a 6C02     		.2byte	0x26c
 278 012c DD000000 		.4byte	0xdd
 279 0130 08       		.byte	0x8
 280 0131 00       		.byte	0
 281 0132 07       		.uleb128 0x7
 282 0133 16020000 		.4byte	.LASF25
 283 0137 04       		.byte	0x4
 284 0138 7102     		.2byte	0x271
 285 013a 01010000 		.4byte	0x101
 286 013e 08       		.uleb128 0x8
 287 013f 08       		.byte	0x8
 288 0140 04       		.byte	0x4
 289 0141 7402     		.2byte	0x274
 290 0143 62010000 		.4byte	0x162
 291 0147 09       		.uleb128 0x9
 292 0148 C5000000 		.4byte	.LASF26
 293 014c 04       		.byte	0x4
 294 014d 7502     		.2byte	0x275
 295 014f DD000000 		.4byte	0xdd
 296 0153 00       		.byte	0
 297 0154 09       		.uleb128 0x9
 298 0155 AE050000 		.4byte	.LASF27
 299 0159 04       		.byte	0x4
 300 015a 7602     		.2byte	0x276
 301 015c E9000000 		.4byte	0xe9
 302 0160 04       		.byte	0x4
 303 0161 00       		.byte	0
 304 0162 07       		.uleb128 0x7
 305 0163 C7020000 		.4byte	.LASF28
 306 0167 04       		.byte	0x4
 307 0168 7702     		.2byte	0x277
 308 016a 3E010000 		.4byte	0x13e
 309 016e 0A       		.uleb128 0xa
 310 016f 01       		.byte	0x1
 311 0170 2C000000 		.4byte	0x2c
 312 0174 04       		.byte	0x4
 313 0175 8102     		.2byte	0x281
 314 0177 88010000 		.4byte	0x188
 315 017b 0B       		.uleb128 0xb
 316 017c DC030000 		.4byte	.LASF29
 317 0180 00       		.byte	0
 318 0181 0B       		.uleb128 0xb
ARM GAS  C:\Users\Reza\AppData\Local\Temp\ccl5VsvM.s 			page 13


 319 0182 A9010000 		.4byte	.LASF30
 320 0186 01       		.byte	0x1
 321 0187 00       		.byte	0
 322 0188 07       		.uleb128 0x7
 323 0189 26010000 		.4byte	.LASF31
 324 018d 04       		.byte	0x4
 325 018e 8402     		.2byte	0x284
 326 0190 6E010000 		.4byte	0x16e
 327 0194 07       		.uleb128 0x7
 328 0195 84000000 		.4byte	.LASF32
 329 0199 04       		.byte	0x4
 330 019a 8702     		.2byte	0x287
 331 019c 88010000 		.4byte	0x188
 332 01a0 08       		.uleb128 0x8
 333 01a1 0C       		.byte	0xc
 334 01a2 04       		.byte	0x4
 335 01a3 8B02     		.2byte	0x28b
 336 01a5 CF010000 		.4byte	0x1cf
 337 01a9 0C       		.uleb128 0xc
 338 01aa 6300     		.ascii	"c\000"
 339 01ac 04       		.byte	0x4
 340 01ad 8D02     		.2byte	0x28d
 341 01af F5000000 		.4byte	0xf5
 342 01b3 00       		.byte	0
 343 01b4 09       		.uleb128 0x9
 344 01b5 74000000 		.4byte	.LASF33
 345 01b9 04       		.byte	0x4
 346 01ba 8F02     		.2byte	0x28f
 347 01bc E9000000 		.4byte	0xe9
 348 01c0 04       		.byte	0x4
 349 01c1 09       		.uleb128 0x9
 350 01c2 00000000 		.4byte	.LASF34
 351 01c6 04       		.byte	0x4
 352 01c7 9102     		.2byte	0x291
 353 01c9 94010000 		.4byte	0x194
 354 01cd 08       		.byte	0x8
 355 01ce 00       		.byte	0
 356 01cf 07       		.uleb128 0x7
 357 01d0 45030000 		.4byte	.LASF35
 358 01d4 04       		.byte	0x4
 359 01d5 9202     		.2byte	0x292
 360 01d7 A0010000 		.4byte	0x1a0
 361 01db 08       		.uleb128 0x8
 362 01dc 10       		.byte	0x10
 363 01dd 04       		.byte	0x4
 364 01de 9602     		.2byte	0x296
 365 01e0 19020000 		.4byte	0x219
 366 01e4 09       		.uleb128 0x9
 367 01e5 E5030000 		.4byte	.LASF36
 368 01e9 04       		.byte	0x4
 369 01ea 9702     		.2byte	0x297
 370 01ec BB000000 		.4byte	0xbb
 371 01f0 00       		.byte	0
 372 01f1 09       		.uleb128 0x9
 373 01f2 04010000 		.4byte	.LASF37
 374 01f6 04       		.byte	0x4
 375 01f7 9802     		.2byte	0x298
ARM GAS  C:\Users\Reza\AppData\Local\Temp\ccl5VsvM.s 			page 14


 376 01f9 DD000000 		.4byte	0xdd
 377 01fd 04       		.byte	0x4
 378 01fe 09       		.uleb128 0x9
 379 01ff 6E000000 		.4byte	.LASF38
 380 0203 04       		.byte	0x4
 381 0204 9902     		.2byte	0x299
 382 0206 DD000000 		.4byte	0xdd
 383 020a 08       		.byte	0x8
 384 020b 09       		.uleb128 0x9
 385 020c 9C050000 		.4byte	.LASF39
 386 0210 04       		.byte	0x4
 387 0211 9A02     		.2byte	0x29a
 388 0213 E9000000 		.4byte	0xe9
 389 0217 0C       		.byte	0xc
 390 0218 00       		.byte	0
 391 0219 07       		.uleb128 0x7
 392 021a E9010000 		.4byte	.LASF40
 393 021e 04       		.byte	0x4
 394 021f 9B02     		.2byte	0x29b
 395 0221 DB010000 		.4byte	0x1db
 396 0225 02       		.uleb128 0x2
 397 0226 04       		.byte	0x4
 398 0227 07       		.byte	0x7
 399 0228 65000000 		.4byte	.LASF41
 400 022c 02       		.uleb128 0x2
 401 022d 01       		.byte	0x1
 402 022e 08       		.byte	0x8
 403 022f 63030000 		.4byte	.LASF42
 404 0233 02       		.uleb128 0x2
 405 0234 04       		.byte	0x4
 406 0235 04       		.byte	0x4
 407 0236 5A010000 		.4byte	.LASF43
 408 023a 02       		.uleb128 0x2
 409 023b 08       		.byte	0x8
 410 023c 04       		.byte	0x4
 411 023d BD030000 		.4byte	.LASF44
 412 0241 07       		.uleb128 0x7
 413 0242 60020000 		.4byte	.LASF45
 414 0246 05       		.byte	0x5
 415 0247 A002     		.2byte	0x2a0
 416 0249 9E000000 		.4byte	0x9e
 417 024d 0D       		.uleb128 0xd
 418 024e 72030000 		.4byte	.LASF46
 419 0252 02       		.byte	0x2
 420 0253 DC       		.byte	0xdc
 421 0254 03       		.byte	0x3
 422 0255 63020000 		.4byte	0x263
 423 0259 0E       		.uleb128 0xe
 424 025a 6600     		.ascii	"f\000"
 425 025c 02       		.byte	0x2
 426 025d DC       		.byte	0xdc
 427 025e B0000000 		.4byte	0xb0
 428 0262 00       		.byte	0
 429 0263 0F       		.uleb128 0xf
 430 0264 6D020000 		.4byte	.LASF73
 431 0268 02       		.byte	0x2
 432 0269 F1       		.byte	0xf1
ARM GAS  C:\Users\Reza\AppData\Local\Temp\ccl5VsvM.s 			page 15


 433 026a B0000000 		.4byte	0xb0
 434 026e 03       		.byte	0x3
 435 026f 7F020000 		.4byte	0x27f
 436 0273 10       		.uleb128 0x10
 437 0274 2C030000 		.4byte	.LASF48
 438 0278 02       		.byte	0x2
 439 0279 F4       		.byte	0xf4
 440 027a B0000000 		.4byte	0xb0
 441 027e 00       		.byte	0
 442 027f 11       		.uleb128 0x11
 443 0280 30040000 		.4byte	.LASF47
 444 0284 02       		.byte	0x2
 445 0285 A201     		.2byte	0x1a2
 446 0287 03       		.byte	0x3
 447 0288 97020000 		.4byte	0x297
 448 028c 12       		.uleb128 0x12
 449 028d 6600     		.ascii	"f\000"
 450 028f 02       		.byte	0x2
 451 0290 A201     		.2byte	0x1a2
 452 0292 B0000000 		.4byte	0xb0
 453 0296 00       		.byte	0
 454 0297 13       		.uleb128 0x13
 455 0298 1A030000 		.4byte	.LASF74
 456 029c 02       		.byte	0x2
 457 029d A801     		.2byte	0x1a8
 458 029f B0000000 		.4byte	0xb0
 459 02a3 03       		.byte	0x3
 460 02a4 14       		.uleb128 0x14
 461 02a5 1B000000 		.4byte	.LASF75
 462 02a9 01       		.byte	0x1
 463 02aa 42       		.byte	0x42
 464 02ab 00000000 		.4byte	.LFB76
 465 02af 7C000000 		.4byte	.LFE76-.LFB76
 466 02b3 01       		.uleb128 0x1
 467 02b4 9C       		.byte	0x9c
 468 02b5 40030000 		.4byte	0x340
 469 02b9 15       		.uleb128 0x15
 470 02ba 07020000 		.4byte	.LASF76
 471 02be 01       		.byte	0x1
 472 02bf 45       		.byte	0x45
 473 02c0 40030000 		.4byte	0x340
 474 02c4 00000000 		.4byte	.LLST0
 475 02c8 10       		.uleb128 0x10
 476 02c9 AA020000 		.4byte	.LASF49
 477 02cd 01       		.byte	0x1
 478 02ce 47       		.byte	0x47
 479 02cf A5000000 		.4byte	0xa5
 480 02d3 16       		.uleb128 0x16
 481 02d4 97020000 		.4byte	0x297
 482 02d8 06000000 		.4byte	.LBB14
 483 02dc 06000000 		.4byte	.LBE14-.LBB14
 484 02e0 01       		.byte	0x1
 485 02e1 49       		.byte	0x49
 486 02e2 07030000 		.4byte	0x307
 487 02e6 17       		.uleb128 0x17
 488 02e7 63020000 		.4byte	0x263
 489 02eb 06000000 		.4byte	.LBB15
ARM GAS  C:\Users\Reza\AppData\Local\Temp\ccl5VsvM.s 			page 16


 490 02ef 06000000 		.4byte	.LBE15-.LBB15
 491 02f3 02       		.byte	0x2
 492 02f4 AA01     		.2byte	0x1aa
 493 02f6 18       		.uleb128 0x18
 494 02f7 06000000 		.4byte	.LBB16
 495 02fb 06000000 		.4byte	.LBE16-.LBB16
 496 02ff 19       		.uleb128 0x19
 497 0300 73020000 		.4byte	0x273
 498 0304 00       		.byte	0
 499 0305 00       		.byte	0
 500 0306 00       		.byte	0
 501 0307 16       		.uleb128 0x16
 502 0308 7F020000 		.4byte	0x27f
 503 030c 5C000000 		.4byte	.LBB17
 504 0310 20000000 		.4byte	.LBE17-.LBB17
 505 0314 01       		.byte	0x1
 506 0315 DF       		.byte	0xdf
 507 0316 36030000 		.4byte	0x336
 508 031a 1A       		.uleb128 0x1a
 509 031b 8C020000 		.4byte	0x28c
 510 031f 17       		.uleb128 0x17
 511 0320 4D020000 		.4byte	0x24d
 512 0324 5C000000 		.4byte	.LBB18
 513 0328 20000000 		.4byte	.LBE18-.LBB18
 514 032c 02       		.byte	0x2
 515 032d A401     		.2byte	0x1a4
 516 032f 1A       		.uleb128 0x1a
 517 0330 59020000 		.4byte	0x259
 518 0334 00       		.byte	0
 519 0335 00       		.byte	0
 520 0336 1B       		.uleb128 0x1b
 521 0337 10000000 		.4byte	.LVL1
 522 033b E7040000 		.4byte	0x4e7
 523 033f 00       		.byte	0
 524 0340 05       		.uleb128 0x5
 525 0341 04       		.byte	0x4
 526 0342 41020000 		.4byte	0x241
 527 0346 1C       		.uleb128 0x1c
 528 0347 45010000 		.4byte	.LASF50
 529 034b 06       		.byte	0x6
 530 034c 44       		.byte	0x44
 531 034d A5000000 		.4byte	0xa5
 532 0351 1C       		.uleb128 0x1c
 533 0352 F8020000 		.4byte	.LASF51
 534 0356 07       		.byte	0x7
 535 0357 48       		.byte	0x48
 536 0358 C6000000 		.4byte	0xc6
 537 035c 1D       		.uleb128 0x1d
 538 035d 6C030000 		.4byte	0x36c
 539 0361 6C030000 		.4byte	0x36c
 540 0365 1E       		.uleb128 0x1e
 541 0366 25020000 		.4byte	0x225
 542 036a 02       		.byte	0x2
 543 036b 00       		.byte	0
 544 036c 1F       		.uleb128 0x1f
 545 036d A5000000 		.4byte	0xa5
 546 0371 1C       		.uleb128 0x1c
ARM GAS  C:\Users\Reza\AppData\Local\Temp\ccl5VsvM.s 			page 17


 547 0372 A4000000 		.4byte	.LASF52
 548 0376 04       		.byte	0x4
 549 0377 B2       		.byte	0xb2
 550 0378 7C030000 		.4byte	0x37c
 551 037c 1F       		.uleb128 0x1f
 552 037d 5C030000 		.4byte	0x35c
 553 0381 1C       		.uleb128 0x1c
 554 0382 1C040000 		.4byte	.LASF53
 555 0386 04       		.byte	0x4
 556 0387 B3       		.byte	0xb3
 557 0388 8C030000 		.4byte	0x38c
 558 038c 1F       		.uleb128 0x1f
 559 038d 5C030000 		.4byte	0x35c
 560 0391 1D       		.uleb128 0x1d
 561 0392 A5000000 		.4byte	0xa5
 562 0396 A1030000 		.4byte	0x3a1
 563 039a 1E       		.uleb128 0x1e
 564 039b 25020000 		.4byte	0x225
 565 039f 02       		.byte	0x2
 566 03a0 00       		.byte	0
 567 03a1 1C       		.uleb128 0x1c
 568 03a2 EB020000 		.4byte	.LASF54
 569 03a6 04       		.byte	0x4
 570 03a7 C1       		.byte	0xc1
 571 03a8 91030000 		.4byte	0x391
 572 03ac 1D       		.uleb128 0x1d
 573 03ad C6000000 		.4byte	0xc6
 574 03b1 BC030000 		.4byte	0x3bc
 575 03b5 1E       		.uleb128 0x1e
 576 03b6 25020000 		.4byte	0x225
 577 03ba 02       		.byte	0x2
 578 03bb 00       		.byte	0
 579 03bc 1C       		.uleb128 0x1c
 580 03bd 41040000 		.4byte	.LASF55
 581 03c1 04       		.byte	0x4
 582 03c2 C9       		.byte	0xc9
 583 03c3 AC030000 		.4byte	0x3ac
 584 03c7 1C       		.uleb128 0x1c
 585 03c8 10040000 		.4byte	.LASF56
 586 03cc 04       		.byte	0x4
 587 03cd D1       		.byte	0xd1
 588 03ce 91030000 		.4byte	0x391
 589 03d2 1C       		.uleb128 0x1c
 590 03d3 D0030000 		.4byte	.LASF57
 591 03d7 04       		.byte	0x4
 592 03d8 D9       		.byte	0xd9
 593 03d9 C6000000 		.4byte	0xc6
 594 03dd 1C       		.uleb128 0x1c
 595 03de 36020000 		.4byte	.LASF58
 596 03e2 04       		.byte	0x4
 597 03e3 EE       		.byte	0xee
 598 03e4 A5000000 		.4byte	0xa5
 599 03e8 20       		.uleb128 0x20
 600 03e9 05000000 		.4byte	.LASF59
 601 03ed 04       		.byte	0x4
 602 03ee 3601     		.2byte	0x136
 603 03f0 D1000000 		.4byte	0xd1
ARM GAS  C:\Users\Reza\AppData\Local\Temp\ccl5VsvM.s 			page 18


 604 03f4 20       		.uleb128 0x20
 605 03f5 37000000 		.4byte	.LASF60
 606 03f9 04       		.byte	0x4
 607 03fa 5301     		.2byte	0x153
 608 03fc 91030000 		.4byte	0x391
 609 0400 1D       		.uleb128 0x1d
 610 0401 BB000000 		.4byte	0xbb
 611 0405 10040000 		.4byte	0x410
 612 0409 1E       		.uleb128 0x1e
 613 040a 25020000 		.4byte	0x225
 614 040e 02       		.byte	0x2
 615 040f 00       		.byte	0
 616 0410 20       		.uleb128 0x20
 617 0411 4A000000 		.4byte	.LASF61
 618 0415 04       		.byte	0x4
 619 0416 5E01     		.2byte	0x15e
 620 0418 00040000 		.4byte	0x400
 621 041c 1D       		.uleb128 0x1d
 622 041d 2C040000 		.4byte	0x42c
 623 0421 2C040000 		.4byte	0x42c
 624 0425 1E       		.uleb128 0x1e
 625 0426 25020000 		.4byte	0x225
 626 042a 00       		.byte	0
 627 042b 00       		.byte	0
 628 042c 1F       		.uleb128 0x1f
 629 042d 32010000 		.4byte	0x132
 630 0431 20       		.uleb128 0x20
 631 0432 51020000 		.4byte	.LASF62
 632 0436 04       		.byte	0x4
 633 0437 C102     		.2byte	0x2c1
 634 0439 3D040000 		.4byte	0x43d
 635 043d 1F       		.uleb128 0x1f
 636 043e 1C040000 		.4byte	0x41c
 637 0442 1D       		.uleb128 0x1d
 638 0443 52040000 		.4byte	0x452
 639 0447 52040000 		.4byte	0x452
 640 044b 1E       		.uleb128 0x1e
 641 044c 25020000 		.4byte	0x225
 642 0450 04       		.byte	0x4
 643 0451 00       		.byte	0
 644 0452 1F       		.uleb128 0x1f
 645 0453 CF010000 		.4byte	0x1cf
 646 0457 20       		.uleb128 0x20
 647 0458 0D010000 		.4byte	.LASF63
 648 045c 04       		.byte	0x4
 649 045d D402     		.2byte	0x2d4
 650 045f 63040000 		.4byte	0x463
 651 0463 1F       		.uleb128 0x1f
 652 0464 42040000 		.4byte	0x442
 653 0468 1D       		.uleb128 0x1d
 654 0469 62010000 		.4byte	0x162
 655 046d 78040000 		.4byte	0x478
 656 0471 1E       		.uleb128 0x1e
 657 0472 25020000 		.4byte	0x225
 658 0476 00       		.byte	0
 659 0477 00       		.byte	0
 660 0478 20       		.uleb128 0x20
ARM GAS  C:\Users\Reza\AppData\Local\Temp\ccl5VsvM.s 			page 19


 661 0479 89030000 		.4byte	.LASF64
 662 047d 04       		.byte	0x4
 663 047e F202     		.2byte	0x2f2
 664 0480 68040000 		.4byte	0x468
 665 0484 1D       		.uleb128 0x1d
 666 0485 19020000 		.4byte	0x219
 667 0489 94040000 		.4byte	0x494
 668 048d 1E       		.uleb128 0x1e
 669 048e 25020000 		.4byte	0x225
 670 0492 04       		.byte	0x4
 671 0493 00       		.byte	0
 672 0494 20       		.uleb128 0x20
 673 0495 85020000 		.4byte	.LASF65
 674 0499 04       		.byte	0x4
 675 049a FB02     		.2byte	0x2fb
 676 049c 84040000 		.4byte	0x484
 677 04a0 1C       		.uleb128 0x1c
 678 04a1 84050000 		.4byte	.LASF66
 679 04a5 08       		.byte	0x8
 680 04a6 40       		.byte	0x40
 681 04a7 A5000000 		.4byte	0xa5
 682 04ab 1C       		.uleb128 0x1c
 683 04ac 80010000 		.4byte	.LASF67
 684 04b0 08       		.byte	0x8
 685 04b1 47       		.byte	0x47
 686 04b2 B0000000 		.4byte	0xb0
 687 04b6 1C       		.uleb128 0x1c
 688 04b7 98030000 		.4byte	.LASF68
 689 04bb 08       		.byte	0x8
 690 04bc 4A       		.byte	0x4a
 691 04bd A5000000 		.4byte	0xa5
 692 04c1 1D       		.uleb128 0x1d
 693 04c2 D1040000 		.4byte	0x4d1
 694 04c6 D1040000 		.4byte	0x4d1
 695 04ca 1E       		.uleb128 0x1e
 696 04cb 25020000 		.4byte	0x225
 697 04cf FF       		.byte	0xff
 698 04d0 00       		.byte	0
 699 04d1 1F       		.uleb128 0x1f
 700 04d2 72000000 		.4byte	0x72
 701 04d6 20       		.uleb128 0x20
 702 04d7 A1050000 		.4byte	.LASF69
 703 04db 09       		.byte	0x9
 704 04dc AB01     		.2byte	0x1ab
 705 04de E2040000 		.4byte	0x4e2
 706 04e2 1F       		.uleb128 0x1f
 707 04e3 C1040000 		.4byte	0x4c1
 708 04e7 21       		.uleb128 0x21
 709 04e8 F6030000 		.4byte	.LASF77
 710 04ec F6030000 		.4byte	.LASF77
 711 04f0 01       		.byte	0x1
 712 04f1 3F       		.byte	0x3f
 713 04f2 00       		.byte	0
 714              		.section	.debug_abbrev,"",%progbits
 715              	.Ldebug_abbrev0:
 716 0000 01       		.uleb128 0x1
 717 0001 11       		.uleb128 0x11
ARM GAS  C:\Users\Reza\AppData\Local\Temp\ccl5VsvM.s 			page 20


 718 0002 01       		.byte	0x1
 719 0003 25       		.uleb128 0x25
 720 0004 0E       		.uleb128 0xe
 721 0005 13       		.uleb128 0x13
 722 0006 0B       		.uleb128 0xb
 723 0007 03       		.uleb128 0x3
 724 0008 0E       		.uleb128 0xe
 725 0009 1B       		.uleb128 0x1b
 726 000a 0E       		.uleb128 0xe
 727 000b 55       		.uleb128 0x55
 728 000c 17       		.uleb128 0x17
 729 000d 11       		.uleb128 0x11
 730 000e 01       		.uleb128 0x1
 731 000f 10       		.uleb128 0x10
 732 0010 17       		.uleb128 0x17
 733 0011 00       		.byte	0
 734 0012 00       		.byte	0
 735 0013 02       		.uleb128 0x2
 736 0014 24       		.uleb128 0x24
 737 0015 00       		.byte	0
 738 0016 0B       		.uleb128 0xb
 739 0017 0B       		.uleb128 0xb
 740 0018 3E       		.uleb128 0x3e
 741 0019 0B       		.uleb128 0xb
 742 001a 03       		.uleb128 0x3
 743 001b 0E       		.uleb128 0xe
 744 001c 00       		.byte	0
 745 001d 00       		.byte	0
 746 001e 03       		.uleb128 0x3
 747 001f 24       		.uleb128 0x24
 748 0020 00       		.byte	0
 749 0021 0B       		.uleb128 0xb
 750 0022 0B       		.uleb128 0xb
 751 0023 3E       		.uleb128 0x3e
 752 0024 0B       		.uleb128 0xb
 753 0025 03       		.uleb128 0x3
 754 0026 08       		.uleb128 0x8
 755 0027 00       		.byte	0
 756 0028 00       		.byte	0
 757 0029 04       		.uleb128 0x4
 758 002a 16       		.uleb128 0x16
 759 002b 00       		.byte	0
 760 002c 03       		.uleb128 0x3
 761 002d 0E       		.uleb128 0xe
 762 002e 3A       		.uleb128 0x3a
 763 002f 0B       		.uleb128 0xb
 764 0030 3B       		.uleb128 0x3b
 765 0031 0B       		.uleb128 0xb
 766 0032 49       		.uleb128 0x49
 767 0033 13       		.uleb128 0x13
 768 0034 00       		.byte	0
 769 0035 00       		.byte	0
 770 0036 05       		.uleb128 0x5
 771 0037 0F       		.uleb128 0xf
 772 0038 00       		.byte	0
 773 0039 0B       		.uleb128 0xb
 774 003a 0B       		.uleb128 0xb
ARM GAS  C:\Users\Reza\AppData\Local\Temp\ccl5VsvM.s 			page 21


 775 003b 49       		.uleb128 0x49
 776 003c 13       		.uleb128 0x13
 777 003d 00       		.byte	0
 778 003e 00       		.byte	0
 779 003f 06       		.uleb128 0x6
 780 0040 15       		.uleb128 0x15
 781 0041 00       		.byte	0
 782 0042 27       		.uleb128 0x27
 783 0043 19       		.uleb128 0x19
 784 0044 00       		.byte	0
 785 0045 00       		.byte	0
 786 0046 07       		.uleb128 0x7
 787 0047 16       		.uleb128 0x16
 788 0048 00       		.byte	0
 789 0049 03       		.uleb128 0x3
 790 004a 0E       		.uleb128 0xe
 791 004b 3A       		.uleb128 0x3a
 792 004c 0B       		.uleb128 0xb
 793 004d 3B       		.uleb128 0x3b
 794 004e 05       		.uleb128 0x5
 795 004f 49       		.uleb128 0x49
 796 0050 13       		.uleb128 0x13
 797 0051 00       		.byte	0
 798 0052 00       		.byte	0
 799 0053 08       		.uleb128 0x8
 800 0054 13       		.uleb128 0x13
 801 0055 01       		.byte	0x1
 802 0056 0B       		.uleb128 0xb
 803 0057 0B       		.uleb128 0xb
 804 0058 3A       		.uleb128 0x3a
 805 0059 0B       		.uleb128 0xb
 806 005a 3B       		.uleb128 0x3b
 807 005b 05       		.uleb128 0x5
 808 005c 01       		.uleb128 0x1
 809 005d 13       		.uleb128 0x13
 810 005e 00       		.byte	0
 811 005f 00       		.byte	0
 812 0060 09       		.uleb128 0x9
 813 0061 0D       		.uleb128 0xd
 814 0062 00       		.byte	0
 815 0063 03       		.uleb128 0x3
 816 0064 0E       		.uleb128 0xe
 817 0065 3A       		.uleb128 0x3a
 818 0066 0B       		.uleb128 0xb
 819 0067 3B       		.uleb128 0x3b
 820 0068 05       		.uleb128 0x5
 821 0069 49       		.uleb128 0x49
 822 006a 13       		.uleb128 0x13
 823 006b 38       		.uleb128 0x38
 824 006c 0B       		.uleb128 0xb
 825 006d 00       		.byte	0
 826 006e 00       		.byte	0
 827 006f 0A       		.uleb128 0xa
 828 0070 04       		.uleb128 0x4
 829 0071 01       		.byte	0x1
 830 0072 0B       		.uleb128 0xb
 831 0073 0B       		.uleb128 0xb
ARM GAS  C:\Users\Reza\AppData\Local\Temp\ccl5VsvM.s 			page 22


 832 0074 49       		.uleb128 0x49
 833 0075 13       		.uleb128 0x13
 834 0076 3A       		.uleb128 0x3a
 835 0077 0B       		.uleb128 0xb
 836 0078 3B       		.uleb128 0x3b
 837 0079 05       		.uleb128 0x5
 838 007a 01       		.uleb128 0x1
 839 007b 13       		.uleb128 0x13
 840 007c 00       		.byte	0
 841 007d 00       		.byte	0
 842 007e 0B       		.uleb128 0xb
 843 007f 28       		.uleb128 0x28
 844 0080 00       		.byte	0
 845 0081 03       		.uleb128 0x3
 846 0082 0E       		.uleb128 0xe
 847 0083 1C       		.uleb128 0x1c
 848 0084 0B       		.uleb128 0xb
 849 0085 00       		.byte	0
 850 0086 00       		.byte	0
 851 0087 0C       		.uleb128 0xc
 852 0088 0D       		.uleb128 0xd
 853 0089 00       		.byte	0
 854 008a 03       		.uleb128 0x3
 855 008b 08       		.uleb128 0x8
 856 008c 3A       		.uleb128 0x3a
 857 008d 0B       		.uleb128 0xb
 858 008e 3B       		.uleb128 0x3b
 859 008f 05       		.uleb128 0x5
 860 0090 49       		.uleb128 0x49
 861 0091 13       		.uleb128 0x13
 862 0092 38       		.uleb128 0x38
 863 0093 0B       		.uleb128 0xb
 864 0094 00       		.byte	0
 865 0095 00       		.byte	0
 866 0096 0D       		.uleb128 0xd
 867 0097 2E       		.uleb128 0x2e
 868 0098 01       		.byte	0x1
 869 0099 03       		.uleb128 0x3
 870 009a 0E       		.uleb128 0xe
 871 009b 3A       		.uleb128 0x3a
 872 009c 0B       		.uleb128 0xb
 873 009d 3B       		.uleb128 0x3b
 874 009e 0B       		.uleb128 0xb
 875 009f 27       		.uleb128 0x27
 876 00a0 19       		.uleb128 0x19
 877 00a1 20       		.uleb128 0x20
 878 00a2 0B       		.uleb128 0xb
 879 00a3 01       		.uleb128 0x1
 880 00a4 13       		.uleb128 0x13
 881 00a5 00       		.byte	0
 882 00a6 00       		.byte	0
 883 00a7 0E       		.uleb128 0xe
 884 00a8 05       		.uleb128 0x5
 885 00a9 00       		.byte	0
 886 00aa 03       		.uleb128 0x3
 887 00ab 08       		.uleb128 0x8
 888 00ac 3A       		.uleb128 0x3a
ARM GAS  C:\Users\Reza\AppData\Local\Temp\ccl5VsvM.s 			page 23


 889 00ad 0B       		.uleb128 0xb
 890 00ae 3B       		.uleb128 0x3b
 891 00af 0B       		.uleb128 0xb
 892 00b0 49       		.uleb128 0x49
 893 00b1 13       		.uleb128 0x13
 894 00b2 00       		.byte	0
 895 00b3 00       		.byte	0
 896 00b4 0F       		.uleb128 0xf
 897 00b5 2E       		.uleb128 0x2e
 898 00b6 01       		.byte	0x1
 899 00b7 03       		.uleb128 0x3
 900 00b8 0E       		.uleb128 0xe
 901 00b9 3A       		.uleb128 0x3a
 902 00ba 0B       		.uleb128 0xb
 903 00bb 3B       		.uleb128 0x3b
 904 00bc 0B       		.uleb128 0xb
 905 00bd 27       		.uleb128 0x27
 906 00be 19       		.uleb128 0x19
 907 00bf 49       		.uleb128 0x49
 908 00c0 13       		.uleb128 0x13
 909 00c1 20       		.uleb128 0x20
 910 00c2 0B       		.uleb128 0xb
 911 00c3 01       		.uleb128 0x1
 912 00c4 13       		.uleb128 0x13
 913 00c5 00       		.byte	0
 914 00c6 00       		.byte	0
 915 00c7 10       		.uleb128 0x10
 916 00c8 34       		.uleb128 0x34
 917 00c9 00       		.byte	0
 918 00ca 03       		.uleb128 0x3
 919 00cb 0E       		.uleb128 0xe
 920 00cc 3A       		.uleb128 0x3a
 921 00cd 0B       		.uleb128 0xb
 922 00ce 3B       		.uleb128 0x3b
 923 00cf 0B       		.uleb128 0xb
 924 00d0 49       		.uleb128 0x49
 925 00d1 13       		.uleb128 0x13
 926 00d2 00       		.byte	0
 927 00d3 00       		.byte	0
 928 00d4 11       		.uleb128 0x11
 929 00d5 2E       		.uleb128 0x2e
 930 00d6 01       		.byte	0x1
 931 00d7 03       		.uleb128 0x3
 932 00d8 0E       		.uleb128 0xe
 933 00d9 3A       		.uleb128 0x3a
 934 00da 0B       		.uleb128 0xb
 935 00db 3B       		.uleb128 0x3b
 936 00dc 05       		.uleb128 0x5
 937 00dd 27       		.uleb128 0x27
 938 00de 19       		.uleb128 0x19
 939 00df 20       		.uleb128 0x20
 940 00e0 0B       		.uleb128 0xb
 941 00e1 01       		.uleb128 0x1
 942 00e2 13       		.uleb128 0x13
 943 00e3 00       		.byte	0
 944 00e4 00       		.byte	0
 945 00e5 12       		.uleb128 0x12
ARM GAS  C:\Users\Reza\AppData\Local\Temp\ccl5VsvM.s 			page 24


 946 00e6 05       		.uleb128 0x5
 947 00e7 00       		.byte	0
 948 00e8 03       		.uleb128 0x3
 949 00e9 08       		.uleb128 0x8
 950 00ea 3A       		.uleb128 0x3a
 951 00eb 0B       		.uleb128 0xb
 952 00ec 3B       		.uleb128 0x3b
 953 00ed 05       		.uleb128 0x5
 954 00ee 49       		.uleb128 0x49
 955 00ef 13       		.uleb128 0x13
 956 00f0 00       		.byte	0
 957 00f1 00       		.byte	0
 958 00f2 13       		.uleb128 0x13
 959 00f3 2E       		.uleb128 0x2e
 960 00f4 00       		.byte	0
 961 00f5 03       		.uleb128 0x3
 962 00f6 0E       		.uleb128 0xe
 963 00f7 3A       		.uleb128 0x3a
 964 00f8 0B       		.uleb128 0xb
 965 00f9 3B       		.uleb128 0x3b
 966 00fa 05       		.uleb128 0x5
 967 00fb 27       		.uleb128 0x27
 968 00fc 19       		.uleb128 0x19
 969 00fd 49       		.uleb128 0x49
 970 00fe 13       		.uleb128 0x13
 971 00ff 20       		.uleb128 0x20
 972 0100 0B       		.uleb128 0xb
 973 0101 00       		.byte	0
 974 0102 00       		.byte	0
 975 0103 14       		.uleb128 0x14
 976 0104 2E       		.uleb128 0x2e
 977 0105 01       		.byte	0x1
 978 0106 3F       		.uleb128 0x3f
 979 0107 19       		.uleb128 0x19
 980 0108 03       		.uleb128 0x3
 981 0109 0E       		.uleb128 0xe
 982 010a 3A       		.uleb128 0x3a
 983 010b 0B       		.uleb128 0xb
 984 010c 3B       		.uleb128 0x3b
 985 010d 0B       		.uleb128 0xb
 986 010e 27       		.uleb128 0x27
 987 010f 19       		.uleb128 0x19
 988 0110 11       		.uleb128 0x11
 989 0111 01       		.uleb128 0x1
 990 0112 12       		.uleb128 0x12
 991 0113 06       		.uleb128 0x6
 992 0114 40       		.uleb128 0x40
 993 0115 18       		.uleb128 0x18
 994 0116 9742     		.uleb128 0x2117
 995 0118 19       		.uleb128 0x19
 996 0119 01       		.uleb128 0x1
 997 011a 13       		.uleb128 0x13
 998 011b 00       		.byte	0
 999 011c 00       		.byte	0
 1000 011d 15       		.uleb128 0x15
 1001 011e 34       		.uleb128 0x34
 1002 011f 00       		.byte	0
ARM GAS  C:\Users\Reza\AppData\Local\Temp\ccl5VsvM.s 			page 25


 1003 0120 03       		.uleb128 0x3
 1004 0121 0E       		.uleb128 0xe
 1005 0122 3A       		.uleb128 0x3a
 1006 0123 0B       		.uleb128 0xb
 1007 0124 3B       		.uleb128 0x3b
 1008 0125 0B       		.uleb128 0xb
 1009 0126 49       		.uleb128 0x49
 1010 0127 13       		.uleb128 0x13
 1011 0128 02       		.uleb128 0x2
 1012 0129 17       		.uleb128 0x17
 1013 012a 00       		.byte	0
 1014 012b 00       		.byte	0
 1015 012c 16       		.uleb128 0x16
 1016 012d 1D       		.uleb128 0x1d
 1017 012e 01       		.byte	0x1
 1018 012f 31       		.uleb128 0x31
 1019 0130 13       		.uleb128 0x13
 1020 0131 11       		.uleb128 0x11
 1021 0132 01       		.uleb128 0x1
 1022 0133 12       		.uleb128 0x12
 1023 0134 06       		.uleb128 0x6
 1024 0135 58       		.uleb128 0x58
 1025 0136 0B       		.uleb128 0xb
 1026 0137 59       		.uleb128 0x59
 1027 0138 0B       		.uleb128 0xb
 1028 0139 01       		.uleb128 0x1
 1029 013a 13       		.uleb128 0x13
 1030 013b 00       		.byte	0
 1031 013c 00       		.byte	0
 1032 013d 17       		.uleb128 0x17
 1033 013e 1D       		.uleb128 0x1d
 1034 013f 01       		.byte	0x1
 1035 0140 31       		.uleb128 0x31
 1036 0141 13       		.uleb128 0x13
 1037 0142 11       		.uleb128 0x11
 1038 0143 01       		.uleb128 0x1
 1039 0144 12       		.uleb128 0x12
 1040 0145 06       		.uleb128 0x6
 1041 0146 58       		.uleb128 0x58
 1042 0147 0B       		.uleb128 0xb
 1043 0148 59       		.uleb128 0x59
 1044 0149 05       		.uleb128 0x5
 1045 014a 00       		.byte	0
 1046 014b 00       		.byte	0
 1047 014c 18       		.uleb128 0x18
 1048 014d 0B       		.uleb128 0xb
 1049 014e 01       		.byte	0x1
 1050 014f 11       		.uleb128 0x11
 1051 0150 01       		.uleb128 0x1
 1052 0151 12       		.uleb128 0x12
 1053 0152 06       		.uleb128 0x6
 1054 0153 00       		.byte	0
 1055 0154 00       		.byte	0
 1056 0155 19       		.uleb128 0x19
 1057 0156 34       		.uleb128 0x34
 1058 0157 00       		.byte	0
 1059 0158 31       		.uleb128 0x31
ARM GAS  C:\Users\Reza\AppData\Local\Temp\ccl5VsvM.s 			page 26


 1060 0159 13       		.uleb128 0x13
 1061 015a 00       		.byte	0
 1062 015b 00       		.byte	0
 1063 015c 1A       		.uleb128 0x1a
 1064 015d 05       		.uleb128 0x5
 1065 015e 00       		.byte	0
 1066 015f 31       		.uleb128 0x31
 1067 0160 13       		.uleb128 0x13
 1068 0161 00       		.byte	0
 1069 0162 00       		.byte	0
 1070 0163 1B       		.uleb128 0x1b
 1071 0164 898201   		.uleb128 0x4109
 1072 0167 00       		.byte	0
 1073 0168 11       		.uleb128 0x11
 1074 0169 01       		.uleb128 0x1
 1075 016a 31       		.uleb128 0x31
 1076 016b 13       		.uleb128 0x13
 1077 016c 00       		.byte	0
 1078 016d 00       		.byte	0
 1079 016e 1C       		.uleb128 0x1c
 1080 016f 34       		.uleb128 0x34
 1081 0170 00       		.byte	0
 1082 0171 03       		.uleb128 0x3
 1083 0172 0E       		.uleb128 0xe
 1084 0173 3A       		.uleb128 0x3a
 1085 0174 0B       		.uleb128 0xb
 1086 0175 3B       		.uleb128 0x3b
 1087 0176 0B       		.uleb128 0xb
 1088 0177 49       		.uleb128 0x49
 1089 0178 13       		.uleb128 0x13
 1090 0179 3F       		.uleb128 0x3f
 1091 017a 19       		.uleb128 0x19
 1092 017b 3C       		.uleb128 0x3c
 1093 017c 19       		.uleb128 0x19
 1094 017d 00       		.byte	0
 1095 017e 00       		.byte	0
 1096 017f 1D       		.uleb128 0x1d
 1097 0180 01       		.uleb128 0x1
 1098 0181 01       		.byte	0x1
 1099 0182 49       		.uleb128 0x49
 1100 0183 13       		.uleb128 0x13
 1101 0184 01       		.uleb128 0x1
 1102 0185 13       		.uleb128 0x13
 1103 0186 00       		.byte	0
 1104 0187 00       		.byte	0
 1105 0188 1E       		.uleb128 0x1e
 1106 0189 21       		.uleb128 0x21
 1107 018a 00       		.byte	0
 1108 018b 49       		.uleb128 0x49
 1109 018c 13       		.uleb128 0x13
 1110 018d 2F       		.uleb128 0x2f
 1111 018e 0B       		.uleb128 0xb
 1112 018f 00       		.byte	0
 1113 0190 00       		.byte	0
 1114 0191 1F       		.uleb128 0x1f
 1115 0192 26       		.uleb128 0x26
 1116 0193 00       		.byte	0
ARM GAS  C:\Users\Reza\AppData\Local\Temp\ccl5VsvM.s 			page 27


 1117 0194 49       		.uleb128 0x49
 1118 0195 13       		.uleb128 0x13
 1119 0196 00       		.byte	0
 1120 0197 00       		.byte	0
 1121 0198 20       		.uleb128 0x20
 1122 0199 34       		.uleb128 0x34
 1123 019a 00       		.byte	0
 1124 019b 03       		.uleb128 0x3
 1125 019c 0E       		.uleb128 0xe
 1126 019d 3A       		.uleb128 0x3a
 1127 019e 0B       		.uleb128 0xb
 1128 019f 3B       		.uleb128 0x3b
 1129 01a0 05       		.uleb128 0x5
 1130 01a1 49       		.uleb128 0x49
 1131 01a2 13       		.uleb128 0x13
 1132 01a3 3F       		.uleb128 0x3f
 1133 01a4 19       		.uleb128 0x19
 1134 01a5 3C       		.uleb128 0x3c
 1135 01a6 19       		.uleb128 0x19
 1136 01a7 00       		.byte	0
 1137 01a8 00       		.byte	0
 1138 01a9 21       		.uleb128 0x21
 1139 01aa 2E       		.uleb128 0x2e
 1140 01ab 00       		.byte	0
 1141 01ac 3F       		.uleb128 0x3f
 1142 01ad 19       		.uleb128 0x19
 1143 01ae 3C       		.uleb128 0x3c
 1144 01af 19       		.uleb128 0x19
 1145 01b0 6E       		.uleb128 0x6e
 1146 01b1 0E       		.uleb128 0xe
 1147 01b2 03       		.uleb128 0x3
 1148 01b3 0E       		.uleb128 0xe
 1149 01b4 3A       		.uleb128 0x3a
 1150 01b5 0B       		.uleb128 0xb
 1151 01b6 3B       		.uleb128 0x3b
 1152 01b7 0B       		.uleb128 0xb
 1153 01b8 00       		.byte	0
 1154 01b9 00       		.byte	0
 1155 01ba 00       		.byte	0
 1156              		.section	.debug_loc,"",%progbits
 1157              	.Ldebug_loc0:
 1158              	.LLST0:
 1159 0000 06000000 		.4byte	.LVL0
 1160 0004 62000000 		.4byte	.LVL2
 1161 0008 0100     		.2byte	0x1
 1162 000a 55       		.byte	0x55
 1163 000b 00000000 		.4byte	0
 1164 000f 00000000 		.4byte	0
 1165              		.section	.debug_aranges,"",%progbits
 1166 0000 1C000000 		.4byte	0x1c
 1167 0004 0200     		.2byte	0x2
 1168 0006 00000000 		.4byte	.Ldebug_info0
 1169 000a 04       		.byte	0x4
 1170 000b 00       		.byte	0
 1171 000c 0000     		.2byte	0
 1172 000e 0000     		.2byte	0
 1173 0010 00000000 		.4byte	.LFB76
ARM GAS  C:\Users\Reza\AppData\Local\Temp\ccl5VsvM.s 			page 28


 1174 0014 7C000000 		.4byte	.LFE76-.LFB76
 1175 0018 00000000 		.4byte	0
 1176 001c 00000000 		.4byte	0
 1177              		.section	.debug_ranges,"",%progbits
 1178              	.Ldebug_ranges0:
 1179 0000 00000000 		.4byte	.LFB76
 1180 0004 7C000000 		.4byte	.LFE76
 1181 0008 00000000 		.4byte	0
 1182 000c 00000000 		.4byte	0
 1183              		.section	.debug_line,"",%progbits
 1184              	.Ldebug_line0:
 1185 0000 90010000 		.section	.debug_str,"MS",%progbits,1
 1185      02005D01 
 1185      00000201 
 1185      FB0E0D00 
 1185      01010101 
 1186              	.LASF34:
 1187 0000 6B696E64 		.ascii	"kind\000"
 1187      00
 1188              	.LASF59:
 1189 0005 45455F72 		.ascii	"EE_rq_bitmask\000"
 1189      715F6269 
 1189      746D6173 
 1189      6B00
 1190              	.LASF14:
 1191 0013 45455F55 		.ascii	"EE_UREG\000"
 1191      52454700 
 1192              	.LASF75:
 1193 001b 45455F73 		.ascii	"EE_system_init\000"
 1193      79737465 
 1193      6D5F696E 
 1193      697400
 1194              	.LASF23:
 1195 002a 7469636B 		.ascii	"ticksperbase\000"
 1195      73706572 
 1195      62617365 
 1195      00
 1196              	.LASF60:
 1197 0037 45455F74 		.ascii	"EE_th_event_active\000"
 1197      685F6576 
 1197      656E745F 
 1197      61637469 
 1197      766500
 1198              	.LASF61:
 1199 004a 45455F74 		.ascii	"EE_th_waswaiting\000"
 1199      685F7761 
 1199      73776169 
 1199      74696E67 
 1199      00
 1200              	.LASF2:
 1201 005b 73686F72 		.ascii	"short int\000"
 1201      7420696E 
 1201      7400
 1202              	.LASF41:
 1203 0065 73697A65 		.ascii	"sizetype\000"
 1203      74797065 
 1203      00
ARM GAS  C:\Users\Reza\AppData\Local\Temp\ccl5VsvM.s 			page 29


 1204              	.LASF38:
 1205 006e 64656C74 		.ascii	"delta\000"
 1205      6100
 1206              	.LASF33:
 1207 0074 73706563 		.ascii	"spec_id\000"
 1207      5F696400 
 1208              	.LASF15:
 1209 007c 45455F46 		.ascii	"EE_FREG\000"
 1209      52454700 
 1210              	.LASF32:
 1211 0084 436F756E 		.ascii	"CounterObjectKindType\000"
 1211      7465724F 
 1211      626A6563 
 1211      744B696E 
 1211      64547970 
 1212              	.LASF13:
 1213 009a 45455F55 		.ascii	"EE_UINT32\000"
 1213      494E5433 
 1213      3200
 1214              	.LASF52:
 1215 00a4 45455F74 		.ascii	"EE_th_ready_prio\000"
 1215      685F7265 
 1215      6164795F 
 1215      7072696F 
 1215      00
 1216              	.LASF17:
 1217 00b5 45455F54 		.ascii	"EE_TID\000"
 1217      494400
 1218              	.LASF24:
 1219 00bc 6D696E63 		.ascii	"mincycle\000"
 1219      79636C65 
 1219      00
 1220              	.LASF26:
 1221 00c5 76616C75 		.ascii	"value\000"
 1221      6500
 1222              	.LASF71:
 1223 00cb 47656E65 		.ascii	"Generated_Source\\PSoC5\\SimpleSystem_cortex_mx_ee_"
 1223      72617465 
 1223      645F536F 
 1223      75726365 
 1223      5C50536F 
 1224 00fc 7574696C 		.ascii	"utils.c\000"
 1224      732E6300 
 1225              	.LASF37:
 1226 0104 636E7463 		.ascii	"cntcycle\000"
 1226      79636C65 
 1226      00
 1227              	.LASF63:
 1228 010d 45455F6F 		.ascii	"EE_oo_counter_object_ROM\000"
 1228      6F5F636F 
 1228      756E7465 
 1228      725F6F62 
 1228      6A656374 
 1229              	.LASF31:
 1230 0126 45455F6F 		.ascii	"EE_oo_counter_object_kind_type\000"
 1230      6F5F636F 
 1230      756E7465 
ARM GAS  C:\Users\Reza\AppData\Local\Temp\ccl5VsvM.s 			page 30


 1230      725F6F62 
 1230      6A656374 
 1231              	.LASF50:
 1232 0145 45455F49 		.ascii	"EE_IRQ_nesting_level\000"
 1232      52515F6E 
 1232      65737469 
 1232      6E675F6C 
 1232      6576656C 
 1233              	.LASF43:
 1234 015a 666C6F61 		.ascii	"float\000"
 1234      7400
 1235              	.LASF6:
 1236 0160 6C6F6E67 		.ascii	"long long int\000"
 1236      206C6F6E 
 1236      6720696E 
 1236      7400
 1237              	.LASF20:
 1238 016e 436F756E 		.ascii	"CounterObjectType\000"
 1238      7465724F 
 1238      626A6563 
 1238      74547970 
 1238      6500
 1239              	.LASF67:
 1240 0180 45455F6F 		.ascii	"EE_oo_IRQ_suspend_status\000"
 1240      6F5F4952 
 1240      515F7375 
 1240      7370656E 
 1240      645F7374 
 1241              	.LASF18:
 1242 0199 45455F54 		.ascii	"EE_TYPE_RQ_MASK\000"
 1242      5950455F 
 1242      52515F4D 
 1242      41534B00 
 1243              	.LASF30:
 1244 01a9 45455F53 		.ascii	"EE_SCHEDULETABLE\000"
 1244      43484544 
 1244      554C4554 
 1244      41424C45 
 1244      00
 1245              	.LASF10:
 1246 01ba 45455F49 		.ascii	"EE_INT8\000"
 1246      4E543800 
 1247              	.LASF4:
 1248 01c2 6C6F6E67 		.ascii	"long int\000"
 1248      20696E74 
 1248      00
 1249              	.LASF22:
 1250 01cb 6D617861 		.ascii	"maxallowedvalue\000"
 1250      6C6C6F77 
 1250      65647661 
 1250      6C756500 
 1251              	.LASF1:
 1252 01db 756E7369 		.ascii	"unsigned char\000"
 1252      676E6564 
 1252      20636861 
 1252      7200
 1253              	.LASF40:
ARM GAS  C:\Users\Reza\AppData\Local\Temp\ccl5VsvM.s 			page 31


 1254 01e9 45455F6F 		.ascii	"EE_oo_counter_object_RAM_type\000"
 1254      6F5F636F 
 1254      756E7465 
 1254      725F6F62 
 1254      6A656374 
 1255              	.LASF76:
 1256 0207 72616D56 		.ascii	"ramVectorTable\000"
 1256      6563746F 
 1256      72546162 
 1256      6C6500
 1257              	.LASF25:
 1258 0216 45455F6F 		.ascii	"EE_oo_counter_ROM_type\000"
 1258      6F5F636F 
 1258      756E7465 
 1258      725F524F 
 1258      4D5F7479 
 1259              	.LASF19:
 1260 022d 5469636B 		.ascii	"TickType\000"
 1260      54797065 
 1260      00
 1261              	.LASF58:
 1262 0236 45455F73 		.ascii	"EE_sys_ceiling\000"
 1262      79735F63 
 1262      65696C69 
 1262      6E6700
 1263              	.LASF9:
 1264 0245 6C6F6E67 		.ascii	"long double\000"
 1264      20646F75 
 1264      626C6500 
 1265              	.LASF62:
 1266 0251 45455F63 		.ascii	"EE_counter_ROM\000"
 1266      6F756E74 
 1266      65725F52 
 1266      4F4D00
 1267              	.LASF45:
 1268 0260 63796973 		.ascii	"cyisraddress\000"
 1268      72616464 
 1268      72657373 
 1268      00
 1269              	.LASF73:
 1270 026d 45455F63 		.ascii	"EE_cortex_mx_suspendIRQ\000"
 1270      6F727465 
 1270      785F6D78 
 1270      5F737573 
 1270      70656E64 
 1271              	.LASF65:
 1272 0285 45455F6F 		.ascii	"EE_oo_counter_object_RAM\000"
 1272      6F5F636F 
 1272      756E7465 
 1272      725F6F62 
 1272      6A656374 
 1273              	.LASF0:
 1274 029e 7369676E 		.ascii	"signed char\000"
 1274      65642063 
 1274      68617200 
 1275              	.LASF49:
 1276 02aa 666C6167 		.ascii	"flags\000"
ARM GAS  C:\Users\Reza\AppData\Local\Temp\ccl5VsvM.s 			page 32


 1276      7300
 1277              	.LASF7:
 1278 02b0 6C6F6E67 		.ascii	"long long unsigned int\000"
 1278      206C6F6E 
 1278      6720756E 
 1278      7369676E 
 1278      65642069 
 1279              	.LASF28:
 1280 02c7 45455F6F 		.ascii	"EE_oo_counter_RAM_type\000"
 1280      6F5F636F 
 1280      756E7465 
 1280      725F5241 
 1280      4D5F7479 
 1281              	.LASF8:
 1282 02de 756E7369 		.ascii	"unsigned int\000"
 1282      676E6564 
 1282      20696E74 
 1282      00
 1283              	.LASF54:
 1284 02eb 45455F74 		.ascii	"EE_th_status\000"
 1284      685F7374 
 1284      61747573 
 1284      00
 1285              	.LASF51:
 1286 02f8 45455F73 		.ascii	"EE_std_endcycle_next_tid\000"
 1286      74645F65 
 1286      6E646379 
 1286      636C655F 
 1286      6E657874 
 1287              	.LASF12:
 1288 0311 45455F49 		.ascii	"EE_INT32\000"
 1288      4E543332 
 1288      00
 1289              	.LASF74:
 1290 031a 45455F68 		.ascii	"EE_hal_suspendIRQ\000"
 1290      616C5F73 
 1290      75737065 
 1290      6E644952 
 1290      5100
 1291              	.LASF48:
 1292 032c 69737461 		.ascii	"istat\000"
 1292      7400
 1293              	.LASF3:
 1294 0332 73686F72 		.ascii	"short unsigned int\000"
 1294      7420756E 
 1294      7369676E 
 1294      65642069 
 1294      6E7400
 1295              	.LASF35:
 1296 0345 45455F6F 		.ascii	"EE_oo_counter_object_ROM_type\000"
 1296      6F5F636F 
 1296      756E7465 
 1296      725F6F62 
 1296      6A656374 
 1297              	.LASF42:
 1298 0363 63686172 		.ascii	"char\000"
 1298      00
ARM GAS  C:\Users\Reza\AppData\Local\Temp\ccl5VsvM.s 			page 33


 1299              	.LASF11:
 1300 0368 45455F55 		.ascii	"EE_UINT16\000"
 1300      494E5431 
 1300      3600
 1301              	.LASF46:
 1302 0372 45455F63 		.ascii	"EE_cortex_mx_resumeIRQ\000"
 1302      6F727465 
 1302      785F6D78 
 1302      5F726573 
 1302      756D6549 
 1303              	.LASF64:
 1304 0389 45455F63 		.ascii	"EE_counter_RAM\000"
 1304      6F756E74 
 1304      65725F52 
 1304      414D00
 1305              	.LASF68:
 1306 0398 45455F41 		.ascii	"EE_ApplicationMode\000"
 1306      70706C69 
 1306      63617469 
 1306      6F6E4D6F 
 1306      646500
 1307              	.LASF5:
 1308 03ab 6C6F6E67 		.ascii	"long unsigned int\000"
 1308      20756E73 
 1308      69676E65 
 1308      6420696E 
 1308      7400
 1309              	.LASF44:
 1310 03bd 646F7562 		.ascii	"double\000"
 1310      6C6500
 1311              	.LASF16:
 1312 03c4 45455F54 		.ascii	"EE_TYPEBOOL\000"
 1312      59504542 
 1312      4F4F4C00 
 1313              	.LASF57:
 1314 03d0 45455F73 		.ascii	"EE_stkfirst\000"
 1314      746B6669 
 1314      72737400 
 1315              	.LASF29:
 1316 03dc 45455F41 		.ascii	"EE_ALARM\000"
 1316      4C41524D 
 1316      00
 1317              	.LASF36:
 1318 03e5 75736564 		.ascii	"used\000"
 1318      00
 1319              	.LASF21:
 1320 03ea 436F756E 		.ascii	"CounterType\000"
 1320      74657254 
 1320      79706500 
 1321              	.LASF77:
 1322 03f6 45455F73 		.ascii	"EE_set_switch_context_pri\000"
 1322      65745F73 
 1322      77697463 
 1322      685F636F 
 1322      6E746578 
 1323              	.LASF56:
 1324 0410 45455F74 		.ascii	"EE_th_rnact\000"
ARM GAS  C:\Users\Reza\AppData\Local\Temp\ccl5VsvM.s 			page 34


 1324      685F726E 
 1324      61637400 
 1325              	.LASF53:
 1326 041c 45455F74 		.ascii	"EE_th_dispatch_prio\000"
 1326      685F6469 
 1326      73706174 
 1326      63685F70 
 1326      72696F00 
 1327              	.LASF47:
 1328 0430 45455F68 		.ascii	"EE_hal_resumeIRQ\000"
 1328      616C5F72 
 1328      6573756D 
 1328      65495251 
 1328      00
 1329              	.LASF55:
 1330 0441 45455F74 		.ascii	"EE_th_next\000"
 1330      685F6E65 
 1330      787400
 1331              	.LASF70:
 1332 044c 474E5520 		.ascii	"GNU C11 5.4.1 20160609 (release) [ARM/embedded-5-br"
 1332      43313120 
 1332      352E342E 
 1332      31203230 
 1332      31363036 
 1333 047f 616E6368 		.ascii	"anch revision 237715] -mcpu=cortex-m3 -mthumb -g -O"
 1333      20726576 
 1333      6973696F 
 1333      6E203233 
 1333      37373135 
 1334 04b2 67202D66 		.ascii	"g -ffunction-sections -ffat-lto-objects\000"
 1334      66756E63 
 1334      74696F6E 
 1334      2D736563 
 1334      74696F6E 
 1335              	.LASF72:
 1336 04da 443A5C48 		.ascii	"D:\\H_da\\Winter Semester\\MM03 Advanced Microcontr"
 1336      5F64615C 
 1336      57696E74 
 1336      65722053 
 1336      656D6573 
 1337 050a 6F6C6C65 		.ascii	"oller Systems and Embedded Operating Systems\\Lectu"
 1337      72205379 
 1337      7374656D 
 1337      7320616E 
 1337      6420456D 
 1338 053c 72652050 		.ascii	"re Prof. Fromm\\workspace\\workspace_psoc\\Smart_Vo"
 1338      726F662E 
 1338      2046726F 
 1338      6D6D5C77 
 1338      6F726B73 
 1339 056c 6C756D65 		.ascii	"lume\\Smart_Volume.cydsn\000"
 1339      5C536D61 
 1339      72745F56 
 1339      6F6C756D 
 1339      652E6379 
 1340              	.LASF66:
 1341 0584 45455F6F 		.ascii	"EE_oo_IRQ_disable_count\000"
ARM GAS  C:\Users\Reza\AppData\Local\Temp\ccl5VsvM.s 			page 35


 1341      6F5F4952 
 1341      515F6469 
 1341      7361626C 
 1341      655F636F 
 1342              	.LASF39:
 1343 059c 6E657874 		.ascii	"next\000"
 1343      00
 1344              	.LASF69:
 1345 05a1 45455F72 		.ascii	"EE_rq_lookup\000"
 1345      715F6C6F 
 1345      6F6B7570 
 1345      00
 1346              	.LASF27:
 1347 05ae 66697273 		.ascii	"first\000"
 1347      7400
 1348              		.ident	"GCC: (GNU Tools for ARM Embedded Processors) 5.4.1 20160609 (release) [ARM/embedded-5-bran
