ARM GAS  C:\Users\Reza\AppData\Local\Temp\ccawL8PH.s 			page 1


   1              		.syntax unified
   2              		.cpu cortex-m3
   3              		.fpu softvfp
   4              		.eabi_attribute 20, 1
   5              		.eabi_attribute 21, 1
   6              		.eabi_attribute 23, 3
   7              		.eabi_attribute 24, 1
   8              		.eabi_attribute 25, 1
   9              		.eabi_attribute 26, 1
  10              		.eabi_attribute 30, 1
  11              		.eabi_attribute 34, 1
  12              		.eabi_attribute 18, 4
  13              		.thumb
  14              		.syntax unified
  15              		.file	"SimpleSystem_eecfg.c"
  16              		.text
  17              	.Ltext0:
  18              		.cfi_sections	.debug_frame
  19              		.global	EE_oo_autostart_task_data
  20              		.comm	EE_ApplicationMode,4,4
  21              		.global	EE_oo_action_ROM
  22              		.comm	EE_oo_counter_object_RAM,80,4
  23              		.global	EE_oo_counter_object_ROM
  24              		.global	EE_alarm_ROM
  25              		.global	EE_counter_RAM
  26              		.global	EE_counter_ROM
  27              		.global	EE_th_is_extended
  28              		.global	EE_th_waswaiting
  29              		.global	EE_th_event_waitmask
  30              		.global	EE_th_event_active
  31              		.global	EE_th_terminate_nextask
  32              		.global	EE_rq_free
  33              		.comm	EE_rq_pairs_tid,12,4
  34              		.global	EE_rq_pairs_next
  35              		.global	EE_rq_link
  36              		.global	EE_th_rnact_max
  37              		.global	EE_th_rnact
  38              		.global	EE_rq_bitmask
  39              		.global	EE_rq_queues_tail
  40              		.global	EE_rq_queues_head
  41              		.global	EE_sys_ceiling
  42              		.global	EE_stkfirst
  43              		.global	EE_th_next
  44              		.global	EE_th_status
  45              		.global	EE_th_dispatch_prio
  46              		.global	EE_th_ready_prio
  47              		.global	EE_terminate_real_th_body
  48              		.comm	EE_terminate_data,12,4
  49              		.global	EE_hal_thread_body
  50              		.global	EE_cortex_mx_IRQ_tos
  51              		.global	EE_cortex_mx_active_tos
  52              		.global	EE_cortex_mx_system_tos
  53              		.global	EE_std_thread_tos
  54              		.comm	EE_cortex_mx_stack_9,512,4
  55              		.comm	EE_cortex_mx_stack_3,200,4
  56              		.section	.rodata
  57              		.align	2
ARM GAS  C:\Users\Reza\AppData\Local\Temp\ccawL8PH.s 			page 2


  58              		.type	EE_oo_autostart_task_data, %object
  59              		.size	EE_oo_autostart_task_data, 8
  60              	EE_oo_autostart_task_data:
  61 0000 01000000 		.word	1
  62 0004 08000000 		.word	EE_oo_autostart_task_mode_OSDEFAULTAPPMODE
  63              		.type	EE_oo_autostart_task_mode_OSDEFAULTAPPMODE, %object
  64              		.size	EE_oo_autostart_task_mode_OSDEFAULTAPPMODE, 4
  65              	EE_oo_autostart_task_mode_OSDEFAULTAPPMODE:
  66 0008 00000000 		.space	4
  67              		.type	EE_oo_action_ROM, %object
  68              		.size	EE_oo_action_ROM, 100
  69              	EE_oo_action_ROM:
  70 000c 01       		.byte	1
  71 000d 000000   		.space	3
  72 0010 02000000 		.word	2
  73 0014 20000000 		.word	32
  74 0018 00000000 		.word	0
  75 001c FFFFFFFF 		.word	-1
  76 0020 01       		.byte	1
  77 0021 000000   		.space	3
  78 0024 02000000 		.word	2
  79 0028 40000000 		.word	64
  80 002c 00000000 		.word	0
  81 0030 FFFFFFFF 		.word	-1
  82 0034 01       		.byte	1
  83 0035 000000   		.space	3
  84 0038 02000000 		.word	2
  85 003c 80000000 		.word	128
  86 0040 00000000 		.word	0
  87 0044 FFFFFFFF 		.word	-1
  88 0048 01       		.byte	1
  89 0049 000000   		.space	3
  90 004c 02000000 		.word	2
  91 0050 00010000 		.word	256
  92 0054 00000000 		.word	0
  93 0058 FFFFFFFF 		.word	-1
  94 005c 01       		.byte	1
  95 005d 000000   		.space	3
  96 0060 02000000 		.word	2
  97 0064 04000000 		.word	4
  98 0068 00000000 		.word	0
  99 006c FFFFFFFF 		.word	-1
 100              		.type	EE_oo_counter_object_ROM, %object
 101              		.size	EE_oo_counter_object_ROM, 60
 102              	EE_oo_counter_object_ROM:
 103 0070 00000000 		.word	0
 104 0074 00000000 		.word	0
 105 0078 00       		.byte	0
 106 0079 000000   		.space	3
 107 007c 00000000 		.word	0
 108 0080 01000000 		.word	1
 109 0084 00       		.byte	0
 110 0085 000000   		.space	3
 111 0088 00000000 		.word	0
 112 008c 02000000 		.word	2
 113 0090 00       		.byte	0
 114 0091 000000   		.space	3
ARM GAS  C:\Users\Reza\AppData\Local\Temp\ccawL8PH.s 			page 3


 115 0094 00000000 		.word	0
 116 0098 03000000 		.word	3
 117 009c 00       		.byte	0
 118 009d 000000   		.space	3
 119 00a0 00000000 		.word	0
 120 00a4 04000000 		.word	4
 121 00a8 00       		.byte	0
 122 00a9 000000   		.space	3
 123              		.type	EE_alarm_ROM, %object
 124              		.size	EE_alarm_ROM, 20
 125              	EE_alarm_ROM:
 126 00ac 00000000 		.word	0
 127 00b0 01000000 		.word	1
 128 00b4 02000000 		.word	2
 129 00b8 03000000 		.word	3
 130 00bc 04000000 		.word	4
 131              		.type	EE_counter_ROM, %object
 132              		.size	EE_counter_ROM, 12
 133              	EE_counter_ROM:
 134 00c0 10270000 		.word	10000
 135 00c4 00000000 		.word	0
 136 00c8 01000000 		.word	1
 137              		.type	EE_th_is_extended, %object
 138              		.size	EE_th_is_extended, 12
 139              	EE_th_is_extended:
 140 00cc 00000000 		.word	0
 141 00d0 00000000 		.word	0
 142 00d4 01000000 		.word	1
 143              		.type	EE_th_rnact_max, %object
 144              		.size	EE_th_rnact_max, 12
 145              	EE_th_rnact_max:
 146 00d8 01000000 		.word	1
 147 00dc 01000000 		.word	1
 148 00e0 01000000 		.word	1
 149              		.type	EE_th_dispatch_prio, %object
 150              		.size	EE_th_dispatch_prio, 12
 151              	EE_th_dispatch_prio:
 152 00e4 80000000 		.word	128
 153 00e8 01000000 		.word	1
 154 00ec 20000000 		.word	32
 155              		.type	EE_th_ready_prio, %object
 156              		.size	EE_th_ready_prio, 12
 157              	EE_th_ready_prio:
 158 00f0 01000000 		.word	1
 159 00f4 01000000 		.word	1
 160 00f8 20000000 		.word	32
 161              		.type	EE_terminate_real_th_body, %object
 162              		.size	EE_terminate_real_th_body, 12
 163              	EE_terminate_real_th_body:
 164 00fc 00000000 		.word	Functsk_init
 165 0100 00000000 		.word	Functsk_background
 166 0104 00000000 		.word	Functsk_control
 167              		.type	EE_hal_thread_body, %object
 168              		.size	EE_hal_thread_body, 12
 169              	EE_hal_thread_body:
 170 0108 00000000 		.word	EE_oo_thread_stub
 171 010c 00000000 		.word	EE_oo_thread_stub
ARM GAS  C:\Users\Reza\AppData\Local\Temp\ccawL8PH.s 			page 4


 172 0110 00000000 		.word	EE_oo_thread_stub
 173              		.type	EE_std_thread_tos, %object
 174              		.size	EE_std_thread_tos, 16
 175              	EE_std_thread_tos:
 176 0114 00000000 		.word	0
 177 0118 00000000 		.word	0
 178 011c 00000000 		.word	0
 179 0120 01000000 		.word	1
 180              		.data
 181              		.align	2
 182              		.type	EE_counter_RAM, %object
 183              		.size	EE_counter_RAM, 8
 184              	EE_counter_RAM:
 185 0000 00000000 		.word	0
 186 0004 FFFFFFFF 		.word	-1
 187              		.type	EE_th_terminate_nextask, %object
 188              		.size	EE_th_terminate_nextask, 12
 189              	EE_th_terminate_nextask:
 190 0008 FFFFFFFF 		.word	-1
 191 000c FFFFFFFF 		.word	-1
 192 0010 FFFFFFFF 		.word	-1
 193              		.type	EE_rq_pairs_next, %object
 194              		.size	EE_rq_pairs_next, 12
 195              	EE_rq_pairs_next:
 196 0014 01000000 		.word	1
 197 0018 02000000 		.word	2
 198 001c FFFFFFFF 		.word	-1
 199              		.type	EE_rq_link, %object
 200              		.size	EE_rq_link, 12
 201              	EE_rq_link:
 202 0020 00000000 		.word	0
 203 0024 00000000 		.word	0
 204 0028 05000000 		.word	5
 205              		.type	EE_th_rnact, %object
 206              		.size	EE_th_rnact, 12
 207              	EE_th_rnact:
 208 002c 01000000 		.word	1
 209 0030 01000000 		.word	1
 210 0034 01000000 		.word	1
 211              		.type	EE_rq_queues_tail, %object
 212              		.size	EE_rq_queues_tail, 64
 213              	EE_rq_queues_tail:
 214 0038 FFFFFFFF 		.word	-1
 215 003c FFFFFFFF 		.word	-1
 216 0040 FFFFFFFF 		.word	-1
 217 0044 FFFFFFFF 		.word	-1
 218 0048 FFFFFFFF 		.word	-1
 219 004c FFFFFFFF 		.word	-1
 220 0050 FFFFFFFF 		.word	-1
 221 0054 FFFFFFFF 		.word	-1
 222 0058 FFFFFFFF 		.word	-1
 223 005c FFFFFFFF 		.word	-1
 224 0060 FFFFFFFF 		.word	-1
 225 0064 FFFFFFFF 		.word	-1
 226 0068 FFFFFFFF 		.word	-1
 227 006c FFFFFFFF 		.word	-1
 228 0070 FFFFFFFF 		.word	-1
ARM GAS  C:\Users\Reza\AppData\Local\Temp\ccawL8PH.s 			page 5


 229 0074 FFFFFFFF 		.word	-1
 230              		.type	EE_rq_queues_head, %object
 231              		.size	EE_rq_queues_head, 64
 232              	EE_rq_queues_head:
 233 0078 FFFFFFFF 		.word	-1
 234 007c FFFFFFFF 		.word	-1
 235 0080 FFFFFFFF 		.word	-1
 236 0084 FFFFFFFF 		.word	-1
 237 0088 FFFFFFFF 		.word	-1
 238 008c FFFFFFFF 		.word	-1
 239 0090 FFFFFFFF 		.word	-1
 240 0094 FFFFFFFF 		.word	-1
 241 0098 FFFFFFFF 		.word	-1
 242 009c FFFFFFFF 		.word	-1
 243 00a0 FFFFFFFF 		.word	-1
 244 00a4 FFFFFFFF 		.word	-1
 245 00a8 FFFFFFFF 		.word	-1
 246 00ac FFFFFFFF 		.word	-1
 247 00b0 FFFFFFFF 		.word	-1
 248 00b4 FFFFFFFF 		.word	-1
 249              		.type	EE_stkfirst, %object
 250              		.size	EE_stkfirst, 4
 251              	EE_stkfirst:
 252 00b8 FFFFFFFF 		.word	-1
 253              		.type	EE_th_next, %object
 254              		.size	EE_th_next, 12
 255              	EE_th_next:
 256 00bc FFFFFFFF 		.word	-1
 257 00c0 FFFFFFFF 		.word	-1
 258 00c4 FFFFFFFF 		.word	-1
 259              		.type	EE_th_status, %object
 260              		.size	EE_th_status, 12
 261              	EE_th_status:
 262 00c8 03000000 		.word	3
 263 00cc 03000000 		.word	3
 264 00d0 03000000 		.word	3
 265              		.type	EE_cortex_mx_IRQ_tos, %object
 266              		.size	EE_cortex_mx_IRQ_tos, 4
 267              	EE_cortex_mx_IRQ_tos:
 268 00d4 00020000 		.word	EE_cortex_mx_stack_9+512
 269              		.type	EE_cortex_mx_system_tos, %object
 270              		.size	EE_cortex_mx_system_tos, 8
 271              	EE_cortex_mx_system_tos:
 272 00d8 00000000 		.word	0
 273 00dc A0000000 		.word	EE_cortex_mx_stack_3+160
 274              		.bss
 275              		.align	2
 276              		.type	EE_th_waswaiting, %object
 277              		.size	EE_th_waswaiting, 12
 278              	EE_th_waswaiting:
 279 0000 00000000 		.space	12
 279      00000000 
 279      00000000 
 280              		.type	EE_th_event_waitmask, %object
 281              		.size	EE_th_event_waitmask, 12
 282              	EE_th_event_waitmask:
 283 000c 00000000 		.space	12
ARM GAS  C:\Users\Reza\AppData\Local\Temp\ccawL8PH.s 			page 6


 283      00000000 
 283      00000000 
 284              		.type	EE_th_event_active, %object
 285              		.size	EE_th_event_active, 12
 286              	EE_th_event_active:
 287 0018 00000000 		.space	12
 287      00000000 
 287      00000000 
 288              		.type	EE_rq_free, %object
 289              		.size	EE_rq_free, 4
 290              	EE_rq_free:
 291 0024 00000000 		.space	4
 292              		.type	EE_rq_bitmask, %object
 293              		.size	EE_rq_bitmask, 2
 294              	EE_rq_bitmask:
 295 0028 0000     		.space	2
 296 002a 0000     		.space	2
 297              		.type	EE_sys_ceiling, %object
 298              		.size	EE_sys_ceiling, 4
 299              	EE_sys_ceiling:
 300 002c 00000000 		.space	4
 301              		.type	EE_cortex_mx_active_tos, %object
 302              		.size	EE_cortex_mx_active_tos, 4
 303              	EE_cortex_mx_active_tos:
 304 0030 00000000 		.space	4
 305              		.text
 306              	.Letext0:
 307              		.file 1 "Generated_Source\\PSoC5\\SimpleSystem_common_ee_types.inc"
 308              		.file 2 "Generated_Source\\PSoC5\\SimpleSystem_cortex_mx_ee_cpu.inc"
 309              		.file 3 "Generated_Source\\PSoC5\\SimpleSystem_ee_oo_common.inc"
 310              		.file 4 "Generated_Source\\PSoC5\\SimpleSystem_common_ee_hal_structs.inc"
 311              		.file 5 "Generated_Source\\PSoC5\\SimpleSystem_eecfg.c"
 312              		.file 6 "Generated_Source\\PSoC5\\SimpleSystem_ee_oo_intfunc.inc"
 313              		.file 7 "Generated_Source\\PSoC5\\SimpleSystem_cortex_mx_ee_context.inc"
 314              		.file 8 "Generated_Source\\PSoC5\\SimpleSystem_common_ee_primitives.inc"
 315              		.section	.debug_info,"",%progbits
 316              	.Ldebug_info0:
 317 0000 E7070000 		.4byte	0x7e7
 318 0004 0400     		.2byte	0x4
 319 0006 00000000 		.4byte	.Ldebug_abbrev0
 320 000a 04       		.byte	0x4
 321 000b 01       		.uleb128 0x1
 322 000c 01070000 		.4byte	.LASF106
 323 0010 0C       		.byte	0xc
 324 0011 98070000 		.4byte	.LASF107
 325 0015 AA030000 		.4byte	.LASF108
 326 0019 00000000 		.4byte	.Ldebug_line0
 327 001d 02       		.uleb128 0x2
 328 001e 01       		.byte	0x1
 329 001f 06       		.byte	0x6
 330 0020 9E030000 		.4byte	.LASF0
 331 0024 02       		.uleb128 0x2
 332 0025 01       		.byte	0x1
 333 0026 08       		.byte	0x8
 334 0027 60030000 		.4byte	.LASF1
 335 002b 02       		.uleb128 0x2
 336 002c 02       		.byte	0x2
ARM GAS  C:\Users\Reza\AppData\Local\Temp\ccawL8PH.s 			page 7


 337 002d 05       		.byte	0x5
 338 002e 99000000 		.4byte	.LASF2
 339 0032 02       		.uleb128 0x2
 340 0033 02       		.byte	0x2
 341 0034 07       		.byte	0x7
 342 0035 F6040000 		.4byte	.LASF3
 343 0039 02       		.uleb128 0x2
 344 003a 04       		.byte	0x4
 345 003b 05       		.byte	0x5
 346 003c 5A020000 		.4byte	.LASF4
 347 0040 02       		.uleb128 0x2
 348 0041 04       		.byte	0x4
 349 0042 07       		.byte	0x7
 350 0043 C2050000 		.4byte	.LASF5
 351 0047 02       		.uleb128 0x2
 352 0048 08       		.byte	0x8
 353 0049 05       		.byte	0x5
 354 004a E3010000 		.4byte	.LASF6
 355 004e 02       		.uleb128 0x2
 356 004f 08       		.byte	0x8
 357 0050 07       		.byte	0x7
 358 0051 F1010000 		.4byte	.LASF7
 359 0055 03       		.uleb128 0x3
 360 0056 04       		.byte	0x4
 361 0057 05       		.byte	0x5
 362 0058 696E7400 		.ascii	"int\000"
 363 005c 02       		.uleb128 0x2
 364 005d 04       		.byte	0x4
 365 005e 07       		.byte	0x7
 366 005f 72040000 		.4byte	.LASF8
 367 0063 02       		.uleb128 0x2
 368 0064 08       		.byte	0x8
 369 0065 04       		.byte	0x4
 370 0066 3C030000 		.4byte	.LASF9
 371 006a 04       		.uleb128 0x4
 372 006b 52050000 		.4byte	.LASF10
 373 006f 01       		.byte	0x1
 374 0070 52       		.byte	0x52
 375 0071 32000000 		.4byte	0x32
 376 0075 04       		.uleb128 0x4
 377 0076 D8040000 		.4byte	.LASF11
 378 007a 01       		.byte	0x1
 379 007b 53       		.byte	0x53
 380 007c 55000000 		.4byte	0x55
 381 0080 04       		.uleb128 0x4
 382 0081 F7000000 		.4byte	.LASF12
 383 0085 01       		.byte	0x1
 384 0086 54       		.byte	0x54
 385 0087 5C000000 		.4byte	0x5c
 386 008b 04       		.uleb128 0x4
 387 008c 6B010000 		.4byte	.LASF13
 388 0090 01       		.byte	0x1
 389 0091 64       		.byte	0x64
 390 0092 96000000 		.4byte	0x96
 391 0096 05       		.uleb128 0x5
 392 0097 04       		.byte	0x4
 393 0098 06       		.uleb128 0x6
ARM GAS  C:\Users\Reza\AppData\Local\Temp\ccawL8PH.s 			page 8


 394 0099 04       		.byte	0x4
 395 009a 9E000000 		.4byte	0x9e
 396 009e 07       		.uleb128 0x7
 397 009f 04       		.uleb128 0x4
 398 00a0 8F050000 		.4byte	.LASF14
 399 00a4 01       		.byte	0x1
 400 00a5 70       		.byte	0x70
 401 00a6 98000000 		.4byte	0x98
 402 00aa 04       		.uleb128 0x4
 403 00ab 81050000 		.4byte	.LASF15
 404 00af 01       		.byte	0x1
 405 00b0 73       		.byte	0x73
 406 00b1 98000000 		.4byte	0x98
 407 00b5 04       		.uleb128 0x4
 408 00b6 43000000 		.4byte	.LASF16
 409 00ba 02       		.byte	0x2
 410 00bb 4D       		.byte	0x4d
 411 00bc 80000000 		.4byte	0x80
 412 00c0 04       		.uleb128 0x4
 413 00c1 96030000 		.4byte	.LASF17
 414 00c5 02       		.byte	0x2
 415 00c6 4E       		.byte	0x4e
 416 00c7 75000000 		.4byte	0x75
 417 00cb 04       		.uleb128 0x4
 418 00cc BF000000 		.4byte	.LASF18
 419 00d0 02       		.byte	0x2
 420 00d1 4F       		.byte	0x4f
 421 00d2 80000000 		.4byte	0x80
 422 00d6 04       		.uleb128 0x4
 423 00d7 F7050000 		.4byte	.LASF19
 424 00db 02       		.byte	0x2
 425 00dc 54       		.byte	0x54
 426 00dd B5000000 		.4byte	0xb5
 427 00e1 04       		.uleb128 0x4
 428 00e2 24010000 		.4byte	.LASF20
 429 00e6 02       		.byte	0x2
 430 00e7 78       		.byte	0x78
 431 00e8 75000000 		.4byte	0x75
 432 00ec 08       		.uleb128 0x8
 433 00ed 87060000 		.4byte	.LASF61
 434 00f1 04       		.byte	0x4
 435 00f2 04       		.byte	0x4
 436 00f3 4D       		.byte	0x4d
 437 00f4 05010000 		.4byte	0x105
 438 00f8 09       		.uleb128 0x9
 439 00f9 3F060000 		.4byte	.LASF28
 440 00fd 04       		.byte	0x4
 441 00fe 4E       		.byte	0x4e
 442 00ff 8B000000 		.4byte	0x8b
 443 0103 00       		.byte	0
 444 0104 00       		.byte	0
 445 0105 0A       		.uleb128 0xa
 446 0106 39020000 		.4byte	.LASF21
 447 010a 03       		.byte	0x3
 448 010b 0801     		.2byte	0x108
 449 010d 6A000000 		.4byte	0x6a
 450 0111 0A       		.uleb128 0xa
ARM GAS  C:\Users\Reza\AppData\Local\Temp\ccawL8PH.s 			page 9


 451 0112 57030000 		.4byte	.LASF22
 452 0116 03       		.byte	0x3
 453 0117 EE01     		.2byte	0x1ee
 454 0119 E1000000 		.4byte	0xe1
 455 011d 0A       		.uleb128 0xa
 456 011e 68000000 		.4byte	.LASF23
 457 0122 03       		.byte	0x3
 458 0123 2302     		.2byte	0x223
 459 0125 B5000000 		.4byte	0xb5
 460 0129 0A       		.uleb128 0xa
 461 012a 0E030000 		.4byte	.LASF24
 462 012e 03       		.byte	0x3
 463 012f 2C02     		.2byte	0x22c
 464 0131 B5000000 		.4byte	0xb5
 465 0135 0A       		.uleb128 0xa
 466 0136 2A030000 		.4byte	.LASF25
 467 013a 03       		.byte	0x3
 468 013b 5402     		.2byte	0x254
 469 013d B5000000 		.4byte	0xb5
 470 0141 0A       		.uleb128 0xa
 471 0142 6C050000 		.4byte	.LASF26
 472 0146 03       		.byte	0x3
 473 0147 5A02     		.2byte	0x25a
 474 0149 B5000000 		.4byte	0xb5
 475 014d 0A       		.uleb128 0xa
 476 014e 93060000 		.4byte	.LASF27
 477 0152 03       		.byte	0x3
 478 0153 6302     		.2byte	0x263
 479 0155 B5000000 		.4byte	0xb5
 480 0159 0B       		.uleb128 0xb
 481 015a 0C       		.byte	0xc
 482 015b 03       		.byte	0x3
 483 015c 6902     		.2byte	0x269
 484 015e 8A010000 		.4byte	0x18a
 485 0162 0C       		.uleb128 0xc
 486 0163 63020000 		.4byte	.LASF29
 487 0167 03       		.byte	0x3
 488 0168 6A02     		.2byte	0x26a
 489 016a 29010000 		.4byte	0x129
 490 016e 00       		.byte	0
 491 016f 0C       		.uleb128 0xc
 492 0170 4B000000 		.4byte	.LASF30
 493 0174 03       		.byte	0x3
 494 0175 6B02     		.2byte	0x26b
 495 0177 29010000 		.4byte	0x129
 496 017b 04       		.byte	0x4
 497 017c 0C       		.uleb128 0xc
 498 017d 2B010000 		.4byte	.LASF31
 499 0181 03       		.byte	0x3
 500 0182 6C02     		.2byte	0x26c
 501 0184 29010000 		.4byte	0x129
 502 0188 08       		.byte	0x8
 503 0189 00       		.byte	0
 504 018a 0A       		.uleb128 0xa
 505 018b DB020000 		.4byte	.LASF32
 506 018f 03       		.byte	0x3
 507 0190 7102     		.2byte	0x271
ARM GAS  C:\Users\Reza\AppData\Local\Temp\ccawL8PH.s 			page 10


 508 0192 59010000 		.4byte	0x159
 509 0196 0B       		.uleb128 0xb
 510 0197 08       		.byte	0x8
 511 0198 03       		.byte	0x3
 512 0199 7402     		.2byte	0x274
 513 019b BA010000 		.4byte	0x1ba
 514 019f 0C       		.uleb128 0xc
 515 01a0 34010000 		.4byte	.LASF33
 516 01a4 03       		.byte	0x3
 517 01a5 7502     		.2byte	0x275
 518 01a7 29010000 		.4byte	0x129
 519 01ab 00       		.byte	0
 520 01ac 0C       		.uleb128 0xc
 521 01ad EF070000 		.4byte	.LASF34
 522 01b1 03       		.byte	0x3
 523 01b2 7602     		.2byte	0x276
 524 01b4 35010000 		.4byte	0x135
 525 01b8 04       		.byte	0x4
 526 01b9 00       		.byte	0
 527 01ba 0A       		.uleb128 0xa
 528 01bb CC010000 		.4byte	.LASF35
 529 01bf 03       		.byte	0x3
 530 01c0 7702     		.2byte	0x277
 531 01c2 96010000 		.4byte	0x196
 532 01c6 0D       		.uleb128 0xd
 533 01c7 01       		.byte	0x1
 534 01c8 24000000 		.4byte	0x24
 535 01cc 03       		.byte	0x3
 536 01cd 8102     		.2byte	0x281
 537 01cf E0010000 		.4byte	0x1e0
 538 01d3 0E       		.uleb128 0xe
 539 01d4 47060000 		.4byte	.LASF36
 540 01d8 00       		.byte	0
 541 01d9 0E       		.uleb128 0xe
 542 01da 49020000 		.4byte	.LASF37
 543 01de 01       		.byte	0x1
 544 01df 00       		.byte	0
 545 01e0 0A       		.uleb128 0xa
 546 01e1 7F040000 		.4byte	.LASF38
 547 01e5 03       		.byte	0x3
 548 01e6 8402     		.2byte	0x284
 549 01e8 C6010000 		.4byte	0x1c6
 550 01ec 0A       		.uleb128 0xa
 551 01ed E1000000 		.4byte	.LASF39
 552 01f1 03       		.byte	0x3
 553 01f2 8702     		.2byte	0x287
 554 01f4 E0010000 		.4byte	0x1e0
 555 01f8 0B       		.uleb128 0xb
 556 01f9 0C       		.byte	0xc
 557 01fa 03       		.byte	0x3
 558 01fb 8B02     		.2byte	0x28b
 559 01fd 27020000 		.4byte	0x227
 560 0201 0F       		.uleb128 0xf
 561 0202 6300     		.ascii	"c\000"
 562 0204 03       		.byte	0x3
 563 0205 8D02     		.2byte	0x28d
 564 0207 4D010000 		.4byte	0x14d
ARM GAS  C:\Users\Reza\AppData\Local\Temp\ccawL8PH.s 			page 11


 565 020b 00       		.byte	0
 566 020c 0C       		.uleb128 0xc
 567 020d B7000000 		.4byte	.LASF40
 568 0211 03       		.byte	0x3
 569 0212 8F02     		.2byte	0x28f
 570 0214 35010000 		.4byte	0x135
 571 0218 04       		.byte	0x4
 572 0219 0C       		.uleb128 0xc
 573 021a 00000000 		.4byte	.LASF41
 574 021e 03       		.byte	0x3
 575 021f 9102     		.2byte	0x291
 576 0221 EC010000 		.4byte	0x1ec
 577 0225 08       		.byte	0x8
 578 0226 00       		.byte	0
 579 0227 0A       		.uleb128 0xa
 580 0228 09050000 		.4byte	.LASF42
 581 022c 03       		.byte	0x3
 582 022d 9202     		.2byte	0x292
 583 022f F8010000 		.4byte	0x1f8
 584 0233 0B       		.uleb128 0xb
 585 0234 10       		.byte	0x10
 586 0235 03       		.byte	0x3
 587 0236 9602     		.2byte	0x296
 588 0238 71020000 		.4byte	0x271
 589 023c 0C       		.uleb128 0xc
 590 023d 8E060000 		.4byte	.LASF43
 591 0241 03       		.byte	0x3
 592 0242 9702     		.2byte	0x297
 593 0244 D6000000 		.4byte	0xd6
 594 0248 00       		.byte	0
 595 0249 0C       		.uleb128 0xc
 596 024a 8F070000 		.4byte	.LASF44
 597 024e 03       		.byte	0x3
 598 024f 9802     		.2byte	0x298
 599 0251 29010000 		.4byte	0x129
 600 0255 04       		.byte	0x4
 601 0256 0C       		.uleb128 0xc
 602 0257 B1000000 		.4byte	.LASF45
 603 025b 03       		.byte	0x3
 604 025c 9902     		.2byte	0x299
 605 025e 29010000 		.4byte	0x129
 606 0262 08       		.byte	0x8
 607 0263 0C       		.uleb128 0xc
 608 0264 D9070000 		.4byte	.LASF46
 609 0268 03       		.byte	0x3
 610 0269 9A02     		.2byte	0x29a
 611 026b 35010000 		.4byte	0x135
 612 026f 0C       		.byte	0xc
 613 0270 00       		.byte	0
 614 0271 0A       		.uleb128 0xa
 615 0272 85020000 		.4byte	.LASF47
 616 0276 03       		.byte	0x3
 617 0277 9B02     		.2byte	0x29b
 618 0279 33020000 		.4byte	0x233
 619 027d 0D       		.uleb128 0xd
 620 027e 01       		.byte	0x1
 621 027f 24000000 		.4byte	0x24
ARM GAS  C:\Users\Reza\AppData\Local\Temp\ccawL8PH.s 			page 12


 622 0283 03       		.byte	0x3
 623 0284 9E02     		.2byte	0x29e
 624 0286 A3020000 		.4byte	0x2a3
 625 028a 0E       		.uleb128 0xe
 626 028b 9B010000 		.4byte	.LASF48
 627 028f 00       		.byte	0
 628 0290 0E       		.uleb128 0xe
 629 0291 E7050000 		.4byte	.LASF49
 630 0295 01       		.byte	0x1
 631 0296 0E       		.uleb128 0xe
 632 0297 73020000 		.4byte	.LASF50
 633 029b 02       		.byte	0x2
 634 029c 0E       		.uleb128 0xe
 635 029d 17030000 		.4byte	.LASF51
 636 02a1 03       		.byte	0x3
 637 02a2 00       		.byte	0
 638 02a3 0A       		.uleb128 0xa
 639 02a4 AA010000 		.4byte	.LASF52
 640 02a8 03       		.byte	0x3
 641 02a9 A302     		.2byte	0x2a3
 642 02ab 7D020000 		.4byte	0x27d
 643 02af 0A       		.uleb128 0xa
 644 02b0 87030000 		.4byte	.LASF53
 645 02b4 03       		.byte	0x3
 646 02b5 A602     		.2byte	0x2a6
 647 02b7 A3020000 		.4byte	0x2a3
 648 02bb 0B       		.uleb128 0xb
 649 02bc 14       		.byte	0x14
 650 02bd 03       		.byte	0x3
 651 02be A902     		.2byte	0x2a9
 652 02c0 04030000 		.4byte	0x304
 653 02c4 0C       		.uleb128 0xc
 654 02c5 D8060000 		.4byte	.LASF54
 655 02c9 03       		.byte	0x3
 656 02ca AA02     		.2byte	0x2aa
 657 02cc AF020000 		.4byte	0x2af
 658 02d0 00       		.byte	0
 659 02d1 0C       		.uleb128 0xc
 660 02d2 54040000 		.4byte	.LASF55
 661 02d6 03       		.byte	0x3
 662 02d7 AB02     		.2byte	0x2ab
 663 02d9 11010000 		.4byte	0x111
 664 02dd 04       		.byte	0x4
 665 02de 0C       		.uleb128 0xc
 666 02df A3020000 		.4byte	.LASF56
 667 02e3 03       		.byte	0x3
 668 02e4 AD02     		.2byte	0x2ad
 669 02e6 1D010000 		.4byte	0x11d
 670 02ea 08       		.byte	0x8
 671 02eb 0F       		.uleb128 0xf
 672 02ec 6600     		.ascii	"f\000"
 673 02ee 03       		.byte	0x3
 674 02ef AF02     		.2byte	0x2af
 675 02f1 9F000000 		.4byte	0x9f
 676 02f5 0C       		.byte	0xc
 677 02f6 0C       		.uleb128 0xc
 678 02f7 49010000 		.4byte	.LASF57
ARM GAS  C:\Users\Reza\AppData\Local\Temp\ccawL8PH.s 			page 13


 679 02fb 03       		.byte	0x3
 680 02fc B102     		.2byte	0x2b1
 681 02fe 4D010000 		.4byte	0x14d
 682 0302 10       		.byte	0x10
 683 0303 00       		.byte	0
 684 0304 0A       		.uleb128 0xa
 685 0305 0F060000 		.4byte	.LASF58
 686 0309 03       		.byte	0x3
 687 030a B202     		.2byte	0x2b2
 688 030c BB020000 		.4byte	0x2bb
 689 0310 0B       		.uleb128 0xb
 690 0311 04       		.byte	0x4
 691 0312 03       		.byte	0x3
 692 0313 B402     		.2byte	0x2b4
 693 0315 27030000 		.4byte	0x327
 694 0319 0C       		.uleb128 0xc
 695 031a 77050000 		.4byte	.LASF59
 696 031e 03       		.byte	0x3
 697 031f B602     		.2byte	0x2b6
 698 0321 41010000 		.4byte	0x141
 699 0325 00       		.byte	0
 700 0326 00       		.byte	0
 701 0327 0A       		.uleb128 0xa
 702 0328 C4070000 		.4byte	.LASF60
 703 032c 03       		.byte	0x3
 704 032d BB02     		.2byte	0x2bb
 705 032f 10030000 		.4byte	0x310
 706 0333 10       		.uleb128 0x10
 707 0334 25060000 		.4byte	.LASF62
 708 0338 08       		.byte	0x8
 709 0339 03       		.byte	0x3
 710 033a 0504     		.2byte	0x405
 711 033c 5A030000 		.4byte	0x35a
 712 0340 0F       		.uleb128 0xf
 713 0341 6E7400   		.ascii	"nt\000"
 714 0344 03       		.byte	0x3
 715 0345 0604     		.2byte	0x406
 716 0347 B5000000 		.4byte	0xb5
 717 034b 00       		.byte	0
 718 034c 0C       		.uleb128 0xc
 719 034d AC000000 		.4byte	.LASF63
 720 0351 03       		.byte	0x3
 721 0352 0704     		.2byte	0x407
 722 0354 6A030000 		.4byte	0x36a
 723 0358 04       		.byte	0x4
 724 0359 00       		.byte	0
 725 035a 11       		.uleb128 0x11
 726 035b 65030000 		.4byte	0x365
 727 035f 65030000 		.4byte	0x365
 728 0363 12       		.uleb128 0x12
 729 0364 00       		.byte	0
 730 0365 13       		.uleb128 0x13
 731 0366 E1000000 		.4byte	0xe1
 732 036a 06       		.uleb128 0x6
 733 036b 04       		.byte	0x4
 734 036c 5A030000 		.4byte	0x35a
 735 0370 11       		.uleb128 0x11
ARM GAS  C:\Users\Reza\AppData\Local\Temp\ccawL8PH.s 			page 14


 736 0371 65030000 		.4byte	0x365
 737 0375 80030000 		.4byte	0x380
 738 0379 14       		.uleb128 0x14
 739 037a 80030000 		.4byte	0x380
 740 037e 00       		.byte	0
 741 037f 00       		.byte	0
 742 0380 02       		.uleb128 0x2
 743 0381 04       		.byte	0x4
 744 0382 07       		.byte	0x7
 745 0383 A3000000 		.4byte	.LASF64
 746 0387 15       		.uleb128 0x15
 747 0388 27050000 		.4byte	.LASF109
 748 038c 05       		.byte	0x5
 749 038d 1206     		.2byte	0x612
 750 038f 99030000 		.4byte	0x399
 751 0393 05       		.uleb128 0x5
 752 0394 03       		.byte	0x3
 753 0395 08000000 		.4byte	EE_oo_autostart_task_mode_OSDEFAULTAPPMODE
 754 0399 13       		.uleb128 0x13
 755 039a 70030000 		.4byte	0x370
 756 039e 11       		.uleb128 0x11
 757 039f AE030000 		.4byte	0x3ae
 758 03a3 AE030000 		.4byte	0x3ae
 759 03a7 14       		.uleb128 0x14
 760 03a8 80030000 		.4byte	0x380
 761 03ac 02       		.byte	0x2
 762 03ad 00       		.byte	0
 763 03ae 13       		.uleb128 0x13
 764 03af AA000000 		.4byte	0xaa
 765 03b3 16       		.uleb128 0x16
 766 03b4 88010000 		.4byte	.LASF65
 767 03b8 05       		.byte	0x5
 768 03b9 D4       		.byte	0xd4
 769 03ba C4030000 		.4byte	0x3c4
 770 03be 05       		.uleb128 0x5
 771 03bf 03       		.byte	0x3
 772 03c0 00000000 		.4byte	EE_hal_thread_body
 773 03c4 13       		.uleb128 0x13
 774 03c5 9E030000 		.4byte	0x39e
 775 03c9 11       		.uleb128 0x11
 776 03ca D9030000 		.4byte	0x3d9
 777 03ce D9030000 		.4byte	0x3d9
 778 03d2 14       		.uleb128 0x14
 779 03d3 80030000 		.4byte	0x380
 780 03d7 03       		.byte	0x3
 781 03d8 00       		.byte	0
 782 03d9 13       		.uleb128 0x13
 783 03da B5000000 		.4byte	0xb5
 784 03de 16       		.uleb128 0x16
 785 03df 60040000 		.4byte	.LASF66
 786 03e3 05       		.byte	0x5
 787 03e4 73       		.byte	0x73
 788 03e5 EF030000 		.4byte	0x3ef
 789 03e9 05       		.uleb128 0x5
 790 03ea 03       		.byte	0x3
 791 03eb 00000000 		.4byte	EE_std_thread_tos
 792 03ef 13       		.uleb128 0x13
ARM GAS  C:\Users\Reza\AppData\Local\Temp\ccawL8PH.s 			page 15


 793 03f0 C9030000 		.4byte	0x3c9
 794 03f4 11       		.uleb128 0x11
 795 03f5 80000000 		.4byte	0x80
 796 03f9 04040000 		.4byte	0x404
 797 03fd 14       		.uleb128 0x14
 798 03fe 80030000 		.4byte	0x380
 799 0402 02       		.byte	0x2
 800 0403 00       		.byte	0
 801 0404 16       		.uleb128 0x16
 802 0405 76000000 		.4byte	.LASF67
 803 0409 05       		.byte	0x5
 804 040a EF       		.byte	0xef
 805 040b F4030000 		.4byte	0x3f4
 806 040f 05       		.uleb128 0x5
 807 0410 03       		.byte	0x3
 808 0411 00000000 		.4byte	EE_terminate_data
 809 0415 16       		.uleb128 0x16
 810 0416 C1020000 		.4byte	.LASF68
 811 041a 05       		.byte	0x5
 812 041b F2       		.byte	0xf2
 813 041c 26040000 		.4byte	0x426
 814 0420 05       		.uleb128 0x5
 815 0421 03       		.byte	0x3
 816 0422 00000000 		.4byte	EE_terminate_real_th_body
 817 0426 13       		.uleb128 0x13
 818 0427 9E030000 		.4byte	0x39e
 819 042b 11       		.uleb128 0x11
 820 042c EC000000 		.4byte	0xec
 821 0430 3B040000 		.4byte	0x43b
 822 0434 14       		.uleb128 0x14
 823 0435 80030000 		.4byte	0x380
 824 0439 01       		.byte	0x1
 825 043a 00       		.byte	0
 826 043b 16       		.uleb128 0x16
 827 043c 08020000 		.4byte	.LASF69
 828 0440 05       		.byte	0x5
 829 0441 8F       		.byte	0x8f
 830 0442 2B040000 		.4byte	0x42b
 831 0446 05       		.uleb128 0x5
 832 0447 03       		.byte	0x3
 833 0448 00000000 		.4byte	EE_cortex_mx_system_tos
 834 044c 16       		.uleb128 0x16
 835 044d 1D000000 		.4byte	.LASF70
 836 0451 05       		.byte	0x5
 837 0452 AB       		.byte	0xab
 838 0453 B5000000 		.4byte	0xb5
 839 0457 05       		.uleb128 0x5
 840 0458 03       		.byte	0x3
 841 0459 00000000 		.4byte	EE_cortex_mx_active_tos
 842 045d 11       		.uleb128 0x11
 843 045e D9030000 		.4byte	0x3d9
 844 0462 6D040000 		.4byte	0x46d
 845 0466 14       		.uleb128 0x14
 846 0467 80030000 		.4byte	0x380
 847 046b 02       		.byte	0x2
 848 046c 00       		.byte	0
 849 046d 17       		.uleb128 0x17
ARM GAS  C:\Users\Reza\AppData\Local\Temp\ccawL8PH.s 			page 16


 850 046e 5C050000 		.4byte	.LASF71
 851 0472 05       		.byte	0x5
 852 0473 C801     		.2byte	0x1c8
 853 0475 7F040000 		.4byte	0x47f
 854 0479 05       		.uleb128 0x5
 855 047a 03       		.byte	0x3
 856 047b 00000000 		.4byte	EE_th_rnact_max
 857 047f 13       		.uleb128 0x13
 858 0480 5D040000 		.4byte	0x45d
 859 0484 17       		.uleb128 0x17
 860 0485 01010000 		.4byte	.LASF72
 861 0489 05       		.byte	0x5
 862 048a 0E01     		.2byte	0x10e
 863 048c 96040000 		.4byte	0x496
 864 0490 05       		.uleb128 0x5
 865 0491 03       		.byte	0x3
 866 0492 00000000 		.4byte	EE_th_ready_prio
 867 0496 13       		.uleb128 0x13
 868 0497 5D040000 		.4byte	0x45d
 869 049b 17       		.uleb128 0x17
 870 049c C4060000 		.4byte	.LASF73
 871 04a0 05       		.byte	0x5
 872 04a1 2B01     		.2byte	0x12b
 873 04a3 AD040000 		.4byte	0x4ad
 874 04a7 05       		.uleb128 0x5
 875 04a8 03       		.byte	0x3
 876 04a9 00000000 		.4byte	EE_th_dispatch_prio
 877 04ad 13       		.uleb128 0x13
 878 04ae 5D040000 		.4byte	0x45d
 879 04b2 11       		.uleb128 0x11
 880 04b3 B5000000 		.4byte	0xb5
 881 04b7 C2040000 		.4byte	0x4c2
 882 04bb 14       		.uleb128 0x14
 883 04bc 80030000 		.4byte	0x380
 884 04c0 02       		.byte	0x2
 885 04c1 00       		.byte	0
 886 04c2 17       		.uleb128 0x17
 887 04c3 B7060000 		.4byte	.LASF74
 888 04c7 05       		.byte	0x5
 889 04c8 6701     		.2byte	0x167
 890 04ca B2040000 		.4byte	0x4b2
 891 04ce 05       		.uleb128 0x5
 892 04cf 03       		.byte	0x3
 893 04d0 00000000 		.4byte	EE_th_status
 894 04d4 11       		.uleb128 0x11
 895 04d5 E1000000 		.4byte	0xe1
 896 04d9 E4040000 		.4byte	0x4e4
 897 04dd 14       		.uleb128 0x14
 898 04de 80030000 		.4byte	0x380
 899 04e2 02       		.byte	0x2
 900 04e3 00       		.byte	0
 901 04e4 17       		.uleb128 0x17
 902 04e5 E4060000 		.4byte	.LASF75
 903 04e9 05       		.byte	0x5
 904 04ea 8301     		.2byte	0x183
 905 04ec D4040000 		.4byte	0x4d4
 906 04f0 05       		.uleb128 0x5
ARM GAS  C:\Users\Reza\AppData\Local\Temp\ccawL8PH.s 			page 17


 907 04f1 03       		.byte	0x3
 908 04f2 00000000 		.4byte	EE_th_next
 909 04f6 17       		.uleb128 0x17
 910 04f7 B3040000 		.4byte	.LASF76
 911 04fb 05       		.byte	0x5
 912 04fc AD01     		.2byte	0x1ad
 913 04fe B2040000 		.4byte	0x4b2
 914 0502 05       		.uleb128 0x5
 915 0503 03       		.byte	0x3
 916 0504 00000000 		.4byte	EE_th_rnact
 917 0508 17       		.uleb128 0x17
 918 0509 9F060000 		.4byte	.LASF77
 919 050d 05       		.byte	0x5
 920 050e 5D02     		.2byte	0x25d
 921 0510 D4040000 		.4byte	0x4d4
 922 0514 05       		.uleb128 0x5
 923 0515 03       		.byte	0x3
 924 0516 00000000 		.4byte	EE_th_terminate_nextask
 925 051a 17       		.uleb128 0x17
 926 051b 03060000 		.4byte	.LASF78
 927 051f 05       		.byte	0x5
 928 0520 9F01     		.2byte	0x19f
 929 0522 E1000000 		.4byte	0xe1
 930 0526 05       		.uleb128 0x5
 931 0527 03       		.byte	0x3
 932 0528 00000000 		.4byte	EE_stkfirst
 933 052c 17       		.uleb128 0x17
 934 052d 3A010000 		.4byte	.LASF79
 935 0531 05       		.byte	0x5
 936 0532 A201     		.2byte	0x1a2
 937 0534 B5000000 		.4byte	0xb5
 938 0538 05       		.uleb128 0x5
 939 0539 03       		.byte	0x3
 940 053a 00000000 		.4byte	EE_sys_ceiling
 941 053e 17       		.uleb128 0x17
 942 053f C1010000 		.4byte	.LASF80
 943 0543 05       		.byte	0x5
 944 0544 E301     		.2byte	0x1e3
 945 0546 B2040000 		.4byte	0x4b2
 946 054a 05       		.uleb128 0x5
 947 054b 03       		.byte	0x3
 948 054c 00000000 		.4byte	EE_rq_link
 949 0550 11       		.uleb128 0x11
 950 0551 C0000000 		.4byte	0xc0
 951 0555 60050000 		.4byte	0x560
 952 0559 14       		.uleb128 0x14
 953 055a 80030000 		.4byte	0x380
 954 055e 0F       		.byte	0xf
 955 055f 00       		.byte	0
 956 0560 17       		.uleb128 0x17
 957 0561 12010000 		.4byte	.LASF81
 958 0565 05       		.byte	0x5
 959 0566 A501     		.2byte	0x1a5
 960 0568 50050000 		.4byte	0x550
 961 056c 05       		.uleb128 0x5
 962 056d 03       		.byte	0x3
 963 056e 00000000 		.4byte	EE_rq_queues_head
ARM GAS  C:\Users\Reza\AppData\Local\Temp\ccawL8PH.s 			page 18


 964 0572 17       		.uleb128 0x17
 965 0573 EF060000 		.4byte	.LASF82
 966 0577 05       		.byte	0x5
 967 0578 A701     		.2byte	0x1a7
 968 057a 50050000 		.4byte	0x550
 969 057e 05       		.uleb128 0x5
 970 057f 03       		.byte	0x3
 971 0580 00000000 		.4byte	EE_rq_queues_tail
 972 0584 11       		.uleb128 0x11
 973 0585 C0000000 		.4byte	0xc0
 974 0589 94050000 		.4byte	0x594
 975 058d 14       		.uleb128 0x14
 976 058e 80030000 		.4byte	0x380
 977 0592 02       		.byte	0x2
 978 0593 00       		.byte	0
 979 0594 17       		.uleb128 0x17
 980 0595 F2020000 		.4byte	.LASF83
 981 0599 05       		.byte	0x5
 982 059a 0102     		.2byte	0x201
 983 059c 84050000 		.4byte	0x584
 984 05a0 05       		.uleb128 0x5
 985 05a1 03       		.byte	0x3
 986 05a2 00000000 		.4byte	EE_rq_pairs_next
 987 05a6 17       		.uleb128 0x17
 988 05a7 58000000 		.4byte	.LASF84
 989 05ab 05       		.byte	0x5
 990 05ac 5602     		.2byte	0x256
 991 05ae D4040000 		.4byte	0x4d4
 992 05b2 05       		.uleb128 0x5
 993 05b3 03       		.byte	0x3
 994 05b4 00000000 		.4byte	EE_rq_pairs_tid
 995 05b8 17       		.uleb128 0x17
 996 05b9 35000000 		.4byte	.LASF85
 997 05bd 05       		.byte	0x5
 998 05be AA01     		.2byte	0x1aa
 999 05c0 05010000 		.4byte	0x105
 1000 05c4 05       		.uleb128 0x5
 1001 05c5 03       		.byte	0x3
 1002 05c6 00000000 		.4byte	EE_rq_bitmask
 1003 05ca 17       		.uleb128 0x17
 1004 05cb 03030000 		.4byte	.LASF86
 1005 05cf 05       		.byte	0x5
 1006 05d0 5902     		.2byte	0x259
 1007 05d2 C0000000 		.4byte	0xc0
 1008 05d6 05       		.uleb128 0x5
 1009 05d7 03       		.byte	0x3
 1010 05d8 00000000 		.4byte	EE_rq_free
 1011 05dc 17       		.uleb128 0x17
 1012 05dd D4050000 		.4byte	.LASF87
 1013 05e1 05       		.byte	0x5
 1014 05e2 8002     		.2byte	0x280
 1015 05e4 B2040000 		.4byte	0x4b2
 1016 05e8 05       		.uleb128 0x5
 1017 05e9 03       		.byte	0x3
 1018 05ea 00000000 		.4byte	EE_th_event_active
 1019 05ee 17       		.uleb128 0x17
 1020 05ef 5D060000 		.4byte	.LASF88
ARM GAS  C:\Users\Reza\AppData\Local\Temp\ccawL8PH.s 			page 19


 1021 05f3 05       		.byte	0x5
 1022 05f4 9C02     		.2byte	0x29c
 1023 05f6 B2040000 		.4byte	0x4b2
 1024 05fa 05       		.uleb128 0x5
 1025 05fb 03       		.byte	0x3
 1026 05fc 00000000 		.4byte	EE_th_event_waitmask
 1027 0600 11       		.uleb128 0x11
 1028 0601 D6000000 		.4byte	0xd6
 1029 0605 10060000 		.4byte	0x610
 1030 0609 14       		.uleb128 0x14
 1031 060a 80030000 		.4byte	0x380
 1032 060e 02       		.byte	0x2
 1033 060f 00       		.byte	0
 1034 0610 17       		.uleb128 0x17
 1035 0611 88000000 		.4byte	.LASF89
 1036 0615 05       		.byte	0x5
 1037 0616 B802     		.2byte	0x2b8
 1038 0618 00060000 		.4byte	0x600
 1039 061c 05       		.uleb128 0x5
 1040 061d 03       		.byte	0x3
 1041 061e 00000000 		.4byte	EE_th_waswaiting
 1042 0622 17       		.uleb128 0x17
 1043 0623 AF020000 		.4byte	.LASF90
 1044 0627 05       		.byte	0x5
 1045 0628 D402     		.2byte	0x2d4
 1046 062a 34060000 		.4byte	0x634
 1047 062e 05       		.uleb128 0x5
 1048 062f 03       		.byte	0x3
 1049 0630 00000000 		.4byte	EE_th_is_extended
 1050 0634 13       		.uleb128 0x13
 1051 0635 5D040000 		.4byte	0x45d
 1052 0639 11       		.uleb128 0x11
 1053 063a 49060000 		.4byte	0x649
 1054 063e 49060000 		.4byte	0x649
 1055 0642 14       		.uleb128 0x14
 1056 0643 80030000 		.4byte	0x380
 1057 0647 00       		.byte	0
 1058 0648 00       		.byte	0
 1059 0649 13       		.uleb128 0x13
 1060 064a 8A010000 		.4byte	0x18a
 1061 064e 17       		.uleb128 0x17
 1062 064f 48030000 		.4byte	.LASF91
 1063 0653 05       		.byte	0x5
 1064 0654 E504     		.2byte	0x4e5
 1065 0656 60060000 		.4byte	0x660
 1066 065a 05       		.uleb128 0x5
 1067 065b 03       		.byte	0x3
 1068 065c 00000000 		.4byte	EE_counter_ROM
 1069 0660 13       		.uleb128 0x13
 1070 0661 39060000 		.4byte	0x639
 1071 0665 11       		.uleb128 0x11
 1072 0666 75060000 		.4byte	0x675
 1073 066a 75060000 		.4byte	0x675
 1074 066e 14       		.uleb128 0x14
 1075 066f 80030000 		.4byte	0x380
 1076 0673 04       		.byte	0x4
 1077 0674 00       		.byte	0
ARM GAS  C:\Users\Reza\AppData\Local\Temp\ccawL8PH.s 			page 20


 1078 0675 13       		.uleb128 0x13
 1079 0676 27020000 		.4byte	0x227
 1080 067a 17       		.uleb128 0x17
 1081 067b 52010000 		.4byte	.LASF92
 1082 067f 05       		.byte	0x5
 1083 0680 4305     		.2byte	0x543
 1084 0682 8C060000 		.4byte	0x68c
 1085 0686 05       		.uleb128 0x5
 1086 0687 03       		.byte	0x3
 1087 0688 00000000 		.4byte	EE_oo_counter_object_ROM
 1088 068c 13       		.uleb128 0x13
 1089 068d 65060000 		.4byte	0x665
 1090 0691 11       		.uleb128 0x11
 1091 0692 A1060000 		.4byte	0x6a1
 1092 0696 A1060000 		.4byte	0x6a1
 1093 069a 14       		.uleb128 0x14
 1094 069b 80030000 		.4byte	0x380
 1095 069f 04       		.byte	0x4
 1096 06a0 00       		.byte	0
 1097 06a1 13       		.uleb128 0x13
 1098 06a2 04030000 		.4byte	0x304
 1099 06a6 17       		.uleb128 0x17
 1100 06a7 DE070000 		.4byte	.LASF93
 1101 06ab 05       		.byte	0x5
 1102 06ac 6705     		.2byte	0x567
 1103 06ae B8060000 		.4byte	0x6b8
 1104 06b2 05       		.uleb128 0x5
 1105 06b3 03       		.byte	0x3
 1106 06b4 00000000 		.4byte	EE_oo_action_ROM
 1107 06b8 13       		.uleb128 0x13
 1108 06b9 91060000 		.4byte	0x691
 1109 06bd 11       		.uleb128 0x11
 1110 06be CD060000 		.4byte	0x6cd
 1111 06c2 CD060000 		.4byte	0x6cd
 1112 06c6 14       		.uleb128 0x14
 1113 06c7 80030000 		.4byte	0x380
 1114 06cb 04       		.byte	0x4
 1115 06cc 00       		.byte	0
 1116 06cd 13       		.uleb128 0x13
 1117 06ce 27030000 		.4byte	0x327
 1118 06d2 17       		.uleb128 0x17
 1119 06d3 50060000 		.4byte	.LASF94
 1120 06d7 05       		.byte	0x5
 1121 06d8 0605     		.2byte	0x506
 1122 06da E4060000 		.4byte	0x6e4
 1123 06de 05       		.uleb128 0x5
 1124 06df 03       		.byte	0x3
 1125 06e0 00000000 		.4byte	EE_alarm_ROM
 1126 06e4 13       		.uleb128 0x13
 1127 06e5 BD060000 		.4byte	0x6bd
 1128 06e9 11       		.uleb128 0x11
 1129 06ea BA010000 		.4byte	0x1ba
 1130 06ee F9060000 		.4byte	0x6f9
 1131 06f2 14       		.uleb128 0x14
 1132 06f3 80030000 		.4byte	0x380
 1133 06f7 00       		.byte	0
 1134 06f8 00       		.byte	0
ARM GAS  C:\Users\Reza\AppData\Local\Temp\ccawL8PH.s 			page 21


 1135 06f9 17       		.uleb128 0x17
 1136 06fa A0050000 		.4byte	.LASF95
 1137 06fe 05       		.byte	0x5
 1138 06ff F204     		.2byte	0x4f2
 1139 0701 E9060000 		.4byte	0x6e9
 1140 0705 05       		.uleb128 0x5
 1141 0706 03       		.byte	0x3
 1142 0707 00000000 		.4byte	EE_counter_RAM
 1143 070b 11       		.uleb128 0x11
 1144 070c 71020000 		.4byte	0x271
 1145 0710 1B070000 		.4byte	0x71b
 1146 0714 14       		.uleb128 0x14
 1147 0715 80030000 		.4byte	0x380
 1148 0719 04       		.byte	0x4
 1149 071a 00       		.byte	0
 1150 071b 17       		.uleb128 0x17
 1151 071c 6E030000 		.4byte	.LASF96
 1152 0720 05       		.byte	0x5
 1153 0721 5E05     		.2byte	0x55e
 1154 0723 0B070000 		.4byte	0x70b
 1155 0727 05       		.uleb128 0x5
 1156 0728 03       		.byte	0x3
 1157 0729 00000000 		.4byte	EE_oo_counter_object_RAM
 1158 072d 11       		.uleb128 0x11
 1159 072e 3D070000 		.4byte	0x73d
 1160 0732 3D070000 		.4byte	0x73d
 1161 0736 14       		.uleb128 0x14
 1162 0737 80030000 		.4byte	0x380
 1163 073b 00       		.byte	0
 1164 073c 00       		.byte	0
 1165 073d 13       		.uleb128 0x13
 1166 073e 33030000 		.4byte	0x333
 1167 0742 17       		.uleb128 0x17
 1168 0743 C7000000 		.4byte	.LASF97
 1169 0747 05       		.byte	0x5
 1170 0748 4306     		.2byte	0x643
 1171 074a 54070000 		.4byte	0x754
 1172 074e 05       		.uleb128 0x5
 1173 074f 03       		.byte	0x3
 1174 0750 00000000 		.4byte	EE_oo_autostart_task_data
 1175 0754 13       		.uleb128 0x13
 1176 0755 2D070000 		.4byte	0x72d
 1177 0759 18       		.uleb128 0x18
 1178 075a 05000000 		.4byte	.LASF98
 1179 075e 06       		.byte	0x6
 1180 075f 40       		.byte	0x40
 1181 0760 B5000000 		.4byte	0xb5
 1182 0764 18       		.uleb128 0x18
 1183 0765 20020000 		.4byte	.LASF99
 1184 0769 06       		.byte	0x6
 1185 076a 47       		.byte	0x47
 1186 076b CB000000 		.4byte	0xcb
 1187 076f 17       		.uleb128 0x17
 1188 0770 AF050000 		.4byte	.LASF100
 1189 0774 05       		.byte	0x5
 1190 0775 0906     		.2byte	0x609
 1191 0777 B5000000 		.4byte	0xb5
ARM GAS  C:\Users\Reza\AppData\Local\Temp\ccawL8PH.s 			page 22


 1192 077b 05       		.uleb128 0x5
 1193 077c 03       		.byte	0x3
 1194 077d 00000000 		.4byte	EE_ApplicationMode
 1195 0781 18       		.uleb128 0x18
 1196 0782 BF040000 		.4byte	.LASF101
 1197 0786 07       		.byte	0x7
 1198 0787 48       		.byte	0x48
 1199 0788 E1000000 		.4byte	0xe1
 1200 078c 18       		.uleb128 0x18
 1201 078d 73010000 		.4byte	.LASF102
 1202 0791 08       		.byte	0x8
 1203 0792 44       		.byte	0x44
 1204 0793 B5000000 		.4byte	0xb5
 1205 0797 16       		.uleb128 0x16
 1206 0798 72060000 		.4byte	.LASF103
 1207 079c 05       		.byte	0x5
 1208 079d AF       		.byte	0xaf
 1209 079e EC000000 		.4byte	0xec
 1210 07a2 05       		.uleb128 0x5
 1211 07a3 03       		.byte	0x3
 1212 07a4 00000000 		.4byte	EE_cortex_mx_IRQ_tos
 1213 07a8 11       		.uleb128 0x11
 1214 07a9 55000000 		.4byte	0x55
 1215 07ad B8070000 		.4byte	0x7b8
 1216 07b1 14       		.uleb128 0x14
 1217 07b2 80030000 		.4byte	0x380
 1218 07b6 31       		.byte	0x31
 1219 07b7 00       		.byte	0
 1220 07b8 16       		.uleb128 0x16
 1221 07b9 9E040000 		.4byte	.LASF104
 1222 07bd 05       		.byte	0x5
 1223 07be 1B       		.byte	0x1b
 1224 07bf A8070000 		.4byte	0x7a8
 1225 07c3 05       		.uleb128 0x5
 1226 07c4 03       		.byte	0x3
 1227 07c5 00000000 		.4byte	EE_cortex_mx_stack_3
 1228 07c9 11       		.uleb128 0x11
 1229 07ca 55000000 		.4byte	0x55
 1230 07ce D9070000 		.4byte	0x7d9
 1231 07d2 14       		.uleb128 0x14
 1232 07d3 80030000 		.4byte	0x380
 1233 07d7 7F       		.byte	0x7f
 1234 07d8 00       		.byte	0
 1235 07d9 16       		.uleb128 0x16
 1236 07da E1040000 		.4byte	.LASF105
 1237 07de 05       		.byte	0x5
 1238 07df 34       		.byte	0x34
 1239 07e0 C9070000 		.4byte	0x7c9
 1240 07e4 05       		.uleb128 0x5
 1241 07e5 03       		.byte	0x3
 1242 07e6 00000000 		.4byte	EE_cortex_mx_stack_9
 1243 07ea 00       		.byte	0
 1244              		.section	.debug_abbrev,"",%progbits
 1245              	.Ldebug_abbrev0:
 1246 0000 01       		.uleb128 0x1
 1247 0001 11       		.uleb128 0x11
 1248 0002 01       		.byte	0x1
ARM GAS  C:\Users\Reza\AppData\Local\Temp\ccawL8PH.s 			page 23


 1249 0003 25       		.uleb128 0x25
 1250 0004 0E       		.uleb128 0xe
 1251 0005 13       		.uleb128 0x13
 1252 0006 0B       		.uleb128 0xb
 1253 0007 03       		.uleb128 0x3
 1254 0008 0E       		.uleb128 0xe
 1255 0009 1B       		.uleb128 0x1b
 1256 000a 0E       		.uleb128 0xe
 1257 000b 10       		.uleb128 0x10
 1258 000c 17       		.uleb128 0x17
 1259 000d 00       		.byte	0
 1260 000e 00       		.byte	0
 1261 000f 02       		.uleb128 0x2
 1262 0010 24       		.uleb128 0x24
 1263 0011 00       		.byte	0
 1264 0012 0B       		.uleb128 0xb
 1265 0013 0B       		.uleb128 0xb
 1266 0014 3E       		.uleb128 0x3e
 1267 0015 0B       		.uleb128 0xb
 1268 0016 03       		.uleb128 0x3
 1269 0017 0E       		.uleb128 0xe
 1270 0018 00       		.byte	0
 1271 0019 00       		.byte	0
 1272 001a 03       		.uleb128 0x3
 1273 001b 24       		.uleb128 0x24
 1274 001c 00       		.byte	0
 1275 001d 0B       		.uleb128 0xb
 1276 001e 0B       		.uleb128 0xb
 1277 001f 3E       		.uleb128 0x3e
 1278 0020 0B       		.uleb128 0xb
 1279 0021 03       		.uleb128 0x3
 1280 0022 08       		.uleb128 0x8
 1281 0023 00       		.byte	0
 1282 0024 00       		.byte	0
 1283 0025 04       		.uleb128 0x4
 1284 0026 16       		.uleb128 0x16
 1285 0027 00       		.byte	0
 1286 0028 03       		.uleb128 0x3
 1287 0029 0E       		.uleb128 0xe
 1288 002a 3A       		.uleb128 0x3a
 1289 002b 0B       		.uleb128 0xb
 1290 002c 3B       		.uleb128 0x3b
 1291 002d 0B       		.uleb128 0xb
 1292 002e 49       		.uleb128 0x49
 1293 002f 13       		.uleb128 0x13
 1294 0030 00       		.byte	0
 1295 0031 00       		.byte	0
 1296 0032 05       		.uleb128 0x5
 1297 0033 0F       		.uleb128 0xf
 1298 0034 00       		.byte	0
 1299 0035 0B       		.uleb128 0xb
 1300 0036 0B       		.uleb128 0xb
 1301 0037 00       		.byte	0
 1302 0038 00       		.byte	0
 1303 0039 06       		.uleb128 0x6
 1304 003a 0F       		.uleb128 0xf
 1305 003b 00       		.byte	0
ARM GAS  C:\Users\Reza\AppData\Local\Temp\ccawL8PH.s 			page 24


 1306 003c 0B       		.uleb128 0xb
 1307 003d 0B       		.uleb128 0xb
 1308 003e 49       		.uleb128 0x49
 1309 003f 13       		.uleb128 0x13
 1310 0040 00       		.byte	0
 1311 0041 00       		.byte	0
 1312 0042 07       		.uleb128 0x7
 1313 0043 15       		.uleb128 0x15
 1314 0044 00       		.byte	0
 1315 0045 27       		.uleb128 0x27
 1316 0046 19       		.uleb128 0x19
 1317 0047 00       		.byte	0
 1318 0048 00       		.byte	0
 1319 0049 08       		.uleb128 0x8
 1320 004a 13       		.uleb128 0x13
 1321 004b 01       		.byte	0x1
 1322 004c 03       		.uleb128 0x3
 1323 004d 0E       		.uleb128 0xe
 1324 004e 0B       		.uleb128 0xb
 1325 004f 0B       		.uleb128 0xb
 1326 0050 3A       		.uleb128 0x3a
 1327 0051 0B       		.uleb128 0xb
 1328 0052 3B       		.uleb128 0x3b
 1329 0053 0B       		.uleb128 0xb
 1330 0054 01       		.uleb128 0x1
 1331 0055 13       		.uleb128 0x13
 1332 0056 00       		.byte	0
 1333 0057 00       		.byte	0
 1334 0058 09       		.uleb128 0x9
 1335 0059 0D       		.uleb128 0xd
 1336 005a 00       		.byte	0
 1337 005b 03       		.uleb128 0x3
 1338 005c 0E       		.uleb128 0xe
 1339 005d 3A       		.uleb128 0x3a
 1340 005e 0B       		.uleb128 0xb
 1341 005f 3B       		.uleb128 0x3b
 1342 0060 0B       		.uleb128 0xb
 1343 0061 49       		.uleb128 0x49
 1344 0062 13       		.uleb128 0x13
 1345 0063 38       		.uleb128 0x38
 1346 0064 0B       		.uleb128 0xb
 1347 0065 00       		.byte	0
 1348 0066 00       		.byte	0
 1349 0067 0A       		.uleb128 0xa
 1350 0068 16       		.uleb128 0x16
 1351 0069 00       		.byte	0
 1352 006a 03       		.uleb128 0x3
 1353 006b 0E       		.uleb128 0xe
 1354 006c 3A       		.uleb128 0x3a
 1355 006d 0B       		.uleb128 0xb
 1356 006e 3B       		.uleb128 0x3b
 1357 006f 05       		.uleb128 0x5
 1358 0070 49       		.uleb128 0x49
 1359 0071 13       		.uleb128 0x13
 1360 0072 00       		.byte	0
 1361 0073 00       		.byte	0
 1362 0074 0B       		.uleb128 0xb
ARM GAS  C:\Users\Reza\AppData\Local\Temp\ccawL8PH.s 			page 25


 1363 0075 13       		.uleb128 0x13
 1364 0076 01       		.byte	0x1
 1365 0077 0B       		.uleb128 0xb
 1366 0078 0B       		.uleb128 0xb
 1367 0079 3A       		.uleb128 0x3a
 1368 007a 0B       		.uleb128 0xb
 1369 007b 3B       		.uleb128 0x3b
 1370 007c 05       		.uleb128 0x5
 1371 007d 01       		.uleb128 0x1
 1372 007e 13       		.uleb128 0x13
 1373 007f 00       		.byte	0
 1374 0080 00       		.byte	0
 1375 0081 0C       		.uleb128 0xc
 1376 0082 0D       		.uleb128 0xd
 1377 0083 00       		.byte	0
 1378 0084 03       		.uleb128 0x3
 1379 0085 0E       		.uleb128 0xe
 1380 0086 3A       		.uleb128 0x3a
 1381 0087 0B       		.uleb128 0xb
 1382 0088 3B       		.uleb128 0x3b
 1383 0089 05       		.uleb128 0x5
 1384 008a 49       		.uleb128 0x49
 1385 008b 13       		.uleb128 0x13
 1386 008c 38       		.uleb128 0x38
 1387 008d 0B       		.uleb128 0xb
 1388 008e 00       		.byte	0
 1389 008f 00       		.byte	0
 1390 0090 0D       		.uleb128 0xd
 1391 0091 04       		.uleb128 0x4
 1392 0092 01       		.byte	0x1
 1393 0093 0B       		.uleb128 0xb
 1394 0094 0B       		.uleb128 0xb
 1395 0095 49       		.uleb128 0x49
 1396 0096 13       		.uleb128 0x13
 1397 0097 3A       		.uleb128 0x3a
 1398 0098 0B       		.uleb128 0xb
 1399 0099 3B       		.uleb128 0x3b
 1400 009a 05       		.uleb128 0x5
 1401 009b 01       		.uleb128 0x1
 1402 009c 13       		.uleb128 0x13
 1403 009d 00       		.byte	0
 1404 009e 00       		.byte	0
 1405 009f 0E       		.uleb128 0xe
 1406 00a0 28       		.uleb128 0x28
 1407 00a1 00       		.byte	0
 1408 00a2 03       		.uleb128 0x3
 1409 00a3 0E       		.uleb128 0xe
 1410 00a4 1C       		.uleb128 0x1c
 1411 00a5 0B       		.uleb128 0xb
 1412 00a6 00       		.byte	0
 1413 00a7 00       		.byte	0
 1414 00a8 0F       		.uleb128 0xf
 1415 00a9 0D       		.uleb128 0xd
 1416 00aa 00       		.byte	0
 1417 00ab 03       		.uleb128 0x3
 1418 00ac 08       		.uleb128 0x8
 1419 00ad 3A       		.uleb128 0x3a
ARM GAS  C:\Users\Reza\AppData\Local\Temp\ccawL8PH.s 			page 26


 1420 00ae 0B       		.uleb128 0xb
 1421 00af 3B       		.uleb128 0x3b
 1422 00b0 05       		.uleb128 0x5
 1423 00b1 49       		.uleb128 0x49
 1424 00b2 13       		.uleb128 0x13
 1425 00b3 38       		.uleb128 0x38
 1426 00b4 0B       		.uleb128 0xb
 1427 00b5 00       		.byte	0
 1428 00b6 00       		.byte	0
 1429 00b7 10       		.uleb128 0x10
 1430 00b8 13       		.uleb128 0x13
 1431 00b9 01       		.byte	0x1
 1432 00ba 03       		.uleb128 0x3
 1433 00bb 0E       		.uleb128 0xe
 1434 00bc 0B       		.uleb128 0xb
 1435 00bd 0B       		.uleb128 0xb
 1436 00be 3A       		.uleb128 0x3a
 1437 00bf 0B       		.uleb128 0xb
 1438 00c0 3B       		.uleb128 0x3b
 1439 00c1 05       		.uleb128 0x5
 1440 00c2 01       		.uleb128 0x1
 1441 00c3 13       		.uleb128 0x13
 1442 00c4 00       		.byte	0
 1443 00c5 00       		.byte	0
 1444 00c6 11       		.uleb128 0x11
 1445 00c7 01       		.uleb128 0x1
 1446 00c8 01       		.byte	0x1
 1447 00c9 49       		.uleb128 0x49
 1448 00ca 13       		.uleb128 0x13
 1449 00cb 01       		.uleb128 0x1
 1450 00cc 13       		.uleb128 0x13
 1451 00cd 00       		.byte	0
 1452 00ce 00       		.byte	0
 1453 00cf 12       		.uleb128 0x12
 1454 00d0 21       		.uleb128 0x21
 1455 00d1 00       		.byte	0
 1456 00d2 00       		.byte	0
 1457 00d3 00       		.byte	0
 1458 00d4 13       		.uleb128 0x13
 1459 00d5 26       		.uleb128 0x26
 1460 00d6 00       		.byte	0
 1461 00d7 49       		.uleb128 0x49
 1462 00d8 13       		.uleb128 0x13
 1463 00d9 00       		.byte	0
 1464 00da 00       		.byte	0
 1465 00db 14       		.uleb128 0x14
 1466 00dc 21       		.uleb128 0x21
 1467 00dd 00       		.byte	0
 1468 00de 49       		.uleb128 0x49
 1469 00df 13       		.uleb128 0x13
 1470 00e0 2F       		.uleb128 0x2f
 1471 00e1 0B       		.uleb128 0xb
 1472 00e2 00       		.byte	0
 1473 00e3 00       		.byte	0
 1474 00e4 15       		.uleb128 0x15
 1475 00e5 34       		.uleb128 0x34
 1476 00e6 00       		.byte	0
ARM GAS  C:\Users\Reza\AppData\Local\Temp\ccawL8PH.s 			page 27


 1477 00e7 03       		.uleb128 0x3
 1478 00e8 0E       		.uleb128 0xe
 1479 00e9 3A       		.uleb128 0x3a
 1480 00ea 0B       		.uleb128 0xb
 1481 00eb 3B       		.uleb128 0x3b
 1482 00ec 05       		.uleb128 0x5
 1483 00ed 49       		.uleb128 0x49
 1484 00ee 13       		.uleb128 0x13
 1485 00ef 02       		.uleb128 0x2
 1486 00f0 18       		.uleb128 0x18
 1487 00f1 00       		.byte	0
 1488 00f2 00       		.byte	0
 1489 00f3 16       		.uleb128 0x16
 1490 00f4 34       		.uleb128 0x34
 1491 00f5 00       		.byte	0
 1492 00f6 03       		.uleb128 0x3
 1493 00f7 0E       		.uleb128 0xe
 1494 00f8 3A       		.uleb128 0x3a
 1495 00f9 0B       		.uleb128 0xb
 1496 00fa 3B       		.uleb128 0x3b
 1497 00fb 0B       		.uleb128 0xb
 1498 00fc 49       		.uleb128 0x49
 1499 00fd 13       		.uleb128 0x13
 1500 00fe 3F       		.uleb128 0x3f
 1501 00ff 19       		.uleb128 0x19
 1502 0100 02       		.uleb128 0x2
 1503 0101 18       		.uleb128 0x18
 1504 0102 00       		.byte	0
 1505 0103 00       		.byte	0
 1506 0104 17       		.uleb128 0x17
 1507 0105 34       		.uleb128 0x34
 1508 0106 00       		.byte	0
 1509 0107 03       		.uleb128 0x3
 1510 0108 0E       		.uleb128 0xe
 1511 0109 3A       		.uleb128 0x3a
 1512 010a 0B       		.uleb128 0xb
 1513 010b 3B       		.uleb128 0x3b
 1514 010c 05       		.uleb128 0x5
 1515 010d 49       		.uleb128 0x49
 1516 010e 13       		.uleb128 0x13
 1517 010f 3F       		.uleb128 0x3f
 1518 0110 19       		.uleb128 0x19
 1519 0111 02       		.uleb128 0x2
 1520 0112 18       		.uleb128 0x18
 1521 0113 00       		.byte	0
 1522 0114 00       		.byte	0
 1523 0115 18       		.uleb128 0x18
 1524 0116 34       		.uleb128 0x34
 1525 0117 00       		.byte	0
 1526 0118 03       		.uleb128 0x3
 1527 0119 0E       		.uleb128 0xe
 1528 011a 3A       		.uleb128 0x3a
 1529 011b 0B       		.uleb128 0xb
 1530 011c 3B       		.uleb128 0x3b
 1531 011d 0B       		.uleb128 0xb
 1532 011e 49       		.uleb128 0x49
 1533 011f 13       		.uleb128 0x13
ARM GAS  C:\Users\Reza\AppData\Local\Temp\ccawL8PH.s 			page 28


 1534 0120 3F       		.uleb128 0x3f
 1535 0121 19       		.uleb128 0x19
 1536 0122 3C       		.uleb128 0x3c
 1537 0123 19       		.uleb128 0x19
 1538 0124 00       		.byte	0
 1539 0125 00       		.byte	0
 1540 0126 00       		.byte	0
 1541              		.section	.debug_aranges,"",%progbits
 1542 0000 14000000 		.4byte	0x14
 1543 0004 0200     		.2byte	0x2
 1544 0006 00000000 		.4byte	.Ldebug_info0
 1545 000a 04       		.byte	0x4
 1546 000b 00       		.byte	0
 1547 000c 0000     		.2byte	0
 1548 000e 0000     		.2byte	0
 1549 0010 00000000 		.4byte	0
 1550 0014 00000000 		.4byte	0
 1551              		.section	.debug_line,"",%progbits
 1552              	.Ldebug_line0:
 1553 0000 50010000 		.section	.debug_str,"MS",%progbits,1
 1553      02004A01 
 1553      00000201 
 1553      FB0E0D00 
 1553      01010101 
 1554              	.LASF41:
 1555 0000 6B696E64 		.ascii	"kind\000"
 1555      00
 1556              	.LASF98:
 1557 0005 45455F6F 		.ascii	"EE_oo_IRQ_disable_count\000"
 1557      6F5F4952 
 1557      515F6469 
 1557      7361626C 
 1557      655F636F 
 1558              	.LASF70:
 1559 001d 45455F63 		.ascii	"EE_cortex_mx_active_tos\000"
 1559      6F727465 
 1559      785F6D78 
 1559      5F616374 
 1559      6976655F 
 1560              	.LASF85:
 1561 0035 45455F72 		.ascii	"EE_rq_bitmask\000"
 1561      715F6269 
 1561      746D6173 
 1561      6B00
 1562              	.LASF16:
 1563 0043 45455F55 		.ascii	"EE_UREG\000"
 1563      52454700 
 1564              	.LASF30:
 1565 004b 7469636B 		.ascii	"ticksperbase\000"
 1565      73706572 
 1565      62617365 
 1565      00
 1566              	.LASF84:
 1567 0058 45455F72 		.ascii	"EE_rq_pairs_tid\000"
 1567      715F7061 
 1567      6972735F 
 1567      74696400 
ARM GAS  C:\Users\Reza\AppData\Local\Temp\ccawL8PH.s 			page 29


 1568              	.LASF23:
 1569 0068 4576656E 		.ascii	"EventMaskType\000"
 1569      744D6173 
 1569      6B547970 
 1569      6500
 1570              	.LASF67:
 1571 0076 45455F74 		.ascii	"EE_terminate_data\000"
 1571      65726D69 
 1571      6E617465 
 1571      5F646174 
 1571      6100
 1572              	.LASF89:
 1573 0088 45455F74 		.ascii	"EE_th_waswaiting\000"
 1573      685F7761 
 1573      73776169 
 1573      74696E67 
 1573      00
 1574              	.LASF2:
 1575 0099 73686F72 		.ascii	"short int\000"
 1575      7420696E 
 1575      7400
 1576              	.LASF64:
 1577 00a3 73697A65 		.ascii	"sizetype\000"
 1577      74797065 
 1577      00
 1578              	.LASF63:
 1579 00ac 7461736B 		.ascii	"task\000"
 1579      00
 1580              	.LASF45:
 1581 00b1 64656C74 		.ascii	"delta\000"
 1581      6100
 1582              	.LASF40:
 1583 00b7 73706563 		.ascii	"spec_id\000"
 1583      5F696400 
 1584              	.LASF18:
 1585 00bf 45455F46 		.ascii	"EE_FREG\000"
 1585      52454700 
 1586              	.LASF97:
 1587 00c7 45455F6F 		.ascii	"EE_oo_autostart_task_data\000"
 1587      6F5F6175 
 1587      746F7374 
 1587      6172745F 
 1587      7461736B 
 1588              	.LASF39:
 1589 00e1 436F756E 		.ascii	"CounterObjectKindType\000"
 1589      7465724F 
 1589      626A6563 
 1589      744B696E 
 1589      64547970 
 1590              	.LASF12:
 1591 00f7 45455F55 		.ascii	"EE_UINT32\000"
 1591      494E5433 
 1591      3200
 1592              	.LASF72:
 1593 0101 45455F74 		.ascii	"EE_th_ready_prio\000"
 1593      685F7265 
 1593      6164795F 
ARM GAS  C:\Users\Reza\AppData\Local\Temp\ccawL8PH.s 			page 30


 1593      7072696F 
 1593      00
 1594              	.LASF81:
 1595 0112 45455F72 		.ascii	"EE_rq_queues_head\000"
 1595      715F7175 
 1595      65756573 
 1595      5F686561 
 1595      6400
 1596              	.LASF20:
 1597 0124 45455F54 		.ascii	"EE_TID\000"
 1597      494400
 1598              	.LASF31:
 1599 012b 6D696E63 		.ascii	"mincycle\000"
 1599      79636C65 
 1599      00
 1600              	.LASF33:
 1601 0134 76616C75 		.ascii	"value\000"
 1601      6500
 1602              	.LASF79:
 1603 013a 45455F73 		.ascii	"EE_sys_ceiling\000"
 1603      79735F63 
 1603      65696C69 
 1603      6E6700
 1604              	.LASF57:
 1605 0149 696E6363 		.ascii	"inccount\000"
 1605      6F756E74 
 1605      00
 1606              	.LASF92:
 1607 0152 45455F6F 		.ascii	"EE_oo_counter_object_ROM\000"
 1607      6F5F636F 
 1607      756E7465 
 1607      725F6F62 
 1607      6A656374 
 1608              	.LASF13:
 1609 016b 45455F41 		.ascii	"EE_ADDR\000"
 1609      44445200 
 1610              	.LASF102:
 1611 0173 45455F49 		.ascii	"EE_IRQ_nesting_level\000"
 1611      52515F6E 
 1611      65737469 
 1611      6E675F6C 
 1611      6576656C 
 1612              	.LASF65:
 1613 0188 45455F68 		.ascii	"EE_hal_thread_body\000"
 1613      616C5F74 
 1613      68726561 
 1613      645F626F 
 1613      647900
 1614              	.LASF48:
 1615 019b 45455F41 		.ascii	"EE_ACTION_TASK\000"
 1615      4354494F 
 1615      4E5F5441 
 1615      534B00
 1616              	.LASF52:
 1617 01aa 45455F6F 		.ascii	"EE_oo_action_kind_type\000"
 1617      6F5F6163 
 1617      74696F6E 
ARM GAS  C:\Users\Reza\AppData\Local\Temp\ccawL8PH.s 			page 31


 1617      5F6B696E 
 1617      645F7479 
 1618              	.LASF80:
 1619 01c1 45455F72 		.ascii	"EE_rq_link\000"
 1619      715F6C69 
 1619      6E6B00
 1620              	.LASF35:
 1621 01cc 45455F6F 		.ascii	"EE_oo_counter_RAM_type\000"
 1621      6F5F636F 
 1621      756E7465 
 1621      725F5241 
 1621      4D5F7479 
 1622              	.LASF6:
 1623 01e3 6C6F6E67 		.ascii	"long long int\000"
 1623      206C6F6E 
 1623      6720696E 
 1623      7400
 1624              	.LASF7:
 1625 01f1 6C6F6E67 		.ascii	"long long unsigned int\000"
 1625      206C6F6E 
 1625      6720756E 
 1625      7369676E 
 1625      65642069 
 1626              	.LASF69:
 1627 0208 45455F63 		.ascii	"EE_cortex_mx_system_tos\000"
 1627      6F727465 
 1627      785F6D78 
 1627      5F737973 
 1627      74656D5F 
 1628              	.LASF99:
 1629 0220 45455F6F 		.ascii	"EE_oo_IRQ_suspend_status\000"
 1629      6F5F4952 
 1629      515F7375 
 1629      7370656E 
 1629      645F7374 
 1630              	.LASF21:
 1631 0239 45455F54 		.ascii	"EE_TYPE_RQ_MASK\000"
 1631      5950455F 
 1631      52515F4D 
 1631      41534B00 
 1632              	.LASF37:
 1633 0249 45455F53 		.ascii	"EE_SCHEDULETABLE\000"
 1633      43484544 
 1633      554C4554 
 1633      41424C45 
 1633      00
 1634              	.LASF4:
 1635 025a 6C6F6E67 		.ascii	"long int\000"
 1635      20696E74 
 1635      00
 1636              	.LASF29:
 1637 0263 6D617861 		.ascii	"maxallowedvalue\000"
 1637      6C6C6F77 
 1637      65647661 
 1637      6C756500 
 1638              	.LASF50:
 1639 0273 45455F41 		.ascii	"EE_ACTION_COUNTER\000"
ARM GAS  C:\Users\Reza\AppData\Local\Temp\ccawL8PH.s 			page 32


 1639      4354494F 
 1639      4E5F434F 
 1639      554E5445 
 1639      5200
 1640              	.LASF47:
 1641 0285 45455F6F 		.ascii	"EE_oo_counter_object_RAM_type\000"
 1641      6F5F636F 
 1641      756E7465 
 1641      725F6F62 
 1641      6A656374 
 1642              	.LASF56:
 1643 02a3 61637469 		.ascii	"action_mask\000"
 1643      6F6E5F6D 
 1643      61736B00 
 1644              	.LASF90:
 1645 02af 45455F74 		.ascii	"EE_th_is_extended\000"
 1645      685F6973 
 1645      5F657874 
 1645      656E6465 
 1645      6400
 1646              	.LASF68:
 1647 02c1 45455F74 		.ascii	"EE_terminate_real_th_body\000"
 1647      65726D69 
 1647      6E617465 
 1647      5F726561 
 1647      6C5F7468 
 1648              	.LASF32:
 1649 02db 45455F6F 		.ascii	"EE_oo_counter_ROM_type\000"
 1649      6F5F636F 
 1649      756E7465 
 1649      725F524F 
 1649      4D5F7479 
 1650              	.LASF83:
 1651 02f2 45455F72 		.ascii	"EE_rq_pairs_next\000"
 1651      715F7061 
 1651      6972735F 
 1651      6E657874 
 1651      00
 1652              	.LASF86:
 1653 0303 45455F72 		.ascii	"EE_rq_free\000"
 1653      715F6672 
 1653      656500
 1654              	.LASF24:
 1655 030e 5469636B 		.ascii	"TickType\000"
 1655      54797065 
 1655      00
 1656              	.LASF51:
 1657 0317 45455F41 		.ascii	"EE_ACTION_CALLBACK\000"
 1657      4354494F 
 1657      4E5F4341 
 1657      4C4C4241 
 1657      434B00
 1658              	.LASF25:
 1659 032a 436F756E 		.ascii	"CounterObjectType\000"
 1659      7465724F 
 1659      626A6563 
 1659      74547970 
ARM GAS  C:\Users\Reza\AppData\Local\Temp\ccawL8PH.s 			page 33


 1659      6500
 1660              	.LASF9:
 1661 033c 6C6F6E67 		.ascii	"long double\000"
 1661      20646F75 
 1661      626C6500 
 1662              	.LASF91:
 1663 0348 45455F63 		.ascii	"EE_counter_ROM\000"
 1663      6F756E74 
 1663      65725F52 
 1663      4F4D00
 1664              	.LASF22:
 1665 0357 5461736B 		.ascii	"TaskType\000"
 1665      54797065 
 1665      00
 1666              	.LASF1:
 1667 0360 756E7369 		.ascii	"unsigned char\000"
 1667      676E6564 
 1667      20636861 
 1667      7200
 1668              	.LASF96:
 1669 036e 45455F6F 		.ascii	"EE_oo_counter_object_RAM\000"
 1669      6F5F636F 
 1669      756E7465 
 1669      725F6F62 
 1669      6A656374 
 1670              	.LASF53:
 1671 0387 41637469 		.ascii	"ActionKindType\000"
 1671      6F6E4B69 
 1671      6E645479 
 1671      706500
 1672              	.LASF17:
 1673 0396 45455F53 		.ascii	"EE_SREG\000"
 1673      52454700 
 1674              	.LASF0:
 1675 039e 7369676E 		.ascii	"signed char\000"
 1675      65642063 
 1675      68617200 
 1676              	.LASF108:
 1677 03aa 443A5C48 		.ascii	"D:\\H_da\\Winter Semester\\MM03 Advanced Microcontr"
 1677      5F64615C 
 1677      57696E74 
 1677      65722053 
 1677      656D6573 
 1678 03da 6F6C6C65 		.ascii	"oller Systems and Embedded Operating Systems\\Lectu"
 1678      72205379 
 1678      7374656D 
 1678      7320616E 
 1678      6420456D 
 1679 040c 72652050 		.ascii	"re Prof. Fromm\\workspace\\workspace_psoc\\Smart_Vo"
 1679      726F662E 
 1679      2046726F 
 1679      6D6D5C77 
 1679      6F726B73 
 1680 043c 6C756D65 		.ascii	"lume\\Smart_Volume.cydsn\000"
 1680      5C536D61 
 1680      72745F56 
 1680      6F6C756D 
ARM GAS  C:\Users\Reza\AppData\Local\Temp\ccawL8PH.s 			page 34


 1680      652E6379 
 1681              	.LASF55:
 1682 0454 61637469 		.ascii	"action_task\000"
 1682      6F6E5F74 
 1682      61736B00 
 1683              	.LASF66:
 1684 0460 45455F73 		.ascii	"EE_std_thread_tos\000"
 1684      74645F74 
 1684      68726561 
 1684      645F746F 
 1684      7300
 1685              	.LASF8:
 1686 0472 756E7369 		.ascii	"unsigned int\000"
 1686      676E6564 
 1686      20696E74 
 1686      00
 1687              	.LASF38:
 1688 047f 45455F6F 		.ascii	"EE_oo_counter_object_kind_type\000"
 1688      6F5F636F 
 1688      756E7465 
 1688      725F6F62 
 1688      6A656374 
 1689              	.LASF104:
 1690 049e 45455F63 		.ascii	"EE_cortex_mx_stack_3\000"
 1690      6F727465 
 1690      785F6D78 
 1690      5F737461 
 1690      636B5F33 
 1691              	.LASF76:
 1692 04b3 45455F74 		.ascii	"EE_th_rnact\000"
 1692      685F726E 
 1692      61637400 
 1693              	.LASF101:
 1694 04bf 45455F73 		.ascii	"EE_std_endcycle_next_tid\000"
 1694      74645F65 
 1694      6E646379 
 1694      636C655F 
 1694      6E657874 
 1695              	.LASF11:
 1696 04d8 45455F49 		.ascii	"EE_INT32\000"
 1696      4E543332 
 1696      00
 1697              	.LASF105:
 1698 04e1 45455F63 		.ascii	"EE_cortex_mx_stack_9\000"
 1698      6F727465 
 1698      785F6D78 
 1698      5F737461 
 1698      636B5F39 
 1699              	.LASF3:
 1700 04f6 73686F72 		.ascii	"short unsigned int\000"
 1700      7420756E 
 1700      7369676E 
 1700      65642069 
 1700      6E7400
 1701              	.LASF42:
 1702 0509 45455F6F 		.ascii	"EE_oo_counter_object_ROM_type\000"
 1702      6F5F636F 
ARM GAS  C:\Users\Reza\AppData\Local\Temp\ccawL8PH.s 			page 35


 1702      756E7465 
 1702      725F6F62 
 1702      6A656374 
 1703              	.LASF109:
 1704 0527 45455F6F 		.ascii	"EE_oo_autostart_task_mode_OSDEFAULTAPPMODE\000"
 1704      6F5F6175 
 1704      746F7374 
 1704      6172745F 
 1704      7461736B 
 1705              	.LASF10:
 1706 0552 45455F55 		.ascii	"EE_UINT16\000"
 1706      494E5431 
 1706      3600
 1707              	.LASF71:
 1708 055c 45455F74 		.ascii	"EE_th_rnact_max\000"
 1708      685F726E 
 1708      6163745F 
 1708      6D617800 
 1709              	.LASF26:
 1710 056c 41637469 		.ascii	"ActionType\000"
 1710      6F6E5479 
 1710      706500
 1711              	.LASF59:
 1712 0577 61637469 		.ascii	"action_id\000"
 1712      6F6E5F69 
 1712      6400
 1713              	.LASF15:
 1714 0581 45455F54 		.ascii	"EE_THREAD_PTR\000"
 1714      48524541 
 1714      445F5054 
 1714      5200
 1715              	.LASF14:
 1716 058f 45455F56 		.ascii	"EE_VOID_CALLBACK\000"
 1716      4F49445F 
 1716      43414C4C 
 1716      4241434B 
 1716      00
 1717              	.LASF95:
 1718 05a0 45455F63 		.ascii	"EE_counter_RAM\000"
 1718      6F756E74 
 1718      65725F52 
 1718      414D00
 1719              	.LASF100:
 1720 05af 45455F41 		.ascii	"EE_ApplicationMode\000"
 1720      70706C69 
 1720      63617469 
 1720      6F6E4D6F 
 1720      646500
 1721              	.LASF5:
 1722 05c2 6C6F6E67 		.ascii	"long unsigned int\000"
 1722      20756E73 
 1722      69676E65 
 1722      6420696E 
 1722      7400
 1723              	.LASF87:
 1724 05d4 45455F74 		.ascii	"EE_th_event_active\000"
 1724      685F6576 
ARM GAS  C:\Users\Reza\AppData\Local\Temp\ccawL8PH.s 			page 36


 1724      656E745F 
 1724      61637469 
 1724      766500
 1725              	.LASF49:
 1726 05e7 45455F41 		.ascii	"EE_ACTION_EVENT\000"
 1726      4354494F 
 1726      4E5F4556 
 1726      454E5400 
 1727              	.LASF19:
 1728 05f7 45455F54 		.ascii	"EE_TYPEBOOL\000"
 1728      59504542 
 1728      4F4F4C00 
 1729              	.LASF78:
 1730 0603 45455F73 		.ascii	"EE_stkfirst\000"
 1730      746B6669 
 1730      72737400 
 1731              	.LASF58:
 1732 060f 45455F6F 		.ascii	"EE_oo_action_ROM_type\000"
 1732      6F5F6163 
 1732      74696F6E 
 1732      5F524F4D 
 1732      5F747970 
 1733              	.LASF62:
 1734 0625 45455F6F 		.ascii	"EE_oo_autostart_task_type\000"
 1734      6F5F6175 
 1734      746F7374 
 1734      6172745F 
 1734      7461736B 
 1735              	.LASF28:
 1736 063f 5359535F 		.ascii	"SYS_tos\000"
 1736      746F7300 
 1737              	.LASF36:
 1738 0647 45455F41 		.ascii	"EE_ALARM\000"
 1738      4C41524D 
 1738      00
 1739              	.LASF94:
 1740 0650 45455F61 		.ascii	"EE_alarm_ROM\000"
 1740      6C61726D 
 1740      5F524F4D 
 1740      00
 1741              	.LASF88:
 1742 065d 45455F74 		.ascii	"EE_th_event_waitmask\000"
 1742      685F6576 
 1742      656E745F 
 1742      77616974 
 1742      6D61736B 
 1743              	.LASF103:
 1744 0672 45455F63 		.ascii	"EE_cortex_mx_IRQ_tos\000"
 1744      6F727465 
 1744      785F6D78 
 1744      5F495251 
 1744      5F746F73 
 1745              	.LASF61:
 1746 0687 45455F54 		.ascii	"EE_TOS\000"
 1746      4F5300
 1747              	.LASF43:
 1748 068e 75736564 		.ascii	"used\000"
ARM GAS  C:\Users\Reza\AppData\Local\Temp\ccawL8PH.s 			page 37


 1748      00
 1749              	.LASF27:
 1750 0693 436F756E 		.ascii	"CounterType\000"
 1750      74657254 
 1750      79706500 
 1751              	.LASF77:
 1752 069f 45455F74 		.ascii	"EE_th_terminate_nextask\000"
 1752      685F7465 
 1752      726D696E 
 1752      6174655F 
 1752      6E657874 
 1753              	.LASF74:
 1754 06b7 45455F74 		.ascii	"EE_th_status\000"
 1754      685F7374 
 1754      61747573 
 1754      00
 1755              	.LASF73:
 1756 06c4 45455F74 		.ascii	"EE_th_dispatch_prio\000"
 1756      685F6469 
 1756      73706174 
 1756      63685F70 
 1756      72696F00 
 1757              	.LASF54:
 1758 06d8 61637469 		.ascii	"action_kind\000"
 1758      6F6E5F6B 
 1758      696E6400 
 1759              	.LASF75:
 1760 06e4 45455F74 		.ascii	"EE_th_next\000"
 1760      685F6E65 
 1760      787400
 1761              	.LASF82:
 1762 06ef 45455F72 		.ascii	"EE_rq_queues_tail\000"
 1762      715F7175 
 1762      65756573 
 1762      5F746169 
 1762      6C00
 1763              	.LASF106:
 1764 0701 474E5520 		.ascii	"GNU C11 5.4.1 20160609 (release) [ARM/embedded-5-br"
 1764      43313120 
 1764      352E342E 
 1764      31203230 
 1764      31363036 
 1765 0734 616E6368 		.ascii	"anch revision 237715] -mcpu=cortex-m3 -mthumb -g -O"
 1765      20726576 
 1765      6973696F 
 1765      6E203233 
 1765      37373135 
 1766 0767 67202D66 		.ascii	"g -ffunction-sections -ffat-lto-objects\000"
 1766      66756E63 
 1766      74696F6E 
 1766      2D736563 
 1766      74696F6E 
 1767              	.LASF44:
 1768 078f 636E7463 		.ascii	"cntcycle\000"
 1768      79636C65 
 1768      00
 1769              	.LASF107:
ARM GAS  C:\Users\Reza\AppData\Local\Temp\ccawL8PH.s 			page 38


 1770 0798 47656E65 		.ascii	"Generated_Source\\PSoC5\\SimpleSystem_eecfg.c\000"
 1770      72617465 
 1770      645F536F 
 1770      75726365 
 1770      5C50536F 
 1771              	.LASF60:
 1772 07c4 45455F6F 		.ascii	"EE_oo_alarm_ROM_type\000"
 1772      6F5F616C 
 1772      61726D5F 
 1772      524F4D5F 
 1772      74797065 
 1773              	.LASF46:
 1774 07d9 6E657874 		.ascii	"next\000"
 1774      00
 1775              	.LASF93:
 1776 07de 45455F6F 		.ascii	"EE_oo_action_ROM\000"
 1776      6F5F6163 
 1776      74696F6E 
 1776      5F524F4D 
 1776      00
 1777              	.LASF34:
 1778 07ef 66697273 		.ascii	"first\000"
 1778      7400
 1779              		.ident	"GCC: (GNU Tools for ARM Embedded Processors) 5.4.1 20160609 (release) [ARM/embedded-5-bran
