ARM GAS  C:\Users\Reza\AppData\Local\Temp\cc8evJDY.s 			page 1


   1              		.syntax unified
   2              		.cpu cortex-m3
   3              		.fpu softvfp
   4              		.eabi_attribute 20, 1
   5              		.eabi_attribute 21, 1
   6              		.eabi_attribute 23, 3
   7              		.eabi_attribute 24, 1
   8              		.eabi_attribute 25, 1
   9              		.eabi_attribute 26, 1
  10              		.eabi_attribute 30, 1
  11              		.eabi_attribute 34, 1
  12              		.eabi_attribute 18, 4
  13              		.thumb
  14              		.syntax unified
  15              		.file	"sound.c"
  16              		.text
  17              	.Ltext0:
  18              		.cfi_sections	.debug_frame
  19              		.section	.text.SOUND_StartPlay,"ax",%progbits
  20              		.align	2
  21              		.global	SOUND_StartPlay
  22              		.thumb
  23              		.thumb_func
  24              		.type	SOUND_StartPlay, %function
  25              	SOUND_StartPlay:
  26              	.LFB115:
  27              		.file 1 "source\\asw\\sound.c"
   1:source\asw/sound.c **** /**
   2:source\asw/sound.c **** * \file sound.c
   3:source\asw/sound.c **** * \author P. Fromm
   4:source\asw/sound.c **** * \date 6.11.18
   5:source\asw/sound.c **** *
   6:source\asw/sound.c **** * \brief Sound driver
   7:source\asw/sound.c **** *
   8:source\asw/sound.c **** * \copyright Copyright ©2016
   9:source\asw/sound.c **** * Department of electrical engineering and information technology, Hochschule Darmstadt - Universit
  10:source\asw/sound.c **** * Permission to use, copy, modify, and distribute this software and its documentation for education
  11:source\asw/sound.c **** * (unless permitted by h_da) and official h_da projects, is hereby granted for enrolled students of
  12:source\asw/sound.c **** * this paragraph and the following paragraph appear in all copies, modifications, and distributions
  13:source\asw/sound.c **** * Contact Prof.Dr.-Ing. Peter Fromm, peter.fromm@h-da.de, Birkenweg 8 64295 Darmstadt - GERMANY for
  14:source\asw/sound.c **** *
  15:source\asw/sound.c **** * \warning This software is a PROTOTYPE version and is not designed or intended for use in producti
  16:source\asw/sound.c **** * The user represents and warrants that it will NOT use or redistribute the Software for such purpo
  17:source\asw/sound.c **** * This prototype is for research purposes only. This software is provided "AS IS," without a warran
  18:source\asw/sound.c **** */
  19:source\asw/sound.c **** 
  20:source\asw/sound.c **** /*****************************************************************************/
  21:source\asw/sound.c **** /* Include files                                                             */
  22:source\asw/sound.c **** /*****************************************************************************/
  23:source\asw/sound.c **** #include "sound.h"
  24:source\asw/sound.c **** #include "project.h"
  25:source\asw/sound.c **** 
  26:source\asw/sound.c **** /*****************************************************************************/
  27:source\asw/sound.c **** /* Local pre-processor symbols/macros ('#define')                            */
  28:source\asw/sound.c **** /*****************************************************************************/
  29:source\asw/sound.c **** 
  30:source\asw/sound.c **** /*****************************************************************************/
ARM GAS  C:\Users\Reza\AppData\Local\Temp\cc8evJDY.s 			page 2


  31:source\asw/sound.c **** /* Global variable definitions (declared in header file with 'extern')       */
  32:source\asw/sound.c **** /*****************************************************************************/
  33:source\asw/sound.c **** 
  34:source\asw/sound.c **** /*****************************************************************************/
  35:source\asw/sound.c **** /* Local type definitions ('typedef')                                        */
  36:source\asw/sound.c **** /*****************************************************************************/
  37:source\asw/sound.c **** 
  38:source\asw/sound.c **** /*****************************************************************************/
  39:source\asw/sound.c **** /* Local variable definitions ('static')                                     */
  40:source\asw/sound.c **** /*****************************************************************************/
  41:source\asw/sound.c **** 
  42:source\asw/sound.c **** static struct {
  43:source\asw/sound.c ****     uint8_t const* m_song;
  44:source\asw/sound.c ****     uint32_t m_size;
  45:source\asw/sound.c ****     uint32_t m_pos;
  46:source\asw/sound.c ****     uint8_t m_volume;
  47:source\asw/sound.c **** } SOUND__currentSong = {0,0,0,0};
  48:source\asw/sound.c **** 
  49:source\asw/sound.c **** 
  50:source\asw/sound.c **** /*****************************************************************************/
  51:source\asw/sound.c **** /* Local function prototypes ('static')                                      */
  52:source\asw/sound.c **** /*****************************************************************************/
  53:source\asw/sound.c **** 
  54:source\asw/sound.c **** 
  55:source\asw/sound.c **** /*****************************************************************************/
  56:source\asw/sound.c **** /* Function implementation - global ('extern') and local ('static')          */
  57:source\asw/sound.c **** /*****************************************************************************/
  58:source\asw/sound.c **** 
  59:source\asw/sound.c **** /**
  60:source\asw/sound.c ****  * Init Function for the sound driver
  61:source\asw/sound.c ****  * /return RC_SUCCESS
  62:source\asw/sound.c ****  */
  63:source\asw/sound.c **** RC_t SOUND_Init()
  64:source\asw/sound.c **** {
  65:source\asw/sound.c ****     //Set the MUX to channel 1
  66:source\asw/sound.c ****     SOUND_Control_Write(SOUND_CH1);
  67:source\asw/sound.c ****     
  68:source\asw/sound.c ****     //Enable power supply
  69:source\asw/sound.c ****     SOUND_ENABLE_Write(1);
  70:source\asw/sound.c **** 
  71:source\asw/sound.c ****     //Disable the song sample timer
  72:source\asw/sound.c ****     SOUND_StopPlay();
  73:source\asw/sound.c **** 
  74:source\asw/sound.c ****     //Initialize PWM and Clock
  75:source\asw/sound.c ****     SOUND_PWM_CLOCK_Start();
  76:source\asw/sound.c ****     SOUND_PWM_Start();
  77:source\asw/sound.c ****     SOUND_PWM_WriteCompare(0);
  78:source\asw/sound.c ****     
  79:source\asw/sound.c ****     
  80:source\asw/sound.c ****     return RC_SUCCESS;
  81:source\asw/sound.c **** }
  82:source\asw/sound.c **** 
  83:source\asw/sound.c **** /**
  84:source\asw/sound.c ****  * Activate the Timer ISR for playing a song
  85:source\asw/sound.c ****  * /return RC_SUCCESS
  86:source\asw/sound.c ****  */
  87:source\asw/sound.c **** RC_t SOUND_StartPlay()
ARM GAS  C:\Users\Reza\AppData\Local\Temp\cc8evJDY.s 			page 3


  88:source\asw/sound.c **** {
  28              		.loc 1 88 0
  29              		.cfi_startproc
  30              		@ args = 0, pretend = 0, frame = 0
  31              		@ frame_needed = 0, uses_anonymous_args = 0
  32 0000 08B5     		push	{r3, lr}
  33              		.cfi_def_cfa_offset 8
  34              		.cfi_offset 3, -8
  35              		.cfi_offset 14, -4
  89:source\asw/sound.c ****     SOUND_SAMPLE_CLOCK_Start();
  36              		.loc 1 89 0
  37 0002 FFF7FEFF 		bl	SOUND_SAMPLE_CLOCK_Start
  38              	.LVL0:
  90:source\asw/sound.c ****     
  91:source\asw/sound.c ****     return RC_SUCCESS;
  92:source\asw/sound.c **** }
  39              		.loc 1 92 0
  40 0006 0020     		movs	r0, #0
  41 0008 08BD     		pop	{r3, pc}
  42              		.cfi_endproc
  43              	.LFE115:
  44              		.size	SOUND_StartPlay, .-SOUND_StartPlay
  45 000a 00BF     		.section	.text.SOUND_StopPlay,"ax",%progbits
  46              		.align	2
  47              		.global	SOUND_StopPlay
  48              		.thumb
  49              		.thumb_func
  50              		.type	SOUND_StopPlay, %function
  51              	SOUND_StopPlay:
  52              	.LFB116:
  93:source\asw/sound.c **** 
  94:source\asw/sound.c **** /**
  95:source\asw/sound.c ****  * DeActivate the Timer ISR for playing a song
  96:source\asw/sound.c ****  * /return RC_SUCCESS
  97:source\asw/sound.c ****  */
  98:source\asw/sound.c **** RC_t SOUND_StopPlay()
  99:source\asw/sound.c **** {
  53              		.loc 1 99 0
  54              		.cfi_startproc
  55              		@ args = 0, pretend = 0, frame = 0
  56              		@ frame_needed = 0, uses_anonymous_args = 0
  57 0000 08B5     		push	{r3, lr}
  58              		.cfi_def_cfa_offset 8
  59              		.cfi_offset 3, -8
  60              		.cfi_offset 14, -4
 100:source\asw/sound.c ****     SOUND_SAMPLE_CLOCK_Stop();
  61              		.loc 1 100 0
  62 0002 FFF7FEFF 		bl	SOUND_SAMPLE_CLOCK_Stop
  63              	.LVL1:
 101:source\asw/sound.c ****     
 102:source\asw/sound.c ****     //isr_Timer_Disable seems not to work
 103:source\asw/sound.c ****     //isr_Timer_Disable();
 104:source\asw/sound.c ****     
 105:source\asw/sound.c ****     return RC_SUCCESS;
 106:source\asw/sound.c **** }
  64              		.loc 1 106 0
  65 0006 0020     		movs	r0, #0
ARM GAS  C:\Users\Reza\AppData\Local\Temp\cc8evJDY.s 			page 4


  66 0008 08BD     		pop	{r3, pc}
  67              		.cfi_endproc
  68              	.LFE116:
  69              		.size	SOUND_StopPlay, .-SOUND_StopPlay
  70 000a 00BF     		.section	.text.SOUND_Init,"ax",%progbits
  71              		.align	2
  72              		.global	SOUND_Init
  73              		.thumb
  74              		.thumb_func
  75              		.type	SOUND_Init, %function
  76              	SOUND_Init:
  77              	.LFB114:
  64:source\asw/sound.c ****     //Set the MUX to channel 1
  78              		.loc 1 64 0
  79              		.cfi_startproc
  80              		@ args = 0, pretend = 0, frame = 0
  81              		@ frame_needed = 0, uses_anonymous_args = 0
  82 0000 08B5     		push	{r3, lr}
  83              		.cfi_def_cfa_offset 8
  84              		.cfi_offset 3, -8
  85              		.cfi_offset 14, -4
  66:source\asw/sound.c ****     
  86              		.loc 1 66 0
  87 0002 0120     		movs	r0, #1
  88 0004 FFF7FEFF 		bl	SOUND_Control_Write
  89              	.LVL2:
  69:source\asw/sound.c **** 
  90              		.loc 1 69 0
  91 0008 0120     		movs	r0, #1
  92 000a FFF7FEFF 		bl	SOUND_ENABLE_Write
  93              	.LVL3:
  72:source\asw/sound.c **** 
  94              		.loc 1 72 0
  95 000e FFF7FEFF 		bl	SOUND_StopPlay
  96              	.LVL4:
  75:source\asw/sound.c ****     SOUND_PWM_Start();
  97              		.loc 1 75 0
  98 0012 FFF7FEFF 		bl	SOUND_PWM_CLOCK_Start
  99              	.LVL5:
  76:source\asw/sound.c ****     SOUND_PWM_WriteCompare(0);
 100              		.loc 1 76 0
 101 0016 FFF7FEFF 		bl	SOUND_PWM_Start
 102              	.LVL6:
  77:source\asw/sound.c ****     
 103              		.loc 1 77 0
 104 001a 0020     		movs	r0, #0
 105 001c FFF7FEFF 		bl	SOUND_PWM_WriteCompare
 106              	.LVL7:
  81:source\asw/sound.c **** 
 107              		.loc 1 81 0
 108 0020 0020     		movs	r0, #0
 109 0022 08BD     		pop	{r3, pc}
 110              		.cfi_endproc
 111              	.LFE114:
 112              		.size	SOUND_Init, .-SOUND_Init
 113              		.section	.text.SOUND_SetSong,"ax",%progbits
 114              		.align	2
ARM GAS  C:\Users\Reza\AppData\Local\Temp\cc8evJDY.s 			page 5


 115              		.global	SOUND_SetSong
 116              		.thumb
 117              		.thumb_func
 118              		.type	SOUND_SetSong, %function
 119              	SOUND_SetSong:
 120              	.LFB117:
 107:source\asw/sound.c **** 
 108:source\asw/sound.c **** /**
 109:source\asw/sound.c ****  * Set the song. This song will be played in an endless loop
 110:source\asw/sound.c ****  * /param   uint8_t const *const song       : pointer to the song data [IN]
 111:source\asw/sound.c ****  * /param   uint32_t sizeOfSong             : size of the song data [IN]
 112:source\asw/sound.c ****  * /return RC_SUCCESS
 113:source\asw/sound.c ****  */
 114:source\asw/sound.c **** RC_t SOUND_SetSong(uint8_t const *const song, uint32_t sizeOfSong)
 115:source\asw/sound.c **** {
 121              		.loc 1 115 0
 122              		.cfi_startproc
 123              		@ args = 0, pretend = 0, frame = 0
 124              		@ frame_needed = 0, uses_anonymous_args = 0
 125              		@ link register save eliminated.
 126              	.LVL8:
 116:source\asw/sound.c ****     SOUND__currentSong.m_song = song;
 127              		.loc 1 116 0
 128 0000 024B     		ldr	r3, .L8
 129 0002 1860     		str	r0, [r3]
 117:source\asw/sound.c ****     SOUND__currentSong.m_size = sizeOfSong;
 130              		.loc 1 117 0
 131 0004 5960     		str	r1, [r3, #4]
 118:source\asw/sound.c ****     SOUND__currentSong.m_pos = 0;
 132              		.loc 1 118 0
 133 0006 0020     		movs	r0, #0
 134              	.LVL9:
 135 0008 9860     		str	r0, [r3, #8]
 119:source\asw/sound.c ****     
 120:source\asw/sound.c ****     return RC_SUCCESS;
 121:source\asw/sound.c **** }
 136              		.loc 1 121 0
 137 000a 7047     		bx	lr
 138              	.L9:
 139              		.align	2
 140              	.L8:
 141 000c 00000000 		.word	.LANCHOR0
 142              		.cfi_endproc
 143              	.LFE117:
 144              		.size	SOUND_SetSong, .-SOUND_SetSong
 145              		.section	.text.SOUND_SetVolume,"ax",%progbits
 146              		.align	2
 147              		.global	SOUND_SetVolume
 148              		.thumb
 149              		.thumb_func
 150              		.type	SOUND_SetVolume, %function
 151              	SOUND_SetVolume:
 152              	.LFB118:
 122:source\asw/sound.c **** 
 123:source\asw/sound.c **** /**
 124:source\asw/sound.c ****  * Set the volume
 125:source\asw/sound.c ****  * /param   uint8_t volume                 : volume in % 0...100
ARM GAS  C:\Users\Reza\AppData\Local\Temp\cc8evJDY.s 			page 6


 126:source\asw/sound.c ****  * /return RC_SUCCESS
 127:source\asw/sound.c ****  */
 128:source\asw/sound.c **** RC_t SOUND_SetVolume(uint8_t volume)
 129:source\asw/sound.c **** {
 153              		.loc 1 129 0
 154              		.cfi_startproc
 155              		@ args = 0, pretend = 0, frame = 0
 156              		@ frame_needed = 0, uses_anonymous_args = 0
 157              		@ link register save eliminated.
 158              	.LVL10:
 130:source\asw/sound.c ****     if (volume > 100) volume = 100;
 159              		.loc 1 130 0
 160 0000 6428     		cmp	r0, #100
 161 0002 00D9     		bls	.L11
 162 0004 6420     		movs	r0, #100
 163              	.LVL11:
 164              	.L11:
 131:source\asw/sound.c ****     
 132:source\asw/sound.c ****     SOUND__currentSong.m_volume = volume;
 165              		.loc 1 132 0
 166 0006 024B     		ldr	r3, .L13
 167 0008 1873     		strb	r0, [r3, #12]
 133:source\asw/sound.c ****     
 134:source\asw/sound.c ****     return RC_SUCCESS;
 135:source\asw/sound.c **** }
 168              		.loc 1 135 0
 169 000a 0020     		movs	r0, #0
 170              	.LVL12:
 171 000c 7047     		bx	lr
 172              	.L14:
 173 000e 00BF     		.align	2
 174              	.L13:
 175 0010 00000000 		.word	.LANCHOR0
 176              		.cfi_endproc
 177              	.LFE118:
 178              		.size	SOUND_SetVolume, .-SOUND_SetVolume
 179              		.section	.text.SOUND_isr,"ax",%progbits
 180              		.align	2
 181              		.global	SOUND_isr
 182              		.thumb
 183              		.thumb_func
 184              		.type	SOUND_isr, %function
 185              	SOUND_isr:
 186              	.LFB119:
 136:source\asw/sound.c **** 
 137:source\asw/sound.c **** /**
 138:source\asw/sound.c ****  * isr code for timer interrupt
 139:source\asw/sound.c ****  * /return RC_SUCCESS
 140:source\asw/sound.c ****  */
 141:source\asw/sound.c **** RC_t SOUND_isr()
 142:source\asw/sound.c **** {
 187              		.loc 1 142 0
 188              		.cfi_startproc
 189              		@ args = 0, pretend = 0, frame = 0
 190              		@ frame_needed = 0, uses_anonymous_args = 0
 143:source\asw/sound.c ****     
 144:source\asw/sound.c ****     
ARM GAS  C:\Users\Reza\AppData\Local\Temp\cc8evJDY.s 			page 7


 145:source\asw/sound.c ****     //Send the next PWM value to the PWM register
 146:source\asw/sound.c ****     if (0 != SOUND__currentSong.m_song)
 191              		.loc 1 146 0
 192 0000 0F4B     		ldr	r3, .L20
 193 0002 1A68     		ldr	r2, [r3]
 194 0004 C2B1     		cbz	r2, .L19
 147:source\asw/sound.c ****     {
 148:source\asw/sound.c ****         if (SOUND__currentSong.m_pos < SOUND__currentSong.m_size)
 195              		.loc 1 148 0
 196 0006 9968     		ldr	r1, [r3, #8]
 197 0008 5B68     		ldr	r3, [r3, #4]
 198 000a 9942     		cmp	r1, r3
 199 000c 11D2     		bcs	.L17
 142:source\asw/sound.c ****     
 200              		.loc 1 142 0
 201 000e 10B5     		push	{r4, lr}
 202              		.cfi_def_cfa_offset 8
 203              		.cfi_offset 4, -8
 204              		.cfi_offset 14, -4
 205              	.LBB2:
 149:source\asw/sound.c ****         {
 150:source\asw/sound.c ****             uint16_t data = ((uint16_t)SOUND__currentSong.m_song[SOUND__currentSong.m_pos++] * SOUN
 206              		.loc 1 150 0
 207 0010 0B4C     		ldr	r4, .L20
 208 0012 4B1C     		adds	r3, r1, #1
 209 0014 A360     		str	r3, [r4, #8]
 210 0016 505C     		ldrb	r0, [r2, r1]	@ zero_extendqisi2
 211 0018 237B     		ldrb	r3, [r4, #12]	@ zero_extendqisi2
 212 001a 03FB00F3 		mul	r3, r3, r0
 213 001e 0948     		ldr	r0, .L20+4
 214 0020 80FB0320 		smull	r2, r0, r0, r3
 215 0024 DB17     		asrs	r3, r3, #31
 216 0026 C3EB6010 		rsb	r0, r3, r0, asr #5
 217              	.LVL13:
 151:source\asw/sound.c ****             SOUND_PWM_WriteCompare((uint8_t)data);
 218              		.loc 1 151 0
 219 002a C0B2     		uxtb	r0, r0
 220              	.LVL14:
 221 002c FFF7FEFF 		bl	SOUND_PWM_WriteCompare
 222              	.LVL15:
 223              	.LBE2:
 224 0030 04E0     		b	.L16
 225              	.L17:
 226              		.cfi_def_cfa_offset 0
 227              		.cfi_restore 4
 228              		.cfi_restore 14
 152:source\asw/sound.c ****         }
 153:source\asw/sound.c ****         else
 154:source\asw/sound.c ****         {
 155:source\asw/sound.c ****             //Restart song
 156:source\asw/sound.c ****             SOUND__currentSong.m_pos = 0;
 229              		.loc 1 156 0
 230 0032 0022     		movs	r2, #0
 231 0034 024B     		ldr	r3, .L20
 232 0036 9A60     		str	r2, [r3, #8]
 233              	.L19:
 157:source\asw/sound.c ****         }
ARM GAS  C:\Users\Reza\AppData\Local\Temp\cc8evJDY.s 			page 8


 158:source\asw/sound.c ****     }
 159:source\asw/sound.c ****     
 160:source\asw/sound.c ****     return RC_SUCCESS;
 161:source\asw/sound.c **** }
 234              		.loc 1 161 0
 235 0038 0020     		movs	r0, #0
 236 003a 7047     		bx	lr
 237              	.L16:
 238              		.cfi_def_cfa_offset 8
 239              		.cfi_offset 4, -8
 240              		.cfi_offset 14, -4
 241 003c 0020     		movs	r0, #0
 242 003e 10BD     		pop	{r4, pc}
 243              	.L21:
 244              		.align	2
 245              	.L20:
 246 0040 00000000 		.word	.LANCHOR0
 247 0044 1F85EB51 		.word	1374389535
 248              		.cfi_endproc
 249              	.LFE119:
 250              		.size	SOUND_isr, .-SOUND_isr
 251              		.bss
 252              		.align	2
 253              		.set	.LANCHOR0,. + 0
 254              		.type	SOUND__currentSong, %object
 255              		.size	SOUND__currentSong, 16
 256              	SOUND__currentSong:
 257 0000 00000000 		.space	16
 257      00000000 
 257      00000000 
 257      00000000 
 258              		.text
 259              	.Letext0:
 260              		.file 2 "c:\\program files (x86)\\cypress\\psoc creator\\4.2\\psoc creator\\import\\gnu\\arm\\5.4.
 261              		.file 3 "c:\\program files (x86)\\cypress\\psoc creator\\4.2\\psoc creator\\import\\gnu\\arm\\5.4.
 262              		.file 4 "Generated_Source\\PSoC5/SimpleSystem_common_ee_types.inc"
 263              		.file 5 "Generated_Source\\PSoC5/SimpleSystem_cortex_mx_ee_cpu.inc"
 264              		.file 6 ".\\source\\bsw/global.h"
 265              		.file 7 "Generated_Source\\PSoC5/SimpleSystem_ee_oo_intfunc.inc"
 266              		.file 8 "Generated_Source\\PSoC5/SimpleSystem_cortex_mx_ee_context.inc"
 267              		.file 9 "Generated_Source\\PSoC5/SimpleSystem_common_ee_primitives.inc"
 268              		.file 10 "Generated_Source\\PSoC5/cmsis_gcc.h"
 269              		.file 11 "Generated_Source\\PSoC5/core_cm3.h"
 270              		.file 12 "Generated_Source\\PSoC5/SOUND_SAMPLE_CLOCK.h"
 271              		.file 13 "Generated_Source\\PSoC5/SOUND_Control.h"
 272              		.file 14 "Generated_Source\\PSoC5/SOUND_ENABLE.h"
 273              		.file 15 "Generated_Source\\PSoC5/SOUND_PWM_CLOCK.h"
 274              		.file 16 "Generated_Source\\PSoC5/SOUND_PWM.h"
 275              		.file 17 "source\\asw\\sound.h"
 276              		.section	.debug_info,"",%progbits
 277              	.Ldebug_info0:
 278 0000 DA040000 		.4byte	0x4da
 279 0004 0400     		.2byte	0x4
 280 0006 00000000 		.4byte	.Ldebug_abbrev0
 281 000a 04       		.byte	0x4
 282 000b 01       		.uleb128 0x1
 283 000c A6030000 		.4byte	.LASF94
ARM GAS  C:\Users\Reza\AppData\Local\Temp\cc8evJDY.s 			page 9


 284 0010 0C       		.byte	0xc
 285 0011 48050000 		.4byte	.LASF95
 286 0015 7B050000 		.4byte	.LASF96
 287 0019 00000000 		.4byte	.Ldebug_ranges0+0
 288 001d 00000000 		.4byte	0
 289 0021 00000000 		.4byte	.Ldebug_line0
 290 0025 02       		.uleb128 0x2
 291 0026 08       		.byte	0x8
 292 0027 07       		.byte	0x7
 293 0028 D1020000 		.4byte	.LASF0
 294 002c 02       		.uleb128 0x2
 295 002d 04       		.byte	0x4
 296 002e 07       		.byte	0x7
 297 002f F1020000 		.4byte	.LASF1
 298 0033 03       		.uleb128 0x3
 299 0034 04       		.byte	0x4
 300 0035 05       		.byte	0x5
 301 0036 696E7400 		.ascii	"int\000"
 302 003a 02       		.uleb128 0x2
 303 003b 01       		.byte	0x1
 304 003c 06       		.byte	0x6
 305 003d C5020000 		.4byte	.LASF2
 306 0041 04       		.uleb128 0x4
 307 0042 62020000 		.4byte	.LASF5
 308 0046 02       		.byte	0x2
 309 0047 1D       		.byte	0x1d
 310 0048 4C000000 		.4byte	0x4c
 311 004c 02       		.uleb128 0x2
 312 004d 01       		.byte	0x1
 313 004e 08       		.byte	0x8
 314 004f A6020000 		.4byte	.LASF3
 315 0053 02       		.uleb128 0x2
 316 0054 02       		.byte	0x2
 317 0055 05       		.byte	0x5
 318 0056 83000000 		.4byte	.LASF4
 319 005a 04       		.uleb128 0x4
 320 005b 1E010000 		.4byte	.LASF6
 321 005f 02       		.byte	0x2
 322 0060 2B       		.byte	0x2b
 323 0061 65000000 		.4byte	0x65
 324 0065 02       		.uleb128 0x2
 325 0066 02       		.byte	0x2
 326 0067 07       		.byte	0x7
 327 0068 77030000 		.4byte	.LASF7
 328 006c 04       		.uleb128 0x4
 329 006d 1C050000 		.4byte	.LASF8
 330 0071 02       		.byte	0x2
 331 0072 3F       		.byte	0x3f
 332 0073 77000000 		.4byte	0x77
 333 0077 02       		.uleb128 0x2
 334 0078 04       		.byte	0x4
 335 0079 05       		.byte	0x5
 336 007a 1E020000 		.4byte	.LASF9
 337 007e 04       		.uleb128 0x4
 338 007f 05010000 		.4byte	.LASF10
 339 0083 02       		.byte	0x2
 340 0084 41       		.byte	0x41
ARM GAS  C:\Users\Reza\AppData\Local\Temp\cc8evJDY.s 			page 10


 341 0085 89000000 		.4byte	0x89
 342 0089 02       		.uleb128 0x2
 343 008a 04       		.byte	0x4
 344 008b 07       		.byte	0x7
 345 008c BC040000 		.4byte	.LASF11
 346 0090 02       		.uleb128 0x2
 347 0091 08       		.byte	0x8
 348 0092 05       		.byte	0x5
 349 0093 B8010000 		.4byte	.LASF12
 350 0097 04       		.uleb128 0x4
 351 0098 38010000 		.4byte	.LASF13
 352 009c 03       		.byte	0x3
 353 009d 18       		.byte	0x18
 354 009e 41000000 		.4byte	0x41
 355 00a2 04       		.uleb128 0x4
 356 00a3 0C030000 		.4byte	.LASF14
 357 00a7 03       		.byte	0x3
 358 00a8 24       		.byte	0x24
 359 00a9 5A000000 		.4byte	0x5a
 360 00ad 04       		.uleb128 0x4
 361 00ae 4E040000 		.4byte	.LASF15
 362 00b2 03       		.byte	0x3
 363 00b3 2C       		.byte	0x2c
 364 00b4 6C000000 		.4byte	0x6c
 365 00b8 04       		.uleb128 0x4
 366 00b9 E8020000 		.4byte	.LASF16
 367 00bd 03       		.byte	0x3
 368 00be 30       		.byte	0x30
 369 00bf 7E000000 		.4byte	0x7e
 370 00c3 02       		.uleb128 0x2
 371 00c4 04       		.byte	0x4
 372 00c5 04       		.byte	0x4
 373 00c6 B2010000 		.4byte	.LASF17
 374 00ca 02       		.uleb128 0x2
 375 00cb 08       		.byte	0x8
 376 00cc 04       		.byte	0x4
 377 00cd CE040000 		.4byte	.LASF18
 378 00d1 02       		.uleb128 0x2
 379 00d2 01       		.byte	0x1
 380 00d3 08       		.byte	0x8
 381 00d4 34040000 		.4byte	.LASF19
 382 00d8 02       		.uleb128 0x2
 383 00d9 08       		.byte	0x8
 384 00da 04       		.byte	0x4
 385 00db 8F020000 		.4byte	.LASF20
 386 00df 04       		.uleb128 0x4
 387 00e0 39030000 		.4byte	.LASF21
 388 00e4 04       		.byte	0x4
 389 00e5 53       		.byte	0x53
 390 00e6 33000000 		.4byte	0x33
 391 00ea 04       		.uleb128 0x4
 392 00eb BB020000 		.4byte	.LASF22
 393 00ef 04       		.byte	0x4
 394 00f0 54       		.byte	0x54
 395 00f1 2C000000 		.4byte	0x2c
 396 00f5 04       		.uleb128 0x4
 397 00f6 67000000 		.4byte	.LASF23
ARM GAS  C:\Users\Reza\AppData\Local\Temp\cc8evJDY.s 			page 11


 398 00fa 05       		.byte	0x5
 399 00fb 4D       		.byte	0x4d
 400 00fc EA000000 		.4byte	0xea
 401 0100 04       		.uleb128 0x4
 402 0101 E9000000 		.4byte	.LASF24
 403 0105 05       		.byte	0x5
 404 0106 4F       		.byte	0x4f
 405 0107 EA000000 		.4byte	0xea
 406 010b 04       		.uleb128 0x4
 407 010c D5040000 		.4byte	.LASF25
 408 0110 05       		.byte	0x5
 409 0111 78       		.byte	0x78
 410 0112 DF000000 		.4byte	0xdf
 411 0116 02       		.uleb128 0x2
 412 0117 04       		.byte	0x4
 413 0118 07       		.byte	0x7
 414 0119 B3000000 		.4byte	.LASF26
 415 011d 05       		.uleb128 0x5
 416 011e 65524300 		.ascii	"eRC\000"
 417 0122 01       		.byte	0x1
 418 0123 3A000000 		.4byte	0x3a
 419 0127 06       		.byte	0x6
 420 0128 AC       		.byte	0xac
 421 0129 C4010000 		.4byte	0x1c4
 422 012d 06       		.uleb128 0x6
 423 012e 57000000 		.4byte	.LASF27
 424 0132 00       		.byte	0
 425 0133 07       		.uleb128 0x7
 426 0134 72050000 		.4byte	.LASF28
 427 0138 7F       		.sleb128 -1
 428 0139 07       		.uleb128 0x7
 429 013a 15030000 		.4byte	.LASF29
 430 013e 7E       		.sleb128 -2
 431 013f 07       		.uleb128 0x7
 432 0140 DB000000 		.4byte	.LASF30
 433 0144 7D       		.sleb128 -3
 434 0145 07       		.uleb128 0x7
 435 0146 25060000 		.4byte	.LASF31
 436 014a 7C       		.sleb128 -4
 437 014b 07       		.uleb128 0x7
 438 014c 0D050000 		.4byte	.LASF32
 439 0150 7B       		.sleb128 -5
 440 0151 07       		.uleb128 0x7
 441 0152 8D000000 		.4byte	.LASF33
 442 0156 7A       		.sleb128 -6
 443 0157 07       		.uleb128 0x7
 444 0158 27020000 		.4byte	.LASF34
 445 015c 79       		.sleb128 -7
 446 015d 07       		.uleb128 0x7
 447 015e 39040000 		.4byte	.LASF35
 448 0162 78       		.sleb128 -8
 449 0163 07       		.uleb128 0x7
 450 0164 23030000 		.4byte	.LASF36
 451 0168 77       		.sleb128 -9
 452 0169 07       		.uleb128 0x7
 453 016a 54020000 		.4byte	.LASF37
 454 016e 76       		.sleb128 -10
ARM GAS  C:\Users\Reza\AppData\Local\Temp\cc8evJDY.s 			page 12


 455 016f 07       		.uleb128 0x7
 456 0170 70060000 		.4byte	.LASF38
 457 0174 75       		.sleb128 -11
 458 0175 07       		.uleb128 0x7
 459 0176 FE020000 		.4byte	.LASF39
 460 017a 74       		.sleb128 -12
 461 017b 07       		.uleb128 0x7
 462 017c EB040000 		.4byte	.LASF40
 463 0180 73       		.sleb128 -13
 464 0181 07       		.uleb128 0x7
 465 0182 44000000 		.4byte	.LASF41
 466 0186 72       		.sleb128 -14
 467 0187 07       		.uleb128 0x7
 468 0188 6F000000 		.4byte	.LASF42
 469 018c 71       		.sleb128 -15
 470 018d 07       		.uleb128 0x7
 471 018e 6C020000 		.4byte	.LASF43
 472 0192 70       		.sleb128 -16
 473 0193 07       		.uleb128 0x7
 474 0194 F1000000 		.4byte	.LASF44
 475 0198 6F       		.sleb128 -17
 476 0199 07       		.uleb128 0x7
 477 019a 9E000000 		.4byte	.LASF45
 478 019e 6E       		.sleb128 -18
 479 019f 07       		.uleb128 0x7
 480 01a0 F8010000 		.4byte	.LASF46
 481 01a4 6D       		.sleb128 -19
 482 01a5 07       		.uleb128 0x7
 483 01a6 6E040000 		.4byte	.LASF47
 484 01aa 6C       		.sleb128 -20
 485 01ab 07       		.uleb128 0x7
 486 01ac 7D020000 		.4byte	.LASF48
 487 01b0 6B       		.sleb128 -21
 488 01b1 07       		.uleb128 0x7
 489 01b2 36050000 		.4byte	.LASF49
 490 01b6 6A       		.sleb128 -22
 491 01b7 07       		.uleb128 0x7
 492 01b8 40010000 		.4byte	.LASF50
 493 01bc 69       		.sleb128 -23
 494 01bd 07       		.uleb128 0x7
 495 01be 75010000 		.4byte	.LASF51
 496 01c2 68       		.sleb128 -24
 497 01c3 00       		.byte	0
 498 01c4 04       		.uleb128 0x4
 499 01c5 6B060000 		.4byte	.LASF52
 500 01c9 06       		.byte	0x6
 501 01ca C8       		.byte	0xc8
 502 01cb 1D010000 		.4byte	0x11d
 503 01cf 08       		.uleb128 0x8
 504 01d0 86010000 		.4byte	.LASF53
 505 01d4 01       		.byte	0x1
 506 01d5 4C000000 		.4byte	0x4c
 507 01d9 11       		.byte	0x11
 508 01da 5A       		.byte	0x5a
 509 01db F8010000 		.4byte	0x1f8
 510 01df 06       		.uleb128 0x6
 511 01e0 BC000000 		.4byte	.LASF54
ARM GAS  C:\Users\Reza\AppData\Local\Temp\cc8evJDY.s 			page 13


 512 01e4 00       		.byte	0
 513 01e5 06       		.uleb128 0x6
 514 01e6 4D060000 		.4byte	.LASF55
 515 01ea 01       		.byte	0x1
 516 01eb 06       		.uleb128 0x6
 517 01ec 57060000 		.4byte	.LASF56
 518 01f0 02       		.byte	0x2
 519 01f1 06       		.uleb128 0x6
 520 01f2 61060000 		.4byte	.LASF57
 521 01f6 03       		.byte	0x3
 522 01f7 00       		.byte	0
 523 01f8 09       		.uleb128 0x9
 524 01f9 10       		.byte	0x10
 525 01fa 01       		.byte	0x1
 526 01fb 2A       		.byte	0x2a
 527 01fc 31020000 		.4byte	0x231
 528 0200 0A       		.uleb128 0xa
 529 0201 9F030000 		.4byte	.LASF58
 530 0205 01       		.byte	0x1
 531 0206 2B       		.byte	0x2b
 532 0207 31020000 		.4byte	0x231
 533 020b 00       		.byte	0
 534 020c 0A       		.uleb128 0xa
 535 020d B4020000 		.4byte	.LASF59
 536 0211 01       		.byte	0x1
 537 0212 2C       		.byte	0x2c
 538 0213 B8000000 		.4byte	0xb8
 539 0217 04       		.byte	0x4
 540 0218 0A       		.uleb128 0xa
 541 0219 28000000 		.4byte	.LASF60
 542 021d 01       		.byte	0x1
 543 021e 2D       		.byte	0x2d
 544 021f B8000000 		.4byte	0xb8
 545 0223 08       		.byte	0x8
 546 0224 0A       		.uleb128 0xa
 547 0225 57010000 		.4byte	.LASF61
 548 0229 01       		.byte	0x1
 549 022a 2E       		.byte	0x2e
 550 022b 97000000 		.4byte	0x97
 551 022f 0C       		.byte	0xc
 552 0230 00       		.byte	0
 553 0231 0B       		.uleb128 0xb
 554 0232 04       		.byte	0x4
 555 0233 37020000 		.4byte	0x237
 556 0237 0C       		.uleb128 0xc
 557 0238 97000000 		.4byte	0x97
 558 023c 0D       		.uleb128 0xd
 559 023d 26050000 		.4byte	.LASF62
 560 0241 01       		.byte	0x1
 561 0242 57       		.byte	0x57
 562 0243 C4010000 		.4byte	0x1c4
 563 0247 00000000 		.4byte	.LFB115
 564 024b 0A000000 		.4byte	.LFE115-.LFB115
 565 024f 01       		.uleb128 0x1
 566 0250 9C       		.byte	0x9c
 567 0251 5F020000 		.4byte	0x25f
 568 0255 0E       		.uleb128 0xe
ARM GAS  C:\Users\Reza\AppData\Local\Temp\cc8evJDY.s 			page 14


 569 0256 06000000 		.4byte	.LVL0
 570 025a 90040000 		.4byte	0x490
 571 025e 00       		.byte	0
 572 025f 0D       		.uleb128 0xd
 573 0260 DC040000 		.4byte	.LASF63
 574 0264 01       		.byte	0x1
 575 0265 62       		.byte	0x62
 576 0266 C4010000 		.4byte	0x1c4
 577 026a 00000000 		.4byte	.LFB116
 578 026e 0A000000 		.4byte	.LFE116-.LFB116
 579 0272 01       		.uleb128 0x1
 580 0273 9C       		.byte	0x9c
 581 0274 82020000 		.4byte	0x282
 582 0278 0E       		.uleb128 0xe
 583 0279 06000000 		.4byte	.LVL1
 584 027d 9B040000 		.4byte	0x49b
 585 0281 00       		.byte	0
 586 0282 0D       		.uleb128 0xd
 587 0283 9B020000 		.4byte	.LASF64
 588 0287 01       		.byte	0x1
 589 0288 3F       		.byte	0x3f
 590 0289 C4010000 		.4byte	0x1c4
 591 028d 00000000 		.4byte	.LFB114
 592 0291 24000000 		.4byte	.LFE114-.LFB114
 593 0295 01       		.uleb128 0x1
 594 0296 9C       		.byte	0x9c
 595 0297 EC020000 		.4byte	0x2ec
 596 029b 0F       		.uleb128 0xf
 597 029c 08000000 		.4byte	.LVL2
 598 02a0 A6040000 		.4byte	0x4a6
 599 02a4 AE020000 		.4byte	0x2ae
 600 02a8 10       		.uleb128 0x10
 601 02a9 01       		.uleb128 0x1
 602 02aa 50       		.byte	0x50
 603 02ab 01       		.uleb128 0x1
 604 02ac 31       		.byte	0x31
 605 02ad 00       		.byte	0
 606 02ae 0F       		.uleb128 0xf
 607 02af 0E000000 		.4byte	.LVL3
 608 02b3 B1040000 		.4byte	0x4b1
 609 02b7 C1020000 		.4byte	0x2c1
 610 02bb 10       		.uleb128 0x10
 611 02bc 01       		.uleb128 0x1
 612 02bd 50       		.byte	0x50
 613 02be 01       		.uleb128 0x1
 614 02bf 31       		.byte	0x31
 615 02c0 00       		.byte	0
 616 02c1 0E       		.uleb128 0xe
 617 02c2 12000000 		.4byte	.LVL4
 618 02c6 5F020000 		.4byte	0x25f
 619 02ca 0E       		.uleb128 0xe
 620 02cb 16000000 		.4byte	.LVL5
 621 02cf BC040000 		.4byte	0x4bc
 622 02d3 0E       		.uleb128 0xe
 623 02d4 1A000000 		.4byte	.LVL6
 624 02d8 C7040000 		.4byte	0x4c7
 625 02dc 11       		.uleb128 0x11
ARM GAS  C:\Users\Reza\AppData\Local\Temp\cc8evJDY.s 			page 15


 626 02dd 20000000 		.4byte	.LVL7
 627 02e1 D2040000 		.4byte	0x4d2
 628 02e5 10       		.uleb128 0x10
 629 02e6 01       		.uleb128 0x1
 630 02e7 50       		.byte	0x50
 631 02e8 01       		.uleb128 0x1
 632 02e9 30       		.byte	0x30
 633 02ea 00       		.byte	0
 634 02eb 00       		.byte	0
 635 02ec 12       		.uleb128 0x12
 636 02ed 10010000 		.4byte	.LASF67
 637 02f1 01       		.byte	0x1
 638 02f2 72       		.byte	0x72
 639 02f3 C4010000 		.4byte	0x1c4
 640 02f7 00000000 		.4byte	.LFB117
 641 02fb 10000000 		.4byte	.LFE117-.LFB117
 642 02ff 01       		.uleb128 0x1
 643 0300 9C       		.byte	0x9c
 644 0301 22030000 		.4byte	0x322
 645 0305 13       		.uleb128 0x13
 646 0306 5B050000 		.4byte	.LASF65
 647 030a 01       		.byte	0x1
 648 030b 72       		.byte	0x72
 649 030c 22030000 		.4byte	0x322
 650 0310 00000000 		.4byte	.LLST0
 651 0314 14       		.uleb128 0x14
 652 0315 42030000 		.4byte	.LASF66
 653 0319 01       		.byte	0x1
 654 031a 72       		.byte	0x72
 655 031b B8000000 		.4byte	0xb8
 656 031f 01       		.uleb128 0x1
 657 0320 51       		.byte	0x51
 658 0321 00       		.byte	0
 659 0322 0C       		.uleb128 0xc
 660 0323 31020000 		.4byte	0x231
 661 0327 12       		.uleb128 0x12
 662 0328 FD040000 		.4byte	.LASF68
 663 032c 01       		.byte	0x1
 664 032d 80       		.byte	0x80
 665 032e C4010000 		.4byte	0x1c4
 666 0332 00000000 		.4byte	.LFB118
 667 0336 14000000 		.4byte	.LFE118-.LFB118
 668 033a 01       		.uleb128 0x1
 669 033b 9C       		.byte	0x9c
 670 033c 50030000 		.4byte	0x350
 671 0340 13       		.uleb128 0x13
 672 0341 4D020000 		.4byte	.LASF69
 673 0345 01       		.byte	0x1
 674 0346 80       		.byte	0x80
 675 0347 97000000 		.4byte	0x97
 676 034b 22000000 		.4byte	.LLST1
 677 034f 00       		.byte	0
 678 0350 0D       		.uleb128 0xd
 679 0351 A8010000 		.4byte	.LASF70
 680 0355 01       		.byte	0x1
 681 0356 8D       		.byte	0x8d
 682 0357 C4010000 		.4byte	0x1c4
ARM GAS  C:\Users\Reza\AppData\Local\Temp\cc8evJDY.s 			page 16


 683 035b 00000000 		.4byte	.LFB119
 684 035f 48000000 		.4byte	.LFE119-.LFB119
 685 0363 01       		.uleb128 0x1
 686 0364 9C       		.byte	0x9c
 687 0365 8C030000 		.4byte	0x38c
 688 0369 15       		.uleb128 0x15
 689 036a 10000000 		.4byte	.LBB2
 690 036e 20000000 		.4byte	.LBE2-.LBB2
 691 0372 16       		.uleb128 0x16
 692 0373 81040000 		.4byte	.LASF71
 693 0377 01       		.byte	0x1
 694 0378 96       		.byte	0x96
 695 0379 A2000000 		.4byte	0xa2
 696 037d 4F000000 		.4byte	.LLST2
 697 0381 0E       		.uleb128 0xe
 698 0382 30000000 		.4byte	.LVL15
 699 0386 D2040000 		.4byte	0x4d2
 700 038a 00       		.byte	0
 701 038b 00       		.byte	0
 702 038c 17       		.uleb128 0x17
 703 038d 96040000 		.4byte	.LASF72
 704 0391 01       		.byte	0x1
 705 0392 2F       		.byte	0x2f
 706 0393 F8010000 		.4byte	0x1f8
 707 0397 05       		.uleb128 0x5
 708 0398 03       		.byte	0x3
 709 0399 00000000 		.4byte	SOUND__currentSong
 710 039d 18       		.uleb128 0x18
 711 039e 35060000 		.4byte	.LASF73
 712 03a2 07       		.byte	0x7
 713 03a3 40       		.byte	0x40
 714 03a4 F5000000 		.4byte	0xf5
 715 03a8 18       		.uleb128 0x18
 716 03a9 C6010000 		.4byte	.LASF74
 717 03ad 07       		.byte	0x7
 718 03ae 47       		.byte	0x47
 719 03af 00010000 		.4byte	0x100
 720 03b3 18       		.uleb128 0x18
 721 03b4 A9040000 		.4byte	.LASF75
 722 03b8 07       		.byte	0x7
 723 03b9 4A       		.byte	0x4a
 724 03ba F5000000 		.4byte	0xf5
 725 03be 18       		.uleb128 0x18
 726 03bf 00000000 		.4byte	.LASF76
 727 03c3 08       		.byte	0x8
 728 03c4 48       		.byte	0x48
 729 03c5 0B010000 		.4byte	0x10b
 730 03c9 18       		.uleb128 0x18
 731 03ca 60010000 		.4byte	.LASF77
 732 03ce 09       		.byte	0x9
 733 03cf 44       		.byte	0x44
 734 03d0 F5000000 		.4byte	0xf5
 735 03d4 04       		.uleb128 0x4
 736 03d5 19000000 		.4byte	.LASF78
 737 03d9 0A       		.byte	0xa
 738 03da 8B       		.byte	0x8b
 739 03db 63040000 		.4byte	0x463
ARM GAS  C:\Users\Reza\AppData\Local\Temp\cc8evJDY.s 			page 17


 740 03df 0B       		.uleb128 0xb
 741 03e0 04       		.byte	0x4
 742 03e1 E5030000 		.4byte	0x3e5
 743 03e5 0C       		.uleb128 0xc
 744 03e6 B8000000 		.4byte	0xb8
 745 03ea 0B       		.uleb128 0xb
 746 03eb 04       		.byte	0x4
 747 03ec B8000000 		.4byte	0xb8
 748 03f0 18       		.uleb128 0x18
 749 03f1 8A030000 		.4byte	.LASF79
 750 03f5 0A       		.byte	0xa
 751 03f6 92       		.byte	0x92
 752 03f7 FB030000 		.4byte	0x3fb
 753 03fb 0C       		.uleb128 0xc
 754 03fc D4030000 		.4byte	0x3d4
 755 0400 18       		.uleb128 0x18
 756 0401 95010000 		.4byte	.LASF80
 757 0405 0A       		.byte	0xa
 758 0406 93       		.byte	0x93
 759 0407 FB030000 		.4byte	0x3fb
 760 040b 04       		.uleb128 0x4
 761 040c 29010000 		.4byte	.LASF81
 762 0410 0A       		.byte	0xa
 763 0411 90       		.byte	0x90
 764 0412 42040000 		.4byte	0x442
 765 0416 18       		.uleb128 0x18
 766 0417 C6000000 		.4byte	.LASF82
 767 041b 0A       		.byte	0xa
 768 041c 94       		.byte	0x94
 769 041d 21040000 		.4byte	0x421
 770 0421 0C       		.uleb128 0xc
 771 0422 0B040000 		.4byte	0x40b
 772 0426 18       		.uleb128 0x18
 773 0427 0B020000 		.4byte	.LASF83
 774 042b 0A       		.byte	0xa
 775 042c 95       		.byte	0x95
 776 042d 21040000 		.4byte	0x421
 777 0431 19       		.uleb128 0x19
 778 0432 65050000 		.4byte	.LASF84
 779 0436 0B       		.byte	0xb
 780 0437 1207     		.2byte	0x712
 781 0439 3D040000 		.4byte	0x43d
 782 043d 1A       		.uleb128 0x1a
 783 043e AD000000 		.4byte	0xad
 784 0442 09       		.uleb128 0x9
 785 0443 08       		.byte	0x8
 786 0444 0A       		.byte	0xa
 787 0445 8D       		.byte	0x8d
 788 0446 63040000 		.4byte	0x463
 789 044a 0A       		.uleb128 0xa
 790 044b 62000000 		.4byte	.LASF85
 791 044f 0A       		.byte	0xa
 792 0450 8E       		.byte	0x8e
 793 0451 EA030000 		.4byte	0x3ea
 794 0455 00       		.byte	0
 795 0456 0A       		.uleb128 0xa
 796 0457 60050000 		.4byte	.LASF86
ARM GAS  C:\Users\Reza\AppData\Local\Temp\cc8evJDY.s 			page 18


 797 045b 0A       		.byte	0xa
 798 045c 8F       		.byte	0x8f
 799 045d B8000000 		.4byte	0xb8
 800 0461 04       		.byte	0x4
 801 0462 00       		.byte	0
 802 0463 09       		.uleb128 0x9
 803 0464 0C       		.byte	0xc
 804 0465 0A       		.byte	0xa
 805 0466 87       		.byte	0x87
 806 0467 90040000 		.4byte	0x490
 807 046b 1B       		.uleb128 0x1b
 808 046c 73726300 		.ascii	"src\000"
 809 0470 0A       		.byte	0xa
 810 0471 88       		.byte	0x88
 811 0472 DF030000 		.4byte	0x3df
 812 0476 00       		.byte	0
 813 0477 0A       		.uleb128 0xa
 814 0478 62000000 		.4byte	.LASF85
 815 047c 0A       		.byte	0xa
 816 047d 89       		.byte	0x89
 817 047e EA030000 		.4byte	0x3ea
 818 0482 04       		.byte	0x4
 819 0483 0A       		.uleb128 0xa
 820 0484 60050000 		.4byte	.LASF86
 821 0488 0A       		.byte	0xa
 822 0489 8A       		.byte	0x8a
 823 048a B8000000 		.4byte	0xb8
 824 048e 08       		.byte	0x8
 825 048f 00       		.byte	0
 826 0490 1C       		.uleb128 0x1c
 827 0491 DF010000 		.4byte	.LASF87
 828 0495 DF010000 		.4byte	.LASF87
 829 0499 0C       		.byte	0xc
 830 049a 27       		.byte	0x27
 831 049b 1C       		.uleb128 0x1c
 832 049c 56040000 		.4byte	.LASF88
 833 04a0 56040000 		.4byte	.LASF88
 834 04a4 0C       		.byte	0xc
 835 04a5 28       		.byte	0x28
 836 04a6 1C       		.uleb128 0x1c
 837 04a7 39020000 		.4byte	.LASF89
 838 04ab 39020000 		.4byte	.LASF89
 839 04af 0D       		.byte	0xd
 840 04b0 2F       		.byte	0x2f
 841 04b1 1C       		.uleb128 0x1c
 842 04b2 4D030000 		.4byte	.LASF90
 843 04b6 4D030000 		.4byte	.LASF90
 844 04ba 0E       		.byte	0xe
 845 04bb 26       		.byte	0x26
 846 04bc 1C       		.uleb128 0x1c
 847 04bd 2E000000 		.4byte	.LASF91
 848 04c1 2E000000 		.4byte	.LASF91
 849 04c5 0F       		.byte	0xf
 850 04c6 27       		.byte	0x27
 851 04c7 1C       		.uleb128 0x1c
 852 04c8 86040000 		.4byte	.LASF92
 853 04cc 86040000 		.4byte	.LASF92
ARM GAS  C:\Users\Reza\AppData\Local\Temp\cc8evJDY.s 			page 19


 854 04d0 10       		.byte	0x10
 855 04d1 92       		.byte	0x92
 856 04d2 1C       		.uleb128 0x1c
 857 04d3 60030000 		.4byte	.LASF93
 858 04d7 60030000 		.4byte	.LASF93
 859 04db 10       		.byte	0x10
 860 04dc C3       		.byte	0xc3
 861 04dd 00       		.byte	0
 862              		.section	.debug_abbrev,"",%progbits
 863              	.Ldebug_abbrev0:
 864 0000 01       		.uleb128 0x1
 865 0001 11       		.uleb128 0x11
 866 0002 01       		.byte	0x1
 867 0003 25       		.uleb128 0x25
 868 0004 0E       		.uleb128 0xe
 869 0005 13       		.uleb128 0x13
 870 0006 0B       		.uleb128 0xb
 871 0007 03       		.uleb128 0x3
 872 0008 0E       		.uleb128 0xe
 873 0009 1B       		.uleb128 0x1b
 874 000a 0E       		.uleb128 0xe
 875 000b 55       		.uleb128 0x55
 876 000c 17       		.uleb128 0x17
 877 000d 11       		.uleb128 0x11
 878 000e 01       		.uleb128 0x1
 879 000f 10       		.uleb128 0x10
 880 0010 17       		.uleb128 0x17
 881 0011 00       		.byte	0
 882 0012 00       		.byte	0
 883 0013 02       		.uleb128 0x2
 884 0014 24       		.uleb128 0x24
 885 0015 00       		.byte	0
 886 0016 0B       		.uleb128 0xb
 887 0017 0B       		.uleb128 0xb
 888 0018 3E       		.uleb128 0x3e
 889 0019 0B       		.uleb128 0xb
 890 001a 03       		.uleb128 0x3
 891 001b 0E       		.uleb128 0xe
 892 001c 00       		.byte	0
 893 001d 00       		.byte	0
 894 001e 03       		.uleb128 0x3
 895 001f 24       		.uleb128 0x24
 896 0020 00       		.byte	0
 897 0021 0B       		.uleb128 0xb
 898 0022 0B       		.uleb128 0xb
 899 0023 3E       		.uleb128 0x3e
 900 0024 0B       		.uleb128 0xb
 901 0025 03       		.uleb128 0x3
 902 0026 08       		.uleb128 0x8
 903 0027 00       		.byte	0
 904 0028 00       		.byte	0
 905 0029 04       		.uleb128 0x4
 906 002a 16       		.uleb128 0x16
 907 002b 00       		.byte	0
 908 002c 03       		.uleb128 0x3
 909 002d 0E       		.uleb128 0xe
 910 002e 3A       		.uleb128 0x3a
ARM GAS  C:\Users\Reza\AppData\Local\Temp\cc8evJDY.s 			page 20


 911 002f 0B       		.uleb128 0xb
 912 0030 3B       		.uleb128 0x3b
 913 0031 0B       		.uleb128 0xb
 914 0032 49       		.uleb128 0x49
 915 0033 13       		.uleb128 0x13
 916 0034 00       		.byte	0
 917 0035 00       		.byte	0
 918 0036 05       		.uleb128 0x5
 919 0037 04       		.uleb128 0x4
 920 0038 01       		.byte	0x1
 921 0039 03       		.uleb128 0x3
 922 003a 08       		.uleb128 0x8
 923 003b 0B       		.uleb128 0xb
 924 003c 0B       		.uleb128 0xb
 925 003d 49       		.uleb128 0x49
 926 003e 13       		.uleb128 0x13
 927 003f 3A       		.uleb128 0x3a
 928 0040 0B       		.uleb128 0xb
 929 0041 3B       		.uleb128 0x3b
 930 0042 0B       		.uleb128 0xb
 931 0043 01       		.uleb128 0x1
 932 0044 13       		.uleb128 0x13
 933 0045 00       		.byte	0
 934 0046 00       		.byte	0
 935 0047 06       		.uleb128 0x6
 936 0048 28       		.uleb128 0x28
 937 0049 00       		.byte	0
 938 004a 03       		.uleb128 0x3
 939 004b 0E       		.uleb128 0xe
 940 004c 1C       		.uleb128 0x1c
 941 004d 0B       		.uleb128 0xb
 942 004e 00       		.byte	0
 943 004f 00       		.byte	0
 944 0050 07       		.uleb128 0x7
 945 0051 28       		.uleb128 0x28
 946 0052 00       		.byte	0
 947 0053 03       		.uleb128 0x3
 948 0054 0E       		.uleb128 0xe
 949 0055 1C       		.uleb128 0x1c
 950 0056 0D       		.uleb128 0xd
 951 0057 00       		.byte	0
 952 0058 00       		.byte	0
 953 0059 08       		.uleb128 0x8
 954 005a 04       		.uleb128 0x4
 955 005b 01       		.byte	0x1
 956 005c 03       		.uleb128 0x3
 957 005d 0E       		.uleb128 0xe
 958 005e 0B       		.uleb128 0xb
 959 005f 0B       		.uleb128 0xb
 960 0060 49       		.uleb128 0x49
 961 0061 13       		.uleb128 0x13
 962 0062 3A       		.uleb128 0x3a
 963 0063 0B       		.uleb128 0xb
 964 0064 3B       		.uleb128 0x3b
 965 0065 0B       		.uleb128 0xb
 966 0066 01       		.uleb128 0x1
 967 0067 13       		.uleb128 0x13
ARM GAS  C:\Users\Reza\AppData\Local\Temp\cc8evJDY.s 			page 21


 968 0068 00       		.byte	0
 969 0069 00       		.byte	0
 970 006a 09       		.uleb128 0x9
 971 006b 13       		.uleb128 0x13
 972 006c 01       		.byte	0x1
 973 006d 0B       		.uleb128 0xb
 974 006e 0B       		.uleb128 0xb
 975 006f 3A       		.uleb128 0x3a
 976 0070 0B       		.uleb128 0xb
 977 0071 3B       		.uleb128 0x3b
 978 0072 0B       		.uleb128 0xb
 979 0073 01       		.uleb128 0x1
 980 0074 13       		.uleb128 0x13
 981 0075 00       		.byte	0
 982 0076 00       		.byte	0
 983 0077 0A       		.uleb128 0xa
 984 0078 0D       		.uleb128 0xd
 985 0079 00       		.byte	0
 986 007a 03       		.uleb128 0x3
 987 007b 0E       		.uleb128 0xe
 988 007c 3A       		.uleb128 0x3a
 989 007d 0B       		.uleb128 0xb
 990 007e 3B       		.uleb128 0x3b
 991 007f 0B       		.uleb128 0xb
 992 0080 49       		.uleb128 0x49
 993 0081 13       		.uleb128 0x13
 994 0082 38       		.uleb128 0x38
 995 0083 0B       		.uleb128 0xb
 996 0084 00       		.byte	0
 997 0085 00       		.byte	0
 998 0086 0B       		.uleb128 0xb
 999 0087 0F       		.uleb128 0xf
 1000 0088 00       		.byte	0
 1001 0089 0B       		.uleb128 0xb
 1002 008a 0B       		.uleb128 0xb
 1003 008b 49       		.uleb128 0x49
 1004 008c 13       		.uleb128 0x13
 1005 008d 00       		.byte	0
 1006 008e 00       		.byte	0
 1007 008f 0C       		.uleb128 0xc
 1008 0090 26       		.uleb128 0x26
 1009 0091 00       		.byte	0
 1010 0092 49       		.uleb128 0x49
 1011 0093 13       		.uleb128 0x13
 1012 0094 00       		.byte	0
 1013 0095 00       		.byte	0
 1014 0096 0D       		.uleb128 0xd
 1015 0097 2E       		.uleb128 0x2e
 1016 0098 01       		.byte	0x1
 1017 0099 3F       		.uleb128 0x3f
 1018 009a 19       		.uleb128 0x19
 1019 009b 03       		.uleb128 0x3
 1020 009c 0E       		.uleb128 0xe
 1021 009d 3A       		.uleb128 0x3a
 1022 009e 0B       		.uleb128 0xb
 1023 009f 3B       		.uleb128 0x3b
 1024 00a0 0B       		.uleb128 0xb
ARM GAS  C:\Users\Reza\AppData\Local\Temp\cc8evJDY.s 			page 22


 1025 00a1 49       		.uleb128 0x49
 1026 00a2 13       		.uleb128 0x13
 1027 00a3 11       		.uleb128 0x11
 1028 00a4 01       		.uleb128 0x1
 1029 00a5 12       		.uleb128 0x12
 1030 00a6 06       		.uleb128 0x6
 1031 00a7 40       		.uleb128 0x40
 1032 00a8 18       		.uleb128 0x18
 1033 00a9 9742     		.uleb128 0x2117
 1034 00ab 19       		.uleb128 0x19
 1035 00ac 01       		.uleb128 0x1
 1036 00ad 13       		.uleb128 0x13
 1037 00ae 00       		.byte	0
 1038 00af 00       		.byte	0
 1039 00b0 0E       		.uleb128 0xe
 1040 00b1 898201   		.uleb128 0x4109
 1041 00b4 00       		.byte	0
 1042 00b5 11       		.uleb128 0x11
 1043 00b6 01       		.uleb128 0x1
 1044 00b7 31       		.uleb128 0x31
 1045 00b8 13       		.uleb128 0x13
 1046 00b9 00       		.byte	0
 1047 00ba 00       		.byte	0
 1048 00bb 0F       		.uleb128 0xf
 1049 00bc 898201   		.uleb128 0x4109
 1050 00bf 01       		.byte	0x1
 1051 00c0 11       		.uleb128 0x11
 1052 00c1 01       		.uleb128 0x1
 1053 00c2 31       		.uleb128 0x31
 1054 00c3 13       		.uleb128 0x13
 1055 00c4 01       		.uleb128 0x1
 1056 00c5 13       		.uleb128 0x13
 1057 00c6 00       		.byte	0
 1058 00c7 00       		.byte	0
 1059 00c8 10       		.uleb128 0x10
 1060 00c9 8A8201   		.uleb128 0x410a
 1061 00cc 00       		.byte	0
 1062 00cd 02       		.uleb128 0x2
 1063 00ce 18       		.uleb128 0x18
 1064 00cf 9142     		.uleb128 0x2111
 1065 00d1 18       		.uleb128 0x18
 1066 00d2 00       		.byte	0
 1067 00d3 00       		.byte	0
 1068 00d4 11       		.uleb128 0x11
 1069 00d5 898201   		.uleb128 0x4109
 1070 00d8 01       		.byte	0x1
 1071 00d9 11       		.uleb128 0x11
 1072 00da 01       		.uleb128 0x1
 1073 00db 31       		.uleb128 0x31
 1074 00dc 13       		.uleb128 0x13
 1075 00dd 00       		.byte	0
 1076 00de 00       		.byte	0
 1077 00df 12       		.uleb128 0x12
 1078 00e0 2E       		.uleb128 0x2e
 1079 00e1 01       		.byte	0x1
 1080 00e2 3F       		.uleb128 0x3f
 1081 00e3 19       		.uleb128 0x19
ARM GAS  C:\Users\Reza\AppData\Local\Temp\cc8evJDY.s 			page 23


 1082 00e4 03       		.uleb128 0x3
 1083 00e5 0E       		.uleb128 0xe
 1084 00e6 3A       		.uleb128 0x3a
 1085 00e7 0B       		.uleb128 0xb
 1086 00e8 3B       		.uleb128 0x3b
 1087 00e9 0B       		.uleb128 0xb
 1088 00ea 27       		.uleb128 0x27
 1089 00eb 19       		.uleb128 0x19
 1090 00ec 49       		.uleb128 0x49
 1091 00ed 13       		.uleb128 0x13
 1092 00ee 11       		.uleb128 0x11
 1093 00ef 01       		.uleb128 0x1
 1094 00f0 12       		.uleb128 0x12
 1095 00f1 06       		.uleb128 0x6
 1096 00f2 40       		.uleb128 0x40
 1097 00f3 18       		.uleb128 0x18
 1098 00f4 9742     		.uleb128 0x2117
 1099 00f6 19       		.uleb128 0x19
 1100 00f7 01       		.uleb128 0x1
 1101 00f8 13       		.uleb128 0x13
 1102 00f9 00       		.byte	0
 1103 00fa 00       		.byte	0
 1104 00fb 13       		.uleb128 0x13
 1105 00fc 05       		.uleb128 0x5
 1106 00fd 00       		.byte	0
 1107 00fe 03       		.uleb128 0x3
 1108 00ff 0E       		.uleb128 0xe
 1109 0100 3A       		.uleb128 0x3a
 1110 0101 0B       		.uleb128 0xb
 1111 0102 3B       		.uleb128 0x3b
 1112 0103 0B       		.uleb128 0xb
 1113 0104 49       		.uleb128 0x49
 1114 0105 13       		.uleb128 0x13
 1115 0106 02       		.uleb128 0x2
 1116 0107 17       		.uleb128 0x17
 1117 0108 00       		.byte	0
 1118 0109 00       		.byte	0
 1119 010a 14       		.uleb128 0x14
 1120 010b 05       		.uleb128 0x5
 1121 010c 00       		.byte	0
 1122 010d 03       		.uleb128 0x3
 1123 010e 0E       		.uleb128 0xe
 1124 010f 3A       		.uleb128 0x3a
 1125 0110 0B       		.uleb128 0xb
 1126 0111 3B       		.uleb128 0x3b
 1127 0112 0B       		.uleb128 0xb
 1128 0113 49       		.uleb128 0x49
 1129 0114 13       		.uleb128 0x13
 1130 0115 02       		.uleb128 0x2
 1131 0116 18       		.uleb128 0x18
 1132 0117 00       		.byte	0
 1133 0118 00       		.byte	0
 1134 0119 15       		.uleb128 0x15
 1135 011a 0B       		.uleb128 0xb
 1136 011b 01       		.byte	0x1
 1137 011c 11       		.uleb128 0x11
 1138 011d 01       		.uleb128 0x1
ARM GAS  C:\Users\Reza\AppData\Local\Temp\cc8evJDY.s 			page 24


 1139 011e 12       		.uleb128 0x12
 1140 011f 06       		.uleb128 0x6
 1141 0120 00       		.byte	0
 1142 0121 00       		.byte	0
 1143 0122 16       		.uleb128 0x16
 1144 0123 34       		.uleb128 0x34
 1145 0124 00       		.byte	0
 1146 0125 03       		.uleb128 0x3
 1147 0126 0E       		.uleb128 0xe
 1148 0127 3A       		.uleb128 0x3a
 1149 0128 0B       		.uleb128 0xb
 1150 0129 3B       		.uleb128 0x3b
 1151 012a 0B       		.uleb128 0xb
 1152 012b 49       		.uleb128 0x49
 1153 012c 13       		.uleb128 0x13
 1154 012d 02       		.uleb128 0x2
 1155 012e 17       		.uleb128 0x17
 1156 012f 00       		.byte	0
 1157 0130 00       		.byte	0
 1158 0131 17       		.uleb128 0x17
 1159 0132 34       		.uleb128 0x34
 1160 0133 00       		.byte	0
 1161 0134 03       		.uleb128 0x3
 1162 0135 0E       		.uleb128 0xe
 1163 0136 3A       		.uleb128 0x3a
 1164 0137 0B       		.uleb128 0xb
 1165 0138 3B       		.uleb128 0x3b
 1166 0139 0B       		.uleb128 0xb
 1167 013a 49       		.uleb128 0x49
 1168 013b 13       		.uleb128 0x13
 1169 013c 02       		.uleb128 0x2
 1170 013d 18       		.uleb128 0x18
 1171 013e 00       		.byte	0
 1172 013f 00       		.byte	0
 1173 0140 18       		.uleb128 0x18
 1174 0141 34       		.uleb128 0x34
 1175 0142 00       		.byte	0
 1176 0143 03       		.uleb128 0x3
 1177 0144 0E       		.uleb128 0xe
 1178 0145 3A       		.uleb128 0x3a
 1179 0146 0B       		.uleb128 0xb
 1180 0147 3B       		.uleb128 0x3b
 1181 0148 0B       		.uleb128 0xb
 1182 0149 49       		.uleb128 0x49
 1183 014a 13       		.uleb128 0x13
 1184 014b 3F       		.uleb128 0x3f
 1185 014c 19       		.uleb128 0x19
 1186 014d 3C       		.uleb128 0x3c
 1187 014e 19       		.uleb128 0x19
 1188 014f 00       		.byte	0
 1189 0150 00       		.byte	0
 1190 0151 19       		.uleb128 0x19
 1191 0152 34       		.uleb128 0x34
 1192 0153 00       		.byte	0
 1193 0154 03       		.uleb128 0x3
 1194 0155 0E       		.uleb128 0xe
 1195 0156 3A       		.uleb128 0x3a
ARM GAS  C:\Users\Reza\AppData\Local\Temp\cc8evJDY.s 			page 25


 1196 0157 0B       		.uleb128 0xb
 1197 0158 3B       		.uleb128 0x3b
 1198 0159 05       		.uleb128 0x5
 1199 015a 49       		.uleb128 0x49
 1200 015b 13       		.uleb128 0x13
 1201 015c 3F       		.uleb128 0x3f
 1202 015d 19       		.uleb128 0x19
 1203 015e 3C       		.uleb128 0x3c
 1204 015f 19       		.uleb128 0x19
 1205 0160 00       		.byte	0
 1206 0161 00       		.byte	0
 1207 0162 1A       		.uleb128 0x1a
 1208 0163 35       		.uleb128 0x35
 1209 0164 00       		.byte	0
 1210 0165 49       		.uleb128 0x49
 1211 0166 13       		.uleb128 0x13
 1212 0167 00       		.byte	0
 1213 0168 00       		.byte	0
 1214 0169 1B       		.uleb128 0x1b
 1215 016a 0D       		.uleb128 0xd
 1216 016b 00       		.byte	0
 1217 016c 03       		.uleb128 0x3
 1218 016d 08       		.uleb128 0x8
 1219 016e 3A       		.uleb128 0x3a
 1220 016f 0B       		.uleb128 0xb
 1221 0170 3B       		.uleb128 0x3b
 1222 0171 0B       		.uleb128 0xb
 1223 0172 49       		.uleb128 0x49
 1224 0173 13       		.uleb128 0x13
 1225 0174 38       		.uleb128 0x38
 1226 0175 0B       		.uleb128 0xb
 1227 0176 00       		.byte	0
 1228 0177 00       		.byte	0
 1229 0178 1C       		.uleb128 0x1c
 1230 0179 2E       		.uleb128 0x2e
 1231 017a 00       		.byte	0
 1232 017b 3F       		.uleb128 0x3f
 1233 017c 19       		.uleb128 0x19
 1234 017d 3C       		.uleb128 0x3c
 1235 017e 19       		.uleb128 0x19
 1236 017f 6E       		.uleb128 0x6e
 1237 0180 0E       		.uleb128 0xe
 1238 0181 03       		.uleb128 0x3
 1239 0182 0E       		.uleb128 0xe
 1240 0183 3A       		.uleb128 0x3a
 1241 0184 0B       		.uleb128 0xb
 1242 0185 3B       		.uleb128 0x3b
 1243 0186 0B       		.uleb128 0xb
 1244 0187 00       		.byte	0
 1245 0188 00       		.byte	0
 1246 0189 00       		.byte	0
 1247              		.section	.debug_loc,"",%progbits
 1248              	.Ldebug_loc0:
 1249              	.LLST0:
 1250 0000 00000000 		.4byte	.LVL8
 1251 0004 08000000 		.4byte	.LVL9
 1252 0008 0100     		.2byte	0x1
ARM GAS  C:\Users\Reza\AppData\Local\Temp\cc8evJDY.s 			page 26


 1253 000a 50       		.byte	0x50
 1254 000b 08000000 		.4byte	.LVL9
 1255 000f 10000000 		.4byte	.LFE117
 1256 0013 0500     		.2byte	0x5
 1257 0015 03       		.byte	0x3
 1258 0016 00000000 		.4byte	SOUND__currentSong
 1259 001a 00000000 		.4byte	0
 1260 001e 00000000 		.4byte	0
 1261              	.LLST1:
 1262 0022 00000000 		.4byte	.LVL10
 1263 0026 06000000 		.4byte	.LVL11
 1264 002a 0100     		.2byte	0x1
 1265 002c 50       		.byte	0x50
 1266 002d 06000000 		.4byte	.LVL11
 1267 0031 0C000000 		.4byte	.LVL12
 1268 0035 0100     		.2byte	0x1
 1269 0037 50       		.byte	0x50
 1270 0038 0C000000 		.4byte	.LVL12
 1271 003c 14000000 		.4byte	.LFE118
 1272 0040 0500     		.2byte	0x5
 1273 0042 03       		.byte	0x3
 1274 0043 0C000000 		.4byte	SOUND__currentSong+12
 1275 0047 00000000 		.4byte	0
 1276 004b 00000000 		.4byte	0
 1277              	.LLST2:
 1278 004f 2A000000 		.4byte	.LVL13
 1279 0053 2C000000 		.4byte	.LVL14
 1280 0057 0100     		.2byte	0x1
 1281 0059 50       		.byte	0x50
 1282 005a 2C000000 		.4byte	.LVL14
 1283 005e 2F000000 		.4byte	.LVL15-1
 1284 0062 3200     		.2byte	0x32
 1285 0064 03       		.byte	0x3
 1286 0065 0C000000 		.4byte	SOUND__currentSong+12
 1287 0069 94       		.byte	0x94
 1288 006a 01       		.byte	0x1
 1289 006b 08       		.byte	0x8
 1290 006c FF       		.byte	0xff
 1291 006d 1A       		.byte	0x1a
 1292 006e 03       		.byte	0x3
 1293 006f 00000000 		.4byte	SOUND__currentSong
 1294 0073 06       		.byte	0x6
 1295 0074 71       		.byte	0x71
 1296 0075 00       		.sleb128 0
 1297 0076 22       		.byte	0x22
 1298 0077 94       		.byte	0x94
 1299 0078 01       		.byte	0x1
 1300 0079 08       		.byte	0x8
 1301 007a FF       		.byte	0xff
 1302 007b 1A       		.byte	0x1a
 1303 007c 1E       		.byte	0x1e
 1304 007d F7       		.byte	0xf7
 1305 007e 33       		.uleb128 0x33
 1306 007f F7       		.byte	0xf7
 1307 0080 25       		.uleb128 0x25
 1308 0081 0C       		.byte	0xc
 1309 0082 1F85EB51 		.4byte	0x51eb851f
ARM GAS  C:\Users\Reza\AppData\Local\Temp\cc8evJDY.s 			page 27


 1310 0086 F7       		.byte	0xf7
 1311 0087 25       		.uleb128 0x25
 1312 0088 1E       		.byte	0x1e
 1313 0089 08       		.byte	0x8
 1314 008a 20       		.byte	0x20
 1315 008b F7       		.byte	0xf7
 1316 008c 25       		.uleb128 0x25
 1317 008d 25       		.byte	0x25
 1318 008e F7       		.byte	0xf7
 1319 008f 2C       		.uleb128 0x2c
 1320 0090 35       		.byte	0x35
 1321 0091 26       		.byte	0x26
 1322 0092 73       		.byte	0x73
 1323 0093 00       		.sleb128 0
 1324 0094 1C       		.byte	0x1c
 1325 0095 9F       		.byte	0x9f
 1326 0096 00000000 		.4byte	0
 1327 009a 00000000 		.4byte	0
 1328              		.section	.debug_aranges,"",%progbits
 1329 0000 44000000 		.4byte	0x44
 1330 0004 0200     		.2byte	0x2
 1331 0006 00000000 		.4byte	.Ldebug_info0
 1332 000a 04       		.byte	0x4
 1333 000b 00       		.byte	0
 1334 000c 0000     		.2byte	0
 1335 000e 0000     		.2byte	0
 1336 0010 00000000 		.4byte	.LFB115
 1337 0014 0A000000 		.4byte	.LFE115-.LFB115
 1338 0018 00000000 		.4byte	.LFB116
 1339 001c 0A000000 		.4byte	.LFE116-.LFB116
 1340 0020 00000000 		.4byte	.LFB114
 1341 0024 24000000 		.4byte	.LFE114-.LFB114
 1342 0028 00000000 		.4byte	.LFB117
 1343 002c 10000000 		.4byte	.LFE117-.LFB117
 1344 0030 00000000 		.4byte	.LFB118
 1345 0034 14000000 		.4byte	.LFE118-.LFB118
 1346 0038 00000000 		.4byte	.LFB119
 1347 003c 48000000 		.4byte	.LFE119-.LFB119
 1348 0040 00000000 		.4byte	0
 1349 0044 00000000 		.4byte	0
 1350              		.section	.debug_ranges,"",%progbits
 1351              	.Ldebug_ranges0:
 1352 0000 00000000 		.4byte	.LFB115
 1353 0004 0A000000 		.4byte	.LFE115
 1354 0008 00000000 		.4byte	.LFB116
 1355 000c 0A000000 		.4byte	.LFE116
 1356 0010 00000000 		.4byte	.LFB114
 1357 0014 24000000 		.4byte	.LFE114
 1358 0018 00000000 		.4byte	.LFB117
 1359 001c 10000000 		.4byte	.LFE117
 1360 0020 00000000 		.4byte	.LFB118
 1361 0024 14000000 		.4byte	.LFE118
 1362 0028 00000000 		.4byte	.LFB119
 1363 002c 48000000 		.4byte	.LFE119
 1364 0030 00000000 		.4byte	0
 1365 0034 00000000 		.4byte	0
 1366              		.section	.debug_line,"",%progbits
ARM GAS  C:\Users\Reza\AppData\Local\Temp\cc8evJDY.s 			page 28


 1367              	.Ldebug_line0:
 1368 0000 1C030000 		.section	.debug_str,"MS",%progbits,1
 1368      02009C02 
 1368      00000201 
 1368      FB0E0D00 
 1368      01010101 
 1369              	.LASF76:
 1370 0000 45455F73 		.ascii	"EE_std_endcycle_next_tid\000"
 1370      74645F65 
 1370      6E646379 
 1370      636C655F 
 1370      6E657874 
 1371              	.LASF78:
 1372 0019 5F5F636F 		.ascii	"__copy_table_t\000"
 1372      70795F74 
 1372      61626C65 
 1372      5F7400
 1373              	.LASF60:
 1374 0028 6D5F706F 		.ascii	"m_pos\000"
 1374      7300
 1375              	.LASF91:
 1376 002e 534F554E 		.ascii	"SOUND_PWM_CLOCK_Start\000"
 1376      445F5057 
 1376      4D5F434C 
 1376      4F434B5F 
 1376      53746172 
 1377              	.LASF41:
 1378 0044 52435F45 		.ascii	"RC_ERROR_READ_ONLY\000"
 1378      52524F52 
 1378      5F524541 
 1378      445F4F4E 
 1378      4C5900
 1379              	.LASF27:
 1380 0057 52435F53 		.ascii	"RC_SUCCESS\000"
 1380      55434345 
 1380      535300
 1381              	.LASF85:
 1382 0062 64657374 		.ascii	"dest\000"
 1382      00
 1383              	.LASF23:
 1384 0067 45455F55 		.ascii	"EE_UREG\000"
 1384      52454700 
 1385              	.LASF42:
 1386 006f 52435F45 		.ascii	"RC_ERROR_WRITE_ONLY\000"
 1386      52524F52 
 1386      5F575249 
 1386      54455F4F 
 1386      4E4C5900 
 1387              	.LASF4:
 1388 0083 73686F72 		.ascii	"short int\000"
 1388      7420696E 
 1388      7400
 1389              	.LASF33:
 1390 008d 52435F45 		.ascii	"RC_ERROR_OVERRUN\000"
 1390      52524F52 
 1390      5F4F5645 
 1390      5252554E 
ARM GAS  C:\Users\Reza\AppData\Local\Temp\cc8evJDY.s 			page 29


 1390      00
 1391              	.LASF45:
 1392 009e 52435F45 		.ascii	"RC_ERROR_WRITE_FAILS\000"
 1392      52524F52 
 1392      5F575249 
 1392      54455F46 
 1392      41494C53 
 1393              	.LASF26:
 1394 00b3 73697A65 		.ascii	"sizetype\000"
 1394      74797065 
 1394      00
 1395              	.LASF54:
 1396 00bc 534F554E 		.ascii	"SOUND_OFF\000"
 1396      445F4F46 
 1396      4600
 1397              	.LASF82:
 1398 00c6 5F5F7A65 		.ascii	"__zero_table_start__\000"
 1398      726F5F74 
 1398      61626C65 
 1398      5F737461 
 1398      72745F5F 
 1399              	.LASF30:
 1400 00db 52435F45 		.ascii	"RC_ERROR_ZERO\000"
 1400      52524F52 
 1400      5F5A4552 
 1400      4F00
 1401              	.LASF24:
 1402 00e9 45455F46 		.ascii	"EE_FREG\000"
 1402      52454700 
 1403              	.LASF44:
 1404 00f1 52435F45 		.ascii	"RC_ERROR_READ_FAILS\000"
 1404      52524F52 
 1404      5F524541 
 1404      445F4641 
 1404      494C5300 
 1405              	.LASF10:
 1406 0105 5F5F7569 		.ascii	"__uint32_t\000"
 1406      6E743332 
 1406      5F7400
 1407              	.LASF67:
 1408 0110 534F554E 		.ascii	"SOUND_SetSong\000"
 1408      445F5365 
 1408      74536F6E 
 1408      6700
 1409              	.LASF6:
 1410 011e 5F5F7569 		.ascii	"__uint16_t\000"
 1410      6E743136 
 1410      5F7400
 1411              	.LASF81:
 1412 0129 5F5F7A65 		.ascii	"__zero_table_t\000"
 1412      726F5F74 
 1412      61626C65 
 1412      5F7400
 1413              	.LASF13:
 1414 0138 75696E74 		.ascii	"uint8_t\000"
 1414      385F7400 
 1415              	.LASF50:
ARM GAS  C:\Users\Reza\AppData\Local\Temp\cc8evJDY.s 			page 30


 1416 0140 52435F45 		.ascii	"RC_ERROR_INVALID_STATE\000"
 1416      52524F52 
 1416      5F494E56 
 1416      414C4944 
 1416      5F535441 
 1417              	.LASF61:
 1418 0157 6D5F766F 		.ascii	"m_volume\000"
 1418      6C756D65 
 1418      00
 1419              	.LASF77:
 1420 0160 45455F49 		.ascii	"EE_IRQ_nesting_level\000"
 1420      52515F6E 
 1420      65737469 
 1420      6E675F6C 
 1420      6576656C 
 1421              	.LASF51:
 1422 0175 52435F45 		.ascii	"RC_ERROR_UNKNOWN\000"
 1422      52524F52 
 1422      5F554E4B 
 1422      4E4F574E 
 1422      00
 1423              	.LASF53:
 1424 0186 65534F55 		.ascii	"eSOUND_Channel\000"
 1424      4E445F43 
 1424      68616E6E 
 1424      656C00
 1425              	.LASF80:
 1426 0195 5F5F636F 		.ascii	"__copy_table_end__\000"
 1426      70795F74 
 1426      61626C65 
 1426      5F656E64 
 1426      5F5F00
 1427              	.LASF70:
 1428 01a8 534F554E 		.ascii	"SOUND_isr\000"
 1428      445F6973 
 1428      7200
 1429              	.LASF17:
 1430 01b2 666C6F61 		.ascii	"float\000"
 1430      7400
 1431              	.LASF12:
 1432 01b8 6C6F6E67 		.ascii	"long long int\000"
 1432      206C6F6E 
 1432      6720696E 
 1432      7400
 1433              	.LASF74:
 1434 01c6 45455F6F 		.ascii	"EE_oo_IRQ_suspend_status\000"
 1434      6F5F4952 
 1434      515F7375 
 1434      7370656E 
 1434      645F7374 
 1435              	.LASF87:
 1436 01df 534F554E 		.ascii	"SOUND_SAMPLE_CLOCK_Start\000"
 1436      445F5341 
 1436      4D504C45 
 1436      5F434C4F 
 1436      434B5F53 
 1437              	.LASF46:
ARM GAS  C:\Users\Reza\AppData\Local\Temp\cc8evJDY.s 			page 31


 1438 01f8 52435F45 		.ascii	"RC_ERROR_NOT_MATCH\000"
 1438      52524F52 
 1438      5F4E4F54 
 1438      5F4D4154 
 1438      434800
 1439              	.LASF83:
 1440 020b 5F5F7A65 		.ascii	"__zero_table_end__\000"
 1440      726F5F74 
 1440      61626C65 
 1440      5F656E64 
 1440      5F5F00
 1441              	.LASF9:
 1442 021e 6C6F6E67 		.ascii	"long int\000"
 1442      20696E74 
 1442      00
 1443              	.LASF34:
 1444 0227 52435F45 		.ascii	"RC_ERROR_UNDERRUN\000"
 1444      52524F52 
 1444      5F554E44 
 1444      45525255 
 1444      4E00
 1445              	.LASF89:
 1446 0239 534F554E 		.ascii	"SOUND_Control_Write\000"
 1446      445F436F 
 1446      6E74726F 
 1446      6C5F5772 
 1446      69746500 
 1447              	.LASF69:
 1448 024d 766F6C75 		.ascii	"volume\000"
 1448      6D6500
 1449              	.LASF37:
 1450 0254 52435F45 		.ascii	"RC_ERROR_BUSY\000"
 1450      52524F52 
 1450      5F425553 
 1450      5900
 1451              	.LASF5:
 1452 0262 5F5F7569 		.ascii	"__uint8_t\000"
 1452      6E74385F 
 1452      7400
 1453              	.LASF43:
 1454 026c 52435F45 		.ascii	"RC_ERROR_INVALID\000"
 1454      52524F52 
 1454      5F494E56 
 1454      414C4944 
 1454      00
 1455              	.LASF48:
 1456 027d 52435F45 		.ascii	"RC_ERROR_BAD_DATA\000"
 1456      52524F52 
 1456      5F424144 
 1456      5F444154 
 1456      4100
 1457              	.LASF20:
 1458 028f 6C6F6E67 		.ascii	"long double\000"
 1458      20646F75 
 1458      626C6500 
 1459              	.LASF64:
 1460 029b 534F554E 		.ascii	"SOUND_Init\000"
ARM GAS  C:\Users\Reza\AppData\Local\Temp\cc8evJDY.s 			page 32


 1460      445F496E 
 1460      697400
 1461              	.LASF3:
 1462 02a6 756E7369 		.ascii	"unsigned char\000"
 1462      676E6564 
 1462      20636861 
 1462      7200
 1463              	.LASF59:
 1464 02b4 6D5F7369 		.ascii	"m_size\000"
 1464      7A6500
 1465              	.LASF22:
 1466 02bb 45455F55 		.ascii	"EE_UINT32\000"
 1466      494E5433 
 1466      3200
 1467              	.LASF2:
 1468 02c5 7369676E 		.ascii	"signed char\000"
 1468      65642063 
 1468      68617200 
 1469              	.LASF0:
 1470 02d1 6C6F6E67 		.ascii	"long long unsigned int\000"
 1470      206C6F6E 
 1470      6720756E 
 1470      7369676E 
 1470      65642069 
 1471              	.LASF16:
 1472 02e8 75696E74 		.ascii	"uint32_t\000"
 1472      33325F74 
 1472      00
 1473              	.LASF1:
 1474 02f1 756E7369 		.ascii	"unsigned int\000"
 1474      676E6564 
 1474      20696E74 
 1474      00
 1475              	.LASF39:
 1476 02fe 52435F45 		.ascii	"RC_ERROR_OPEN\000"
 1476      52524F52 
 1476      5F4F5045 
 1476      4E00
 1477              	.LASF14:
 1478 030c 75696E74 		.ascii	"uint16_t\000"
 1478      31365F74 
 1478      00
 1479              	.LASF29:
 1480 0315 52435F45 		.ascii	"RC_ERROR_NULL\000"
 1480      52524F52 
 1480      5F4E554C 
 1480      4C00
 1481              	.LASF36:
 1482 0323 52435F45 		.ascii	"RC_ERROR_BUFFER_EMTPY\000"
 1482      52524F52 
 1482      5F425546 
 1482      4645525F 
 1482      454D5450 
 1483              	.LASF21:
 1484 0339 45455F49 		.ascii	"EE_INT32\000"
 1484      4E543332 
 1484      00
ARM GAS  C:\Users\Reza\AppData\Local\Temp\cc8evJDY.s 			page 33


 1485              	.LASF66:
 1486 0342 73697A65 		.ascii	"sizeOfSong\000"
 1486      4F66536F 
 1486      6E6700
 1487              	.LASF90:
 1488 034d 534F554E 		.ascii	"SOUND_ENABLE_Write\000"
 1488      445F454E 
 1488      41424C45 
 1488      5F577269 
 1488      746500
 1489              	.LASF93:
 1490 0360 534F554E 		.ascii	"SOUND_PWM_WriteCompare\000"
 1490      445F5057 
 1490      4D5F5772 
 1490      69746543 
 1490      6F6D7061 
 1491              	.LASF7:
 1492 0377 73686F72 		.ascii	"short unsigned int\000"
 1492      7420756E 
 1492      7369676E 
 1492      65642069 
 1492      6E7400
 1493              	.LASF79:
 1494 038a 5F5F636F 		.ascii	"__copy_table_start__\000"
 1494      70795F74 
 1494      61626C65 
 1494      5F737461 
 1494      72745F5F 
 1495              	.LASF58:
 1496 039f 6D5F736F 		.ascii	"m_song\000"
 1496      6E6700
 1497              	.LASF94:
 1498 03a6 474E5520 		.ascii	"GNU C11 5.4.1 20160609 (release) [ARM/embedded-5-br"
 1498      43313120 
 1498      352E342E 
 1498      31203230 
 1498      31363036 
 1499 03d9 616E6368 		.ascii	"anch revision 237715] -mcpu=cortex-m3 -mthumb -g -O"
 1499      20726576 
 1499      6973696F 
 1499      6E203233 
 1499      37373135 
 1500 040c 67202D66 		.ascii	"g -ffunction-sections -ffat-lto-objects\000"
 1500      66756E63 
 1500      74696F6E 
 1500      2D736563 
 1500      74696F6E 
 1501              	.LASF19:
 1502 0434 63686172 		.ascii	"char\000"
 1502      00
 1503              	.LASF35:
 1504 0439 52435F45 		.ascii	"RC_ERROR_BUFFER_FULL\000"
 1504      52524F52 
 1504      5F425546 
 1504      4645525F 
 1504      46554C4C 
 1505              	.LASF15:
ARM GAS  C:\Users\Reza\AppData\Local\Temp\cc8evJDY.s 			page 34


 1506 044e 696E7433 		.ascii	"int32_t\000"
 1506      325F7400 
 1507              	.LASF88:
 1508 0456 534F554E 		.ascii	"SOUND_SAMPLE_CLOCK_Stop\000"
 1508      445F5341 
 1508      4D504C45 
 1508      5F434C4F 
 1508      434B5F53 
 1509              	.LASF47:
 1510 046e 52435F45 		.ascii	"RC_ERROR_BAD_PARAM\000"
 1510      52524F52 
 1510      5F424144 
 1510      5F504152 
 1510      414D00
 1511              	.LASF71:
 1512 0481 64617461 		.ascii	"data\000"
 1512      00
 1513              	.LASF92:
 1514 0486 534F554E 		.ascii	"SOUND_PWM_Start\000"
 1514      445F5057 
 1514      4D5F5374 
 1514      61727400 
 1515              	.LASF72:
 1516 0496 534F554E 		.ascii	"SOUND__currentSong\000"
 1516      445F5F63 
 1516      75727265 
 1516      6E74536F 
 1516      6E6700
 1517              	.LASF75:
 1518 04a9 45455F41 		.ascii	"EE_ApplicationMode\000"
 1518      70706C69 
 1518      63617469 
 1518      6F6E4D6F 
 1518      646500
 1519              	.LASF11:
 1520 04bc 6C6F6E67 		.ascii	"long unsigned int\000"
 1520      20756E73 
 1520      69676E65 
 1520      6420696E 
 1520      7400
 1521              	.LASF18:
 1522 04ce 646F7562 		.ascii	"double\000"
 1522      6C6500
 1523              	.LASF25:
 1524 04d5 45455F54 		.ascii	"EE_TID\000"
 1524      494400
 1525              	.LASF63:
 1526 04dc 534F554E 		.ascii	"SOUND_StopPlay\000"
 1526      445F5374 
 1526      6F70506C 
 1526      617900
 1527              	.LASF40:
 1528 04eb 52435F45 		.ascii	"RC_ERROR_CHECKSUM\000"
 1528      52524F52 
 1528      5F434845 
 1528      434B5355 
 1528      4D00
ARM GAS  C:\Users\Reza\AppData\Local\Temp\cc8evJDY.s 			page 35


 1529              	.LASF68:
 1530 04fd 534F554E 		.ascii	"SOUND_SetVolume\000"
 1530      445F5365 
 1530      74566F6C 
 1530      756D6500 
 1531              	.LASF32:
 1532 050d 52435F45 		.ascii	"RC_ERROR_RANGE\000"
 1532      52524F52 
 1532      5F52414E 
 1532      474500
 1533              	.LASF8:
 1534 051c 5F5F696E 		.ascii	"__int32_t\000"
 1534      7433325F 
 1534      7400
 1535              	.LASF62:
 1536 0526 534F554E 		.ascii	"SOUND_StartPlay\000"
 1536      445F5374 
 1536      61727450 
 1536      6C617900 
 1537              	.LASF49:
 1538 0536 52435F45 		.ascii	"RC_ERROR_CANCELED\000"
 1538      52524F52 
 1538      5F43414E 
 1538      43454C45 
 1538      4400
 1539              	.LASF95:
 1540 0548 736F7572 		.ascii	"source\\asw\\sound.c\000"
 1540      63655C61 
 1540      73775C73 
 1540      6F756E64 
 1540      2E6300
 1541              	.LASF65:
 1542 055b 736F6E67 		.ascii	"song\000"
 1542      00
 1543              	.LASF86:
 1544 0560 776C656E 		.ascii	"wlen\000"
 1544      00
 1545              	.LASF84:
 1546 0565 49544D5F 		.ascii	"ITM_RxBuffer\000"
 1546      52784275 
 1546      66666572 
 1546      00
 1547              	.LASF28:
 1548 0572 52435F45 		.ascii	"RC_ERROR\000"
 1548      52524F52 
 1548      00
 1549              	.LASF96:
 1550 057b 443A5C48 		.ascii	"D:\\H_da\\Winter Semester\\MM03 Advanced Microcontr"
 1550      5F64615C 
 1550      57696E74 
 1550      65722053 
 1550      656D6573 
 1551 05ab 6F6C6C65 		.ascii	"oller Systems and Embedded Operating Systems\\Lectu"
 1551      72205379 
 1551      7374656D 
 1551      7320616E 
 1551      6420456D 
ARM GAS  C:\Users\Reza\AppData\Local\Temp\cc8evJDY.s 			page 36


 1552 05dd 72652050 		.ascii	"re Prof. Fromm\\workspace\\workspace_psoc\\Smart_Vo"
 1552      726F662E 
 1552      2046726F 
 1552      6D6D5C77 
 1552      6F726B73 
 1553 060d 6C756D65 		.ascii	"lume\\Smart_Volume.cydsn\000"
 1553      5C536D61 
 1553      72745F56 
 1553      6F6C756D 
 1553      652E6379 
 1554              	.LASF31:
 1555 0625 52435F45 		.ascii	"RC_ERROR_MEMORY\000"
 1555      52524F52 
 1555      5F4D454D 
 1555      4F525900 
 1556              	.LASF73:
 1557 0635 45455F6F 		.ascii	"EE_oo_IRQ_disable_count\000"
 1557      6F5F4952 
 1557      515F6469 
 1557      7361626C 
 1557      655F636F 
 1558              	.LASF55:
 1559 064d 534F554E 		.ascii	"SOUND_CH1\000"
 1559      445F4348 
 1559      3100
 1560              	.LASF56:
 1561 0657 534F554E 		.ascii	"SOUND_CH2\000"
 1561      445F4348 
 1561      3200
 1562              	.LASF57:
 1563 0661 534F554E 		.ascii	"SOUND_CH3\000"
 1563      445F4348 
 1563      3300
 1564              	.LASF52:
 1565 066b 52435F74 		.ascii	"RC_t\000"
 1565      00
 1566              	.LASF38:
 1567 0670 52435F45 		.ascii	"RC_ERROR_TIME_OUT\000"
 1567      52524F52 
 1567      5F54494D 
 1567      455F4F55 
 1567      5400
 1568              		.ident	"GCC: (GNU Tools for ARM Embedded Processors) 5.4.1 20160609 (release) [ARM/embedded-5-bran
